 25 23 18  1 15 20 11 14  5 24 12 19 17  7  2 16  4  6 10  8  9  3 22 21 13
  4 10  6  8 16  9 21  3 22 13 23 18 25 15  1  5 14 20 24 11  7 19  2 12 17
  2  7 12 19 17 10  6  8  4 16  9 21 22 13  3 25  1 23 15 18 24 11 14 20  5
 14 24 20 11  5  7 12 19  2 17 10  6  4 16  8 22  3  9 13 21 15 18  1 23 25
 22  9 21  3 13 23 18  1 25 15 20 11  5 24 14 17  2 12  7 19 10  8  4  6 16
  5 20 11 14 24 12 19  2 17  7  6  8 16 10  4 13 22 21  9  3 23  1 25 18 15
 16  6  8  4 10 21  3 22 13  9 18  1 15 23 25 24  5 11 20 14 12  2 17 19  7
 17 12 19  2  7  6  8  4 16 10 21  3 13  9 22 15 25 18 23  1 20 14  5 11 24
 15 18  1 25 23 11 14  5 24 20 19  2  7 12 17 10 16  8  6  4 21 22 13  3  9
 13 21  3 22  9 18  1 25 15 23 11 14 24 20  5  7 17 19 12  2  6  4 16  8 10
  7 19  2 17 12  8  4 16 10  6  3 22  9 21 13 23 15  1 18 25 11  5 24 14 20
 23  1 25 15 18 14  5 24 20 11  2 17 12 19  7  6 10  4  8 16  3 13  9 22 21
 24 11 14  5 20 19  2 17  7 12  8  4 10  6 16  9 13  3 21 22 18 25 15  1 23
 10  8  4 16  6  3 22 13  9 21  1 25 23 18 15 20 24 14 11  5 19 17  7  2 12
  9  3 22 13 21  1 25 15 23 18 14  5 20 11 24 12  7  2 19 17  8 16 10  4  6
  6  4 16 10  8 22 13  9 21  3 25 15 18  1 23 11 20  5 14 24  2  7 12 17 19
 21 22 13  9  3 25 15 23 18  1  5 24 11 14 20 19 12 17  2  7  4 10  6 16  8
 12  2 17  7 19  4 16 10  6  8 22 13 21  3  9 18 23 25  1 15 14 24 20  5 11
 18 25 15 23  1  5 24 20 11 14 17  7 19  2 12  8  6 16  4 10 22  9 21 13  3
 20 14  5 24 11  2 17  7 12 19  4 16  6  8 10 21  9 22  3 13  1 15 23 25 18
 11  5 24 20 14 17  7 12 19  2 16 10  8  4  6  3 21 13 22  9 25 23 18 15  1
  3 13  9 21 22 15 23 18  1 25 24 20 14  5 11  2 19  7 17 12 16  6  8 10  4
 19 17  7 12  2 16 10  6  8  4 13  9  3 22 21  1 18 15 25 23  5 20 11 24 14
  8 16 10  6  4 13  9 21  3 22 15 23  1 25 18 14 11 24  5 20 17 12 19  7  2
  1 15 23 18 25 24 20 11 14  5  7 12  2 17 19  4  8 10 16  6 13 21  3  9 22
