  1 15 18 25 23 20 11 24 14  5  7 19 17  2 12  8 16  6 10  4 21  9 13  3 22
  3 13 21 22  9 23 18 15  1 25 24 11  5 14 20 19 17 12  7  2  6 10 16  8  4
 11  5 20 14 24  7 12 17 19  2 16  6  4  8 10 21 22  9 13  3 23 15 25 18  1
  8 16  6  4 10  9 21 13  3 22 15 18 25  1 23 11  5 20 24 14 12  7 17 19  2
 19 17 12  2  7 10  6 16  8  4 13 21 22  3  9 18 25 23 15  1 20 24  5 11 14
  2  7 19 17 12  6  8 10  4 16  9  3 13 22 21  1 15 18 23 25 11 20 24 14  5
 14 24 11  5 20 12 19  7  2 17 10  8 16  4  6  3 13 21  9 22 18 23 15  1 25
 22  9  3 13 21 18  1 23 25 15 20 14 24  5 11  2  7 19 12 17  8  6 10  4 16
 25 23  1 15 18 11 14 20  5 24 12  2  7 17 19  4 10  8  6 16  3 21  9 22 13
  4 10  8 16  6 21  3  9 22 13 23  1 15 25 18 14 24 11 20  5 19 12  7  2 17
 16  6  4 10  8  3 22 21 13  9 18 25 23 15  1  5 20 14 11 24  2 19 12 17  7
  5 20 14 24 11 19  2 12 17  7  6  4 10 16  8 22  9  3 21 13  1 18 23 25 15
 17 12  2  7 19  8  4  6 16 10 21 22  9 13  3 25 23  1 18 15 14 11 20  5 24
 15 18 25 23  1 14  5 11 24 20 19 17 12  7  2 16  6  4  8 10 22  3 21 13  9
 13 21 22  9  3  1 25 18 15 23 11  5 20 24 14 17 12  2 19  7  4  8  6 16 10
  9  3 13 21 22 25 15  1 23 18 14 24 11 20  5  7 19 17  2 12 16  4  8 10  6
 23  1 15 18 25  5 24 14 20 11  2  7 19 12 17 10  8 16  4  6 13 22  3  9 21
 24 11  5 20 14  2 17 19  7 12  8 16  6 10  4 13 21 22  3  9 25  1 18 15 23
 10  8 16  6  4 22 13  3  9 21  1 15 18 23 25 24 11  5 14 20 17  2 19  7 12
  7 19 17 12  2  4 16  8 10  6  3 13 21  9 22 15 18 25  1 23  5 14 11 24 20
 18 25 23  1 15 24 20  5 11 14 17 12  2 19  7  6  4 10 16  8  9 13 22 21  3
 21 22  9  3 13 15 23 25 18  1  5 20 14 11 24 12  2  7 17 19 10 16  4  6  8
 20 14 24 11  5 17  7  2 12 19  4 10  8  6 16  9  3 13 22 21 15 25  1 23 18
  6  4 10  8 16 13  9 22 21  3 25 23  1 18 15 20 14 24  5 11  7 17  2 12 19
 12  2  7 19 17 16 10  4  6  8 22  9  3 21 13 23  1 15 25 18 24  5 14 20 11
