 25 23 18  1 15 20  5 11 24 14 17  2 19 12  7  8 10  4  6 16  3 22  9 21 13
 14 24 20 11  5  7  2 12 17 19  4  8  6 10 16 21 13  3  9 22 18  1 15 23 25
 22  9 21  3 13 23 25 18 15  1  5 14 11 20 24 19  7  2 12 17  8  4 10  6 16
  2  7 12 19 17 10  4  6 16  8 22  3 21  9 13 18 15  1 23 25 11 14 24 20  5
  4 10  6  8 16  9 22 21 13  3 25  1 18 23 15 11 24 14 20  5 19  2  7 12 17
 13 21  3 22  9 18 15  1 23 25 24  5 14 11 20  2 12 17 19  7  4 16  6  8 10
  5 20 11 14 24 12 17 19  7  2 16  4  8  6 10  3  9 22 21 13  1 25 23 18 15
 16  6  8  4 10 21 13  3  9 22 15 25  1 18 23 14 20  5 11 24  2 17 12 19  7
 17 12 19  2  7  6 16  8 10  4 13 22  3 21  9  1 23 25 18 15 14  5 20 11 24
 15 18  1 25 23 11 24 14 20  5  7 17  2 19 12  4  6 16  8 10 22 13 21  3  9
  9  3 22 13 21  1 23 25 18 15 20 24  5 14 11 17 19  7  2 12 16 10  8  4  6
  7 19  2 17 12  8 10  4  6 16  9 13 22  3 21 25 18 15  1 23  5 24 11 14 20
 10  8  4 16  6  3  9 22 21 13 23 15 25  1 18  5 11 24 14 20 17  7 19  2 12
 24 11 14  5 20 19  7  2 12 17 10 16  4  8  6 22 21 13  3  9 25 15 18  1 23
 23  1 25 15 18 14 20  5 11 24 12  7 17  2 19 16  8 10  4  6 13  9  3 22 21
 18 25 15 23  1  5 11 24 14 20 19 12  7 17  2 10  4  6 16  8  9 21 22 13  3
 21 22 13  9  3 25 18 15  1 23 11 20 24  5 14  7  2 12 17 19 10  6  4 16  8
  6  4 16 10  8 22 21 13  3  9 18 23 15 25  1 24 14 20  5 11  7 12  2 17 19
 20 14  5 24 11  2 12 17 19  7  6 10 16  4  8 13  3  9 22 21 15 23  1 25 18
 12  2 17  7 19  4  6 16  8 10 21  9 13 22  3 15  1 23 25 18 24 20 14  5 11
  8 16 10  6  4 13  3  9 22 21  1 18 23 15 25 20  5 11 24 14 12 19 17  7  2
  1 15 23 18 25 24 14 20  5 11  2 19 12  7 17  6 16  8 10  4 21  3 13  9 22
 19 17  7 12  2 16  8 10  4  6  3 21  9 13 22 23 25 18 15  1 20 11  5 24 14
 11  5 24 20 14 17 19  7  2 12  8  6 10 16  4  9 22 21 13  3 23 18 25 15  1
  3 13  9 21 22 15  1 23 25 18 14 11 20 24  5 12 17 19  7  2  6  8 16 10  4
