 10  4  8 16  6 22  3  9 21 13 18  1 23 15 25  5 20 11 24 14 19 12  7  2 17
  7  2 19 17 12  4  8 10  6 16 21  3  9 13 22 25 23 18 15  1 11 20 24 14  5
 24 14 11  5 20  2 19  7 12 17  6  8 10 16  4 22  9 21 13  3 18 23 15  1 25
 23 25  1 15 18  5 14 20 11 24 19  2 12  7 17 16  6  8 10  4  3 21  9 22 13
  9 22  3 13 21 25  1 23 18 15 11 14 20 24  5 17 12 19  7  2  8  6 10  4 16
 18 15 25 23  1 24  5 11 14 20  2 17 19 12  7 10  8  4  6 16 22  3 21 13  9
  6 16  4 10  8 13 22 21  3  9  1 25 18 23 15 24 11 14 20  5  2 19 12 17  7
 12 17  2  7 19 16  4  6  8 10  3 22 21  9 13 15 18  1 23 25 14 11 20  5 24
 21 13 22  9  3 15 25 18  1 23 14  5 11 20 24  7 19  2 12 17  4  8  6 16 10
 20  5 14 24 11 17  2 12 19  7  8  4  6 10 16 13 21  3  9 22  1 18 23 25 15
  3  9 13 21 22 23 15  1 25 18  5 24 14 11 20 12  2 17 19  7 16  4  8 10  6
  1 23 15 18 25 20 24 14  5 11 17  7  2 19 12  6  4 16  8 10 13 22  3  9 21
 11 24  5 20 14  7 17 19  2 12  4 16  8  6 10  9  3 22 21 13 25  1 18 15 23
  8 10 16  6  4  9 13  3 22 21 25 15  1 18 23 20 14  5 11 24 17  2 19  7 12
 19  7 17 12  2 10 16  8  4  6 22 13  3 21  9 23  1 25 18 15  5 14 11 24 20
 25 18 23  1 15 11 20  5 24 14  7 12 17  2 19  8 16 10  4  6  9 13 22 21  3
 14 20 24 11  5 12  7  2 17 19 16 10  4  8  6 21 22 13  3  9 15 25  1 23 18
  2 12  7 19 17  6 10  4 16  8 13  9 22  3 21 18 25 15  1 23 24  5 14 20 11
 22 21  9  3 13 18 23 25 15  1 24 20  5 14 11 19 17  7  2 12 10 16  4  6  8
  4  6 10  8 16 21  9 22 13  3 15 23 25  1 18 11  5 24 14 20  7 17  2 12 19
 17 19 12  2  7  8  6 16 10  4  9 21 13 22  3  1 15 23 25 18 20 24  5 11 14
 15  1 18 25 23 14 11 24 20  5 12 19  7 17  2  4 10  6 16  8 21  9 13  3 22
 16  8  6  4 10  3 21 13  9 22 23 18 15 25  1 14 24 20  5 11 12  7 17 19  2
 13  3 21 22  9  1 18 15 23 25 20 11 24  5 14  2  7 12 17 19  6 10 16  8  4
  5 11 20 14 24 19 12 17  7  2 10  6 16  4  8  3 13  9 22 21 23 15 25 18  1
