 11  5 14 24 20  2 12 17 19  7 10  6  4 16  8 21  9  3 13 22 18 23 25 15  1
 19 17  2  7 12  4  6 16  8 10  9 21 22 13  3 18 23  1 15 25 11 20  5 24 14
  3 13 22  9 21 25 18 15  1 23 20 11  5 24 14 19 12  2  7 17  8  6 16 10  4
  8 16  4 10  6 22 21 13  3  9 23 18 25 15  1 11 20 14 24  5 19 12 17  7  2
  1 15 25 23 18  5 11 24 14 20 12 19 17  7  2  8  6  4 10 16  3 21 13  9 22
  4 10 16  6  8 13  3  9 22 21 18  1 15 23 25 14 11  5 20 24  2 19  7 12 17
 25 23 15 18  1 24 14 20  5 11 19  2  7 12 17  4  8 16  6 10 22  3  9 21 13
 14 24  5 20 11 17 19  7  2 12  6  8 16 10  4  3 21 22  9 13  1 18 15 23 25
  2  7 17 12 19 16  8 10  4  6 21  3 13  9 22  1 18 25 23 15 14 11 24 20  5
 22  9 13 21  3 15  1 23 25 18 11 14 24 20  5  2 19 17 12  7  4  8 10  6 16
 15 18 23  1 25 20  5 11 24 14  2 17 12 19  7 16  4 10  8  6 13 22 21  3  9
 17 12  7 19  2 10  4  6 16  8  3 22  9 21 13 25  1 15 18 23  5 14 20 11 24
  5 20 24 11 14  7  2 12 17 19  8  4 10  6 16 22  3 13 21  9 25  1 23 18 15
 16  6 10  8  4  9 22 21 13  3  1 25 23 18 15  5 14 24 11 20 17  2 12 19  7
 13 21  9  3 22 23 25 18 15  1 14  5 20 11 24 17  2  7 19 12 16  4  6  8 10
  7 19 12  2 17  6 16  8 10  4 22 13 21  3  9 15 25 23  1 18 24  5 11 14 20
  9  3 21 22 13 18 15  1 23 25  5 24 11 14 20  7 17 12  2 19 10 16  8  4  6
 24 11 20 14  5 12 17 19  7  2  4 16  6  8 10 13 22  9  3 21 15 25 18  1 23
 10  8  6  4 16 21 13  3  9 22 25 15 18  1 23 24  5 20 14 11  7 17 19  2 12
 23  1 18 25 15 11 24 14 20  5 17  7 19  2 12 10 16  6  4  8  9 13  3 22 21
 18 25  1 15 23 14 20  5 11 24  7 12  2 17 19  6 10  8 16  4 21  9 22 13  3
 21 22  3 13  9  1 23 25 18 15 24 20 14  5 11 12  7 19 17  2  6 10  4 16  8
 12  2 19 17  7  8 10  4  6 16 13  9  3 22 21 23 15 18 25  1 20 24 14  5 11
 20 14 11  5 24 19  7  2 12 17 16 10  8  4  6  9 13 21 22  3 23 15  1 25 18
  6  4  8 16 10  3  9 22 21 13 15 23  1 25 18 20 24 11  5 14 12  7  2 17 19
