  1 18 23 25 15  5 24 14 11 20  7 12 19 17  2 16  6 10  4  8  3 13  9 21 22
  8  6 10  4 16 22 13  3 21  9 15 23 18 25  1  5 20 24 14 11 19 17  7 12  2
  3 21  9 22 13 25 15  1 18 23 24 20 11  5 14 17 12  7  2 19  8 16 10  6  4
 11 20 24 14  5  2 17 19 12  7 16 10  6  4  8 22  9 13  3 21 18 25 15 23  1
 19 12  7  2 17  4 16  8  6 10 13  9 21 22  3 25 23 15  1 18 11  5 24 20 14
 22  3 21 13  9 15 23 25  1 18 20 11 14 24  5  7 19 12 17  2  4 10  6  8 16
 14 11 20  5 24 17  7  2 19 12 10  6  8 16  4 13 21  9 22  3  1 15 23 18 25
  2 19 12 17  7 16 10  4  8  6  9 21  3 13 22 15 18 23 25  1 14 24 20 11  5
  4  8  6 16 10 13  9 22  3 21 23 18  1 15 25 24 11 20  5 14  2  7 12 19 17
 25  1 18 15 23 24 20  5 14 11 12 19  2  7 17 10  8  6 16  4 22  9 21  3 13
 15 25  1 23 18 20 11 24  5 14 19  2 17 12  7  6  4  8 10 16 13 21  3 22  9
 17  2 19  7 12 10  6 16  4  8 21  3 22  9 13 23  1 18 15 25  5 20 11 14 24
 16  4  8 10  6  9 21 13 22  3 18  1 25 23 15 20 14 11 24  5 17 12 19  2  7
  5 14 11 24 20  7 12 17  2 19  6  8  4 10 16  9  3 21 13 22 25 23 18  1 15
 13 22  3  9 21 23 18 15 25  1 11 14  5 20 24 12  2 19  7 17 16  6  8  4 10
  9 13 22 21  3 18  1 23 15 25 14  5 24 11 20 19 17  2 12  7 10  8  4 16  6
  7 17  2 12 19  6  8 10 16  4  3 22 13 21  9 18 25  1 23 15 24 11 14  5 20
 24  5 14 20 11 12 19  7 17  2  8  4 16  6 10 21 22  3  9 13 15 18  1 25 23
 10 16  4  6  8 21  3  9 13 22  1 25 15 18 23 11  5 14 20 24  7 19  2 17 12
 23 15 25 18  1 11 14 20 24  5  2 17  7 19 12  8 16  4  6 10  9  3 22 13 21
 20 24  5 11 14 19  2 12  7 17  4 16 10  8  6  3 13 22 21  9 23  1 25 15 18
 12  7 17 19  2  8  4  6 10 16 22 13  9  3 21  1 15 25 18 23 20 14  5 24 11
 21  9 13  3 22  1 25 18 23 15  5 24 20 14 11  2  7 17 19 12  6  4 16 10  8
 18 23 15  1 25 14  5 11 20 24 17  7 12  2 19  4 10 16  8  6 21 22 13  9  3
  6 10 16  8  4  3 22 21  9 13 25 15 23  1 18 14 24  5 11 20 12  2 17  7 19
