 18 15 23  1 25 11 20 24  5 14 12 19  7  2 17  8  4 10  6 16  3  9 21 13 22
 12 17  7 19  2  6 10 16  4  8  9 21 13  3 22 18  1 15 23 25 11 24 20  5 14
  6 16 10  8  4 21  9 13 22  3 23 18 15  1 25 11 14 24 20  5 19  7 12 17  2
 21 13  9  3 22 18 23 15 25  1 20 11 24 14  5 19  2  7 12 17  8 10  6 16  4
 20  5 24 11 14 12  7 17  2 19 10  6 16  8  4 21  3 13  9 22 18 15 23 25  1
 19  7 12  2 17  8  6 10 16  4 21  3  9 22 13  1 25 23 18 15 14 20 11 24  5
  3  9 21 22 13  1 18 23 15 25 11 14 20  5 24  2 17 12 19  7  4  6  8 10 16
  1 23 18 25 15 14 11 20 24  5 19  2 12 17  7  4 16  6  8 10 22 21  3  9 13
 11 24 20 14  5 19 12  7 17  2  6  8 10  4 16  3 22  9 21 13  1 23 18 15 25
  8 10  6  4 16  3 21  9 13 22 18  1 23 25 15 14  5 20 11 24  2 12 19  7 17
 14 20 11  5 24  2 19 12  7 17  8  4  6 16 10 22 13 21  3  9 25 18  1 23 15
 22 21  3 13  9 25  1 18 23 15 14  5 11 24 20 17  7 19  2 12 16  8  4  6 10
 25 18  1 15 23  5 14 11 20 24  2 17 19  7 12 16 10  8  4  6 13  3 22 21  9
  2 12 19 17  7  4  8  6 10 16  3 22 21 13  9 25 15 18  1 23  5 11 14 20 24
  4  6  8 16 10 22  3 21  9 13  1 25 18 15 23  5 24 11 14 20 17 19  2 12  7
 13  3 22  9 21 15 25  1 18 23  5 24 14 20 11  7 12  2 17 19 10  4 16  8  6
 16  8  4 10  6 13 22  3 21  9 25 15  1 23 18 24 20 14  5 11  7  2 17 19 12
 17 19  2  7 12 16  4  8  6 10 22 13  3  9 21 15 23  1 25 18 24 14  5 11 20
  5 11 14 24 20 17  2 19 12  7  4 16  8 10  6 13  9  3 22 21 15  1 25 18 23
 15  1 25 23 18 24  5 14 11 20 17  7  2 12 19 10  6  4 16  8  9 22 13  3 21
 10  4 16  6  8  9 13 22  3 21 15 23 25 18  1 20 11  5 24 14 12 17  7  2 19
 24 14  5 20 11  7 17  2 19 12 16 10  4  6  8  9 21 22 13  3 23 25 15  1 18
  9 22 13 21  3 23 15 25  1 18 24 20  5 11 14 12 19 17  7  2  6 16 10  4  8
  7  2 17 12 19 10 16  4  8  6 13  9 22 21  3 23 18 25 15  1 20  5 24 14 11
 23 25 15 18  1 20 24  5 14 11  7 12 17 19  2  6  8 16 10  4 21 13  9 22  3
