 19 17  7 12  2 16  4 10  8  6  3 21 22 13  9 25  1 15 23 18 20 24 11  5 14
  3 13  9 21 22 15 25 23  1 18 14 11  5 24 20 17  2  7 12 19  6 10  8 16  4
  1 15 23 18 25 24  5 20 14 11  2 19 17  7 12 16  4 10  6  8 21  9  3 13 22
  8 16 10  6  4 13 22  9  3 21  1 18 25 15 23  5 14 24 20 11 12  7 19 17  2
 11  5 24 20 14 17  2  7 19 12  8  6  4 16 10 22  3 13  9 21 23 15 18 25  1
  4 10  6  8 16  9 13 21 22  3 25  1 15 23 18 24  5 20 11 14 19 12  2  7 17
 22  9 21  3 13 23 15 18 25  1  5 14 24 20 11  7 17 12 19  2  8  6  4 10 16
 25 23 18  1 15 20 24 11  5 14 17  2  7 12 19 10 16  6  8  4  3 21 22  9 13
 14 24 20 11  5  7 17 12  2 19  4  8 16 10  6 13 22  9 21  3 18 23  1 15 25
  2  7 12 19 17 10 16  6  4  8 22  3 13  9 21 15 25 23 18  1 11 20 14 24  5
  5 20 11 14 24 12  7 19 17  2 16  4 10  6  8  9 13 21  3 22  1 18 25 23 15
 13 21  3 22  9 18 23  1 15 25 24  5 20 11 14 12  7 19  2 17  4  8 16  6 10
 16  6  8  4 10 21  9  3 13 22 15 25 23 18  1 20 24 11 14  5  2 19 17 12  7
 17 12 19  2  7  6 10  8 16  4 13 22  9 21  3 23 15 18  1 25 14 11  5 20 24
 15 18  1 25 23 11 20 14 24  5  7 17 12 19  2  6 10  8  4 16 22  3 13 21  9
  9  3 22 13 21  1 18 25 23 15 20 24 11 14  5 19 12  2 17  7 16  4 10  8  6
 23  1 25 15 18 14 11  5 20 24 12  7 19  2 17  8  6  4 16 10 13 22  9  3 21
 10  8  4 16  6  3 21 22  9 13 23 15 18  1 25 11 20 14  5 24 17  2  7 19 12
  7 19  2 17 12  8  6  4 10 16  9 13 21  3 22 18 23  1 25 15  5 14 24 11 20
 24 11 14  5 20 19 12  2  7 17 10 16  6  8  4 21  9  3 22 13 25  1 15 18 23
  6  4 16 10  8 22  3 13 21  9 18 23  1 25 15 14 11  5 24 20  7 17 12  2 19
 21 22 13  9  3 25  1 15 18 23 11 20 14  5 24  2 19 17  7 12 10 16  6  4  8
 18 25 15 23  1  5 14 24 11 20 19 12  2 17  7  4  8 16 10  6  9 13 21 22  3
 20 14  5 24 11  2 19 17 12  7  6 10  8  4 16  3 21 22 13  9 15 25 23  1 18
 12  2 17  7 19  4  8 16  6 10 21  9  3 22 13  1 18 25 15 23 24  5 20 14 11
