  3 22 21 13  9 23 18 15  1 25  5 24 11 20 14  7 19  2 12 17 10  6  4  8 16
  8  4  6 16 10  9 21 13  3 22 25 15 18 23  1 24 11 14 20  5  7 12  2 19 17
 19  2 12 17  7 10  6 16  8  4 22 13 21  9  3 15 18  1 23 25 24 20 14 11  5
  1 25 18 15 23 20 11 24 14  5 17  7 19 12  2 10  8  4  6 16  9 21 22  3 13
 11 14 20  5 24  7 12 17 19  2  4 16  6 10  8 13 21  3  9 22 15 23  1 18 25
 22 13  3  9 21 18  1 23 25 15 24 20 14 11  5 12  2 17 19  7  6  8 16  4 10
  4 16  8 10  6 21  3  9 22 13 15 23  1 18 25 20 14  5 11 24 12 19 17  2  7
  2 17 19  7 12  6  8 10  4 16 13  9  3 21 22 23  1 25 18 15 20 11  5 14 24
 14  5 11 24 20 12 19  7  2 17 16 10  8  6  4  9  3 22 21 13 23 18 25  1 15
 25 15  1 23 18 11 14 20  5 24  7 12  2 19 17  6  4 16  8 10 21  3 13 22  9
 13  9 22 21  3  1 25 18 15 23 20 11  5 14 24 19 17  7  2 12  8  4 10 16  6
 16 10  4  6  8  3 22 21 13  9 23 18 25  1 15 11  5 24 14 20 19  2  7 17 12
 15 23 25 18  1 14  5 11 24 20 12 19 17  2  7  8 16 10  4  6  3 22  9 13 21
  5 24 14 20 11 19  2 12 17  7 10  6  4  8 16 21 22 13  3  9 18  1 15 25 23
 17  7  2 12 19  8  4  6 16 10  9 21 22  3 13 18 25 15  1 23 11 14 24  5 20
 23 18 15  1 25  5 24 14 20 11 19  2  7 17 12  4 10  6 16  8 22 13 21  9  3
 10  6 16  8  4 22 13  3  9 21 18  1 15 25 23 14 24 20  5 11  2 17 12  7 19
  9 21 13  3 22 25 15  1 23 18 11 14 24  5 20  2  7 12 17 19  4 16  6 10  8
  7 12 17 19  2  4 16  8 10  6 21  3 13 22  9  1 15 23 25 18 14  5 20 24 11
 24 20  5 11 14  2 17 19  7 12  6  8 16  4 10  3 13  9 22 21  1 25 23 15 18
 12 19  7  2 17 16 10  4  6  8  3 22  9 13 21 25 23 18 15  1  5 24 11 20 14
 18  1 23 25 15 24 20  5 11 14  2 17 12  7 19 16  6  8 10  4 13  9  3 21 22
 21  3  9 22 13 15 23 25 18  1 14  5 20 24 11 17 12 19  7  2 16 10  8  6  4
  6  8 10  4 16 13  9 22 21  3  1 25 23 15 18  5 20 11 24 14 17  7 19 12  2
 20 11 24 14  5 17  7  2 12 19  8  4 10 16  6 22  9 21 13  3 25 15 18 23  1
