  9  5  2  6  1  4  8  7  3 17 11 13 16 14 10 18 15 12 23 25 20 19 24 26 27 22 21 34 32 30 35 36 28 29 33 31 37 42 39 43 44 41 45 40 38 49 48 51 47 54 53 52 50 46 63 58 55 56 61 62 59 57 60 70 66 69 65 67 64 72 68 71 80 81 78 79 73 74 76 77 75
 45 41 38 42 37 40 44 43 39 53 47 49 52 50 46 54 51 48 59 61 56 55 60 62 63 58 57 70 68 66 71 72 64 65 69 67 73 78 75 79 80 77 81 76 74  4  3  6  2  9  8  7  5  1 18 13 10 11 16 17 14 12 15 25 21 24 20 22 19 27 23 26 35 36 33 34 28 29 31 32 30
 72 68 65 69 64 67 71 70 66 80 74 76 79 77 73 81 78 75  5  7  2  1  6  8  9  4  3 16 14 12 17 18 10 11 15 13 19 24 21 25 26 23 27 22 20 31 30 33 29 36 35 34 32 28 45 40 37 38 43 44 41 39 42 52 48 51 47 49 46 54 50 53 62 63 60 61 55 56 58 59 57
 27 23 20 24 19 22 26 25 21 35 29 31 34 32 28 36 33 30 41 43 38 37 42 44 45 40 39 52 50 48 53 54 46 47 51 49 55 60 57 61 62 59 63 58 56 67 66 69 65 72 71 70 68 64 81 76 73 74 79 80 77 75 78  7  3  6  2  4  1  9  5  8 17 18 15 16 10 11 13 14 12
 81 77 74 78 73 76 80 79 75  8  2  4  7  5  1  9  6  3 14 16 11 10 15 17 18 13 12 25 23 21 26 27 19 20 24 22 28 33 30 34 35 32 36 31 29 40 39 42 38 45 44 43 41 37 54 49 46 47 52 53 50 48 51 61 57 60 56 58 55 63 59 62 71 72 69 70 64 65 67 68 66
 54 50 47 51 46 49 53 52 48 62 56 58 61 59 55 63 60 57 68 70 65 64 69 71 72 67 66 79 77 75 80 81 73 74 78 76  1  6  3  7  8  5  9  4  2 13 12 15 11 18 17 16 14 10 27 22 19 20 25 26 23 21 24 34 30 33 29 31 28 36 32 35 44 45 42 43 37 38 40 41 39
 36 32 29 33 28 31 35 34 30 44 38 40 43 41 37 45 42 39 50 52 47 46 51 53 54 49 48 61 59 57 62 63 55 56 60 58 64 69 66 70 71 68 72 67 65 76 75 78 74 81 80 79 77 73  9  4  1  2  7  8  5  3  6 16 12 15 11 13 10 18 14 17 26 27 24 25 19 20 22 23 21
 63 59 56 60 55 58 62 61 57 71 65 67 70 68 64 72 69 66 77 79 74 73 78 80 81 76 75  7  5  3  8  9  1  2  6  4 10 15 12 16 17 14 18 13 11 22 21 24 20 27 26 25 23 19 36 31 28 29 34 35 32 30 33 43 39 42 38 40 37 45 41 44 53 54 51 52 46 47 49 50 48
 18 14 11 15 10 13 17 16 12 26 20 22 25 23 19 27 24 21 32 34 29 28 33 35 36 31 30 43 41 39 44 45 37 38 42 40 46 51 48 52 53 50 54 49 47 58 57 60 56 63 62 61 59 55 72 67 64 65 70 71 68 66 69 79 75 78 74 76 73 81 77 80  8  9  6  7  1  2  4  5  3
 55 51 48 52 47 50 54 53 49 63 57 59 62 60 56 64 61 58 69 71 66 65 70 72 73 68 67 80 78 76 81  1 74 75 79 77  2  7  4  8  9  6 10  5  3 14 13 16 12 19 18 17 15 11 28 23 20 21 26 27 24 22 25 35 31 34 30 32 29 37 33 36 45 46 43 44 38 39 41 42 40
 64 60 57 61 56 59 63 62 58 72 66 68 71 69 65 73 70 67 78 80 75 74 79 81  1 77 76  8  6  4  9 10  2  3  7  5 11 16 13 17 18 15 19 14 12 23 22 25 21 28 27 26 24 20 37 32 29 30 35 36 33 31 34 44 40 43 39 41 38 46 42 45 54 55 52 53 47 48 50 51 49
 37 33 30 34 29 32 36 35 31 45 39 41 44 42 38 46 43 40 51 53 48 47 52 54 55 50 49 62 60 58 63 64 56 57 61 59 65 70 67 71 72 69 73 68 66 77 76 79 75  1 81 80 78 74 10  5  2  3  8  9  6  4  7 17 13 16 12 14 11 19 15 18 27 28 25 26 20 21 23 24 22
  1 78 75 79 74 77 81 80 76  9  3  5  8  6  2 10  7  4 15 17 12 11 16 18 19 14 13 26 24 22 27 28 20 21 25 23 29 34 31 35 36 33 37 32 30 41 40 43 39 46 45 44 42 38 55 50 47 48 53 54 51 49 52 62 58 61 57 59 56 64 60 63 72 73 70 71 65 66 68 69 67
 73 69 66 70 65 68 72 71 67 81 75 77 80 78 74  1 79 76  6  8  3  2  7  9 10  5  4 17 15 13 18 19 11 12 16 14 20 25 22 26 27 24 28 23 21 32 31 34 30 37 36 35 33 29 46 41 38 39 44 45 42 40 43 53 49 52 48 50 47 55 51 54 63 64 61 62 56 57 59 60 58
 28 24 21 25 20 23 27 26 22 36 30 32 35 33 29 37 34 31 42 44 39 38 43 45 46 41 40 53 51 49 54 55 47 48 52 50 56 61 58 62 63 60 64 59 57 68 67 70 66 73 72 71 69 65  1 77 74 75 80 81 78 76 79  8  4  7  3  5  2 10  6  9 18 19 16 17 11 12 14 15 13
 19 15 12 16 11 14 18 17 13 27 21 23 26 24 20 28 25 22 33 35 30 29 34 36 37 32 31 44 42 40 45 46 38 39 43 41 47 52 49 53 54 51 55 50 48 59 58 61 57 64 63 62 60 56 73 68 65 66 71 72 69 67 70 80 76 79 75 77 74  1 78 81  9 10  7  8  2  3  5  6  4
 10  6  3  7  2  5  9  8  4 18 12 14 17 15 11 19 16 13 24 26 21 20 25 27 28 23 22 35 33 31 36 37 29 30 34 32 38 43 40 44 45 42 46 41 39 50 49 52 48 55 54 53 51 47 64 59 56 57 62 63 60 58 61 71 67 70 66 68 65 73 69 72 81  1 79 80 74 75 77 78 76
 46 42 39 43 38 41 45 44 40 54 48 50 53 51 47 55 52 49 60 62 57 56 61 63 64 59 58 71 69 67 72 73 65 66 70 68 74 79 76 80 81 78  1 77 75  5  4  7  3 10  9  8  6  2 19 14 11 12 17 18 15 13 16 26 22 25 21 23 20 28 24 27 36 37 34 35 29 30 32 33 31
 65 61 58 62 57 60 64 63 59 73 67 69 72 70 66 74 71 68 79 81 76 75 80  1  2 78 77  9  7  5 10 11  3  4  8  6 12 17 14 18 19 16 20 15 13 24 23 26 22 29 28 27 25 21 38 33 30 31 36 37 34 32 35 45 41 44 40 42 39 47 43 46 55 56 53 54 48 49 51 52 50
 11  7  4  8  3  6 10  9  5 19 13 15 18 16 12 20 17 14 25 27 22 21 26 28 29 24 23 36 34 32 37 38 30 31 35 33 39 44 41 45 46 43 47 42 40 51 50 53 49 56 55 54 52 48 65 60 57 58 63 64 61 59 62 72 68 71 67 69 66 74 70 73  1  2 80 81 75 76 78 79 77
 74 70 67 71 66 69 73 72 68  1 76 78 81 79 75  2 80 77  7  9  4  3  8 10 11  6  5 18 16 14 19 20 12 13 17 15 21 26 23 27 28 25 29 24 22 33 32 35 31 38 37 36 34 30 47 42 39 40 45 46 43 41 44 54 50 53 49 51 48 56 52 55 64 65 62 63 57 58 60 61 59
 38 34 31 35 30 33 37 36 32 46 40 42 45 43 39 47 44 41 52 54 49 48 53 55 56 51 50 63 61 59 64 65 57 58 62 60 66 71 68 72 73 70 74 69 67 78 77 80 76  2  1 81 79 75 11  6  3  4  9 10  7  5  8 18 14 17 13 15 12 20 16 19 28 29 26 27 21 22 24 25 23
  2 79 76 80 75 78  1 81 77 10  4  6  9  7  3 11  8  5 16 18 13 12 17 19 20 15 14 27 25 23 28 29 21 22 26 24 30 35 32 36 37 34 38 33 31 42 41 44 40 47 46 45 43 39 56 51 48 49 54 55 52 50 53 63 59 62 58 60 57 65 61 64 73 74 71 72 66 67 69 70 68
 47 43 40 44 39 42 46 45 41 55 49 51 54 52 48 56 53 50 61 63 58 57 62 64 65 60 59 72 70 68 73 74 66 67 71 69 75 80 77 81  1 79  2 78 76  6  5  8  4 11 10  9  7  3 20 15 12 13 18 19 16 14 17 27 23 26 22 24 21 29 25 28 37 38 35 36 30 31 33 34 32
 20 16 13 17 12 15 19 18 14 28 22 24 27 25 21 29 26 23 34 36 31 30 35 37 38 33 32 45 43 41 46 47 39 40 44 42 48 53 50 54 55 52 56 51 49 60 59 62 58 65 64 63 61 57 74 69 66 67 72 73 70 68 71 81 77 80 76 78 75  2 79  1 10 11  8  9  3  4  6  7  5
 29 25 22 26 21 24 28 27 23 37 31 33 36 34 30 38 35 32 43 45 40 39 44 46 47 42 41 54 52 50 55 56 48 49 53 51 57 62 59 63 64 61 65 60 58 69 68 71 67 74 73 72 70 66  2 78 75 76 81  1 79 77 80  9  5  8  4  6  3 11  7 10 19 20 17 18 12 13 15 16 14
 56 52 49 53 48 51 55 54 50 64 58 60 63 61 57 65 62 59 70 72 67 66 71 73 74 69 68 81 79 77  1  2 75 76 80 78  3  8  5  9 10  7 11  6  4 15 14 17 13 20 19 18 16 12 29 24 21 22 27 28 25 23 26 36 32 35 31 33 30 38 34 37 46 47 44 45 39 40 42 43 41
 21 17 14 18 13 16 20 19 15 29 23 25 28 26 22 30 27 24 35 37 32 31 36 38 39 34 33 46 44 42 47 48 40 41 45 43 49 54 51 55 56 53 57 52 50 61 60 63 59 66 65 64 62 58 75 70 67 68 73 74 71 69 72  1 78 81 77 79 76  3 80  2 11 12  9 10  4  5  7  8  6
 75 71 68 72 67 70 74 73 69  2 77 79  1 80 76  3 81 78  8 10  5  4  9 11 12  7  6 19 17 15 20 21 13 14 18 16 22 27 24 28 29 26 30 25 23 34 33 36 32 39 38 37 35 31 48 43 40 41 46 47 44 42 45 55 51 54 50 52 49 57 53 56 65 66 63 64 58 59 61 62 60
 48 44 41 45 40 43 47 46 42 56 50 52 55 53 49 57 54 51 62 64 59 58 63 65 66 61 60 73 71 69 74 75 67 68 72 70 76 81 78  1  2 80  3 79 77  7  6  9  5 12 11 10  8  4 21 16 13 14 19 20 17 15 18 28 24 27 23 25 22 30 26 29 38 39 36 37 31 32 34 35 33
 12  8  5  9  4  7 11 10  6 20 14 16 19 17 13 21 18 15 26 28 23 22 27 29 30 25 24 37 35 33 38 39 31 32 36 34 40 45 42 46 47 44 48 43 41 52 51 54 50 57 56 55 53 49 66 61 58 59 64 65 62 60 63 73 69 72 68 70 67 75 71 74  2  3 81  1 76 77 79 80 78
 57 53 50 54 49 52 56 55 51 65 59 61 64 62 58 66 63 60 71 73 68 67 72 74 75 70 69  1 80 78  2  3 76 77 81 79  4  9  6 10 11  8 12  7  5 16 15 18 14 21 20 19 17 13 30 25 22 23 28 29 26 24 27 37 33 36 32 34 31 39 35 38 47 48 45 46 40 41 43 44 42
 66 62 59 63 58 61 65 64 60 74 68 70 73 71 67 75 72 69 80  1 77 76 81  2  3 79 78 10  8  6 11 12  4  5  9  7 13 18 15 19 20 17 21 16 14 25 24 27 23 30 29 28 26 22 39 34 31 32 37 38 35 33 36 46 42 45 41 43 40 48 44 47 56 57 54 55 49 50 52 53 51
 39 35 32 36 31 34 38 37 33 47 41 43 46 44 40 48 45 42 53 55 50 49 54 56 57 52 51 64 62 60 65 66 58 59 63 61 67 72 69 73 74 71 75 70 68 79 78 81 77  3  2  1 80 76 12  7  4  5 10 11  8  6  9 19 15 18 14 16 13 21 17 20 29 30 27 28 22 23 25 26 24
  3 80 77 81 76 79  2  1 78 11  5  7 10  8  4 12  9  6 17 19 14 13 18 20 21 16 15 28 26 24 29 30 22 23 27 25 31 36 33 37 38 35 39 34 32 43 42 45 41 48 47 46 44 40 57 52 49 50 55 56 53 51 54 64 60 63 59 61 58 66 62 65 74 75 72 73 67 68 70 71 69
 30 26 23 27 22 25 29 28 24 38 32 34 37 35 31 39 36 33 44 46 41 40 45 47 48 43 42 55 53 51 56 57 49 50 54 52 58 63 60 64 65 62 66 61 59 70 69 72 68 75 74 73 71 67  3 79 76 77  1  2 80 78 81 10  6  9  5  7  4 12  8 11 20 21 18 19 13 14 16 17 15
  4 81 78  1 77 80  3  2 79 12  6  8 11  9  5 13 10  7 18 20 15 14 19 21 22 17 16 29 27 25 30 31 23 24 28 26 32 37 34 38 39 36 40 35 33 44 43 46 42 49 48 47 45 41 58 53 50 51 56 57 54 52 55 65 61 64 60 62 59 67 63 66 75 76 73 74 68 69 71 72 70
 67 63 60 64 59 62 66 65 61 75 69 71 74 72 68 76 73 70 81  2 78 77  1  3  4 80 79 11  9  7 12 13  5  6 10  8 14 19 16 20 21 18 22 17 15 26 25 28 24 31 30 29 27 23 40 35 32 33 38 39 36 34 37 47 43 46 42 44 41 49 45 48 57 58 55 56 50 51 53 54 52
 31 27 24 28 23 26 30 29 25 39 33 35 38 36 32 40 37 34 45 47 42 41 46 48 49 44 43 56 54 52 57 58 50 51 55 53 59 64 61 65 66 63 67 62 60 71 70 73 69 76 75 74 72 68  4 80 77 78  2  3 81 79  1 11  7 10  6  8  5 13  9 12 21 22 19 20 14 15 17 18 16
 58 54 51 55 50 53 57 56 52 66 60 62 65 63 59 67 64 61 72 74 69 68 73 75 76 71 70  2 81 79  3  4 77 78  1 80  5 10  7 11 12  9 13  8  6 17 16 19 15 22 21 20 18 14 31 26 23 24 29 30 27 25 28 38 34 37 33 35 32 40 36 39 48 49 46 47 41 42 44 45 43
 76 72 69 73 68 71 75 74 70  3 78 80  2 81 77  4  1 79  9 11  6  5 10 12 13  8  7 20 18 16 21 22 14 15 19 17 23 28 25 29 30 27 31 26 24 35 34 37 33 40 39 38 36 32 49 44 41 42 47 48 45 43 46 56 52 55 51 53 50 58 54 57 66 67 64 65 59 60 62 63 61
 13  9  6 10  5  8 12 11  7 21 15 17 20 18 14 22 19 16 27 29 24 23 28 30 31 26 25 38 36 34 39 40 32 33 37 35 41 46 43 47 48 45 49 44 42 53 52 55 51 58 57 56 54 50 67 62 59 60 65 66 63 61 64 74 70 73 69 71 68 76 72 75  3  4  1  2 77 78 80 81 79
 40 36 33 37 32 35 39 38 34 48 42 44 47 45 41 49 46 43 54 56 51 50 55 57 58 53 52 65 63 61 66 67 59 60 64 62 68 73 70 74 75 72 76 71 69 80 79  1 78  4  3  2 81 77 13  8  5  6 11 12  9  7 10 20 16 19 15 17 14 22 18 21 30 31 28 29 23 24 26 27 25
 22 18 15 19 14 17 21 20 16 30 24 26 29 27 23 31 28 25 36 38 33 32 37 39 40 35 34 47 45 43 48 49 41 42 46 44 50 55 52 56 57 54 58 53 51 62 61 64 60 67 66 65 63 59 76 71 68 69 74 75 72 70 73  2 79  1 78 80 77  4 81  3 12 13 10 11  5  6  8  9  7
 49 45 42 46 41 44 48 47 43 57 51 53 56 54 50 58 55 52 63 65 60 59 64 66 67 62 61 74 72 70 75 76 68 69 73 71 77  1 79  2  3 81  4 80 78  8  7 10  6 13 12 11  9  5 22 17 14 15 20 21 18 16 19 29 25 28 24 26 23 31 27 30 39 40 37 38 32 33 35 36 34
 23 19 16 20 15 18 22 21 17 31 25 27 30 28 24 32 29 26 37 39 34 33 38 40 41 36 35 48 46 44 49 50 42 43 47 45 51 56 53 57 58 55 59 54 52 63 62 65 61 68 67 66 64 60 77 72 69 70 75 76 73 71 74  3 80  2 79 81 78  5  1  4 13 14 11 12  6  7  9 10  8
 68 64 61 65 60 63 67 66 62 76 70 72 75 73 69 77 74 71  1  3 79 78  2  4  5 81 80 12 10  8 13 14  6  7 11  9 15 20 17 21 22 19 23 18 16 27 26 29 25 32 31 30 28 24 41 36 33 34 39 40 37 35 38 48 44 47 43 45 42 50 46 49 58 59 56 57 51 52 54 55 53
 14 10  7 11  6  9 13 12  8 22 16 18 21 19 15 23 20 17 28 30 25 24 29 31 32 27 26 39 37 35 40 41 33 34 38 36 42 47 44 48 49 46 50 45 43 54 53 56 52 59 58 57 55 51 68 63 60 61 66 67 64 62 65 75 71 74 70 72 69 77 73 76  4  5  2  3 78 79 81  1 80
 50 46 43 47 42 45 49 48 44 58 52 54 57 55 51 59 56 53 64 66 61 60 65 67 68 63 62 75 73 71 76 77 69 70 74 72 78  2 80  3  4  1  5 81 79  9  8 11  7 14 13 12 10  6 23 18 15 16 21 22 19 17 20 30 26 29 25 27 24 32 28 31 40 41 38 39 33 34 36 37 35
 77 73 70 74 69 72 76 75 71  4 79 81  3  1 78  5  2 80 10 12  7  6 11 13 14  9  8 21 19 17 22 23 15 16 20 18 24 29 26 30 31 28 32 27 25 36 35 38 34 41 40 39 37 33 50 45 42 43 48 49 46 44 47 57 53 56 52 54 51 59 55 58 67 68 65 66 60 61 63 64 62
 32 28 25 29 24 27 31 30 26 40 34 36 39 37 33 41 38 35 46 48 43 42 47 49 50 45 44 57 55 53 58 59 51 52 56 54 60 65 62 66 67 64 68 63 61 72 71 74 70 77 76 75 73 69  5 81 78 79  3  4  1 80  2 12  8 11  7  9  6 14 10 13 22 23 20 21 15 16 18 19 17
 41 37 34 38 33 36 40 39 35 49 43 45 48 46 42 50 47 44 55 57 52 51 56 58 59 54 53 66 64 62 67 68 60 61 65 63 69 74 71 75 76 73 77 72 70 81 80  2 79  5  4  3  1 78 14  9  6  7 12 13 10  8 11 21 17 20 16 18 15 23 19 22 31 32 29 30 24 25 27 28 26
 59 55 52 56 51 54 58 57 53 67 61 63 66 64 60 68 65 62 73 75 70 69 74 76 77 72 71  3  1 80  4  5 78 79  2 81  6 11  8 12 13 10 14  9  7 18 17 20 16 23 22 21 19 15 32 27 24 25 30 31 28 26 29 39 35 38 34 36 33 41 37 40 49 50 47 48 42 43 45 46 44
  5  1 79  2 78 81  4  3 80 13  7  9 12 10  6 14 11  8 19 21 16 15 20 22 23 18 17 30 28 26 31 32 24 25 29 27 33 38 35 39 40 37 41 36 34 45 44 47 43 50 49 48 46 42 59 54 51 52 57 58 55 53 56 66 62 65 61 63 60 68 64 67 76 77 74 75 69 70 72 73 71
 60 56 53 57 52 55 59 58 54 68 62 64 67 65 61 69 66 63 74 76 71 70 75 77 78 73 72  4  2 81  5  6 79 80  3  1  7 12  9 13 14 11 15 10  8 19 18 21 17 24 23 22 20 16 33 28 25 26 31 32 29 27 30 40 36 39 35 37 34 42 38 41 50 51 48 49 43 44 46 47 45
 24 20 17 21 16 19 23 22 18 32 26 28 31 29 25 33 30 27 38 40 35 34 39 41 42 37 36 49 47 45 50 51 43 44 48 46 52 57 54 58 59 56 60 55 53 64 63 66 62 69 68 67 65 61 78 73 70 71 76 77 74 72 75  4 81  3 80  1 79  6  2  5 14 15 12 13  7  8 10 11  9
  6  2 80  3 79  1  5  4 81 14  8 10 13 11  7 15 12  9 20 22 17 16 21 23 24 19 18 31 29 27 32 33 25 26 30 28 34 39 36 40 41 38 42 37 35 46 45 48 44 51 50 49 47 43 60 55 52 53 58 59 56 54 57 67 63 66 62 64 61 69 65 68 77 78 75 76 70 71 73 74 72
 78 74 71 75 70 73 77 76 72  5 80  1  4  2 79  6  3 81 11 13  8  7 12 14 15 10  9 22 20 18 23 24 16 17 21 19 25 30 27 31 32 29 33 28 26 37 36 39 35 42 41 40 38 34 51 46 43 44 49 50 47 45 48 58 54 57 53 55 52 60 56 59 68 69 66 67 61 62 64 65 63
 33 29 26 30 25 28 32 31 27 41 35 37 40 38 34 42 39 36 47 49 44 43 48 50 51 46 45 58 56 54 59 60 52 53 57 55 61 66 63 67 68 65 69 64 62 73 72 75 71 78 77 76 74 70  6  1 79 80  4  5  2 81  3 13  9 12  8 10  7 15 11 14 23 24 21 22 16 17 19 20 18
 15 11  8 12  7 10 14 13  9 23 17 19 22 20 16 24 21 18 29 31 26 25 30 32 33 28 27 40 38 36 41 42 34 35 39 37 43 48 45 49 50 47 51 46 44 55 54 57 53 60 59 58 56 52 69 64 61 62 67 68 65 63 66 76 72 75 71 73 70 78 74 77  5  6  3  4 79 80  1  2 81
 51 47 44 48 43 46 50 49 45 59 53 55 58 56 52 60 57 54 65 67 62 61 66 68 69 64 63 76 74 72 77 78 70 71 75 73 79  3 81  4  5  2  6  1 80 10  9 12  8 15 14 13 11  7 24 19 16 17 22 23 20 18 21 31 27 30 26 28 25 33 29 32 41 42 39 40 34 35 37 38 36
 42 38 35 39 34 37 41 40 36 50 44 46 49 47 43 51 48 45 56 58 53 52 57 59 60 55 54 67 65 63 68 69 61 62 66 64 70 75 72 76 77 74 78 73 71  1 81  3 80  6  5  4  2 79 15 10  7  8 13 14 11  9 12 22 18 21 17 19 16 24 20 23 32 33 30 31 25 26 28 29 27
 69 65 62 66 61 64 68 67 63 77 71 73 76 74 70 78 75 72  2  4 80 79  3  5  6  1 81 13 11  9 14 15  7  8 12 10 16 21 18 22 23 20 24 19 17 28 27 30 26 33 32 31 29 25 42 37 34 35 40 41 38 36 39 49 45 48 44 46 43 51 47 50 59 60 57 58 52 53 55 56 54
 25 21 18 22 17 20 24 23 19 33 27 29 32 30 26 34 31 28 39 41 36 35 40 42 43 38 37 50 48 46 51 52 44 45 49 47 53 58 55 59 60 57 61 56 54 65 64 67 63 70 69 68 66 62 79 74 71 72 77 78 75 73 76  5  1  4 81  2 80  7  3  6 15 16 13 14  8  9 11 12 10
  7  3 81  4 80  2  6  5  1 15  9 11 14 12  8 16 13 10 21 23 18 17 22 24 25 20 19 32 30 28 33 34 26 27 31 29 35 40 37 41 42 39 43 38 36 47 46 49 45 52 51 50 48 44 61 56 53 54 59 60 57 55 58 68 64 67 63 65 62 70 66 69 78 79 76 77 71 72 74 75 73
 52 48 45 49 44 47 51 50 46 60 54 56 59 57 53 61 58 55 66 68 63 62 67 69 70 65 64 77 75 73 78 79 71 72 76 74 80  4  1  5  6  3  7  2 81 11 10 13  9 16 15 14 12  8 25 20 17 18 23 24 21 19 22 32 28 31 27 29 26 34 30 33 42 43 40 41 35 36 38 39 37
 61 57 54 58 53 56 60 59 55 69 63 65 68 66 62 70 67 64 75 77 72 71 76 78 79 74 73  5  3  1  6  7 80 81  4  2  8 13 10 14 15 12 16 11  9 20 19 22 18 25 24 23 21 17 34 29 26 27 32 33 30 28 31 41 37 40 36 38 35 43 39 42 51 52 49 50 44 45 47 48 46
 43 39 36 40 35 38 42 41 37 51 45 47 50 48 44 52 49 46 57 59 54 53 58 60 61 56 55 68 66 64 69 70 62 63 67 65 71 76 73 77 78 75 79 74 72  2  1  4 81  7  6  5  3 80 16 11  8  9 14 15 12 10 13 23 19 22 18 20 17 25 21 24 33 34 31 32 26 27 29 30 28
 16 12  9 13  8 11 15 14 10 24 18 20 23 21 17 25 22 19 30 32 27 26 31 33 34 29 28 41 39 37 42 43 35 36 40 38 44 49 46 50 51 48 52 47 45 56 55 58 54 61 60 59 57 53 70 65 62 63 68 69 66 64 67 77 73 76 72 74 71 79 75 78  6  7  4  5 80 81  2  3  1
 79 75 72 76 71 74 78 77 73  6 81  2  5  3 80  7  4  1 12 14  9  8 13 15 16 11 10 23 21 19 24 25 17 18 22 20 26 31 28 32 33 30 34 29 27 38 37 40 36 43 42 41 39 35 52 47 44 45 50 51 48 46 49 59 55 58 54 56 53 61 57 60 69 70 67 68 62 63 65 66 64
 70 66 63 67 62 65 69 68 64 78 72 74 77 75 71 79 76 73  3  5 81 80  4  6  7  2  1 14 12 10 15 16  8  9 13 11 17 22 19 23 24 21 25 20 18 29 28 31 27 34 33 32 30 26 43 38 35 36 41 42 39 37 40 50 46 49 45 47 44 52 48 51 60 61 58 59 53 54 56 57 55
 34 30 27 31 26 29 33 32 28 42 36 38 41 39 35 43 40 37 48 50 45 44 49 51 52 47 46 59 57 55 60 61 53 54 58 56 62 67 64 68 69 66 70 65 63 74 73 76 72 79 78 77 75 71  7  2 80 81  5  6  3  1  4 14 10 13  9 11  8 16 12 15 24 25 22 23 17 18 20 21 19
 35 31 28 32 27 30 34 33 29 43 37 39 42 40 36 44 41 38 49 51 46 45 50 52 53 48 47 60 58 56 61 62 54 55 59 57 63 68 65 69 70 67 71 66 64 75 74 77 73 80 79 78 76 72  8  3 81  1  6  7  4  2  5 15 11 14 10 12  9 17 13 16 25 26 23 24 18 19 21 22 20
 62 58 55 59 54 57 61 60 56 70 64 66 69 67 63 71 68 65 76 78 73 72 77 79 80 75 74  6  4  2  7  8 81  1  5  3  9 14 11 15 16 13 17 12 10 21 20 23 19 26 25 24 22 18 35 30 27 28 33 34 31 29 32 42 38 41 37 39 36 44 40 43 52 53 50 51 45 46 48 49 47
 26 22 19 23 18 21 25 24 20 34 28 30 33 31 27 35 32 29 40 42 37 36 41 43 44 39 38 51 49 47 52 53 45 46 50 48 54 59 56 60 61 58 62 57 55 66 65 68 64 71 70 69 67 63 80 75 72 73 78 79 76 74 77  6  2  5  1  3 81  8  4  7 16 17 14 15  9 10 12 13 11
 44 40 37 41 36 39 43 42 38 52 46 48 51 49 45 53 50 47 58 60 55 54 59 61 62 57 56 69 67 65 70 71 63 64 68 66 72 77 74 78 79 76 80 75 73  3  2  5  1  8  7  6  4 81 17 12  9 10 15 16 13 11 14 24 20 23 19 21 18 26 22 25 34 35 32 33 27 28 30 31 29
  8  4  1  5 81  3  7  6  2 16 10 12 15 13  9 17 14 11 22 24 19 18 23 25 26 21 20 33 31 29 34 35 27 28 32 30 36 41 38 42 43 40 44 39 37 48 47 50 46 53 52 51 49 45 62 57 54 55 60 61 58 56 59 69 65 68 64 66 63 71 67 70 79 80 77 78 72 73 75 76 74
 71 67 64 68 63 66 70 69 65 79 73 75 78 76 72 80 77 74  4  6  1 81  5  7  8  3  2 15 13 11 16 17  9 10 14 12 18 23 20 24 25 22 26 21 19 30 29 32 28 35 34 33 31 27 44 39 36 37 42 43 40 38 41 51 47 50 46 48 45 53 49 52 61 62 59 60 54 55 57 58 56
 17 13 10 14  9 12 16 15 11 25 19 21 24 22 18 26 23 20 31 33 28 27 32 34 35 30 29 42 40 38 43 44 36 37 41 39 45 50 47 51 52 49 53 48 46 57 56 59 55 62 61 60 58 54 71 66 63 64 69 70 67 65 68 78 74 77 73 75 72 80 76 79  7  8  5  6 81  1  3  4  2
 53 49 46 50 45 48 52 51 47 61 55 57 60 58 54 62 59 56 67 69 64 63 68 70 71 66 65 78 76 74 79 80 72 73 77 75 81  5  2  6  7  4  8  3  1 12 11 14 10 17 16 15 13  9 26 21 18 19 24 25 22 20 23 33 29 32 28 30 27 35 31 34 43 44 41 42 36 37 39 40 38
 80 76 73 77 72 75 79 78 74  7  1  3  6  4 81  8  5  2 13 15 10  9 14 16 17 12 11 24 22 20 25 26 18 19 23 21 27 32 29 33 34 31 35 30 28 39 38 41 37 44 43 42 40 36 53 48 45 46 51 52 49 47 50 60 56 59 55 57 54 62 58 61 70 71 68 69 63 64 66 67 65
