 81 79 75 73 78 80 77 76 74  6  2  8  4  5  3  9  7  1 13 15 17 11 14 16 12 10 18 22 24 20 21 27 19 23 25 26 30 28 32 29 34 31 35 33 36 40 41 37 42 39 38 43 44 45 48 50 54 52 51 46 49 47 53 57 55 59 63 56 62 58 60 61 67 64 65 70 71 72 68 69 66
  9  7  3  1  6  8  5  4  2 15 11 17 13 14 12 18 16 10 22 24 26 20 23 25 21 19 27 31 33 29 30 36 28 32 34 35 39 37 41 38 43 40 44 42 45 49 50 46 51 48 47 52 53 54 57 59 63 61 60 55 58 56 62 66 64 68 72 65 71 67 69 70 76 73 74 79 80 81 77 78 75
 54 52 48 46 51 53 50 49 47 60 56 62 58 59 57 63 61 55 67 69 71 65 68 70 66 64 72 76 78 74 75 81 73 77 79 80  3  1  5  2  7  4  8  6  9 13 14 10 15 12 11 16 17 18 21 23 27 25 24 19 22 20 26 30 28 32 36 29 35 31 33 34 40 37 38 43 44 45 41 42 39
 63 61 57 55 60 62 59 58 56 69 65 71 67 68 66 72 70 64 76 78 80 74 77 79 75 73 81  4  6  2  3  9  1  5  7  8 12 10 14 11 16 13 17 15 18 22 23 19 24 21 20 25 26 27 30 32 36 34 33 28 31 29 35 39 37 41 45 38 44 40 42 43 49 46 47 52 53 54 50 51 48
 18 16 12 10 15 17 14 13 11 24 20 26 22 23 21 27 25 19 31 33 35 29 32 34 30 28 36 40 42 38 39 45 37 41 43 44 48 46 50 47 52 49 53 51 54 58 59 55 60 57 56 61 62 63 66 68 72 70 69 64 67 65 71 75 73 77 81 74 80 76 78 79  4  1  2  7  8  9  5  6  3
 45 43 39 37 42 44 41 40 38 51 47 53 49 50 48 54 52 46 58 60 62 56 59 61 57 55 63 67 69 65 66 72 64 68 70 71 75 73 77 74 79 76 80 78 81  4  5  1  6  3  2  7  8  9 12 14 18 16 15 10 13 11 17 21 19 23 27 20 26 22 24 25 31 28 29 34 35 36 32 33 30
 72 70 66 64 69 71 68 67 65 78 74 80 76 77 75 81 79 73  4  6  8  2  5  7  3  1  9 13 15 11 12 18 10 14 16 17 21 19 23 20 25 22 26 24 27 31 32 28 33 30 29 34 35 36 39 41 45 43 42 37 40 38 44 48 46 50 54 47 53 49 51 52 58 55 56 61 62 63 59 60 57
 36 34 30 28 33 35 32 31 29 42 38 44 40 41 39 45 43 37 49 51 53 47 50 52 48 46 54 58 60 56 57 63 55 59 61 62 66 64 68 65 70 67 71 69 72 76 77 73 78 75 74 79 80 81  3  5  9  7  6  1  4  2  8 12 10 14 18 11 17 13 15 16 22 19 20 25 26 27 23 24 21
 27 25 21 19 24 26 23 22 20 33 29 35 31 32 30 36 34 28 40 42 44 38 41 43 39 37 45 49 51 47 48 54 46 50 52 53 57 55 59 56 61 58 62 60 63 67 68 64 69 66 65 70 71 72 75 77 81 79 78 73 76 74 80  3  1  5  9  2  8  4  6  7 13 10 11 16 17 18 14 15 12
 28 26 22 20 25 27 24 23 21 34 30 36 32 33 31 37 35 29 41 43 45 39 42 44 40 38 46 50 52 48 49 55 47 51 53 54 58 56 60 57 62 59 63 61 64 68 69 65 70 67 66 71 72 73 76 78  1 80 79 74 77 75 81  4  2  6 10  3  9  5  7  8 14 11 12 17 18 19 15 16 13
 10  8  4  2  7  9  6  5  3 16 12 18 14 15 13 19 17 11 23 25 27 21 24 26 22 20 28 32 34 30 31 37 29 33 35 36 40 38 42 39 44 41 45 43 46 50 51 47 52 49 48 53 54 55 58 60 64 62 61 56 59 57 63 67 65 69 73 66 72 68 70 71 77 74 75 80 81  1 78 79 76
 37 35 31 29 34 36 33 32 30 43 39 45 41 42 40 46 44 38 50 52 54 48 51 53 49 47 55 59 61 57 58 64 56 60 62 63 67 65 69 66 71 68 72 70 73 77 78 74 79 76 75 80 81  1  4  6 10  8  7  2  5  3  9 13 11 15 19 12 18 14 16 17 23 20 21 26 27 28 24 25 22
 73 71 67 65 70 72 69 68 66 79 75 81 77 78 76  1 80 74  5  7  9  3  6  8  4  2 10 14 16 12 13 19 11 15 17 18 22 20 24 21 26 23 27 25 28 32 33 29 34 31 30 35 36 37 40 42 46 44 43 38 41 39 45 49 47 51 55 48 54 50 52 53 59 56 57 62 63 64 60 61 58
 46 44 40 38 43 45 42 41 39 52 48 54 50 51 49 55 53 47 59 61 63 57 60 62 58 56 64 68 70 66 67 73 65 69 71 72 76 74 78 75 80 77 81 79  1  5  6  2  7  4  3  8  9 10 13 15 19 17 16 11 14 12 18 22 20 24 28 21 27 23 25 26 32 29 30 35 36 37 33 34 31
  1 80 76 74 79 81 78 77 75  7  3  9  5  6  4 10  8  2 14 16 18 12 15 17 13 11 19 23 25 21 22 28 20 24 26 27 31 29 33 30 35 32 36 34 37 41 42 38 43 40 39 44 45 46 49 51 55 53 52 47 50 48 54 58 56 60 64 57 63 59 61 62 68 65 66 71 72 73 69 70 67
 19 17 13 11 16 18 15 14 12 25 21 27 23 24 22 28 26 20 32 34 36 30 33 35 31 29 37 41 43 39 40 46 38 42 44 45 49 47 51 48 53 50 54 52 55 59 60 56 61 58 57 62 63 64 67 69 73 71 70 65 68 66 72 76 74 78  1 75 81 77 79 80  5  2  3  8  9 10  6  7  4
 55 53 49 47 52 54 51 50 48 61 57 63 59 60 58 64 62 56 68 70 72 66 69 71 67 65 73 77 79 75 76  1 74 78 80 81  4  2  6  3  8  5  9  7 10 14 15 11 16 13 12 17 18 19 22 24 28 26 25 20 23 21 27 31 29 33 37 30 36 32 34 35 41 38 39 44 45 46 42 43 40
 64 62 58 56 61 63 60 59 57 70 66 72 68 69 67 73 71 65 77 79 81 75 78 80 76 74  1  5  7  3  4 10  2  6  8  9 13 11 15 12 17 14 18 16 19 23 24 20 25 22 21 26 27 28 31 33 37 35 34 29 32 30 36 40 38 42 46 39 45 41 43 44 50 47 48 53 54 55 51 52 49
 38 36 32 30 35 37 34 33 31 44 40 46 42 43 41 47 45 39 51 53 55 49 52 54 50 48 56 60 62 58 59 65 57 61 63 64 68 66 70 67 72 69 73 71 74 78 79 75 80 77 76 81  1  2  5  7 11  9  8  3  6  4 10 14 12 16 20 13 19 15 17 18 24 21 22 27 28 29 25 26 23
 74 72 68 66 71 73 70 69 67 80 76  1 78 79 77  2 81 75  6  8 10  4  7  9  5  3 11 15 17 13 14 20 12 16 18 19 23 21 25 22 27 24 28 26 29 33 34 30 35 32 31 36 37 38 41 43 47 45 44 39 42 40 46 50 48 52 56 49 55 51 53 54 60 57 58 63 64 65 61 62 59
 29 27 23 21 26 28 25 24 22 35 31 37 33 34 32 38 36 30 42 44 46 40 43 45 41 39 47 51 53 49 50 56 48 52 54 55 59 57 61 58 63 60 64 62 65 69 70 66 71 68 67 72 73 74 77 79  2 81 80 75 78 76  1  5  3  7 11  4 10  6  8  9 15 12 13 18 19 20 16 17 14
 65 63 59 57 62 64 61 60 58 71 67 73 69 70 68 74 72 66 78 80  1 76 79 81 77 75  2  6  8  4  5 11  3  7  9 10 14 12 16 13 18 15 19 17 20 24 25 21 26 23 22 27 28 29 32 34 38 36 35 30 33 31 37 41 39 43 47 40 46 42 44 45 51 48 49 54 55 56 52 53 50
 56 54 50 48 53 55 52 51 49 62 58 64 60 61 59 65 63 57 69 71 73 67 70 72 68 66 74 78 80 76 77  2 75 79 81  1  5  3  7  4  9  6 10  8 11 15 16 12 17 14 13 18 19 20 23 25 29 27 26 21 24 22 28 32 30 34 38 31 37 33 35 36 42 39 40 45 46 47 43 44 41
 11  9  5  3  8 10  7  6  4 17 13 19 15 16 14 20 18 12 24 26 28 22 25 27 23 21 29 33 35 31 32 38 30 34 36 37 41 39 43 40 45 42 46 44 47 51 52 48 53 50 49 54 55 56 59 61 65 63 62 57 60 58 64 68 66 70 74 67 73 69 71 72 78 75 76 81  1  2 79 80 77
  2 81 77 75 80  1 79 78 76  8  4 10  6  7  5 11  9  3 15 17 19 13 16 18 14 12 20 24 26 22 23 29 21 25 27 28 32 30 34 31 36 33 37 35 38 42 43 39 44 41 40 45 46 47 50 52 56 54 53 48 51 49 55 59 57 61 65 58 64 60 62 63 69 66 67 72 73 74 70 71 68
 20 18 14 12 17 19 16 15 13 26 22 28 24 25 23 29 27 21 33 35 37 31 34 36 32 30 38 42 44 40 41 47 39 43 45 46 50 48 52 49 54 51 55 53 56 60 61 57 62 59 58 63 64 65 68 70 74 72 71 66 69 67 73 77 75 79  2 76  1 78 80 81  6  3  4  9 10 11  7  8  5
 47 45 41 39 44 46 43 42 40 53 49 55 51 52 50 56 54 48 60 62 64 58 61 63 59 57 65 69 71 67 68 74 66 70 72 73 77 75 79 76 81 78  1 80  2  6  7  3  8  5  4  9 10 11 14 16 20 18 17 12 15 13 19 23 21 25 29 22 28 24 26 27 33 30 31 36 37 38 34 35 32
 21 19 15 13 18 20 17 16 14 27 23 29 25 26 24 30 28 22 34 36 38 32 35 37 33 31 39 43 45 41 42 48 40 44 46 47 51 49 53 50 55 52 56 54 57 61 62 58 63 60 59 64 65 66 69 71 75 73 72 67 70 68 74 78 76 80  3 77  2 79 81  1  7  4  5 10 11 12  8  9  6
 12 10  6  4  9 11  8  7  5 18 14 20 16 17 15 21 19 13 25 27 29 23 26 28 24 22 30 34 36 32 33 39 31 35 37 38 42 40 44 41 46 43 47 45 48 52 53 49 54 51 50 55 56 57 60 62 66 64 63 58 61 59 65 69 67 71 75 68 74 70 72 73 79 76 77  1  2  3 80 81 78
 75 73 69 67 72 74 71 70 68 81 77  2 79 80 78  3  1 76  7  9 11  5  8 10  6  4 12 16 18 14 15 21 13 17 19 20 24 22 26 23 28 25 29 27 30 34 35 31 36 33 32 37 38 39 42 44 48 46 45 40 43 41 47 51 49 53 57 50 56 52 54 55 61 58 59 64 65 66 62 63 60
 57 55 51 49 54 56 53 52 50 63 59 65 61 62 60 66 64 58 70 72 74 68 71 73 69 67 75 79 81 77 78  3 76 80  1  2  6  4  8  5 10  7 11  9 12 16 17 13 18 15 14 19 20 21 24 26 30 28 27 22 25 23 29 33 31 35 39 32 38 34 36 37 43 40 41 46 47 48 44 45 42
 66 64 60 58 63 65 62 61 59 72 68 74 70 71 69 75 73 67 79 81  2 77 80  1 78 76  3  7  9  5  6 12  4  8 10 11 15 13 17 14 19 16 20 18 21 25 26 22 27 24 23 28 29 30 33 35 39 37 36 31 34 32 38 42 40 44 48 41 47 43 45 46 52 49 50 55 56 57 53 54 51
 39 37 33 31 36 38 35 34 32 45 41 47 43 44 42 48 46 40 52 54 56 50 53 55 51 49 57 61 63 59 60 66 58 62 64 65 69 67 71 68 73 70 74 72 75 79 80 76 81 78 77  1  2  3  6  8 12 10  9  4  7  5 11 15 13 17 21 14 20 16 18 19 25 22 23 28 29 30 26 27 24
  3  1 78 76 81  2 80 79 77  9  5 11  7  8  6 12 10  4 16 18 20 14 17 19 15 13 21 25 27 23 24 30 22 26 28 29 33 31 35 32 37 34 38 36 39 43 44 40 45 42 41 46 47 48 51 53 57 55 54 49 52 50 56 60 58 62 66 59 65 61 63 64 70 67 68 73 74 75 71 72 69
 30 28 24 22 27 29 26 25 23 36 32 38 34 35 33 39 37 31 43 45 47 41 44 46 42 40 48 52 54 50 51 57 49 53 55 56 60 58 62 59 64 61 65 63 66 70 71 67 72 69 68 73 74 75 78 80  3  1 81 76 79 77  2  6  4  8 12  5 11  7  9 10 16 13 14 19 20 21 17 18 15
 48 46 42 40 45 47 44 43 41 54 50 56 52 53 51 57 55 49 61 63 65 59 62 64 60 58 66 70 72 68 69 75 67 71 73 74 78 76 80 77  1 79  2 81  3  7  8  4  9  6  5 10 11 12 15 17 21 19 18 13 16 14 20 24 22 26 30 23 29 25 27 28 34 31 32 37 38 39 35 36 33
  4  2 79 77  1  3 81 80 78 10  6 12  8  9  7 13 11  5 17 19 21 15 18 20 16 14 22 26 28 24 25 31 23 27 29 30 34 32 36 33 38 35 39 37 40 44 45 41 46 43 42 47 48 49 52 54 58 56 55 50 53 51 57 61 59 63 67 60 66 62 64 65 71 68 69 74 75 76 72 73 70
 22 20 16 14 19 21 18 17 15 28 24 30 26 27 25 31 29 23 35 37 39 33 36 38 34 32 40 44 46 42 43 49 41 45 47 48 52 50 54 51 56 53 57 55 58 62 63 59 64 61 60 65 66 67 70 72 76 74 73 68 71 69 75 79 77 81  4 78  3 80  1  2  8  5  6 11 12 13  9 10  7
 40 38 34 32 37 39 36 35 33 46 42 48 44 45 43 49 47 41 53 55 57 51 54 56 52 50 58 62 64 60 61 67 59 63 65 66 70 68 72 69 74 71 75 73 76 80 81 77  1 79 78  2  3  4  7  9 13 11 10  5  8  6 12 16 14 18 22 15 21 17 19 20 26 23 24 29 30 31 27 28 25
 76 74 70 68 73 75 72 71 69  1 78  3 80 81 79  4  2 77  8 10 12  6  9 11  7  5 13 17 19 15 16 22 14 18 20 21 25 23 27 24 29 26 30 28 31 35 36 32 37 34 33 38 39 40 43 45 49 47 46 41 44 42 48 52 50 54 58 51 57 53 55 56 62 59 60 65 66 67 63 64 61
 13 11  7  5 10 12  9  8  6 19 15 21 17 18 16 22 20 14 26 28 30 24 27 29 25 23 31 35 37 33 34 40 32 36 38 39 43 41 45 42 47 44 48 46 49 53 54 50 55 52 51 56 57 58 61 63 67 65 64 59 62 60 66 70 68 72 76 69 75 71 73 74 80 77 78  2  3  4 81  1 79
 58 56 52 50 55 57 54 53 51 64 60 66 62 63 61 67 65 59 71 73 75 69 72 74 70 68 76 80  1 78 79  4 77 81  2  3  7  5  9  6 11  8 12 10 13 17 18 14 19 16 15 20 21 22 25 27 31 29 28 23 26 24 30 34 32 36 40 33 39 35 37 38 44 41 42 47 48 49 45 46 43
 49 47 43 41 46 48 45 44 42 55 51 57 53 54 52 58 56 50 62 64 66 60 63 65 61 59 67 71 73 69 70 76 68 72 74 75 79 77 81 78  2 80  3  1  4  8  9  5 10  7  6 11 12 13 16 18 22 20 19 14 17 15 21 25 23 27 31 24 30 26 28 29 35 32 33 38 39 40 36 37 34
 31 29 25 23 28 30 27 26 24 37 33 39 35 36 34 40 38 32 44 46 48 42 45 47 43 41 49 53 55 51 52 58 50 54 56 57 61 59 63 60 65 62 66 64 67 71 72 68 73 70 69 74 75 76 79 81  4  2  1 77 80 78  3  7  5  9 13  6 12  8 10 11 17 14 15 20 21 22 18 19 16
 67 65 61 59 64 66 63 62 60 73 69 75 71 72 70 76 74 68 80  1  3 78 81  2 79 77  4  8 10  6  7 13  5  9 11 12 16 14 18 15 20 17 21 19 22 26 27 23 28 25 24 29 30 31 34 36 40 38 37 32 35 33 39 43 41 45 49 42 48 44 46 47 53 50 51 56 57 58 54 55 52
 32 30 26 24 29 31 28 27 25 38 34 40 36 37 35 41 39 33 45 47 49 43 46 48 44 42 50 54 56 52 53 59 51 55 57 58 62 60 64 61 66 63 67 65 68 72 73 69 74 71 70 75 76 77 80  1  5  3  2 78 81 79  4  8  6 10 14  7 13  9 11 12 18 15 16 21 22 23 19 20 17
 23 21 17 15 20 22 19 18 16 29 25 31 27 28 26 32 30 24 36 38 40 34 37 39 35 33 41 45 47 43 44 50 42 46 48 49 53 51 55 52 57 54 58 56 59 63 64 60 65 62 61 66 67 68 71 73 77 75 74 69 72 70 76 80 78  1  5 79  4 81  2  3  9  6  7 12 13 14 10 11  8
 59 57 53 51 56 58 55 54 52 65 61 67 63 64 62 68 66 60 72 74 76 70 73 75 71 69 77 81  2 79 80  5 78  1  3  4  8  6 10  7 12  9 13 11 14 18 19 15 20 17 16 21 22 23 26 28 32 30 29 24 27 25 31 35 33 37 41 34 40 36 38 39 45 42 43 48 49 50 46 47 44
 50 48 44 42 47 49 46 45 43 56 52 58 54 55 53 59 57 51 63 65 67 61 64 66 62 60 68 72 74 70 71 77 69 73 75 76 80 78  1 79  3 81  4  2  5  9 10  6 11  8  7 12 13 14 17 19 23 21 20 15 18 16 22 26 24 28 32 25 31 27 29 30 36 33 34 39 40 41 37 38 35
 14 12  8  6 11 13 10  9  7 20 16 22 18 19 17 23 21 15 27 29 31 25 28 30 26 24 32 36 38 34 35 41 33 37 39 40 44 42 46 43 48 45 49 47 50 54 55 51 56 53 52 57 58 59 62 64 68 66 65 60 63 61 67 71 69 73 77 70 76 72 74 75 81 78 79  3  4  5  1  2 80
 41 39 35 33 38 40 37 36 34 47 43 49 45 46 44 50 48 42 54 56 58 52 55 57 53 51 59 63 65 61 62 68 60 64 66 67 71 69 73 70 75 72 76 74 77 81  1 78  2 80 79  3  4  5  8 10 14 12 11  6  9  7 13 17 15 19 23 16 22 18 20 21 27 24 25 30 31 32 28 29 26
 68 66 62 60 65 67 64 63 61 74 70 76 72 73 71 77 75 69 81  2  4 79  1  3 80 78  5  9 11  7  8 14  6 10 12 13 17 15 19 16 21 18 22 20 23 27 28 24 29 26 25 30 31 32 35 37 41 39 38 33 36 34 40 44 42 46 50 43 49 45 47 48 54 51 52 57 58 59 55 56 53
 77 75 71 69 74 76 73 72 70  2 79  4 81  1 80  5  3 78  9 11 13  7 10 12  8  6 14 18 20 16 17 23 15 19 21 22 26 24 28 25 30 27 31 29 32 36 37 33 38 35 34 39 40 41 44 46 50 48 47 42 45 43 49 53 51 55 59 52 58 54 56 57 63 60 61 66 67 68 64 65 62
  5  3 80 78  2  4  1 81 79 11  7 13  9 10  8 14 12  6 18 20 22 16 19 21 17 15 23 27 29 25 26 32 24 28 30 31 35 33 37 34 39 36 40 38 41 45 46 42 47 44 43 48 49 50 53 55 59 57 56 51 54 52 58 62 60 64 68 61 67 63 65 66 72 69 70 75 76 77 73 74 71
 69 67 63 61 66 68 65 64 62 75 71 77 73 74 72 78 76 70  1  3  5 80  2  4 81 79  6 10 12  8  9 15  7 11 13 14 18 16 20 17 22 19 23 21 24 28 29 25 30 27 26 31 32 33 36 38 42 40 39 34 37 35 41 45 43 47 51 44 50 46 48 49 55 52 53 58 59 60 56 57 54
 78 76 72 70 75 77 74 73 71  3 80  5  1  2 81  6  4 79 10 12 14  8 11 13  9  7 15 19 21 17 18 24 16 20 22 23 27 25 29 26 31 28 32 30 33 37 38 34 39 36 35 40 41 42 45 47 51 49 48 43 46 44 50 54 52 56 60 53 59 55 57 58 64 61 62 67 68 69 65 66 63
 15 13  9  7 12 14 11 10  8 21 17 23 19 20 18 24 22 16 28 30 32 26 29 31 27 25 33 37 39 35 36 42 34 38 40 41 45 43 47 44 49 46 50 48 51 55 56 52 57 54 53 58 59 60 63 65 69 67 66 61 64 62 68 72 70 74 78 71 77 73 75 76  1 79 80  4  5  6  2  3 81
 33 31 27 25 30 32 29 28 26 39 35 41 37 38 36 42 40 34 46 48 50 44 47 49 45 43 51 55 57 53 54 60 52 56 58 59 63 61 65 62 67 64 68 66 69 73 74 70 75 72 71 76 77 78 81  2  6  4  3 79  1 80  5  9  7 11 15  8 14 10 12 13 19 16 17 22 23 24 20 21 18
  6  4 81 79  3  5  2  1 80 12  8 14 10 11  9 15 13  7 19 21 23 17 20 22 18 16 24 28 30 26 27 33 25 29 31 32 36 34 38 35 40 37 41 39 42 46 47 43 48 45 44 49 50 51 54 56 60 58 57 52 55 53 59 63 61 65 69 62 68 64 66 67 73 70 71 76 77 78 74 75 72
 24 22 18 16 21 23 20 19 17 30 26 32 28 29 27 33 31 25 37 39 41 35 38 40 36 34 42 46 48 44 45 51 43 47 49 50 54 52 56 53 58 55 59 57 60 64 65 61 66 63 62 67 68 69 72 74 78 76 75 70 73 71 77 81 79  2  6 80  5  1  3  4 10  7  8 13 14 15 11 12  9
 60 58 54 52 57 59 56 55 53 66 62 68 64 65 63 69 67 61 73 75 77 71 74 76 72 70 78  1  3 80 81  6 79  2  4  5  9  7 11  8 13 10 14 12 15 19 20 16 21 18 17 22 23 24 27 29 33 31 30 25 28 26 32 36 34 38 42 35 41 37 39 40 46 43 44 49 50 51 47 48 45
 51 49 45 43 48 50 47 46 44 57 53 59 55 56 54 60 58 52 64 66 68 62 65 67 63 61 69 73 75 71 72 78 70 74 76 77 81 79  2 80  4  1  5  3  6 10 11  7 12  9  8 13 14 15 18 20 24 22 21 16 19 17 23 27 25 29 33 26 32 28 30 31 37 34 35 40 41 42 38 39 36
 42 40 36 34 39 41 38 37 35 48 44 50 46 47 45 51 49 43 55 57 59 53 56 58 54 52 60 64 66 62 63 69 61 65 67 68 72 70 74 71 76 73 77 75 78  1  2 79  3 81 80  4  5  6  9 11 15 13 12  7 10  8 14 18 16 20 24 17 23 19 21 22 28 25 26 31 32 33 29 30 27
 79 77 73 71 76 78 75 74 72  4 81  6  2  3  1  7  5 80 11 13 15  9 12 14 10  8 16 20 22 18 19 25 17 21 23 24 28 26 30 27 32 29 33 31 34 38 39 35 40 37 36 41 42 43 46 48 52 50 49 44 47 45 51 55 53 57 61 54 60 56 58 59 65 62 63 68 69 70 66 67 64
 25 23 19 17 22 24 21 20 18 31 27 33 29 30 28 34 32 26 38 40 42 36 39 41 37 35 43 47 49 45 46 52 44 48 50 51 55 53 57 54 59 56 60 58 61 65 66 62 67 64 63 68 69 70 73 75 79 77 76 71 74 72 78  1 80  3  7 81  6  2  4  5 11  8  9 14 15 16 12 13 10
 43 41 37 35 40 42 39 38 36 49 45 51 47 48 46 52 50 44 56 58 60 54 57 59 55 53 61 65 67 63 64 70 62 66 68 69 73 71 75 72 77 74 78 76 79  2  3 80  4  1 81  5  6  7 10 12 16 14 13  8 11  9 15 19 17 21 25 18 24 20 22 23 29 26 27 32 33 34 30 31 28
 16 14 10  8 13 15 12 11  9 22 18 24 20 21 19 25 23 17 29 31 33 27 30 32 28 26 34 38 40 36 37 43 35 39 41 42 46 44 48 45 50 47 51 49 52 56 57 53 58 55 54 59 60 61 64 66 70 68 67 62 65 63 69 73 71 75 79 72 78 74 76 77  2 80 81  5  6  7  3  4  1
 70 68 64 62 67 69 66 65 63 76 72 78 74 75 73 79 77 71  2  4  6 81  3  5  1 80  7 11 13  9 10 16  8 12 14 15 19 17 21 18 23 20 24 22 25 29 30 26 31 28 27 32 33 34 37 39 43 41 40 35 38 36 42 46 44 48 52 45 51 47 49 50 56 53 54 59 60 61 57 58 55
 34 32 28 26 31 33 30 29 27 40 36 42 38 39 37 43 41 35 47 49 51 45 48 50 46 44 52 56 58 54 55 61 53 57 59 60 64 62 66 63 68 65 69 67 70 74 75 71 76 73 72 77 78 79  1  3  7  5  4 80  2 81  6 10  8 12 16  9 15 11 13 14 20 17 18 23 24 25 21 22 19
 52 50 46 44 49 51 48 47 45 58 54 60 56 57 55 61 59 53 65 67 69 63 66 68 64 62 70 74 76 72 73 79 71 75 77 78  1 80  3 81  5  2  6  4  7 11 12  8 13 10  9 14 15 16 19 21 25 23 22 17 20 18 24 28 26 30 34 27 33 29 31 32 38 35 36 41 42 43 39 40 37
  7  5  1 80  4  6  3  2 81 13  9 15 11 12 10 16 14  8 20 22 24 18 21 23 19 17 25 29 31 27 28 34 26 30 32 33 37 35 39 36 41 38 42 40 43 47 48 44 49 46 45 50 51 52 55 57 61 59 58 53 56 54 60 64 62 66 70 63 69 65 67 68 74 71 72 77 78 79 75 76 73
 61 59 55 53 58 60 57 56 54 67 63 69 65 66 64 70 68 62 74 76 78 72 75 77 73 71 79  2  4 81  1  7 80  3  5  6 10  8 12  9 14 11 15 13 16 20 21 17 22 19 18 23 24 25 28 30 34 32 31 26 29 27 33 37 35 39 43 36 42 38 40 41 47 44 45 50 51 52 48 49 46
 17 15 11  9 14 16 13 12 10 23 19 25 21 22 20 26 24 18 30 32 34 28 31 33 29 27 35 39 41 37 38 44 36 40 42 43 47 45 49 46 51 48 52 50 53 57 58 54 59 56 55 60 61 62 65 67 71 69 68 63 66 64 70 74 72 76 80 73 79 75 77 78  3 81  1  6  7  8  4  5  2
 53 51 47 45 50 52 49 48 46 59 55 61 57 58 56 62 60 54 66 68 70 64 67 69 65 63 71 75 77 73 74 80 72 76 78 79  2 81  4  1  6  3  7  5  8 12 13  9 14 11 10 15 16 17 20 22 26 24 23 18 21 19 25 29 27 31 35 28 34 30 32 33 39 36 37 42 43 44 40 41 38
  8  6  2 81  5  7  4  3  1 14 10 16 12 13 11 17 15  9 21 23 25 19 22 24 20 18 26 30 32 28 29 35 27 31 33 34 38 36 40 37 42 39 43 41 44 48 49 45 50 47 46 51 52 53 56 58 62 60 59 54 57 55 61 65 63 67 71 64 70 66 68 69 75 72 73 78 79 80 76 77 74
 44 42 38 36 41 43 40 39 37 50 46 52 48 49 47 53 51 45 57 59 61 55 58 60 56 54 62 66 68 64 65 71 63 67 69 70 74 72 76 73 78 75 79 77 80  3  4 81  5  2  1  6  7  8 11 13 17 15 14  9 12 10 16 20 18 22 26 19 25 21 23 24 30 27 28 33 34 35 31 32 29
 80 78 74 72 77 79 76 75 73  5  1  7  3  4  2  8  6 81 12 14 16 10 13 15 11  9 17 21 23 19 20 26 18 22 24 25 29 27 31 28 33 30 34 32 35 39 40 36 41 38 37 42 43 44 47 49 53 51 50 45 48 46 52 56 54 58 62 55 61 57 59 60 66 63 64 69 70 71 67 68 65
 71 69 65 63 68 70 67 66 64 77 73 79 75 76 74 80 78 72  3  5  7  1  4  6  2 81  8 12 14 10 11 17  9 13 15 16 20 18 22 19 24 21 25 23 26 30 31 27 32 29 28 33 34 35 38 40 44 42 41 36 39 37 43 47 45 49 53 46 52 48 50 51 57 54 55 60 61 62 58 59 56
 35 33 29 27 32 34 31 30 28 41 37 43 39 40 38 44 42 36 48 50 52 46 49 51 47 45 53 57 59 55 56 62 54 58 60 61 65 63 67 64 69 66 70 68 71 75 76 72 77 74 73 78 79 80  2  4  8  6  5 81  3  1  7 11  9 13 17 10 16 12 14 15 21 18 19 24 25 26 22 23 20
 62 60 56 54 59 61 58 57 55 68 64 70 66 67 65 71 69 63 75 77 79 73 76 78 74 72 80  3  5  1  2  8 81  4  6  7 11  9 13 10 15 12 16 14 17 21 22 18 23 20 19 24 25 26 29 31 35 33 32 27 30 28 34 38 36 40 44 37 43 39 41 42 48 45 46 51 52 53 49 50 47
 26 24 20 18 23 25 22 21 19 32 28 34 30 31 29 35 33 27 39 41 43 37 40 42 38 36 44 48 50 46 47 53 45 49 51 52 56 54 58 55 60 57 61 59 62 66 67 63 68 65 64 69 70 71 74 76 80 78 77 72 75 73 79  2 81  4  8  1  7  3  5  6 12  9 10 15 16 17 13 14 11
