 31 34 33 28 29 30 36 35 32 37 44 45 42 41 39 43 40 38 51 48 52 46 54 50 53 47 49 62 58 59 60 55 56 63 61 57 71 68 64 65 67 66 70 72 69 75 77 81 76 73 79 74 78 80  1  5  6  4  2  3  9  7  8 15 10 17 16 12 14 11 13 18 24 22 25 21 23 19 26 27 20
 22 25 24 19 20 21 27 26 23 28 35 36 33 32 30 34 31 29 42 39 43 37 45 41 44 38 40 53 49 50 51 46 47 54 52 48 62 59 55 56 58 57 61 63 60 66 68 72 67 64 70 65 69 71 73 77 78 76 74 75 81 79 80  6  1  8  7  3  5  2  4  9 15 13 16 12 14 10 17 18 11
  4  7  6  1  2  3  9  8  5 10 17 18 15 14 12 16 13 11 24 21 25 19 27 23 26 20 22 35 31 32 33 28 29 36 34 30 44 41 37 38 40 39 43 45 42 48 50 54 49 46 52 47 51 53 55 59 60 58 56 57 63 61 62 69 64 71 70 66 68 65 67 72 78 76 79 75 77 73 80 81 74
 40 43 42 37 38 39 45 44 41 46 53 54 51 50 48 52 49 47 60 57 61 55 63 59 62 56 58 71 67 68 69 64 65 72 70 66 80 77 73 74 76 75 79 81 78  3  5  9  4  1  7  2  6  8 10 14 15 13 11 12 18 16 17 24 19 26 25 21 23 20 22 27 33 31 34 30 32 28 35 36 29
 49 52 51 46 47 48 54 53 50 55 62 63 60 59 57 61 58 56 69 66 70 64 72 68 71 65 67 80 76 77 78 73 74 81 79 75  8  5  1  2  4  3  7  9  6 12 14 18 13 10 16 11 15 17 19 23 24 22 20 21 27 25 26 33 28 35 34 30 32 29 31 36 42 40 43 39 41 37 44 45 38
 76 79 78 73 74 75 81 80 77  1  8  9  6  5  3  7  4  2 15 12 16 10 18 14 17 11 13 26 22 23 24 19 20 27 25 21 35 32 28 29 31 30 34 36 33 39 41 45 40 37 43 38 42 44 46 50 51 49 47 48 54 52 53 60 55 62 61 57 59 56 58 63 69 67 70 66 68 64 71 72 65
 58 61 60 55 56 57 63 62 59 64 71 72 69 68 66 70 67 65 78 75 79 73 81 77 80 74 76  8  4  5  6  1  2  9  7  3 17 14 10 11 13 12 16 18 15 21 23 27 22 19 25 20 24 26 28 32 33 31 29 30 36 34 35 42 37 44 43 39 41 38 40 45 51 49 52 48 50 46 53 54 47
 13 16 15 10 11 12 18 17 14 19 26 27 24 23 21 25 22 20 33 30 34 28 36 32 35 29 31 44 40 41 42 37 38 45 43 39 53 50 46 47 49 48 52 54 51 57 59 63 58 55 61 56 60 62 64 68 69 67 65 66 72 70 71 78 73 80 79 75 77 74 76 81  6  4  7  3  5  1  8  9  2
 67 70 69 64 65 66 72 71 68 73 80 81 78 77 75 79 76 74  6  3  7  1  9  5  8  2  4 17 13 14 15 10 11 18 16 12 26 23 19 20 22 21 25 27 24 30 32 36 31 28 34 29 33 35 37 41 42 40 38 39 45 43 44 51 46 53 52 48 50 47 49 54 60 58 61 57 59 55 62 63 56
 14 17 16 11 12 13 19 18 15 20 27 28 25 24 22 26 23 21 34 31 35 29 37 33 36 30 32 45 41 42 43 38 39 46 44 40 54 51 47 48 50 49 53 55 52 58 60 64 59 56 62 57 61 63 65 69 70 68 66 67 73 71 72 79 74 81 80 76 78 75 77  1  7  5  8  4  6  2  9 10  3
 77 80 79 74 75 76  1 81 78  2  9 10  7  6  4  8  5  3 16 13 17 11 19 15 18 12 14 27 23 24 25 20 21 28 26 22 36 33 29 30 32 31 35 37 34 40 42 46 41 38 44 39 43 45 47 51 52 50 48 49 55 53 54 61 56 63 62 58 60 57 59 64 70 68 71 67 69 65 72 73 66
 23 26 25 20 21 22 28 27 24 29 36 37 34 33 31 35 32 30 43 40 44 38 46 42 45 39 41 54 50 51 52 47 48 55 53 49 63 60 56 57 59 58 62 64 61 67 69 73 68 65 71 66 70 72 74 78 79 77 75 76  1 80 81  7  2  9  8  4  6  3  5 10 16 14 17 13 15 11 18 19 12
 32 35 34 29 30 31 37 36 33 38 45 46 43 42 40 44 41 39 52 49 53 47 55 51 54 48 50 63 59 60 61 56 57 64 62 58 72 69 65 66 68 67 71 73 70 76 78  1 77 74 80 75 79 81  2  6  7  5  3  4 10  8  9 16 11 18 17 13 15 12 14 19 25 23 26 22 24 20 27 28 21
 41 44 43 38 39 40 46 45 42 47 54 55 52 51 49 53 50 48 61 58 62 56 64 60 63 57 59 72 68 69 70 65 66 73 71 67 81 78 74 75 77 76 80  1 79  4  6 10  5  2  8  3  7  9 11 15 16 14 12 13 19 17 18 25 20 27 26 22 24 21 23 28 34 32 35 31 33 29 36 37 30
  5  8  7  2  3  4 10  9  6 11 18 19 16 15 13 17 14 12 25 22 26 20 28 24 27 21 23 36 32 33 34 29 30 37 35 31 45 42 38 39 41 40 44 46 43 49 51 55 50 47 53 48 52 54 56 60 61 59 57 58 64 62 63 70 65 72 71 67 69 66 68 73 79 77 80 76 78 74 81  1 75
 50 53 52 47 48 49 55 54 51 56 63 64 61 60 58 62 59 57 70 67 71 65 73 69 72 66 68 81 77 78 79 74 75  1 80 76  9  6  2  3  5  4  8 10  7 13 15 19 14 11 17 12 16 18 20 24 25 23 21 22 28 26 27 34 29 36 35 31 33 30 32 37 43 41 44 40 42 38 45 46 39
 59 62 61 56 57 58 64 63 60 65 72 73 70 69 67 71 68 66 79 76 80 74  1 78 81 75 77  9  5  6  7  2  3 10  8  4 18 15 11 12 14 13 17 19 16 22 24 28 23 20 26 21 25 27 29 33 34 32 30 31 37 35 36 43 38 45 44 40 42 39 41 46 52 50 53 49 51 47 54 55 48
 68 71 70 65 66 67 73 72 69 74 81  1 79 78 76 80 77 75  7  4  8  2 10  6  9  3  5 18 14 15 16 11 12 19 17 13 27 24 20 21 23 22 26 28 25 31 33 37 32 29 35 30 34 36 38 42 43 41 39 40 46 44 45 52 47 54 53 49 51 48 50 55 61 59 62 58 60 56 63 64 57
 60 63 62 57 58 59 65 64 61 66 73 74 71 70 68 72 69 67 80 77 81 75  2 79  1 76 78 10  6  7  8  3  4 11  9  5 19 16 12 13 15 14 18 20 17 23 25 29 24 21 27 22 26 28 30 34 35 33 31 32 38 36 37 44 39 46 45 41 43 40 42 47 53 51 54 50 52 48 55 56 49
 69 72 71 66 67 68 74 73 70 75  1  2 80 79 77 81 78 76  8  5  9  3 11  7 10  4  6 19 15 16 17 12 13 20 18 14 28 25 21 22 24 23 27 29 26 32 34 38 33 30 36 31 35 37 39 43 44 42 40 41 47 45 46 53 48 55 54 50 52 49 51 56 62 60 63 59 61 57 64 65 58
 42 45 44 39 40 41 47 46 43 48 55 56 53 52 50 54 51 49 62 59 63 57 65 61 64 58 60 73 69 70 71 66 67 74 72 68  1 79 75 76 78 77 81  2 80  5  7 11  6  3  9  4  8 10 12 16 17 15 13 14 20 18 19 26 21 28 27 23 25 22 24 29 35 33 36 32 34 30 37 38 31
 15 18 17 12 13 14 20 19 16 21 28 29 26 25 23 27 24 22 35 32 36 30 38 34 37 31 33 46 42 43 44 39 40 47 45 41 55 52 48 49 51 50 54 56 53 59 61 65 60 57 63 58 62 64 66 70 71 69 67 68 74 72 73 80 75  1 81 77 79 76 78  2  8  6  9  5  7  3 10 11  4
 33 36 35 30 31 32 38 37 34 39 46 47 44 43 41 45 42 40 53 50 54 48 56 52 55 49 51 64 60 61 62 57 58 65 63 59 73 70 66 67 69 68 72 74 71 77 79  2 78 75 81 76 80  1  3  7  8  6  4  5 11  9 10 17 12 19 18 14 16 13 15 20 26 24 27 23 25 21 28 29 22
 78 81 80 75 76 77  2  1 79  3 10 11  8  7  5  9  6  4 17 14 18 12 20 16 19 13 15 28 24 25 26 21 22 29 27 23 37 34 30 31 33 32 36 38 35 41 43 47 42 39 45 40 44 46 48 52 53 51 49 50 56 54 55 62 57 64 63 59 61 58 60 65 71 69 72 68 70 66 73 74 67
 24 27 26 21 22 23 29 28 25 30 37 38 35 34 32 36 33 31 44 41 45 39 47 43 46 40 42 55 51 52 53 48 49 56 54 50 64 61 57 58 60 59 63 65 62 68 70 74 69 66 72 67 71 73 75 79 80 78 76 77  2 81  1  8  3 10  9  5  7  4  6 11 17 15 18 14 16 12 19 20 13
  6  9  8  3  4  5 11 10  7 12 19 20 17 16 14 18 15 13 26 23 27 21 29 25 28 22 24 37 33 34 35 30 31 38 36 32 46 43 39 40 42 41 45 47 44 50 52 56 51 48 54 49 53 55 57 61 62 60 58 59 65 63 64 71 66 73 72 68 70 67 69 74 80 78 81 77 79 75  1  2 76
 51 54 53 48 49 50 56 55 52 57 64 65 62 61 59 63 60 58 71 68 72 66 74 70 73 67 69  1 78 79 80 75 76  2 81 77 10  7  3  4  6  5  9 11  8 14 16 20 15 12 18 13 17 19 21 25 26 24 22 23 29 27 28 35 30 37 36 32 34 31 33 38 44 42 45 41 43 39 46 47 40
 34 37 36 31 32 33 39 38 35 40 47 48 45 44 42 46 43 41 54 51 55 49 57 53 56 50 52 65 61 62 63 58 59 66 64 60 74 71 67 68 70 69 73 75 72 78 80  3 79 76  1 77 81  2  4  8  9  7  5  6 12 10 11 18 13 20 19 15 17 14 16 21 27 25 28 24 26 22 29 30 23
 16 19 18 13 14 15 21 20 17 22 29 30 27 26 24 28 25 23 36 33 37 31 39 35 38 32 34 47 43 44 45 40 41 48 46 42 56 53 49 50 52 51 55 57 54 60 62 66 61 58 64 59 63 65 67 71 72 70 68 69 75 73 74 81 76  2  1 78 80 77 79  3  9  7 10  6  8  4 11 12  5
 43 46 45 40 41 42 48 47 44 49 56 57 54 53 51 55 52 50 63 60 64 58 66 62 65 59 61 74 70 71 72 67 68 75 73 69  2 80 76 77 79 78  1  3 81  6  8 12  7  4 10  5  9 11 13 17 18 16 14 15 21 19 20 27 22 29 28 24 26 23 25 30 36 34 37 33 35 31 38 39 32
  7 10  9  4  5  6 12 11  8 13 20 21 18 17 15 19 16 14 27 24 28 22 30 26 29 23 25 38 34 35 36 31 32 39 37 33 47 44 40 41 43 42 46 48 45 51 53 57 52 49 55 50 54 56 58 62 63 61 59 60 66 64 65 72 67 74 73 69 71 68 70 75 81 79  1 78 80 76  2  3 77
 70 73 72 67 68 69 75 74 71 76  2  3 81 80 78  1 79 77  9  6 10  4 12  8 11  5  7 20 16 17 18 13 14 21 19 15 29 26 22 23 25 24 28 30 27 33 35 39 34 31 37 32 36 38 40 44 45 43 41 42 48 46 47 54 49 56 55 51 53 50 52 57 63 61 64 60 62 58 65 66 59
 79  1 81 76 77 78  3  2 80  4 11 12  9  8  6 10  7  5 18 15 19 13 21 17 20 14 16 29 25 26 27 22 23 30 28 24 38 35 31 32 34 33 37 39 36 42 44 48 43 40 46 41 45 47 49 53 54 52 50 51 57 55 56 63 58 65 64 60 62 59 61 66 72 70 73 69 71 67 74 75 68
 52 55 54 49 50 51 57 56 53 58 65 66 63 62 60 64 61 59 72 69 73 67 75 71 74 68 70  2 79 80 81 76 77  3  1 78 11  8  4  5  7  6 10 12  9 15 17 21 16 13 19 14 18 20 22 26 27 25 23 24 30 28 29 36 31 38 37 33 35 32 34 39 45 43 46 42 44 40 47 48 41
 25 28 27 22 23 24 30 29 26 31 38 39 36 35 33 37 34 32 45 42 46 40 48 44 47 41 43 56 52 53 54 49 50 57 55 51 65 62 58 59 61 60 64 66 63 69 71 75 70 67 73 68 72 74 76 80 81 79 77 78  3  1  2  9  4 11 10  6  8  5  7 12 18 16 19 15 17 13 20 21 14
 61 64 63 58 59 60 66 65 62 67 74 75 72 71 69 73 70 68 81 78  1 76  3 80  2 77 79 11  7  8  9  4  5 12 10  6 20 17 13 14 16 15 19 21 18 24 26 30 25 22 28 23 27 29 31 35 36 34 32 33 39 37 38 45 40 47 46 42 44 41 43 48 54 52 55 51 53 49 56 57 50
 44 47 46 41 42 43 49 48 45 50 57 58 55 54 52 56 53 51 64 61 65 59 67 63 66 60 62 75 71 72 73 68 69 76 74 70  3 81 77 78 80 79  2  4  1  7  9 13  8  5 11  6 10 12 14 18 19 17 15 16 22 20 21 28 23 30 29 25 27 24 26 31 37 35 38 34 36 32 39 40 33
 53 56 55 50 51 52 58 57 54 59 66 67 64 63 61 65 62 60 73 70 74 68 76 72 75 69 71  3 80 81  1 77 78  4  2 79 12  9  5  6  8  7 11 13 10 16 18 22 17 14 20 15 19 21 23 27 28 26 24 25 31 29 30 37 32 39 38 34 36 33 35 40 46 44 47 43 45 41 48 49 42
 17 20 19 14 15 16 22 21 18 23 30 31 28 27 25 29 26 24 37 34 38 32 40 36 39 33 35 48 44 45 46 41 42 49 47 43 57 54 50 51 53 52 56 58 55 61 63 67 62 59 65 60 64 66 68 72 73 71 69 70 76 74 75  1 77  3  2 79 81 78 80  4 10  8 11  7  9  5 12 13  6
 71 74 73 68 69 70 76 75 72 77  3  4  1 81 79  2 80 78 10  7 11  5 13  9 12  6  8 21 17 18 19 14 15 22 20 16 30 27 23 24 26 25 29 31 28 34 36 40 35 32 38 33 37 39 41 45 46 44 42 43 49 47 48 55 50 57 56 52 54 51 53 58 64 62 65 61 63 59 66 67 60
 26 29 28 23 24 25 31 30 27 32 39 40 37 36 34 38 35 33 46 43 47 41 49 45 48 42 44 57 53 54 55 50 51 58 56 52 66 63 59 60 62 61 65 67 64 70 72 76 71 68 74 69 73 75 77 81  1 80 78 79  4  2  3 10  5 12 11  7  9  6  8 13 19 17 20 16 18 14 21 22 15
 62 65 64 59 60 61 67 66 63 68 75 76 73 72 70 74 71 69  1 79  2 77  4 81  3 78 80 12  8  9 10  5  6 13 11  7 21 18 14 15 17 16 20 22 19 25 27 31 26 23 29 24 28 30 32 36 37 35 33 34 40 38 39 46 41 48 47 43 45 42 44 49 55 53 56 52 54 50 57 58 51
  8 11 10  5  6  7 13 12  9 14 21 22 19 18 16 20 17 15 28 25 29 23 31 27 30 24 26 39 35 36 37 32 33 40 38 34 48 45 41 42 44 43 47 49 46 52 54 58 53 50 56 51 55 57 59 63 64 62 60 61 67 65 66 73 68 75 74 70 72 69 71 76  1 80  2 79 81 77  3  4 78
 80  2  1 77 78 79  4  3 81  5 12 13 10  9  7 11  8  6 19 16 20 14 22 18 21 15 17 30 26 27 28 23 24 31 29 25 39 36 32 33 35 34 38 40 37 43 45 49 44 41 47 42 46 48 50 54 55 53 51 52 58 56 57 64 59 66 65 61 63 60 62 67 73 71 74 70 72 68 75 76 69
 35 38 37 32 33 34 40 39 36 41 48 49 46 45 43 47 44 42 55 52 56 50 58 54 57 51 53 66 62 63 64 59 60 67 65 61 75 72 68 69 71 70 74 76 73 79 81  4 80 77  2 78  1  3  5  9 10  8  6  7 13 11 12 19 14 21 20 16 18 15 17 22 28 26 29 25 27 23 30 31 24
  9 12 11  6  7  8 14 13 10 15 22 23 20 19 17 21 18 16 29 26 30 24 32 28 31 25 27 40 36 37 38 33 34 41 39 35 49 46 42 43 45 44 48 50 47 53 55 59 54 51 57 52 56 58 60 64 65 63 61 62 68 66 67 74 69 76 75 71 73 70 72 77  2 81  3 80  1 78  4  5 79
 27 30 29 24 25 26 32 31 28 33 40 41 38 37 35 39 36 34 47 44 48 42 50 46 49 43 45 58 54 55 56 51 52 59 57 53 67 64 60 61 63 62 66 68 65 71 73 77 72 69 75 70 74 76 78  1  2 81 79 80  5  3  4 11  6 13 12  8 10  7  9 14 20 18 21 17 19 15 22 23 16
 72 75 74 69 70 71 77 76 73 78  4  5  2  1 80  3 81 79 11  8 12  6 14 10 13  7  9 22 18 19 20 15 16 23 21 17 31 28 24 25 27 26 30 32 29 35 37 41 36 33 39 34 38 40 42 46 47 45 43 44 50 48 49 56 51 58 57 53 55 52 54 59 65 63 66 62 64 60 67 68 61
 18 21 20 15 16 17 23 22 19 24 31 32 29 28 26 30 27 25 38 35 39 33 41 37 40 34 36 49 45 46 47 42 43 50 48 44 58 55 51 52 54 53 57 59 56 62 64 68 63 60 66 61 65 67 69 73 74 72 70 71 77 75 76  2 78  4  3 80  1 79 81  5 11  9 12  8 10  6 13 14  7
 36 39 38 33 34 35 41 40 37 42 49 50 47 46 44 48 45 43 56 53 57 51 59 55 58 52 54 67 63 64 65 60 61 68 66 62 76 73 69 70 72 71 75 77 74 80  1  5 81 78  3 79  2  4  6 10 11  9  7  8 14 12 13 20 15 22 21 17 19 16 18 23 29 27 30 26 28 24 31 32 25
 81  3  2 78 79 80  5  4  1  6 13 14 11 10  8 12  9  7 20 17 21 15 23 19 22 16 18 31 27 28 29 24 25 32 30 26 40 37 33 34 36 35 39 41 38 44 46 50 45 42 48 43 47 49 51 55 56 54 52 53 59 57 58 65 60 67 66 62 64 61 63 68 74 72 75 71 73 69 76 77 70
 63 66 65 60 61 62 68 67 64 69 76 77 74 73 71 75 72 70  2 80  3 78  5  1  4 79 81 13  9 10 11  6  7 14 12  8 22 19 15 16 18 17 21 23 20 26 28 32 27 24 30 25 29 31 33 37 38 36 34 35 41 39 40 47 42 49 48 44 46 43 45 50 56 54 57 53 55 51 58 59 52
 45 48 47 42 43 44 50 49 46 51 58 59 56 55 53 57 54 52 65 62 66 60 68 64 67 61 63 76 72 73 74 69 70 77 75 71  4  1 78 79 81 80  3  5  2  8 10 14  9  6 12  7 11 13 15 19 20 18 16 17 23 21 22 29 24 31 30 26 28 25 27 32 38 36 39 35 37 33 40 41 34
 54 57 56 51 52 53 59 58 55 60 67 68 65 64 62 66 63 61 74 71 75 69 77 73 76 70 72  4 81  1  2 78 79  5  3 80 13 10  6  7  9  8 12 14 11 17 19 23 18 15 21 16 20 22 24 28 29 27 25 26 32 30 31 38 33 40 39 35 37 34 36 41 47 45 48 44 46 42 49 50 43
 37 40 39 34 35 36 42 41 38 43 50 51 48 47 45 49 46 44 57 54 58 52 60 56 59 53 55 68 64 65 66 61 62 69 67 63 77 74 70 71 73 72 76 78 75 81  2  6  1 79  4 80  3  5  7 11 12 10  8  9 15 13 14 21 16 23 22 18 20 17 19 24 30 28 31 27 29 25 32 33 26
 19 22 21 16 17 18 24 23 20 25 32 33 30 29 27 31 28 26 39 36 40 34 42 38 41 35 37 50 46 47 48 43 44 51 49 45 59 56 52 53 55 54 58 60 57 63 65 69 64 61 67 62 66 68 70 74 75 73 71 72 78 76 77  3 79  5  4 81  2 80  1  6 12 10 13  9 11  7 14 15  8
 28 31 30 25 26 27 33 32 29 34 41 42 39 38 36 40 37 35 48 45 49 43 51 47 50 44 46 59 55 56 57 52 53 60 58 54 68 65 61 62 64 63 67 69 66 72 74 78 73 70 76 71 75 77 79  2  3  1 80 81  6  4  5 12  7 14 13  9 11  8 10 15 21 19 22 18 20 16 23 24 17
 10 13 12  7  8  9 15 14 11 16 23 24 21 20 18 22 19 17 30 27 31 25 33 29 32 26 28 41 37 38 39 34 35 42 40 36 50 47 43 44 46 45 49 51 48 54 56 60 55 52 58 53 57 59 61 65 66 64 62 63 69 67 68 75 70 77 76 72 74 71 73 78  3  1  4 81  2 79  5  6 80
 46 49 48 43 44 45 51 50 47 52 59 60 57 56 54 58 55 53 66 63 67 61 69 65 68 62 64 77 73 74 75 70 71 78 76 72  5  2 79 80  1 81  4  6  3  9 11 15 10  7 13  8 12 14 16 20 21 19 17 18 24 22 23 30 25 32 31 27 29 26 28 33 39 37 40 36 38 34 41 42 35
 73 76 75 70 71 72 78 77 74 79  5  6  3  2 81  4  1 80 12  9 13  7 15 11 14  8 10 23 19 20 21 16 17 24 22 18 32 29 25 26 28 27 31 33 30 36 38 42 37 34 40 35 39 41 43 47 48 46 44 45 51 49 50 57 52 59 58 54 56 53 55 60 66 64 67 63 65 61 68 69 62
 55 58 57 52 53 54 60 59 56 61 68 69 66 65 63 67 64 62 75 72 76 70 78 74 77 71 73  5  1  2  3 79 80  6  4 81 14 11  7  8 10  9 13 15 12 18 20 24 19 16 22 17 21 23 25 29 30 28 26 27 33 31 32 39 34 41 40 36 38 35 37 42 48 46 49 45 47 43 50 51 44
 64 67 66 61 62 63 69 68 65 70 77 78 75 74 72 76 73 71  3 81  4 79  6  2  5 80  1 14 10 11 12  7  8 15 13  9 23 20 16 17 19 18 22 24 21 27 29 33 28 25 31 26 30 32 34 38 39 37 35 36 42 40 41 48 43 50 49 45 47 44 46 51 57 55 58 54 56 52 59 60 53
  1  4  3 79 80 81  6  5  2  7 14 15 12 11  9 13 10  8 21 18 22 16 24 20 23 17 19 32 28 29 30 25 26 33 31 27 41 38 34 35 37 36 40 42 39 45 47 51 46 43 49 44 48 50 52 56 57 55 53 54 60 58 59 66 61 68 67 63 65 62 64 69 75 73 76 72 74 70 77 78 71
 74 77 76 71 72 73 79 78 75 80  6  7  4  3  1  5  2 81 13 10 14  8 16 12 15  9 11 24 20 21 22 17 18 25 23 19 33 30 26 27 29 28 32 34 31 37 39 43 38 35 41 36 40 42 44 48 49 47 45 46 52 50 51 58 53 60 59 55 57 54 56 61 67 65 68 64 66 62 69 70 63
 29 32 31 26 27 28 34 33 30 35 42 43 40 39 37 41 38 36 49 46 50 44 52 48 51 45 47 60 56 57 58 53 54 61 59 55 69 66 62 63 65 64 68 70 67 73 75 79 74 71 77 72 76 78 80  3  4  2 81  1  7  5  6 13  8 15 14 10 12  9 11 16 22 20 23 19 21 17 24 25 18
  2  5  4 80 81  1  7  6  3  8 15 16 13 12 10 14 11  9 22 19 23 17 25 21 24 18 20 33 29 30 31 26 27 34 32 28 42 39 35 36 38 37 41 43 40 46 48 52 47 44 50 45 49 51 53 57 58 56 54 55 61 59 60 67 62 69 68 64 66 63 65 70 76 74 77 73 75 71 78 79 72
 47 50 49 44 45 46 52 51 48 53 60 61 58 57 55 59 56 54 67 64 68 62 70 66 69 63 65 78 74 75 76 71 72 79 77 73  6  3 80 81  2  1  5  7  4 10 12 16 11  8 14  9 13 15 17 21 22 20 18 19 25 23 24 31 26 33 32 28 30 27 29 34 40 38 41 37 39 35 42 43 36
 11 14 13  8  9 10 16 15 12 17 24 25 22 21 19 23 20 18 31 28 32 26 34 30 33 27 29 42 38 39 40 35 36 43 41 37 51 48 44 45 47 46 50 52 49 55 57 61 56 53 59 54 58 60 62 66 67 65 63 64 70 68 69 76 71 78 77 73 75 72 74 79  4  2  5  1  3 80  6  7 81
 38 41 40 35 36 37 43 42 39 44 51 52 49 48 46 50 47 45 58 55 59 53 61 57 60 54 56 69 65 66 67 62 63 70 68 64 78 75 71 72 74 73 77 79 76  1  3  7  2 80  5 81  4  6  8 12 13 11  9 10 16 14 15 22 17 24 23 19 21 18 20 25 31 29 32 28 30 26 33 34 27
 20 23 22 17 18 19 25 24 21 26 33 34 31 30 28 32 29 27 40 37 41 35 43 39 42 36 38 51 47 48 49 44 45 52 50 46 60 57 53 54 56 55 59 61 58 64 66 70 65 62 68 63 67 69 71 75 76 74 72 73 79 77 78  4 80  6  5  1  3 81  2  7 13 11 14 10 12  8 15 16  9
 65 68 67 62 63 64 70 69 66 71 78 79 76 75 73 77 74 72  4  1  5 80  7  3  6 81  2 15 11 12 13  8  9 16 14 10 24 21 17 18 20 19 23 25 22 28 30 34 29 26 32 27 31 33 35 39 40 38 36 37 43 41 42 49 44 51 50 46 48 45 47 52 58 56 59 55 57 53 60 61 54
 56 59 58 53 54 55 61 60 57 62 69 70 67 66 64 68 65 63 76 73 77 71 79 75 78 72 74  6  2  3  4 80 81  7  5  1 15 12  8  9 11 10 14 16 13 19 21 25 20 17 23 18 22 24 26 30 31 29 27 28 34 32 33 40 35 42 41 37 39 36 38 43 49 47 50 46 48 44 51 52 45
 48 51 50 45 46 47 53 52 49 54 61 62 59 58 56 60 57 55 68 65 69 63 71 67 70 64 66 79 75 76 77 72 73 80 78 74  7  4 81  1  3  2  6  8  5 11 13 17 12  9 15 10 14 16 18 22 23 21 19 20 26 24 25 32 27 34 33 29 31 28 30 35 41 39 42 38 40 36 43 44 37
 57 60 59 54 55 56 62 61 58 63 70 71 68 67 65 69 66 64 77 74 78 72 80 76 79 73 75  7  3  4  5 81  1  8  6  2 16 13  9 10 12 11 15 17 14 20 22 26 21 18 24 19 23 25 27 31 32 30 28 29 35 33 34 41 36 43 42 38 40 37 39 44 50 48 51 47 49 45 52 53 46
 30 33 32 27 28 29 35 34 31 36 43 44 41 40 38 42 39 37 50 47 51 45 53 49 52 46 48 61 57 58 59 54 55 62 60 56 70 67 63 64 66 65 69 71 68 74 76 80 75 72 78 73 77 79 81  4  5  3  1  2  8  6  7 14  9 16 15 11 13 10 12 17 23 21 24 20 22 18 25 26 19
 39 42 41 36 37 38 44 43 40 45 52 53 50 49 47 51 48 46 59 56 60 54 62 58 61 55 57 70 66 67 68 63 64 71 69 65 79 76 72 73 75 74 78 80 77  2  4  8  3 81  6  1  5  7  9 13 14 12 10 11 17 15 16 23 18 25 24 20 22 19 21 26 32 30 33 29 31 27 34 35 28
 21 24 23 18 19 20 26 25 22 27 34 35 32 31 29 33 30 28 41 38 42 36 44 40 43 37 39 52 48 49 50 45 46 53 51 47 61 58 54 55 57 56 60 62 59 65 67 71 66 63 69 64 68 70 72 76 77 75 73 74 80 78 79  5 81  7  6  2  4  1  3  8 14 12 15 11 13  9 16 17 10
  3  6  5 81  1  2  8  7  4  9 16 17 14 13 11 15 12 10 23 20 24 18 26 22 25 19 21 34 30 31 32 27 28 35 33 29 43 40 36 37 39 38 42 44 41 47 49 53 48 45 51 46 50 52 54 58 59 57 55 56 62 60 61 68 63 70 69 65 67 64 66 71 77 75 78 74 76 72 79 80 73
 75 78 77 72 73 74 80 79 76 81  7  8  5  4  2  6  3  1 14 11 15  9 17 13 16 10 12 25 21 22 23 18 19 26 24 20 34 31 27 28 30 29 33 35 32 38 40 44 39 36 42 37 41 43 45 49 50 48 46 47 53 51 52 59 54 61 60 56 58 55 57 62 68 66 69 65 67 63 70 71 64
 66 69 68 63 64 65 71 70 67 72 79 80 77 76 74 78 75 73  5  2  6 81  8  4  7  1  3 16 12 13 14  9 10 17 15 11 25 22 18 19 21 20 24 26 23 29 31 35 30 27 33 28 32 34 36 40 41 39 37 38 44 42 43 50 45 52 51 47 49 46 48 53 59 57 60 56 58 54 61 62 55
 12 15 14  9 10 11 17 16 13 18 25 26 23 22 20 24 21 19 32 29 33 27 35 31 34 28 30 43 39 40 41 36 37 44 42 38 52 49 45 46 48 47 51 53 50 56 58 62 57 54 60 55 59 61 63 67 68 66 64 65 71 69 70 77 72 79 78 74 76 73 75 80  5  3  6  2  4 81  7  8  1
