 38 45 37 41 44 39 40 42 43 49 46 48 47 53 54 52 50 51 55 56 62 60 58 57 61 63 59 72 68 67 65 69 64 71 66 70 73 79 74 78 77 80 76 81 75  3  2  4  5  8  6  1  7  9 16 13 17 14 15 11 12 10 18 23 21 22 20 24 25 27 26 19 32 34 29 31 35 28 33 30 36
 65 72 64 68 71 66 67 69 70 76 73 75 74 80 81 79 77 78  1  2  8  6  4  3  7  9  5 18 14 13 11 15 10 17 12 16 19 25 20 24 23 26 22 27 21 30 29 31 32 35 33 28 34 36 43 40 44 41 42 38 39 37 45 50 48 49 47 51 52 54 53 46 59 61 56 58 62 55 60 57 63
 11 18 10 14 17 12 13 15 16 22 19 21 20 26 27 25 23 24 28 29 35 33 31 30 34 36 32 45 41 40 38 42 37 44 39 43 46 52 47 51 50 53 49 54 48 57 56 58 59 62 60 55 61 63 70 67 71 68 69 65 66 64 72 77 75 76 74 78 79 81 80 73  5  7  2  4  8  1  6  3  9
 74 81 73 77 80 75 76 78 79  4  1  3  2  8  9  7  5  6 10 11 17 15 13 12 16 18 14 27 23 22 20 24 19 26 21 25 28 34 29 33 32 35 31 36 30 39 38 40 41 44 42 37 43 45 52 49 53 50 51 47 48 46 54 59 57 58 56 60 61 63 62 55 68 70 65 67 71 64 69 66 72
 20 27 19 23 26 21 22 24 25 31 28 30 29 35 36 34 32 33 37 38 44 42 40 39 43 45 41 54 50 49 47 51 46 53 48 52 55 61 56 60 59 62 58 63 57 66 65 67 68 71 69 64 70 72 79 76 80 77 78 74 75 73 81  5  3  4  2  6  7  9  8  1 14 16 11 13 17 10 15 12 18
  2  9  1  5  8  3  4  6  7 13 10 12 11 17 18 16 14 15 19 20 26 24 22 21 25 27 23 36 32 31 29 33 28 35 30 34 37 43 38 42 41 44 40 45 39 48 47 49 50 53 51 46 52 54 61 58 62 59 60 56 57 55 63 68 66 67 65 69 70 72 71 64 77 79 74 76 80 73 78 75 81
 56 63 55 59 62 57 58 60 61 67 64 66 65 71 72 70 68 69 73 74 80 78 76 75 79 81 77  9  5  4  2  6  1  8  3  7 10 16 11 15 14 17 13 18 12 21 20 22 23 26 24 19 25 27 34 31 35 32 33 29 30 28 36 41 39 40 38 42 43 45 44 37 50 52 47 49 53 46 51 48 54
 47 54 46 50 53 48 49 51 52 58 55 57 56 62 63 61 59 60 64 65 71 69 67 66 70 72 68 81 77 76 74 78 73 80 75 79  1  7  2  6  5  8  4  9  3 12 11 13 14 17 15 10 16 18 25 22 26 23 24 20 21 19 27 32 30 31 29 33 34 36 35 28 41 43 38 40 44 37 42 39 45
 29 36 28 32 35 30 31 33 34 40 37 39 38 44 45 43 41 42 46 47 53 51 49 48 52 54 50 63 59 58 56 60 55 62 57 61 64 70 65 69 68 71 67 72 66 75 74 76 77 80 78 73 79 81  7  4  8  5  6  2  3  1  9 14 12 13 11 15 16 18 17 10 23 25 20 22 26 19 24 21 27
 66 73 65 69 72 67 68 70 71 77 74 76 75 81  1 80 78 79  2  3  9  7  5  4  8 10  6 19 15 14 12 16 11 18 13 17 20 26 21 25 24 27 23 28 22 31 30 32 33 36 34 29 35 37 44 41 45 42 43 39 40 38 46 51 49 50 48 52 53 55 54 47 60 62 57 59 63 56 61 58 64
 57 64 56 60 63 58 59 61 62 68 65 67 66 72 73 71 69 70 74 75 81 79 77 76 80  1 78 10  6  5  3  7  2  9  4  8 11 17 12 16 15 18 14 19 13 22 21 23 24 27 25 20 26 28 35 32 36 33 34 30 31 29 37 42 40 41 39 43 44 46 45 38 51 53 48 50 54 47 52 49 55
 39 46 38 42 45 40 41 43 44 50 47 49 48 54 55 53 51 52 56 57 63 61 59 58 62 64 60 73 69 68 66 70 65 72 67 71 74 80 75 79 78 81 77  1 76  4  3  5  6  9  7  2  8 10 17 14 18 15 16 12 13 11 19 24 22 23 21 25 26 28 27 20 33 35 30 32 36 29 34 31 37
 30 37 29 33 36 31 32 34 35 41 38 40 39 45 46 44 42 43 47 48 54 52 50 49 53 55 51 64 60 59 57 61 56 63 58 62 65 71 66 70 69 72 68 73 67 76 75 77 78 81 79 74 80  1  8  5  9  6  7  3  4  2 10 15 13 14 12 16 17 19 18 11 24 26 21 23 27 20 25 22 28
 21 28 20 24 27 22 23 25 26 32 29 31 30 36 37 35 33 34 38 39 45 43 41 40 44 46 42 55 51 50 48 52 47 54 49 53 56 62 57 61 60 63 59 64 58 67 66 68 69 72 70 65 71 73 80 77 81 78 79 75 76 74  1  6  4  5  3  7  8 10  9  2 15 17 12 14 18 11 16 13 19
 48 55 47 51 54 49 50 52 53 59 56 58 57 63 64 62 60 61 65 66 72 70 68 67 71 73 69  1 78 77 75 79 74 81 76 80  2  8  3  7  6  9  5 10  4 13 12 14 15 18 16 11 17 19 26 23 27 24 25 21 22 20 28 33 31 32 30 34 35 37 36 29 42 44 39 41 45 38 43 40 46
 75  1 74 78 81 76 77 79 80  5  2  4  3  9 10  8  6  7 11 12 18 16 14 13 17 19 15 28 24 23 21 25 20 27 22 26 29 35 30 34 33 36 32 37 31 40 39 41 42 45 43 38 44 46 53 50 54 51 52 48 49 47 55 60 58 59 57 61 62 64 63 56 69 71 66 68 72 65 70 67 73
 12 19 11 15 18 13 14 16 17 23 20 22 21 27 28 26 24 25 29 30 36 34 32 31 35 37 33 46 42 41 39 43 38 45 40 44 47 53 48 52 51 54 50 55 49 58 57 59 60 63 61 56 62 64 71 68 72 69 70 66 67 65 73 78 76 77 75 79 80  1 81 74  6  8  3  5  9  2  7  4 10
  3 10  2  6  9  4  5  7  8 14 11 13 12 18 19 17 15 16 20 21 27 25 23 22 26 28 24 37 33 32 30 34 29 36 31 35 38 44 39 43 42 45 41 46 40 49 48 50 51 54 52 47 53 55 62 59 63 60 61 57 58 56 64 69 67 68 66 70 71 73 72 65 78 80 75 77 81 74 79 76  1
 49 56 48 52 55 50 51 53 54 60 57 59 58 64 65 63 61 62 66 67 73 71 69 68 72 74 70  2 79 78 76 80 75  1 77 81  3  9  4  8  7 10  6 11  5 14 13 15 16 19 17 12 18 20 27 24 28 25 26 22 23 21 29 34 32 33 31 35 36 38 37 30 43 45 40 42 46 39 44 41 47
 13 20 12 16 19 14 15 17 18 24 21 23 22 28 29 27 25 26 30 31 37 35 33 32 36 38 34 47 43 42 40 44 39 46 41 45 48 54 49 53 52 55 51 56 50 59 58 60 61 64 62 57 63 65 72 69 73 70 71 67 68 66 74 79 77 78 76 80 81  2  1 75  7  9  4  6 10  3  8  5 11
 67 74 66 70 73 68 69 71 72 78 75 77 76  1  2 81 79 80  3  4 10  8  6  5  9 11  7 20 16 15 13 17 12 19 14 18 21 27 22 26 25 28 24 29 23 32 31 33 34 37 35 30 36 38 45 42 46 43 44 40 41 39 47 52 50 51 49 53 54 56 55 48 61 63 58 60 64 57 62 59 65
 31 38 30 34 37 32 33 35 36 42 39 41 40 46 47 45 43 44 48 49 55 53 51 50 54 56 52 65 61 60 58 62 57 64 59 63 66 72 67 71 70 73 69 74 68 77 76 78 79  1 80 75 81  2  9  6 10  7  8  4  5  3 11 16 14 15 13 17 18 20 19 12 25 27 22 24 28 21 26 23 29
 76  2 75 79  1 77 78 80 81  6  3  5  4 10 11  9  7  8 12 13 19 17 15 14 18 20 16 29 25 24 22 26 21 28 23 27 30 36 31 35 34 37 33 38 32 41 40 42 43 46 44 39 45 47 54 51 55 52 53 49 50 48 56 61 59 60 58 62 63 65 64 57 70 72 67 69 73 66 71 68 74
  4 11  3  7 10  5  6  8  9 15 12 14 13 19 20 18 16 17 21 22 28 26 24 23 27 29 25 38 34 33 31 35 30 37 32 36 39 45 40 44 43 46 42 47 41 50 49 51 52 55 53 48 54 56 63 60 64 61 62 58 59 57 65 70 68 69 67 71 72 74 73 66 79 81 76 78  1 75 80 77  2
 22 29 21 25 28 23 24 26 27 33 30 32 31 37 38 36 34 35 39 40 46 44 42 41 45 47 43 56 52 51 49 53 48 55 50 54 57 63 58 62 61 64 60 65 59 68 67 69 70 73 71 66 72 74 81 78  1 79 80 76 77 75  2  7  5  6  4  8  9 11 10  3 16 18 13 15 19 12 17 14 20
 40 47 39 43 46 41 42 44 45 51 48 50 49 55 56 54 52 53 57 58 64 62 60 59 63 65 61 74 70 69 67 71 66 73 68 72 75 81 76 80 79  1 78  2 77  5  4  6  7 10  8  3  9 11 18 15 19 16 17 13 14 12 20 25 23 24 22 26 27 29 28 21 34 36 31 33 37 30 35 32 38
 58 65 57 61 64 59 60 62 63 69 66 68 67 73 74 72 70 71 75 76  1 80 78 77 81  2 79 11  7  6  4  8  3 10  5  9 12 18 13 17 16 19 15 20 14 23 22 24 25 28 26 21 27 29 36 33 37 34 35 31 32 30 38 43 41 42 40 44 45 47 46 39 52 54 49 51 55 48 53 50 56
 50 57 49 53 56 51 52 54 55 61 58 60 59 65 66 64 62 63 67 68 74 72 70 69 73 75 71  3 80 79 77 81 76  2 78  1  4 10  5  9  8 11  7 12  6 15 14 16 17 20 18 13 19 21 28 25 29 26 27 23 24 22 30 35 33 34 32 36 37 39 38 31 44 46 41 43 47 40 45 42 48
 77  3 76 80  2 78 79 81  1  7  4  6  5 11 12 10  8  9 13 14 20 18 16 15 19 21 17 30 26 25 23 27 22 29 24 28 31 37 32 36 35 38 34 39 33 42 41 43 44 47 45 40 46 48 55 52 56 53 54 50 51 49 57 62 60 61 59 63 64 66 65 58 71 73 68 70 74 67 72 69 75
 23 30 22 26 29 24 25 27 28 34 31 33 32 38 39 37 35 36 40 41 47 45 43 42 46 48 44 57 53 52 50 54 49 56 51 55 58 64 59 63 62 65 61 66 60 69 68 70 71 74 72 67 73 75  1 79  2 80 81 77 78 76  3  8  6  7  5  9 10 12 11  4 17 19 14 16 20 13 18 15 21
 59 66 58 62 65 60 61 63 64 70 67 69 68 74 75 73 71 72 76 77  2 81 79 78  1  3 80 12  8  7  5  9  4 11  6 10 13 19 14 18 17 20 16 21 15 24 23 25 26 29 27 22 28 30 37 34 38 35 36 32 33 31 39 44 42 43 41 45 46 48 47 40 53 55 50 52 56 49 54 51 57
 68 75 67 71 74 69 70 72 73 79 76 78 77  2  3  1 80 81  4  5 11  9  7  6 10 12  8 21 17 16 14 18 13 20 15 19 22 28 23 27 26 29 25 30 24 33 32 34 35 38 36 31 37 39 46 43 47 44 45 41 42 40 48 53 51 52 50 54 55 57 56 49 62 64 59 61 65 58 63 60 66
 41 48 40 44 47 42 43 45 46 52 49 51 50 56 57 55 53 54 58 59 65 63 61 60 64 66 62 75 71 70 68 72 67 74 69 73 76  1 77 81 80  2 79  3 78  6  5  7  8 11  9  4 10 12 19 16 20 17 18 14 15 13 21 26 24 25 23 27 28 30 29 22 35 37 32 34 38 31 36 33 39
  5 12  4  8 11  6  7  9 10 16 13 15 14 20 21 19 17 18 22 23 29 27 25 24 28 30 26 39 35 34 32 36 31 38 33 37 40 46 41 45 44 47 43 48 42 51 50 52 53 56 54 49 55 57 64 61 65 62 63 59 60 58 66 71 69 70 68 72 73 75 74 67 80  1 77 79  2 76 81 78  3
 32 39 31 35 38 33 34 36 37 43 40 42 41 47 48 46 44 45 49 50 56 54 52 51 55 57 53 66 62 61 59 63 58 65 60 64 67 73 68 72 71 74 70 75 69 78 77 79 80  2 81 76  1  3 10  7 11  8  9  5  6  4 12 17 15 16 14 18 19 21 20 13 26 28 23 25 29 22 27 24 30
 14 21 13 17 20 15 16 18 19 25 22 24 23 29 30 28 26 27 31 32 38 36 34 33 37 39 35 48 44 43 41 45 40 47 42 46 49 55 50 54 53 56 52 57 51 60 59 61 62 65 63 58 64 66 73 70 74 71 72 68 69 67 75 80 78 79 77 81  1  3  2 76  8 10  5  7 11  4  9  6 12
 33 40 32 36 39 34 35 37 38 44 41 43 42 48 49 47 45 46 50 51 57 55 53 52 56 58 54 67 63 62 60 64 59 66 61 65 68 74 69 73 72 75 71 76 70 79 78 80 81  3  1 77  2  4 11  8 12  9 10  6  7  5 13 18 16 17 15 19 20 22 21 14 27 29 24 26 30 23 28 25 31
 15 22 14 18 21 16 17 19 20 26 23 25 24 30 31 29 27 28 32 33 39 37 35 34 38 40 36 49 45 44 42 46 41 48 43 47 50 56 51 55 54 57 53 58 52 61 60 62 63 66 64 59 65 67 74 71 75 72 73 69 70 68 76 81 79 80 78  1  2  4  3 77  9 11  6  8 12  5 10  7 13
 42 49 41 45 48 43 44 46 47 53 50 52 51 57 58 56 54 55 59 60 66 64 62 61 65 67 63 76 72 71 69 73 68 75 70 74 77  2 78  1 81  3 80  4 79  7  6  8  9 12 10  5 11 13 20 17 21 18 19 15 16 14 22 27 25 26 24 28 29 31 30 23 36 38 33 35 39 32 37 34 40
 69 76 68 72 75 70 71 73 74 80 77 79 78  3  4  2 81  1  5  6 12 10  8  7 11 13  9 22 18 17 15 19 14 21 16 20 23 29 24 28 27 30 26 31 25 34 33 35 36 39 37 32 38 40 47 44 48 45 46 42 43 41 49 54 52 53 51 55 56 58 57 50 63 65 60 62 66 59 64 61 67
 60 67 59 63 66 61 62 64 65 71 68 70 69 75 76 74 72 73 77 78  3  1 80 79  2  4 81 13  9  8  6 10  5 12  7 11 14 20 15 19 18 21 17 22 16 25 24 26 27 30 28 23 29 31 38 35 39 36 37 33 34 32 40 45 43 44 42 46 47 49 48 41 54 56 51 53 57 50 55 52 58
  6 13  5  9 12  7  8 10 11 17 14 16 15 21 22 20 18 19 23 24 30 28 26 25 29 31 27 40 36 35 33 37 32 39 34 38 41 47 42 46 45 48 44 49 43 52 51 53 54 57 55 50 56 58 65 62 66 63 64 60 61 59 67 72 70 71 69 73 74 76 75 68 81  2 78 80  3 77  1 79  4
 78  4 77 81  3 79 80  1  2  8  5  7  6 12 13 11  9 10 14 15 21 19 17 16 20 22 18 31 27 26 24 28 23 30 25 29 32 38 33 37 36 39 35 40 34 43 42 44 45 48 46 41 47 49 56 53 57 54 55 51 52 50 58 63 61 62 60 64 65 67 66 59 72 74 69 71 75 68 73 70 76
 24 31 23 27 30 25 26 28 29 35 32 34 33 39 40 38 36 37 41 42 48 46 44 43 47 49 45 58 54 53 51 55 50 57 52 56 59 65 60 64 63 66 62 67 61 70 69 71 72 75 73 68 74 76  2 80  3 81  1 78 79 77  4  9  7  8  6 10 11 13 12  5 18 20 15 17 21 14 19 16 22
 51 58 50 54 57 52 53 55 56 62 59 61 60 66 67 65 63 64 68 69 75 73 71 70 74 76 72  4 81 80 78  1 77  3 79  2  5 11  6 10  9 12  8 13  7 16 15 17 18 21 19 14 20 22 29 26 30 27 28 24 25 23 31 36 34 35 33 37 38 40 39 32 45 47 42 44 48 41 46 43 49
 61 68 60 64 67 62 63 65 66 72 69 71 70 76 77 75 73 74 78 79  4  2 81 80  3  5  1 14 10  9  7 11  6 13  8 12 15 21 16 20 19 22 18 23 17 26 25 27 28 31 29 24 30 32 39 36 40 37 38 34 35 33 41 46 44 45 43 47 48 50 49 42 55 57 52 54 58 51 56 53 59
 34 41 33 37 40 35 36 38 39 45 42 44 43 49 50 48 46 47 51 52 58 56 54 53 57 59 55 68 64 63 61 65 60 67 62 66 69 75 70 74 73 76 72 77 71 80 79 81  1  4  2 78  3  5 12  9 13 10 11  7  8  6 14 19 17 18 16 20 21 23 22 15 28 30 25 27 31 24 29 26 32
 16 23 15 19 22 17 18 20 21 27 24 26 25 31 32 30 28 29 33 34 40 38 36 35 39 41 37 50 46 45 43 47 42 49 44 48 51 57 52 56 55 58 54 59 53 62 61 63 64 67 65 60 66 68 75 72 76 73 74 70 71 69 77  1 80 81 79  2  3  5  4 78 10 12  7  9 13  6 11  8 14
 79  5 78  1  4 80 81  2  3  9  6  8  7 13 14 12 10 11 15 16 22 20 18 17 21 23 19 32 28 27 25 29 24 31 26 30 33 39 34 38 37 40 36 41 35 44 43 45 46 49 47 42 48 50 57 54 58 55 56 52 53 51 59 64 62 63 61 65 66 68 67 60 73 75 70 72 76 69 74 71 77
 25 32 24 28 31 26 27 29 30 36 33 35 34 40 41 39 37 38 42 43 49 47 45 44 48 50 46 59 55 54 52 56 51 58 53 57 60 66 61 65 64 67 63 68 62 71 70 72 73 76 74 69 75 77  3 81  4  1  2 79 80 78  5 10  8  9  7 11 12 14 13  6 19 21 16 18 22 15 20 17 23
 52 59 51 55 58 53 54 56 57 63 60 62 61 67 68 66 64 65 69 70 76 74 72 71 75 77 73  5  1 81 79  2 78  4 80  3  6 12  7 11 10 13  9 14  8 17 16 18 19 22 20 15 21 23 30 27 31 28 29 25 26 24 32 37 35 36 34 38 39 41 40 33 46 48 43 45 49 42 47 44 50
  7 14  6 10 13  8  9 11 12 18 15 17 16 22 23 21 19 20 24 25 31 29 27 26 30 32 28 41 37 36 34 38 33 40 35 39 42 48 43 47 46 49 45 50 44 53 52 54 55 58 56 51 57 59 66 63 67 64 65 61 62 60 68 73 71 72 70 74 75 77 76 69  1  3 79 81  4 78  2 80  5
 70 77 69 73 76 71 72 74 75 81 78 80 79  4  5  3  1  2  6  7 13 11  9  8 12 14 10 23 19 18 16 20 15 22 17 21 24 30 25 29 28 31 27 32 26 35 34 36 37 40 38 33 39 41 48 45 49 46 47 43 44 42 50 55 53 54 52 56 57 59 58 51 64 66 61 63 67 60 65 62 68
 43 50 42 46 49 44 45 47 48 54 51 53 52 58 59 57 55 56 60 61 67 65 63 62 66 68 64 77 73 72 70 74 69 76 71 75 78  3 79  2  1  4 81  5 80  8  7  9 10 13 11  6 12 14 21 18 22 19 20 16 17 15 23 28 26 27 25 29 30 32 31 24 37 39 34 36 40 33 38 35 41
 71 78 70 74 77 72 73 75 76  1 79 81 80  5  6  4  2  3  7  8 14 12 10  9 13 15 11 24 20 19 17 21 16 23 18 22 25 31 26 30 29 32 28 33 27 36 35 37 38 41 39 34 40 42 49 46 50 47 48 44 45 43 51 56 54 55 53 57 58 60 59 52 65 67 62 64 68 61 66 63 69
 44 51 43 47 50 45 46 48 49 55 52 54 53 59 60 58 56 57 61 62 68 66 64 63 67 69 65 78 74 73 71 75 70 77 72 76 79  4 80  3  2  5  1  6 81  9  8 10 11 14 12  7 13 15 22 19 23 20 21 17 18 16 24 29 27 28 26 30 31 33 32 25 38 40 35 37 41 34 39 36 42
 80  6 79  2  5 81  1  3  4 10  7  9  8 14 15 13 11 12 16 17 23 21 19 18 22 24 20 33 29 28 26 30 25 32 27 31 34 40 35 39 38 41 37 42 36 45 44 46 47 50 48 43 49 51 58 55 59 56 57 53 54 52 60 65 63 64 62 66 67 69 68 61 74 76 71 73 77 70 75 72 78
 53 60 52 56 59 54 55 57 58 64 61 63 62 68 69 67 65 66 70 71 77 75 73 72 76 78 74  6  2  1 80  3 79  5 81  4  7 13  8 12 11 14 10 15  9 18 17 19 20 23 21 16 22 24 31 28 32 29 30 26 27 25 33 38 36 37 35 39 40 42 41 34 47 49 44 46 50 43 48 45 51
 35 42 34 38 41 36 37 39 40 46 43 45 44 50 51 49 47 48 52 53 59 57 55 54 58 60 56 69 65 64 62 66 61 68 63 67 70 76 71 75 74 77 73 78 72 81 80  1  2  5  3 79  4  6 13 10 14 11 12  8  9  7 15 20 18 19 17 21 22 24 23 16 29 31 26 28 32 25 30 27 33
  8 15  7 11 14  9 10 12 13 19 16 18 17 23 24 22 20 21 25 26 32 30 28 27 31 33 29 42 38 37 35 39 34 41 36 40 43 49 44 48 47 50 46 51 45 54 53 55 56 59 57 52 58 60 67 64 68 65 66 62 63 61 69 74 72 73 71 75 76 78 77 70  2  4 80  1  5 79  3 81  6
 26 33 25 29 32 27 28 30 31 37 34 36 35 41 42 40 38 39 43 44 50 48 46 45 49 51 47 60 56 55 53 57 52 59 54 58 61 67 62 66 65 68 64 69 63 72 71 73 74 77 75 70 76 78  4  1  5  2  3 80 81 79  6 11  9 10  8 12 13 15 14  7 20 22 17 19 23 16 21 18 24
 62 69 61 65 68 63 64 66 67 73 70 72 71 77 78 76 74 75 79 80  5  3  1 81  4  6  2 15 11 10  8 12  7 14  9 13 16 22 17 21 20 23 19 24 18 27 26 28 29 32 30 25 31 33 40 37 41 38 39 35 36 34 42 47 45 46 44 48 49 51 50 43 56 58 53 55 59 52 57 54 60
 17 24 16 20 23 18 19 21 22 28 25 27 26 32 33 31 29 30 34 35 41 39 37 36 40 42 38 51 47 46 44 48 43 50 45 49 52 58 53 57 56 59 55 60 54 63 62 64 65 68 66 61 67 69 76 73 77 74 75 71 72 70 78  2 81  1 80  3  4  6  5 79 11 13  8 10 14  7 12  9 15
 81  7 80  3  6  1  2  4  5 11  8 10  9 15 16 14 12 13 17 18 24 22 20 19 23 25 21 34 30 29 27 31 26 33 28 32 35 41 36 40 39 42 38 43 37 46 45 47 48 51 49 44 50 52 59 56 60 57 58 54 55 53 61 66 64 65 63 67 68 70 69 62 75 77 72 74 78 71 76 73 79
 45 52 44 48 51 46 47 49 50 56 53 55 54 60 61 59 57 58 62 63 69 67 65 64 68 70 66 79 75 74 72 76 71 78 73 77 80  5 81  4  3  6  2  7  1 10  9 11 12 15 13  8 14 16 23 20 24 21 22 18 19 17 25 30 28 29 27 31 32 34 33 26 39 41 36 38 42 35 40 37 43
 18 25 17 21 24 19 20 22 23 29 26 28 27 33 34 32 30 31 35 36 42 40 38 37 41 43 39 52 48 47 45 49 44 51 46 50 53 59 54 58 57 60 56 61 55 64 63 65 66 69 67 62 68 70 77 74 78 75 76 72 73 71 79  3  1  2 81  4  5  7  6 80 12 14  9 11 15  8 13 10 16
 54 61 53 57 60 55 56 58 59 65 62 64 63 69 70 68 66 67 71 72 78 76 74 73 77 79 75  7  3  2 81  4 80  6  1  5  8 14  9 13 12 15 11 16 10 19 18 20 21 24 22 17 23 25 32 29 33 30 31 27 28 26 34 39 37 38 36 40 41 43 42 35 48 50 45 47 51 44 49 46 52
 36 43 35 39 42 37 38 40 41 47 44 46 45 51 52 50 48 49 53 54 60 58 56 55 59 61 57 70 66 65 63 67 62 69 64 68 71 77 72 76 75 78 74 79 73  1 81  2  3  6  4 80  5  7 14 11 15 12 13  9 10  8 16 21 19 20 18 22 23 25 24 17 30 32 27 29 33 26 31 28 34
 63 70 62 66 69 64 65 67 68 74 71 73 72 78 79 77 75 76 80 81  6  4  2  1  5  7  3 16 12 11  9 13  8 15 10 14 17 23 18 22 21 24 20 25 19 28 27 29 30 33 31 26 32 34 41 38 42 39 40 36 37 35 43 48 46 47 45 49 50 52 51 44 57 59 54 56 60 53 58 55 61
  9 16  8 12 15 10 11 13 14 20 17 19 18 24 25 23 21 22 26 27 33 31 29 28 32 34 30 43 39 38 36 40 35 42 37 41 44 50 45 49 48 51 47 52 46 55 54 56 57 60 58 53 59 61 68 65 69 66 67 63 64 62 70 75 73 74 72 76 77 79 78 71  3  5 81  2  6 80  4  1  7
 72 79 71 75 78 73 74 76 77  2 80  1 81  6  7  5  3  4  8  9 15 13 11 10 14 16 12 25 21 20 18 22 17 24 19 23 26 32 27 31 30 33 29 34 28 37 36 38 39 42 40 35 41 43 50 47 51 48 49 45 46 44 52 57 55 56 54 58 59 61 60 53 66 68 63 65 69 62 67 64 70
 27 34 26 30 33 28 29 31 32 38 35 37 36 42 43 41 39 40 44 45 51 49 47 46 50 52 48 61 57 56 54 58 53 60 55 59 62 68 63 67 66 69 65 70 64 73 72 74 75 78 76 71 77 79  5  2  6  3  4 81  1 80  7 12 10 11  9 13 14 16 15  8 21 23 18 20 24 17 22 19 25
 10 17  9 13 16 11 12 14 15 21 18 20 19 25 26 24 22 23 27 28 34 32 30 29 33 35 31 44 40 39 37 41 36 43 38 42 45 51 46 50 49 52 48 53 47 56 55 57 58 61 59 54 60 62 69 66 70 67 68 64 65 63 71 76 74 75 73 77 78 80 79 72  4  6  1  3  7 81  5  2  8
  1  8 81  4  7  2  3  5  6 12  9 11 10 16 17 15 13 14 18 19 25 23 21 20 24 26 22 35 31 30 28 32 27 34 29 33 36 42 37 41 40 43 39 44 38 47 46 48 49 52 50 45 51 53 60 57 61 58 59 55 56 54 62 67 65 66 64 68 69 71 70 63 76 78 73 75 79 72 77 74 80
 37 44 36 40 43 38 39 41 42 48 45 47 46 52 53 51 49 50 54 55 61 59 57 56 60 62 58 71 67 66 64 68 63 70 65 69 72 78 73 77 76 79 75 80 74  2  1  3  4  7  5 81  6  8 15 12 16 13 14 10 11  9 17 22 20 21 19 23 24 26 25 18 31 33 28 30 34 27 32 29 35
 19 26 18 22 25 20 21 23 24 30 27 29 28 34 35 33 31 32 36 37 43 41 39 38 42 44 40 53 49 48 46 50 45 52 47 51 54 60 55 59 58 61 57 62 56 65 64 66 67 70 68 63 69 71 78 75 79 76 77 73 74 72 80  4  2  3  1  5  6  8  7 81 13 15 10 12 16  9 14 11 17
 46 53 45 49 52 47 48 50 51 57 54 56 55 61 62 60 58 59 63 64 70 68 66 65 69 71 67 80 76 75 73 77 72 79 74 78 81  6  1  5  4  7  3  8  2 11 10 12 13 16 14  9 15 17 24 21 25 22 23 19 20 18 26 31 29 30 28 32 33 35 34 27 40 42 37 39 43 36 41 38 44
 73 80 72 76 79 74 75 77 78  3 81  2  1  7  8  6  4  5  9 10 16 14 12 11 15 17 13 26 22 21 19 23 18 25 20 24 27 33 28 32 31 34 30 35 29 38 37 39 40 43 41 36 42 44 51 48 52 49 50 46 47 45 53 58 56 57 55 59 60 62 61 54 67 69 64 66 70 63 68 65 71
 28 35 27 31 34 29 30 32 33 39 36 38 37 43 44 42 40 41 45 46 52 50 48 47 51 53 49 62 58 57 55 59 54 61 56 60 63 69 64 68 67 70 66 71 65 74 73 75 76 79 77 72 78 80  6  3  7  4  5  1  2 81  8 13 11 12 10 14 15 17 16  9 22 24 19 21 25 18 23 20 26
 55 62 54 58 61 56 57 59 60 66 63 65 64 70 71 69 67 68 72 73 79 77 75 74 78 80 76  8  4  3  1  5 81  7  2  6  9 15 10 14 13 16 12 17 11 20 19 21 22 25 23 18 24 26 33 30 34 31 32 28 29 27 35 40 38 39 37 41 42 44 43 36 49 51 46 48 52 45 50 47 53
 64 71 63 67 70 65 66 68 69 75 72 74 73 79 80 78 76 77 81  1  7  5  3  2  6  8  4 17 13 12 10 14  9 16 11 15 18 24 19 23 22 25 21 26 20 29 28 30 31 34 32 27 33 35 42 39 43 40 41 37 38 36 44 49 47 48 46 50 51 53 52 45 58 60 55 57 61 54 59 56 62
