 72 69 67 68 70 64 66 65 71 78 74 79 76 73 77 81 80 75  3  2  4  9  1  5  7  8  6 13 11 12 10 14 16 17 18 15 23 21 25 24 26 19 22 20 27 36 33 31 32 30 34 29 28 35 41 44 40 37 43 39 42 38 45 49 47 54 48 46 52 51 50 53 56 60 59 57 62 63 55 61 58
 81 78 76 77 79 73 75 74 80  6  2  7  4  1  5  9  8  3 12 11 13 18 10 14 16 17 15 22 20 21 19 23 25 26 27 24 32 30 34 33 35 28 31 29 36 45 42 40 41 39 43 38 37 44 50 53 49 46 52 48 51 47 54 58 56 63 57 55 61 60 59 62 65 69 68 66 71 72 64 70 67
 27 24 22 23 25 19 21 20 26 33 29 34 31 28 32 36 35 30 39 38 40 45 37 41 43 44 42 49 47 48 46 50 52 53 54 51 59 57 61 60 62 55 58 56 63 72 69 67 68 66 70 65 64 71 77 80 76 73 79 75 78 74 81  4  2  9  3  1  7  6  5  8 11 15 14 12 17 18 10 16 13
 18 15 13 14 16 10 12 11 17 24 20 25 22 19 23 27 26 21 30 29 31 36 28 32 34 35 33 40 38 39 37 41 43 44 45 42 50 48 52 51 53 46 49 47 54 63 60 58 59 57 61 56 55 62 68 71 67 64 70 66 69 65 72 76 74 81 75 73 79 78 77 80  2  6  5  3  8  9  1  7  4
 45 42 40 41 43 37 39 38 44 51 47 52 49 46 50 54 53 48 57 56 58 63 55 59 61 62 60 67 65 66 64 68 70 71 72 69 77 75 79 78 80 73 76 74 81  9  6  4  5  3  7  2  1  8 14 17 13 10 16 12 15 11 18 22 20 27 21 19 25 24 23 26 29 33 32 30 35 36 28 34 31
 54 51 49 50 52 46 48 47 53 60 56 61 58 55 59 63 62 57 66 65 67 72 64 68 70 71 69 76 74 75 73 77 79 80 81 78  5  3  7  6  8  1  4  2  9 18 15 13 14 12 16 11 10 17 23 26 22 19 25 21 24 20 27 31 29 36 30 28 34 33 32 35 38 42 41 39 44 45 37 43 40
  9  6  4  5  7  1  3  2  8 15 11 16 13 10 14 18 17 12 21 20 22 27 19 23 25 26 24 31 29 30 28 32 34 35 36 33 41 39 43 42 44 37 40 38 45 54 51 49 50 48 52 47 46 53 59 62 58 55 61 57 60 56 63 67 65 72 66 64 70 69 68 71 74 78 77 75 80 81 73 79 76
 36 33 31 32 34 28 30 29 35 42 38 43 40 37 41 45 44 39 48 47 49 54 46 50 52 53 51 58 56 57 55 59 61 62 63 60 68 66 70 69 71 64 67 65 72 81 78 76 77 75 79 74 73 80  5  8  4  1  7  3  6  2  9 13 11 18 12 10 16 15 14 17 20 24 23 21 26 27 19 25 22
 63 60 58 59 61 55 57 56 62 69 65 70 67 64 68 72 71 66 75 74 76 81 73 77 79 80 78  4  2  3  1  5  7  8  9  6 14 12 16 15 17 10 13 11 18 27 24 22 23 21 25 20 19 26 32 35 31 28 34 30 33 29 36 40 38 45 39 37 43 42 41 44 47 51 50 48 53 54 46 52 49
 37 34 32 33 35 29 31 30 36 43 39 44 41 38 42 46 45 40 49 48 50 55 47 51 53 54 52 59 57 58 56 60 62 63 64 61 69 67 71 70 72 65 68 66 73  1 79 77 78 76 80 75 74 81  6  9  5  2  8  4  7  3 10 14 12 19 13 11 17 16 15 18 21 25 24 22 27 28 20 26 23
 46 43 41 42 44 38 40 39 45 52 48 53 50 47 51 55 54 49 58 57 59 64 56 60 62 63 61 68 66 67 65 69 71 72 73 70 78 76 80 79 81 74 77 75  1 10  7  5  6  4  8  3  2  9 15 18 14 11 17 13 16 12 19 23 21 28 22 20 26 25 24 27 30 34 33 31 36 37 29 35 32
 19 16 14 15 17 11 13 12 18 25 21 26 23 20 24 28 27 22 31 30 32 37 29 33 35 36 34 41 39 40 38 42 44 45 46 43 51 49 53 52 54 47 50 48 55 64 61 59 60 58 62 57 56 63 69 72 68 65 71 67 70 66 73 77 75  1 76 74 80 79 78 81  3  7  6  4  9 10  2  8  5
 55 52 50 51 53 47 49 48 54 61 57 62 59 56 60 64 63 58 67 66 68 73 65 69 71 72 70 77 75 76 74 78 80 81  1 79  6  4  8  7  9  2  5  3 10 19 16 14 15 13 17 12 11 18 24 27 23 20 26 22 25 21 28 32 30 37 31 29 35 34 33 36 39 43 42 40 45 46 38 44 41
 64 61 59 60 62 56 58 57 63 70 66 71 68 65 69 73 72 67 76 75 77  1 74 78 80 81 79  5  3  4  2  6  8  9 10  7 15 13 17 16 18 11 14 12 19 28 25 23 24 22 26 21 20 27 33 36 32 29 35 31 34 30 37 41 39 46 40 38 44 43 42 45 48 52 51 49 54 55 47 53 50
 73 70 68 69 71 65 67 66 72 79 75 80 77 74 78  1 81 76  4  3  5 10  2  6  8  9  7 14 12 13 11 15 17 18 19 16 24 22 26 25 27 20 23 21 28 37 34 32 33 31 35 30 29 36 42 45 41 38 44 40 43 39 46 50 48 55 49 47 53 52 51 54 57 61 60 58 63 64 56 62 59
 28 25 23 24 26 20 22 21 27 34 30 35 32 29 33 37 36 31 40 39 41 46 38 42 44 45 43 50 48 49 47 51 53 54 55 52 60 58 62 61 63 56 59 57 64 73 70 68 69 67 71 66 65 72 78 81 77 74 80 76 79 75  1  5  3 10  4  2  8  7  6  9 12 16 15 13 18 19 11 17 14
  1 79 77 78 80 74 76 75 81  7  3  8  5  2  6 10  9  4 13 12 14 19 11 15 17 18 16 23 21 22 20 24 26 27 28 25 33 31 35 34 36 29 32 30 37 46 43 41 42 40 44 39 38 45 51 54 50 47 53 49 52 48 55 59 57 64 58 56 62 61 60 63 66 70 69 67 72 73 65 71 68
 10  7  5  6  8  2  4  3  9 16 12 17 14 11 15 19 18 13 22 21 23 28 20 24 26 27 25 32 30 31 29 33 35 36 37 34 42 40 44 43 45 38 41 39 46 55 52 50 51 49 53 48 47 54 60 63 59 56 62 58 61 57 64 68 66 73 67 65 71 70 69 72 75 79 78 76 81  1 74 80 77
  2 80 78 79 81 75 77 76  1  8  4  9  6  3  7 11 10  5 14 13 15 20 12 16 18 19 17 24 22 23 21 25 27 28 29 26 34 32 36 35 37 30 33 31 38 47 44 42 43 41 45 40 39 46 52 55 51 48 54 50 53 49 56 60 58 65 59 57 63 62 61 64 67 71 70 68 73 74 66 72 69
 38 35 33 34 36 30 32 31 37 44 40 45 42 39 43 47 46 41 50 49 51 56 48 52 54 55 53 60 58 59 57 61 63 64 65 62 70 68 72 71 73 66 69 67 74  2 80 78 79 77 81 76 75  1  7 10  6  3  9  5  8  4 11 15 13 20 14 12 18 17 16 19 22 26 25 23 28 29 21 27 24
 56 53 51 52 54 48 50 49 55 62 58 63 60 57 61 65 64 59 68 67 69 74 66 70 72 73 71 78 76 77 75 79 81  1  2 80  7  5  9  8 10  3  6  4 11 20 17 15 16 14 18 13 12 19 25 28 24 21 27 23 26 22 29 33 31 38 32 30 36 35 34 37 40 44 43 41 46 47 39 45 42
 74 71 69 70 72 66 68 67 73 80 76 81 78 75 79  2  1 77  5  4  6 11  3  7  9 10  8 15 13 14 12 16 18 19 20 17 25 23 27 26 28 21 24 22 29 38 35 33 34 32 36 31 30 37 43 46 42 39 45 41 44 40 47 51 49 56 50 48 54 53 52 55 58 62 61 59 64 65 57 63 60
 47 44 42 43 45 39 41 40 46 53 49 54 51 48 52 56 55 50 59 58 60 65 57 61 63 64 62 69 67 68 66 70 72 73 74 71 79 77 81 80  1 75 78 76  2 11  8  6  7  5  9  4  3 10 16 19 15 12 18 14 17 13 20 24 22 29 23 21 27 26 25 28 31 35 34 32 37 38 30 36 33
 29 26 24 25 27 21 23 22 28 35 31 36 33 30 34 38 37 32 41 40 42 47 39 43 45 46 44 51 49 50 48 52 54 55 56 53 61 59 63 62 64 57 60 58 65 74 71 69 70 68 72 67 66 73 79  1 78 75 81 77 80 76  2  6  4 11  5  3  9  8  7 10 13 17 16 14 19 20 12 18 15
 20 17 15 16 18 12 14 13 19 26 22 27 24 21 25 29 28 23 32 31 33 38 30 34 36 37 35 42 40 41 39 43 45 46 47 44 52 50 54 53 55 48 51 49 56 65 62 60 61 59 63 58 57 64 70 73 69 66 72 68 71 67 74 78 76  2 77 75 81 80 79  1  4  8  7  5 10 11  3  9  6
 65 62 60 61 63 57 59 58 64 71 67 72 69 66 70 74 73 68 77 76 78  2 75 79 81  1 80  6  4  5  3  7  9 10 11  8 16 14 18 17 19 12 15 13 20 29 26 24 25 23 27 22 21 28 34 37 33 30 36 32 35 31 38 42 40 47 41 39 45 44 43 46 49 53 52 50 55 56 48 54 51
 11  8  6  7  9  3  5  4 10 17 13 18 15 12 16 20 19 14 23 22 24 29 21 25 27 28 26 33 31 32 30 34 36 37 38 35 43 41 45 44 46 39 42 40 47 56 53 51 52 50 54 49 48 55 61 64 60 57 63 59 62 58 65 69 67 74 68 66 72 71 70 73 76 80 79 77  1  2 75 81 78
 39 36 34 35 37 31 33 32 38 45 41 46 43 40 44 48 47 42 51 50 52 57 49 53 55 56 54 61 59 60 58 62 64 65 66 63 71 69 73 72 74 67 70 68 75  3 81 79 80 78  1 77 76  2  8 11  7  4 10  6  9  5 12 16 14 21 15 13 19 18 17 20 23 27 26 24 29 30 22 28 25
 48 45 43 44 46 40 42 41 47 54 50 55 52 49 53 57 56 51 60 59 61 66 58 62 64 65 63 70 68 69 67 71 73 74 75 72 80 78  1 81  2 76 79 77  3 12  9  7  8  6 10  5  4 11 17 20 16 13 19 15 18 14 21 25 23 30 24 22 28 27 26 29 32 36 35 33 38 39 31 37 34
 21 18 16 17 19 13 15 14 20 27 23 28 25 22 26 30 29 24 33 32 34 39 31 35 37 38 36 43 41 42 40 44 46 47 48 45 53 51 55 54 56 49 52 50 57 66 63 61 62 60 64 59 58 65 71 74 70 67 73 69 72 68 75 79 77  3 78 76  1 81 80  2  5  9  8  6 11 12  4 10  7
 66 63 61 62 64 58 60 59 65 72 68 73 70 67 71 75 74 69 78 77 79  3 76 80  1  2 81  7  5  6  4  8 10 11 12  9 17 15 19 18 20 13 16 14 21 30 27 25 26 24 28 23 22 29 35 38 34 31 37 33 36 32 39 43 41 48 42 40 46 45 44 47 50 54 53 51 56 57 49 55 52
  3 81 79 80  1 76 78 77  2  9  5 10  7  4  8 12 11  6 15 14 16 21 13 17 19 20 18 25 23 24 22 26 28 29 30 27 35 33 37 36 38 31 34 32 39 48 45 43 44 42 46 41 40 47 53 56 52 49 55 51 54 50 57 61 59 66 60 58 64 63 62 65 68 72 71 69 74 75 67 73 70
 75 72 70 71 73 67 69 68 74 81 77  1 79 76 80  3  2 78  6  5  7 12  4  8 10 11  9 16 14 15 13 17 19 20 21 18 26 24 28 27 29 22 25 23 30 39 36 34 35 33 37 32 31 38 44 47 43 40 46 42 45 41 48 52 50 57 51 49 55 54 53 56 59 63 62 60 65 66 58 64 61
 12  9  7  8 10  4  6  5 11 18 14 19 16 13 17 21 20 15 24 23 25 30 22 26 28 29 27 34 32 33 31 35 37 38 39 36 44 42 46 45 47 40 43 41 48 57 54 52 53 51 55 50 49 56 62 65 61 58 64 60 63 59 66 70 68 75 69 67 73 72 71 74 77 81 80 78  2  3 76  1 79
 30 27 25 26 28 22 24 23 29 36 32 37 34 31 35 39 38 33 42 41 43 48 40 44 46 47 45 52 50 51 49 53 55 56 57 54 62 60 64 63 65 58 61 59 66 75 72 70 71 69 73 68 67 74 80  2 79 76  1 78 81 77  3  7  5 12  6  4 10  9  8 11 14 18 17 15 20 21 13 19 16
 57 54 52 53 55 49 51 50 56 63 59 64 61 58 62 66 65 60 69 68 70 75 67 71 73 74 72 79 77 78 76 80  1  2  3 81  8  6 10  9 11  4  7  5 12 21 18 16 17 15 19 14 13 20 26 29 25 22 28 24 27 23 30 34 32 39 33 31 37 36 35 38 41 45 44 42 47 48 40 46 43
  4  1 80 81  2 77 79 78  3 10  6 11  8  5  9 13 12  7 16 15 17 22 14 18 20 21 19 26 24 25 23 27 29 30 31 28 36 34 38 37 39 32 35 33 40 49 46 44 45 43 47 42 41 48 54 57 53 50 56 52 55 51 58 62 60 67 61 59 65 64 63 66 69 73 72 70 75 76 68 74 71
 31 28 26 27 29 23 25 24 30 37 33 38 35 32 36 40 39 34 43 42 44 49 41 45 47 48 46 53 51 52 50 54 56 57 58 55 63 61 65 64 66 59 62 60 67 76 73 71 72 70 74 69 68 75 81  3 80 77  2 79  1 78  4  8  6 13  7  5 11 10  9 12 15 19 18 16 21 22 14 20 17
 76 73 71 72 74 68 70 69 75  1 78  2 80 77 81  4  3 79  7  6  8 13  5  9 11 12 10 17 15 16 14 18 20 21 22 19 27 25 29 28 30 23 26 24 31 40 37 35 36 34 38 33 32 39 45 48 44 41 47 43 46 42 49 53 51 58 52 50 56 55 54 57 60 64 63 61 66 67 59 65 62
 67 64 62 63 65 59 61 60 66 73 69 74 71 68 72 76 75 70 79 78 80  4 77 81  2  3  1  8  6  7  5  9 11 12 13 10 18 16 20 19 21 14 17 15 22 31 28 26 27 25 29 24 23 30 36 39 35 32 38 34 37 33 40 44 42 49 43 41 47 46 45 48 51 55 54 52 57 58 50 56 53
 49 46 44 45 47 41 43 42 48 55 51 56 53 50 54 58 57 52 61 60 62 67 59 63 65 66 64 71 69 70 68 72 74 75 76 73 81 79  2  1  3 77 80 78  4 13 10  8  9  7 11  6  5 12 18 21 17 14 20 16 19 15 22 26 24 31 25 23 29 28 27 30 33 37 36 34 39 40 32 38 35
 13 10  8  9 11  5  7  6 12 19 15 20 17 14 18 22 21 16 25 24 26 31 23 27 29 30 28 35 33 34 32 36 38 39 40 37 45 43 47 46 48 41 44 42 49 58 55 53 54 52 56 51 50 57 63 66 62 59 65 61 64 60 67 71 69 76 70 68 74 73 72 75 78  1 81 79  3  4 77  2 80
 58 55 53 54 56 50 52 51 57 64 60 65 62 59 63 67 66 61 70 69 71 76 68 72 74 75 73 80 78 79 77 81  2  3  4  1  9  7 11 10 12  5  8  6 13 22 19 17 18 16 20 15 14 21 27 30 26 23 29 25 28 24 31 35 33 40 34 32 38 37 36 39 42 46 45 43 48 49 41 47 44
 40 37 35 36 38 32 34 33 39 46 42 47 44 41 45 49 48 43 52 51 53 58 50 54 56 57 55 62 60 61 59 63 65 66 67 64 72 70 74 73 75 68 71 69 76  4  1 80 81 79  2 78 77  3  9 12  8  5 11  7 10  6 13 17 15 22 16 14 20 19 18 21 24 28 27 25 30 31 23 29 26
 22 19 17 18 20 14 16 15 21 28 24 29 26 23 27 31 30 25 34 33 35 40 32 36 38 39 37 44 42 43 41 45 47 48 49 46 54 52 56 55 57 50 53 51 58 67 64 62 63 61 65 60 59 66 72 75 71 68 74 70 73 69 76 80 78  4 79 77  2  1 81  3  6 10  9  7 12 13  5 11  8
 50 47 45 46 48 42 44 43 49 56 52 57 54 51 55 59 58 53 62 61 63 68 60 64 66 67 65 72 70 71 69 73 75 76 77 74  1 80  3  2  4 78 81 79  5 14 11  9 10  8 12  7  6 13 19 22 18 15 21 17 20 16 23 27 25 32 26 24 30 29 28 31 34 38 37 35 40 41 33 39 36
 14 11  9 10 12  6  8  7 13 20 16 21 18 15 19 23 22 17 26 25 27 32 24 28 30 31 29 36 34 35 33 37 39 40 41 38 46 44 48 47 49 42 45 43 50 59 56 54 55 53 57 52 51 58 64 67 63 60 66 62 65 61 68 72 70 77 71 69 75 74 73 76 79  2  1 80  4  5 78  3 81
 32 29 27 28 30 24 26 25 31 38 34 39 36 33 37 41 40 35 44 43 45 50 42 46 48 49 47 54 52 53 51 55 57 58 59 56 64 62 66 65 67 60 63 61 68 77 74 72 73 71 75 70 69 76  1  4 81 78  3 80  2 79  5  9  7 14  8  6 12 11 10 13 16 20 19 17 22 23 15 21 18
 59 56 54 55 57 51 53 52 58 65 61 66 63 60 64 68 67 62 71 70 72 77 69 73 75 76 74 81 79 80 78  1  3  4  5  2 10  8 12 11 13  6  9  7 14 23 20 18 19 17 21 16 15 22 28 31 27 24 30 26 29 25 32 36 34 41 35 33 39 38 37 40 43 47 46 44 49 50 42 48 45
 23 20 18 19 21 15 17 16 22 29 25 30 27 24 28 32 31 26 35 34 36 41 33 37 39 40 38 45 43 44 42 46 48 49 50 47 55 53 57 56 58 51 54 52 59 68 65 63 64 62 66 61 60 67 73 76 72 69 75 71 74 70 77 81 79  5 80 78  3  2  1  4  7 11 10  8 13 14  6 12  9
 68 65 63 64 66 60 62 61 67 74 70 75 72 69 73 77 76 71 80 79 81  5 78  1  3  4  2  9  7  8  6 10 12 13 14 11 19 17 21 20 22 15 18 16 23 32 29 27 28 26 30 25 24 31 37 40 36 33 39 35 38 34 41 45 43 50 44 42 48 47 46 49 52 56 55 53 58 59 51 57 54
 77 74 72 73 75 69 71 70 76  2 79  3 81 78  1  5  4 80  8  7  9 14  6 10 12 13 11 18 16 17 15 19 21 22 23 20 28 26 30 29 31 24 27 25 32 41 38 36 37 35 39 34 33 40 46 49 45 42 48 44 47 43 50 54 52 59 53 51 57 56 55 58 61 65 64 62 67 68 60 66 63
  5  2 81  1  3 78 80 79  4 11  7 12  9  6 10 14 13  8 17 16 18 23 15 19 21 22 20 27 25 26 24 28 30 31 32 29 37 35 39 38 40 33 36 34 41 50 47 45 46 44 48 43 42 49 55 58 54 51 57 53 56 52 59 63 61 68 62 60 66 65 64 67 70 74 73 71 76 77 69 75 72
 41 38 36 37 39 33 35 34 40 47 43 48 45 42 46 50 49 44 53 52 54 59 51 55 57 58 56 63 61 62 60 64 66 67 68 65 73 71 75 74 76 69 72 70 77  5  2 81  1 80  3 79 78  4 10 13  9  6 12  8 11  7 14 18 16 23 17 15 21 20 19 22 25 29 28 26 31 32 24 30 27
 51 48 46 47 49 43 45 44 50 57 53 58 55 52 56 60 59 54 63 62 64 69 61 65 67 68 66 73 71 72 70 74 76 77 78 75  2 81  4  3  5 79  1 80  6 15 12 10 11  9 13  8  7 14 20 23 19 16 22 18 21 17 24 28 26 33 27 25 31 30 29 32 35 39 38 36 41 42 34 40 37
 42 39 37 38 40 34 36 35 41 48 44 49 46 43 47 51 50 45 54 53 55 60 52 56 58 59 57 64 62 63 61 65 67 68 69 66 74 72 76 75 77 70 73 71 78  6  3  1  2 81  4 80 79  5 11 14 10  7 13  9 12  8 15 19 17 24 18 16 22 21 20 23 26 30 29 27 32 33 25 31 28
 60 57 55 56 58 52 54 53 59 66 62 67 64 61 65 69 68 63 72 71 73 78 70 74 76 77 75  1 80 81 79  2  4  5  6  3 11  9 13 12 14  7 10  8 15 24 21 19 20 18 22 17 16 23 29 32 28 25 31 27 30 26 33 37 35 42 36 34 40 39 38 41 44 48 47 45 50 51 43 49 46
 15 12 10 11 13  7  9  8 14 21 17 22 19 16 20 24 23 18 27 26 28 33 25 29 31 32 30 37 35 36 34 38 40 41 42 39 47 45 49 48 50 43 46 44 51 60 57 55 56 54 58 53 52 59 65 68 64 61 67 63 66 62 69 73 71 78 72 70 76 75 74 77 80  3  2 81  5  6 79  4  1
 24 21 19 20 22 16 18 17 23 30 26 31 28 25 29 33 32 27 36 35 37 42 34 38 40 41 39 46 44 45 43 47 49 50 51 48 56 54 58 57 59 52 55 53 60 69 66 64 65 63 67 62 61 68 74 77 73 70 76 72 75 71 78  1 80  6 81 79  4  3  2  5  8 12 11  9 14 15  7 13 10
 33 30 28 29 31 25 27 26 32 39 35 40 37 34 38 42 41 36 45 44 46 51 43 47 49 50 48 55 53 54 52 56 58 59 60 57 65 63 67 66 68 61 64 62 69 78 75 73 74 72 76 71 70 77  2  5  1 79  4 81  3 80  6 10  8 15  9  7 13 12 11 14 17 21 20 18 23 24 16 22 19
 78 75 73 74 76 70 72 71 77  3 80  4  1 79  2  6  5 81  9  8 10 15  7 11 13 14 12 19 17 18 16 20 22 23 24 21 29 27 31 30 32 25 28 26 33 42 39 37 38 36 40 35 34 41 47 50 46 43 49 45 48 44 51 55 53 60 54 52 58 57 56 59 62 66 65 63 68 69 61 67 64
  6  3  1  2  4 79 81 80  5 12  8 13 10  7 11 15 14  9 18 17 19 24 16 20 22 23 21 28 26 27 25 29 31 32 33 30 38 36 40 39 41 34 37 35 42 51 48 46 47 45 49 44 43 50 56 59 55 52 58 54 57 53 60 64 62 69 63 61 67 66 65 68 71 75 74 72 77 78 70 76 73
 69 66 64 65 67 61 63 62 68 75 71 76 73 70 74 78 77 72 81 80  1  6 79  2  4  5  3 10  8  9  7 11 13 14 15 12 20 18 22 21 23 16 19 17 24 33 30 28 29 27 31 26 25 32 38 41 37 34 40 36 39 35 42 46 44 51 45 43 49 48 47 50 53 57 56 54 59 60 52 58 55
 16 13 11 12 14  8 10  9 15 22 18 23 20 17 21 25 24 19 28 27 29 34 26 30 32 33 31 38 36 37 35 39 41 42 43 40 48 46 50 49 51 44 47 45 52 61 58 56 57 55 59 54 53 60 66 69 65 62 68 64 67 63 70 74 72 79 73 71 77 76 75 78 81  4  3  1  6  7 80  5  2
 70 67 65 66 68 62 64 63 69 76 72 77 74 71 75 79 78 73  1 81  2  7 80  3  5  6  4 11  9 10  8 12 14 15 16 13 21 19 23 22 24 17 20 18 25 34 31 29 30 28 32 27 26 33 39 42 38 35 41 37 40 36 43 47 45 52 46 44 50 49 48 51 54 58 57 55 60 61 53 59 56
 34 31 29 30 32 26 28 27 33 40 36 41 38 35 39 43 42 37 46 45 47 52 44 48 50 51 49 56 54 55 53 57 59 60 61 58 66 64 68 67 69 62 65 63 70 79 76 74 75 73 77 72 71 78  3  6  2 80  5  1  4 81  7 11  9 16 10  8 14 13 12 15 18 22 21 19 24 25 17 23 20
 43 40 38 39 41 35 37 36 42 49 45 50 47 44 48 52 51 46 55 54 56 61 53 57 59 60 58 65 63 64 62 66 68 69 70 67 75 73 77 76 78 71 74 72 79  7  4  2  3  1  5 81 80  6 12 15 11  8 14 10 13  9 16 20 18 25 19 17 23 22 21 24 27 31 30 28 33 34 26 32 29
 79 76 74 75 77 71 73 72 78  4 81  5  2 80  3  7  6  1 10  9 11 16  8 12 14 15 13 20 18 19 17 21 23 24 25 22 30 28 32 31 33 26 29 27 34 43 40 38 39 37 41 36 35 42 48 51 47 44 50 46 49 45 52 56 54 61 55 53 59 58 57 60 63 67 66 64 69 70 62 68 65
 52 49 47 48 50 44 46 45 51 58 54 59 56 53 57 61 60 55 64 63 65 70 62 66 68 69 67 74 72 73 71 75 77 78 79 76  3  1  5  4  6 80  2 81  7 16 13 11 12 10 14  9  8 15 21 24 20 17 23 19 22 18 25 29 27 34 28 26 32 31 30 33 36 40 39 37 42 43 35 41 38
 25 22 20 21 23 17 19 18 24 31 27 32 29 26 30 34 33 28 37 36 38 43 35 39 41 42 40 47 45 46 44 48 50 51 52 49 57 55 59 58 60 53 56 54 61 70 67 65 66 64 68 63 62 69 75 78 74 71 77 73 76 72 79  2 81  7  1 80  5  4  3  6  9 13 12 10 15 16  8 14 11
  7  4  2  3  5 80  1 81  6 13  9 14 11  8 12 16 15 10 19 18 20 25 17 21 23 24 22 29 27 28 26 30 32 33 34 31 39 37 41 40 42 35 38 36 43 52 49 47 48 46 50 45 44 51 57 60 56 53 59 55 58 54 61 65 63 70 64 62 68 67 66 69 72 76 75 73 78 79 71 77 74
 61 58 56 57 59 53 55 54 60 67 63 68 65 62 66 70 69 64 73 72 74 79 71 75 77 78 76  2 81  1 80  3  5  6  7  4 12 10 14 13 15  8 11  9 16 25 22 20 21 19 23 18 17 24 30 33 29 26 32 28 31 27 34 38 36 43 37 35 41 40 39 42 45 49 48 46 51 52 44 50 47
 26 23 21 22 24 18 20 19 25 32 28 33 30 27 31 35 34 29 38 37 39 44 36 40 42 43 41 48 46 47 45 49 51 52 53 50 58 56 60 59 61 54 57 55 62 71 68 66 67 65 69 64 63 70 76 79 75 72 78 74 77 73 80  3  1  8  2 81  6  5  4  7 10 14 13 11 16 17  9 15 12
 35 32 30 31 33 27 29 28 34 41 37 42 39 36 40 44 43 38 47 46 48 53 45 49 51 52 50 57 55 56 54 58 60 61 62 59 67 65 69 68 70 63 66 64 71 80 77 75 76 74 78 73 72 79  4  7  3 81  6  2  5  1  8 12 10 17 11  9 15 14 13 16 19 23 22 20 25 26 18 24 21
 53 50 48 49 51 45 47 46 52 59 55 60 57 54 58 62 61 56 65 64 66 71 63 67 69 70 68 75 73 74 72 76 78 79 80 77  4  2  6  5  7 81  3  1  8 17 14 12 13 11 15 10  9 16 22 25 21 18 24 20 23 19 26 30 28 35 29 27 33 32 31 34 37 41 40 38 43 44 36 42 39
 44 41 39 40 42 36 38 37 43 50 46 51 48 45 49 53 52 47 56 55 57 62 54 58 60 61 59 66 64 65 63 67 69 70 71 68 76 74 78 77 79 72 75 73 80  8  5  3  4  2  6  1 81  7 13 16 12  9 15 11 14 10 17 21 19 26 20 18 24 23 22 25 28 32 31 29 34 35 27 33 30
 80 77 75 76 78 72 74 73 79  5  1  6  3 81  4  8  7  2 11 10 12 17  9 13 15 16 14 21 19 20 18 22 24 25 26 23 31 29 33 32 34 27 30 28 35 44 41 39 40 38 42 37 36 43 49 52 48 45 51 47 50 46 53 57 55 62 56 54 60 59 58 61 64 68 67 65 70 71 63 69 66
  8  5  3  4  6 81  2  1  7 14 10 15 12  9 13 17 16 11 20 19 21 26 18 22 24 25 23 30 28 29 27 31 33 34 35 32 40 38 42 41 43 36 39 37 44 53 50 48 49 47 51 46 45 52 58 61 57 54 60 56 59 55 62 66 64 71 65 63 69 68 67 70 73 77 76 74 79 80 72 78 75
 17 14 12 13 15  9 11 10 16 23 19 24 21 18 22 26 25 20 29 28 30 35 27 31 33 34 32 39 37 38 36 40 42 43 44 41 49 47 51 50 52 45 48 46 53 62 59 57 58 56 60 55 54 61 67 70 66 63 69 65 68 64 71 75 73 80 74 72 78 77 76 79  1  5  4  2  7  8 81  6  3
 71 68 66 67 69 63 65 64 70 77 73 78 75 72 76 80 79 74  2  1  3  8 81  4  6  7  5 12 10 11  9 13 15 16 17 14 22 20 24 23 25 18 21 19 26 35 32 30 31 29 33 28 27 34 40 43 39 36 42 38 41 37 44 48 46 53 47 45 51 50 49 52 55 59 58 56 61 62 54 60 57
 62 59 57 58 60 54 56 55 61 68 64 69 66 63 67 71 70 65 74 73 75 80 72 76 78 79 77  3  1  2 81  4  6  7  8  5 13 11 15 14 16  9 12 10 17 26 23 21 22 20 24 19 18 25 31 34 30 27 33 29 32 28 35 39 37 44 38 36 42 41 40 43 46 50 49 47 52 53 45 51 48
