 47 48 52 54 49 46 53 50 51 59 62 63 56 58 60 55 61 57 64 72 67 69 70 65 68 71 66 78 76 74 80 75 73 81 79 77  4  1  7  8  6  5  3  2  9 14 13 17 11 16 12 10 18 15 21 19 27 26 23 25 22 20 24 32 31 35 34 30 29 36 33 28 45 42 38 44 39 37 43 41 40
 29 30 34 36 31 28 35 32 33 41 44 45 38 40 42 37 43 39 46 54 49 51 52 47 50 53 48 60 58 56 62 57 55 63 61 59 67 64 70 71 69 68 66 65 72 77 76 80 74 79 75 73 81 78  3  1  9  8  5  7  4  2  6 14 13 17 16 12 11 18 15 10 27 24 20 26 21 19 25 23 22
 65 66 70 72 67 64 71 68 69 77 80 81 74 76 78 73 79 75  1  9  4  6  7  2  5  8  3 15 13 11 17 12 10 18 16 14 22 19 25 26 24 23 21 20 27 32 31 35 29 34 30 28 36 33 39 37 45 44 41 43 40 38 42 50 49 53 52 48 47 54 51 46 63 60 56 62 57 55 61 59 58
 11 12 16 18 13 10 17 14 15 23 26 27 20 22 24 19 25 21 28 36 31 33 34 29 32 35 30 42 40 38 44 39 37 45 43 41 49 46 52 53 51 50 48 47 54 59 58 62 56 61 57 55 63 60 66 64 72 71 68 70 67 65 69 77 76 80 79 75 74 81 78 73  9  6  2  8  3  1  7  5  4
 56 57 61 63 58 55 62 59 60 68 71 72 65 67 69 64 70 66 73 81 76 78 79 74 77 80 75  6  4  2  8  3  1  9  7  5 13 10 16 17 15 14 12 11 18 23 22 26 20 25 21 19 27 24 30 28 36 35 32 34 31 29 33 41 40 44 43 39 38 45 42 37 54 51 47 53 48 46 52 50 49
  2  3  7  9  4  1  8  5  6 14 17 18 11 13 15 10 16 12 19 27 22 24 25 20 23 26 21 33 31 29 35 30 28 36 34 32 40 37 43 44 42 41 39 38 45 50 49 53 47 52 48 46 54 51 57 55 63 62 59 61 58 56 60 68 67 71 70 66 65 72 69 64 81 78 74 80 75 73 79 77 76
 38 39 43 45 40 37 44 41 42 50 53 54 47 49 51 46 52 48 55 63 58 60 61 56 59 62 57 69 67 65 71 66 64 72 70 68 76 73 79 80 78 77 75 74 81  5  4  8  2  7  3  1  9  6 12 10 18 17 14 16 13 11 15 23 22 26 25 21 20 27 24 19 36 33 29 35 30 28 34 32 31
 74 75 79 81 76 73 80 77 78  5  8  9  2  4  6  1  7  3 10 18 13 15 16 11 14 17 12 24 22 20 26 21 19 27 25 23 31 28 34 35 33 32 30 29 36 41 40 44 38 43 39 37 45 42 48 46 54 53 50 52 49 47 51 59 58 62 61 57 56 63 60 55 72 69 65 71 66 64 70 68 67
 20 21 25 27 22 19 26 23 24 32 35 36 29 31 33 28 34 30 37 45 40 42 43 38 41 44 39 51 49 47 53 48 46 54 52 50 58 55 61 62 60 59 57 56 63 68 67 71 65 70 66 64 72 69 75 73 81 80 77 79 76 74 78  5  4  8  7  3  2  9  6  1 18 15 11 17 12 10 16 14 13
 48 49 53 55 50 47 54 51 52 60 63 64 57 59 61 56 62 58 65 73 68 70 71 66 69 72 67 79 77 75 81 76 74  1 80 78  5  2  8  9  7  6  4  3 10 15 14 18 12 17 13 11 19 16 22 20 28 27 24 26 23 21 25 33 32 36 35 31 30 37 34 29 46 43 39 45 40 38 44 42 41
 30 31 35 37 32 29 36 33 34 42 45 46 39 41 43 38 44 40 47 55 50 52 53 48 51 54 49 61 59 57 63 58 56 64 62 60 68 65 71 72 70 69 67 66 73 78 77 81 75 80 76 74  1 79  4  2 10  9  6  8  5  3  7 15 14 18 17 13 12 19 16 11 28 25 21 27 22 20 26 24 23
 12 13 17 19 14 11 18 15 16 24 27 28 21 23 25 20 26 22 29 37 32 34 35 30 33 36 31 43 41 39 45 40 38 46 44 42 50 47 53 54 52 51 49 48 55 60 59 63 57 62 58 56 64 61 67 65 73 72 69 71 68 66 70 78 77 81 80 76 75  1 79 74 10  7  3  9  4  2  8  6  5
 57 58 62 64 59 56 63 60 61 69 72 73 66 68 70 65 71 67 74  1 77 79 80 75 78 81 76  7  5  3  9  4  2 10  8  6 14 11 17 18 16 15 13 12 19 24 23 27 21 26 22 20 28 25 31 29 37 36 33 35 32 30 34 42 41 45 44 40 39 46 43 38 55 52 48 54 49 47 53 51 50
 75 76 80  1 77 74 81 78 79  6  9 10  3  5  7  2  8  4 11 19 14 16 17 12 15 18 13 25 23 21 27 22 20 28 26 24 32 29 35 36 34 33 31 30 37 42 41 45 39 44 40 38 46 43 49 47 55 54 51 53 50 48 52 60 59 63 62 58 57 64 61 56 73 70 66 72 67 65 71 69 68
 21 22 26 28 23 20 27 24 25 33 36 37 30 32 34 29 35 31 38 46 41 43 44 39 42 45 40 52 50 48 54 49 47 55 53 51 59 56 62 63 61 60 58 57 64 69 68 72 66 71 67 65 73 70 76 74  1 81 78 80 77 75 79  6  5  9  8  4  3 10  7  2 19 16 12 18 13 11 17 15 14
 66 67 71 73 68 65 72 69 70 78 81  1 75 77 79 74 80 76  2 10  5  7  8  3  6  9  4 16 14 12 18 13 11 19 17 15 23 20 26 27 25 24 22 21 28 33 32 36 30 35 31 29 37 34 40 38 46 45 42 44 41 39 43 51 50 54 53 49 48 55 52 47 64 61 57 63 58 56 62 60 59
 39 40 44 46 41 38 45 42 43 51 54 55 48 50 52 47 53 49 56 64 59 61 62 57 60 63 58 70 68 66 72 67 65 73 71 69 77 74 80 81 79 78 76 75  1  6  5  9  3  8  4  2 10  7 13 11 19 18 15 17 14 12 16 24 23 27 26 22 21 28 25 20 37 34 30 36 31 29 35 33 32
  3  4  8 10  5  2  9  6  7 15 18 19 12 14 16 11 17 13 20 28 23 25 26 21 24 27 22 34 32 30 36 31 29 37 35 33 41 38 44 45 43 42 40 39 46 51 50 54 48 53 49 47 55 52 58 56 64 63 60 62 59 57 61 69 68 72 71 67 66 73 70 65  1 79 75 81 76 74 80 78 77
 13 14 18 20 15 12 19 16 17 25 28 29 22 24 26 21 27 23 30 38 33 35 36 31 34 37 32 44 42 40 46 41 39 47 45 43 51 48 54 55 53 52 50 49 56 61 60 64 58 63 59 57 65 62 68 66 74 73 70 72 69 67 71 79 78  1 81 77 76  2 80 75 11  8  4 10  5  3  9  7  6
 40 41 45 47 42 39 46 43 44 52 55 56 49 51 53 48 54 50 57 65 60 62 63 58 61 64 59 71 69 67 73 68 66 74 72 70 78 75 81  1 80 79 77 76  2  7  6 10  4  9  5  3 11  8 14 12 20 19 16 18 15 13 17 25 24 28 27 23 22 29 26 21 38 35 31 37 32 30 36 34 33
 31 32 36 38 33 30 37 34 35 43 46 47 40 42 44 39 45 41 48 56 51 53 54 49 52 55 50 62 60 58 64 59 57 65 63 61 69 66 72 73 71 70 68 67 74 79 78  1 76 81 77 75  2 80  5  3 11 10  7  9  6  4  8 16 15 19 18 14 13 20 17 12 29 26 22 28 23 21 27 25 24
 22 23 27 29 24 21 28 25 26 34 37 38 31 33 35 30 36 32 39 47 42 44 45 40 43 46 41 53 51 49 55 50 48 56 54 52 60 57 63 64 62 61 59 58 65 70 69 73 67 72 68 66 74 71 77 75  2  1 79 81 78 76 80  7  6 10  9  5  4 11  8  3 20 17 13 19 14 12 18 16 15
 76 77 81  2 78 75  1 79 80  7 10 11  4  6  8  3  9  5 12 20 15 17 18 13 16 19 14 26 24 22 28 23 21 29 27 25 33 30 36 37 35 34 32 31 38 43 42 46 40 45 41 39 47 44 50 48 56 55 52 54 51 49 53 61 60 64 63 59 58 65 62 57 74 71 67 73 68 66 72 70 69
 67 68 72 74 69 66 73 70 71 79  1  2 76 78 80 75 81 77  3 11  6  8  9  4  7 10  5 17 15 13 19 14 12 20 18 16 24 21 27 28 26 25 23 22 29 34 33 37 31 36 32 30 38 35 41 39 47 46 43 45 42 40 44 52 51 55 54 50 49 56 53 48 65 62 58 64 59 57 63 61 60
 58 59 63 65 60 57 64 61 62 70 73 74 67 69 71 66 72 68 75  2 78 80 81 76 79  1 77  8  6  4 10  5  3 11  9  7 15 12 18 19 17 16 14 13 20 25 24 28 22 27 23 21 29 26 32 30 38 37 34 36 33 31 35 43 42 46 45 41 40 47 44 39 56 53 49 55 50 48 54 52 51
 49 50 54 56 51 48 55 52 53 61 64 65 58 60 62 57 63 59 66 74 69 71 72 67 70 73 68 80 78 76  1 77 75  2 81 79  6  3  9 10  8  7  5  4 11 16 15 19 13 18 14 12 20 17 23 21 29 28 25 27 24 22 26 34 33 37 36 32 31 38 35 30 47 44 40 46 41 39 45 43 42
  4  5  9 11  6  3 10  7  8 16 19 20 13 15 17 12 18 14 21 29 24 26 27 22 25 28 23 35 33 31 37 32 30 38 36 34 42 39 45 46 44 43 41 40 47 52 51 55 49 54 50 48 56 53 59 57 65 64 61 63 60 58 62 70 69 73 72 68 67 74 71 66  2 80 76  1 77 75 81 79 78
 59 60 64 66 61 58 65 62 63 71 74 75 68 70 72 67 73 69 76  3 79 81  1 77 80  2 78  9  7  5 11  6  4 12 10  8 16 13 19 20 18 17 15 14 21 26 25 29 23 28 24 22 30 27 33 31 39 38 35 37 34 32 36 44 43 47 46 42 41 48 45 40 57 54 50 56 51 49 55 53 52
 41 42 46 48 43 40 47 44 45 53 56 57 50 52 54 49 55 51 58 66 61 63 64 59 62 65 60 72 70 68 74 69 67 75 73 71 79 76  1  2 81 80 78 77  3  8  7 11  5 10  6  4 12  9 15 13 21 20 17 19 16 14 18 26 25 29 28 24 23 30 27 22 39 36 32 38 33 31 37 35 34
  5  6 10 12  7  4 11  8  9 17 20 21 14 16 18 13 19 15 22 30 25 27 28 23 26 29 24 36 34 32 38 33 31 39 37 35 43 40 46 47 45 44 42 41 48 53 52 56 50 55 51 49 57 54 60 58 66 65 62 64 61 59 63 71 70 74 73 69 68 75 72 67  3 81 77  2 78 76  1 80 79
 14 15 19 21 16 13 20 17 18 26 29 30 23 25 27 22 28 24 31 39 34 36 37 32 35 38 33 45 43 41 47 42 40 48 46 44 52 49 55 56 54 53 51 50 57 62 61 65 59 64 60 58 66 63 69 67 75 74 71 73 70 68 72 80 79  2  1 78 77  3 81 76 12  9  5 11  6  4 10  8  7
 68 69 73 75 70 67 74 71 72 80  2  3 77 79 81 76  1 78  4 12  7  9 10  5  8 11  6 18 16 14 20 15 13 21 19 17 25 22 28 29 27 26 24 23 30 35 34 38 32 37 33 31 39 36 42 40 48 47 44 46 43 41 45 53 52 56 55 51 50 57 54 49 66 63 59 65 60 58 64 62 61
 32 33 37 39 34 31 38 35 36 44 47 48 41 43 45 40 46 42 49 57 52 54 55 50 53 56 51 63 61 59 65 60 58 66 64 62 70 67 73 74 72 71 69 68 75 80 79  2 77  1 78 76  3 81  6  4 12 11  8 10  7  5  9 17 16 20 19 15 14 21 18 13 30 27 23 29 24 22 28 26 25
 23 24 28 30 25 22 29 26 27 35 38 39 32 34 36 31 37 33 40 48 43 45 46 41 44 47 42 54 52 50 56 51 49 57 55 53 61 58 64 65 63 62 60 59 66 71 70 74 68 73 69 67 75 72 78 76  3  2 80  1 79 77 81  8  7 11 10  6  5 12  9  4 21 18 14 20 15 13 19 17 16
 50 51 55 57 52 49 56 53 54 62 65 66 59 61 63 58 64 60 67 75 70 72 73 68 71 74 69 81 79 77  2 78 76  3  1 80  7  4 10 11  9  8  6  5 12 17 16 20 14 19 15 13 21 18 24 22 30 29 26 28 25 23 27 35 34 38 37 33 32 39 36 31 48 45 41 47 42 40 46 44 43
 77 78  1  3 79 76  2 80 81  8 11 12  5  7  9  4 10  6 13 21 16 18 19 14 17 20 15 27 25 23 29 24 22 30 28 26 34 31 37 38 36 35 33 32 39 44 43 47 41 46 42 40 48 45 51 49 57 56 53 55 52 50 54 62 61 65 64 60 59 66 63 58 75 72 68 74 69 67 73 71 70
 24 25 29 31 26 23 30 27 28 36 39 40 33 35 37 32 38 34 41 49 44 46 47 42 45 48 43 55 53 51 57 52 50 58 56 54 62 59 65 66 64 63 61 60 67 72 71 75 69 74 70 68 76 73 79 77  4  3 81  2 80 78  1  9  8 12 11  7  6 13 10  5 22 19 15 21 16 14 20 18 17
 33 34 38 40 35 32 39 36 37 45 48 49 42 44 46 41 47 43 50 58 53 55 56 51 54 57 52 64 62 60 66 61 59 67 65 63 71 68 74 75 73 72 70 69 76 81 80  3 78  2 79 77  4  1  7  5 13 12  9 11  8  6 10 18 17 21 20 16 15 22 19 14 31 28 24 30 25 23 29 27 26
 51 52 56 58 53 50 57 54 55 63 66 67 60 62 64 59 65 61 68 76 71 73 74 69 72 75 70  1 80 78  3 79 77  4  2 81  8  5 11 12 10  9  7  6 13 18 17 21 15 20 16 14 22 19 25 23 31 30 27 29 26 24 28 36 35 39 38 34 33 40 37 32 49 46 42 48 43 41 47 45 44
  6  7 11 13  8  5 12  9 10 18 21 22 15 17 19 14 20 16 23 31 26 28 29 24 27 30 25 37 35 33 39 34 32 40 38 36 44 41 47 48 46 45 43 42 49 54 53 57 51 56 52 50 58 55 61 59 67 66 63 65 62 60 64 72 71 75 74 70 69 76 73 68  4  1 78  3 79 77  2 81 80
 15 16 20 22 17 14 21 18 19 27 30 31 24 26 28 23 29 25 32 40 35 37 38 33 36 39 34 46 44 42 48 43 41 49 47 45 53 50 56 57 55 54 52 51 58 63 62 66 60 65 61 59 67 64 70 68 76 75 72 74 71 69 73 81 80  3  2 79 78  4  1 77 13 10  6 12  7  5 11  9  8
 42 43 47 49 44 41 48 45 46 54 57 58 51 53 55 50 56 52 59 67 62 64 65 60 63 66 61 73 71 69 75 70 68 76 74 72 80 77  2  3  1 81 79 78  4  9  8 12  6 11  7  5 13 10 16 14 22 21 18 20 17 15 19 27 26 30 29 25 24 31 28 23 40 37 33 39 34 32 38 36 35
 60 61 65 67 62 59 66 63 64 72 75 76 69 71 73 68 74 70 77  4 80  1  2 78 81  3 79 10  8  6 12  7  5 13 11  9 17 14 20 21 19 18 16 15 22 27 26 30 24 29 25 23 31 28 34 32 40 39 36 38 35 33 37 45 44 48 47 43 42 49 46 41 58 55 51 57 52 50 56 54 53
 69 70 74 76 71 68 75 72 73 81  3  4 78 80  1 77  2 79  5 13  8 10 11  6  9 12  7 19 17 15 21 16 14 22 20 18 26 23 29 30 28 27 25 24 31 36 35 39 33 38 34 32 40 37 43 41 49 48 45 47 44 42 46 54 53 57 56 52 51 58 55 50 67 64 60 66 61 59 65 63 62
 78 79  2  4 80 77  3 81  1  9 12 13  6  8 10  5 11  7 14 22 17 19 20 15 18 21 16 28 26 24 30 25 23 31 29 27 35 32 38 39 37 36 34 33 40 45 44 48 42 47 43 41 49 46 52 50 58 57 54 56 53 51 55 63 62 66 65 61 60 67 64 59 76 73 69 75 70 68 74 72 71
 79 80  3  5 81 78  4  1  2 10 13 14  7  9 11  6 12  8 15 23 18 20 21 16 19 22 17 29 27 25 31 26 24 32 30 28 36 33 39 40 38 37 35 34 41 46 45 49 43 48 44 42 50 47 53 51 59 58 55 57 54 52 56 64 63 67 66 62 61 68 65 60 77 74 70 76 71 69 75 73 72
 43 44 48 50 45 42 49 46 47 55 58 59 52 54 56 51 57 53 60 68 63 65 66 61 64 67 62 74 72 70 76 71 69 77 75 73 81 78  3  4  2  1 80 79  5 10  9 13  7 12  8  6 14 11 17 15 23 22 19 21 18 16 20 28 27 31 30 26 25 32 29 24 41 38 34 40 35 33 39 37 36
  7  8 12 14  9  6 13 10 11 19 22 23 16 18 20 15 21 17 24 32 27 29 30 25 28 31 26 38 36 34 40 35 33 41 39 37 45 42 48 49 47 46 44 43 50 55 54 58 52 57 53 51 59 56 62 60 68 67 64 66 63 61 65 73 72 76 75 71 70 77 74 69  5  2 79  4 80 78  3  1 81
 34 35 39 41 36 33 40 37 38 46 49 50 43 45 47 42 48 44 51 59 54 56 57 52 55 58 53 65 63 61 67 62 60 68 66 64 72 69 75 76 74 73 71 70 77  1 81  4 79  3 80 78  5  2  8  6 14 13 10 12  9  7 11 19 18 22 21 17 16 23 20 15 32 29 25 31 26 24 30 28 27
 52 53 57 59 54 51 58 55 56 64 67 68 61 63 65 60 66 62 69 77 72 74 75 70 73 76 71  2 81 79  4 80 78  5  3  1  9  6 12 13 11 10  8  7 14 19 18 22 16 21 17 15 23 20 26 24 32 31 28 30 27 25 29 37 36 40 39 35 34 41 38 33 50 47 43 49 44 42 48 46 45
 25 26 30 32 27 24 31 28 29 37 40 41 34 36 38 33 39 35 42 50 45 47 48 43 46 49 44 56 54 52 58 53 51 59 57 55 63 60 66 67 65 64 62 61 68 73 72 76 70 75 71 69 77 74 80 78  5  4  1  3 81 79  2 10  9 13 12  8  7 14 11  6 23 20 16 22 17 15 21 19 18
 70 71 75 77 72 69 76 73 74  1  4  5 79 81  2 78  3 80  6 14  9 11 12  7 10 13  8 20 18 16 22 17 15 23 21 19 27 24 30 31 29 28 26 25 32 37 36 40 34 39 35 33 41 38 44 42 50 49 46 48 45 43 47 55 54 58 57 53 52 59 56 51 68 65 61 67 62 60 66 64 63
 61 62 66 68 63 60 67 64 65 73 76 77 70 72 74 69 75 71 78  5 81  2  3 79  1  4 80 11  9  7 13  8  6 14 12 10 18 15 21 22 20 19 17 16 23 28 27 31 25 30 26 24 32 29 35 33 41 40 37 39 36 34 38 46 45 49 48 44 43 50 47 42 59 56 52 58 53 51 57 55 54
 16 17 21 23 18 15 22 19 20 28 31 32 25 27 29 24 30 26 33 41 36 38 39 34 37 40 35 47 45 43 49 44 42 50 48 46 54 51 57 58 56 55 53 52 59 64 63 67 61 66 62 60 68 65 71 69 77 76 73 75 72 70 74  1 81  4  3 80 79  5  2 78 14 11  7 13  8  6 12 10  9
 53 54 58 60 55 52 59 56 57 65 68 69 62 64 66 61 67 63 70 78 73 75 76 71 74 77 72  3  1 80  5 81 79  6  4  2 10  7 13 14 12 11  9  8 15 20 19 23 17 22 18 16 24 21 27 25 33 32 29 31 28 26 30 38 37 41 40 36 35 42 39 34 51 48 44 50 45 43 49 47 46
 62 63 67 69 64 61 68 65 66 74 77 78 71 73 75 70 76 72 79  6  1  3  4 80  2  5 81 12 10  8 14  9  7 15 13 11 19 16 22 23 21 20 18 17 24 29 28 32 26 31 27 25 33 30 36 34 42 41 38 40 37 35 39 47 46 50 49 45 44 51 48 43 60 57 53 59 54 52 58 56 55
 17 18 22 24 19 16 23 20 21 29 32 33 26 28 30 25 31 27 34 42 37 39 40 35 38 41 36 48 46 44 50 45 43 51 49 47 55 52 58 59 57 56 54 53 60 65 64 68 62 67 63 61 69 66 72 70 78 77 74 76 73 71 75  2  1  5  4 81 80  6  3 79 15 12  8 14  9  7 13 11 10
 35 36 40 42 37 34 41 38 39 47 50 51 44 46 48 43 49 45 52 60 55 57 58 53 56 59 54 66 64 62 68 63 61 69 67 65 73 70 76 77 75 74 72 71 78  2  1  5 80  4 81 79  6  3  9  7 15 14 11 13 10  8 12 20 19 23 22 18 17 24 21 16 33 30 26 32 27 25 31 29 28
 26 27 31 33 28 25 32 29 30 38 41 42 35 37 39 34 40 36 43 51 46 48 49 44 47 50 45 57 55 53 59 54 52 60 58 56 64 61 67 68 66 65 63 62 69 74 73 77 71 76 72 70 78 75 81 79  6  5  2  4  1 80  3 11 10 14 13  9  8 15 12  7 24 21 17 23 18 16 22 20 19
  8  9 13 15 10  7 14 11 12 20 23 24 17 19 21 16 22 18 25 33 28 30 31 26 29 32 27 39 37 35 41 36 34 42 40 38 46 43 49 50 48 47 45 44 51 56 55 59 53 58 54 52 60 57 63 61 69 68 65 67 64 62 66 74 73 77 76 72 71 78 75 70  6  3 80  5 81 79  4  2  1
 80 81  4  6  1 79  5  2  3 11 14 15  8 10 12  7 13  9 16 24 19 21 22 17 20 23 18 30 28 26 32 27 25 33 31 29 37 34 40 41 39 38 36 35 42 47 46 50 44 49 45 43 51 48 54 52 60 59 56 58 55 53 57 65 64 68 67 63 62 69 66 61 78 75 71 77 72 70 76 74 73
 71 72 76 78 73 70 77 74 75  2  5  6 80  1  3 79  4 81  7 15 10 12 13  8 11 14  9 21 19 17 23 18 16 24 22 20 28 25 31 32 30 29 27 26 33 38 37 41 35 40 36 34 42 39 45 43 51 50 47 49 46 44 48 56 55 59 58 54 53 60 57 52 69 66 62 68 63 61 67 65 64
 44 45 49 51 46 43 50 47 48 56 59 60 53 55 57 52 58 54 61 69 64 66 67 62 65 68 63 75 73 71 77 72 70 78 76 74  1 79  4  5  3  2 81 80  6 11 10 14  8 13  9  7 15 12 18 16 24 23 20 22 19 17 21 29 28 32 31 27 26 33 30 25 42 39 35 41 36 34 40 38 37
 36 37 41 43 38 35 42 39 40 48 51 52 45 47 49 44 50 46 53 61 56 58 59 54 57 60 55 67 65 63 69 64 62 70 68 66 74 71 77 78 76 75 73 72 79  3  2  6 81  5  1 80  7  4 10  8 16 15 12 14 11  9 13 21 20 24 23 19 18 25 22 17 34 31 27 33 28 26 32 30 29
 81  1  5  7  2 80  6  3  4 12 15 16  9 11 13  8 14 10 17 25 20 22 23 18 21 24 19 31 29 27 33 28 26 34 32 30 38 35 41 42 40 39 37 36 43 48 47 51 45 50 46 44 52 49 55 53 61 60 57 59 56 54 58 66 65 69 68 64 63 70 67 62 79 76 72 78 73 71 77 75 74
 45 46 50 52 47 44 51 48 49 57 60 61 54 56 58 53 59 55 62 70 65 67 68 63 66 69 64 76 74 72 78 73 71 79 77 75  2 80  5  6  4  3  1 81  7 12 11 15  9 14 10  8 16 13 19 17 25 24 21 23 20 18 22 30 29 33 32 28 27 34 31 26 43 40 36 42 37 35 41 39 38
 72 73 77 79 74 71 78 75 76  3  6  7 81  2  4 80  5  1  8 16 11 13 14  9 12 15 10 22 20 18 24 19 17 25 23 21 29 26 32 33 31 30 28 27 34 39 38 42 36 41 37 35 43 40 46 44 52 51 48 50 47 45 49 57 56 60 59 55 54 61 58 53 70 67 63 69 64 62 68 66 65
  9 10 14 16 11  8 15 12 13 21 24 25 18 20 22 17 23 19 26 34 29 31 32 27 30 33 28 40 38 36 42 37 35 43 41 39 47 44 50 51 49 48 46 45 52 57 56 60 54 59 55 53 61 58 64 62 70 69 66 68 65 63 67 75 74 78 77 73 72 79 76 71  7  4 81  6  1 80  5  3  2
 54 55 59 61 56 53 60 57 58 66 69 70 63 65 67 62 68 64 71 79 74 76 77 72 75 78 73  4  2 81  6  1 80  7  5  3 11  8 14 15 13 12 10  9 16 21 20 24 18 23 19 17 25 22 28 26 34 33 30 32 29 27 31 39 38 42 41 37 36 43 40 35 52 49 45 51 46 44 50 48 47
 18 19 23 25 20 17 24 21 22 30 33 34 27 29 31 26 32 28 35 43 38 40 41 36 39 42 37 49 47 45 51 46 44 52 50 48 56 53 59 60 58 57 55 54 61 66 65 69 63 68 64 62 70 67 73 71 79 78 75 77 74 72 76  3  2  6  5  1 81  7  4 80 16 13  9 15 10  8 14 12 11
 27 28 32 34 29 26 33 30 31 39 42 43 36 38 40 35 41 37 44 52 47 49 50 45 48 51 46 58 56 54 60 55 53 61 59 57 65 62 68 69 67 66 64 63 70 75 74 78 72 77 73 71 79 76  1 80  7  6  3  5  2 81  4 12 11 15 14 10  9 16 13  8 25 22 18 24 19 17 23 21 20
 63 64 68 70 65 62 69 66 67 75 78 79 72 74 76 71 77 73 80  7  2  4  5 81  3  6  1 13 11  9 15 10  8 16 14 12 20 17 23 24 22 21 19 18 25 30 29 33 27 32 28 26 34 31 37 35 43 42 39 41 38 36 40 48 47 51 50 46 45 52 49 44 61 58 54 60 55 53 59 57 56
  1  2  6  8  3 81  7  4  5 13 16 17 10 12 14  9 15 11 18 26 21 23 24 19 22 25 20 32 30 28 34 29 27 35 33 31 39 36 42 43 41 40 38 37 44 49 48 52 46 51 47 45 53 50 56 54 62 61 58 60 57 55 59 67 66 70 69 65 64 71 68 63 80 77 73 79 74 72 78 76 75
 19 20 24 26 21 18 25 22 23 31 34 35 28 30 32 27 33 29 36 44 39 41 42 37 40 43 38 50 48 46 52 47 45 53 51 49 57 54 60 61 59 58 56 55 62 67 66 70 64 69 65 63 71 68 74 72 80 79 76 78 75 73 77  4  3  7  6  2  1  8  5 81 17 14 10 16 11  9 15 13 12
 10 11 15 17 12  9 16 13 14 22 25 26 19 21 23 18 24 20 27 35 30 32 33 28 31 34 29 41 39 37 43 38 36 44 42 40 48 45 51 52 50 49 47 46 53 58 57 61 55 60 56 54 62 59 65 63 71 70 67 69 66 64 68 76 75 79 78 74 73 80 77 72  8  5  1  7  2 81  6  4  3
 64 65 69 71 66 63 70 67 68 76 79 80 73 75 77 72 78 74 81  8  3  5  6  1  4  7  2 14 12 10 16 11  9 17 15 13 21 18 24 25 23 22 20 19 26 31 30 34 28 33 29 27 35 32 38 36 44 43 40 42 39 37 41 49 48 52 51 47 46 53 50 45 62 59 55 61 56 54 60 58 57
 55 56 60 62 57 54 61 58 59 67 70 71 64 66 68 63 69 65 72 80 75 77 78 73 76 79 74  5  3  1  7  2 81  8  6  4 12  9 15 16 14 13 11 10 17 22 21 25 19 24 20 18 26 23 29 27 35 34 31 33 30 28 32 40 39 43 42 38 37 44 41 36 53 50 46 52 47 45 51 49 48
 46 47 51 53 48 45 52 49 50 58 61 62 55 57 59 54 60 56 63 71 66 68 69 64 67 70 65 77 75 73 79 74 72 80 78 76  3 81  6  7  5  4  2  1  8 13 12 16 10 15 11  9 17 14 20 18 26 25 22 24 21 19 23 31 30 34 33 29 28 35 32 27 44 41 37 43 38 36 42 40 39
 37 38 42 44 39 36 43 40 41 49 52 53 46 48 50 45 51 47 54 62 57 59 60 55 58 61 56 68 66 64 70 65 63 71 69 67 75 72 78 79 77 76 74 73 80  4  3  7  1  6  2 81  8  5 11  9 17 16 13 15 12 10 14 22 21 25 24 20 19 26 23 18 35 32 28 34 29 27 33 31 30
 28 29 33 35 30 27 34 31 32 40 43 44 37 39 41 36 42 38 45 53 48 50 51 46 49 52 47 59 57 55 61 56 54 62 60 58 66 63 69 70 68 67 65 64 71 76 75 79 73 78 74 72 80 77  2 81  8  7  4  6  3  1  5 13 12 16 15 11 10 17 14  9 26 23 19 25 20 18 24 22 21
 73 74 78 80 75 72 79 76 77  4  7  8  1  3  5 81  6  2  9 17 12 14 15 10 13 16 11 23 21 19 25 20 18 26 24 22 30 27 33 34 32 31 29 28 35 40 39 43 37 42 38 36 44 41 47 45 53 52 49 51 48 46 50 58 57 61 60 56 55 62 59 54 71 68 64 70 65 63 69 67 66
