  1 18 23 15 25  5 24 20 14 11 17 19 12  7  2 16  8  4 10  6 21  9 22 13  3
 19 12  7 17  2  4 16 10  8  6 22 21  9 13  3 25 18  1 15 23 20 24 14  5 11
  8  6 10 16  4 22 13  9  3 21 25 18 23 15  1  5 11 14 24 20 12  7  2 17 19
  3 21  9 13 22 25 15 23  1 18  5 11 20 24 14 17 19  2  7 12  6 10  4 16  8
 11 20 24  5 14  2 17  7 19 12  4  6 10 16  8 22 21  3 13  9 23 15  1 25 18
 22  3 21  9 13 15 23 18 25  1 24 14 11 20  5  7  2 17 12 19  8  6 16 10  4
 14 11 20 24  5 17  7 12  2 19 16  8  6 10  4 13  3 22  9 21 18 23 25 15  1
  2 19 12  7 17 16 10  6  4  8 13  3 21  9 22 15  1 25 23 18 11 20  5 24 14
 25  1 18 23 15 24 20 11  5 14  7  2 19 12 17 10  4 16  6  8  3 21 13  9 22
  4  8  6 10 16 13  9 21 22  3 15  1 18 23 25 24 14  5 20 11 19 12 17  7  2
 15 25  1 18 23 20 11 14 24  5 12 17  2 19  7  6 16 10  8  4 22  3  9 21 13
  5 14 11 20 24  7 12 19 17  2 10  4  8  6 16  9 22 13 21  3  1 18 15 23 25
 17  2 19 12  7 10  6  8 16  4  9 22  3 21 13 23 25 15 18  1 14 11 24 20  5
 16  4  8  6 10  9 21  3 13 22 23 25  1 18 15 20  5 24 11 14  2 19  7 12 17
 13 22  3 21  9 23 18  1 15 25 20  5 14 11 24 12 17  7 19  2  4  8 10  6 16
  7 17  2 19 12  6  8  4 10 16 21 13 22  3  9 18 15 23  1 25  5 14 20 11 24
 24  5 14 11 20 12 19  2  7 17  6 16  4  8 10 21 13  9  3 22 25  1 23 18 15
 10 16  4  8  6 21  3 22  9 13 18 15 25  1 23 11 24 20 14  5 17  2 12 19  7
  9 13 22  3 21 18  1 25 23 15 11 24  5 14 20 19  7 12  2 17 16  4  6  8 10
 23 15 25  1 18 11 14  5 20 24 19  7 17  2 12  8 10  6  4 16 13 22 21  3  9
 20 24  5 14 11 19  2 17 12  7  8 10 16  4  6  3  9 21 22 13 15 25 18  1 23
 12  7 17  2 19  8  4 16  6 10  3  9 13 22 21  1 23 18 25 15 24  5 11 14 20
  6 10 16  4  8  3 22 13 21  9  1 23 15 25 18 14 20 11  5 24  7 17 19  2 12
 18 23 15 25  1 14  5 24 11 20  2 12  7 17 19  4  6  8 16 10  9 13  3 22 21
 21  9 13 22  3  1 25 15 18 23 14 20 24  5 11  2 12 19 17  7 10 16  8  4  6
