 12  7  2 19 17  4  6 16  8 10  3 13 22 21  9 25 23 15  1 18 20 14  5 24 11
 20 24 14 11  5  2 12 17 19  7  8 16  4  6 10 22  9 13  3 21 23  1 25 15 18
 18 23 25  1 15  5 11 24 14 20  2  7 17 19 12 16  6 10  4  8 21 22 13  9  3
  6 10  4  8 16 22 21 13  3  9  1 15 25 18 23  5 20 24 14 11 12  2 17  7 19
 21  9 22  3 13 25 18 15  1 23 14 24  5 11 20 17 12  7  2 19  6  4 16 10  8
  8  6 16  4 10 13  3  9 22 21 25 23 15  1 18 24 11 20  5 14 19 17  7 12  2
 11 20  5 14 24 17 19  7  2 12  4 10 16  8  6 13 21  9 22  3 18 25 15 23  1
  1 18 15 25 23 24 14 20  5 11 17 12  7  2 19 10  8  6 16  4  3 13  9 21 22
 19 12 17  2  7 16  8 10  4  6 22  9 13  3 21 15 18 23 25  1 11  5 24 20 14
  3 21 13 22  9 15  1 23 25 18  5 20 24 14 11  7 19 12 17  2  8 16 10  6  4
 22  3  9 13 21 23 25 18 15  1 24 11 20  5 14 12  2 19  7 17  4 10  6  8 16
  2 19  7 17 12 10  4  6 16  8 13 21  9 22  3 23  1 18 15 25 14 24 20 11  5
 25  1 23 15 18 20  5 11 24 14  7 19 12 17  2  6  4  8 10 16 22  9 21  3 13
 14 11 24  5 20  7  2 12 17 19 16  6 10  4  8  9  3 21 13 22  1 15 23 18 25
  4  8 10 16  6  9 22 21 13  3 15 18 23 25  1 20 14 11 24  5  2  7 12 19 17
  5 14 20 24 11 12 17 19  7  2 10  8  6 16  4 21 22  3  9 13 25 23 18  1 15
 13 22 21  9  3 18 15  1 23 25 20 14 11 24  5 19 17  2 12  7 16  6  8  4 10
 17  2 12  7 19  6 16  8 10  4  9  3 21 13 22 18 25  1 23 15  5 20 11 14 24
 15 25 18 23  1 11 24 14 20  5 12  2 19  7 17  8 16  4  6 10 13 21  3 22  9
 16  4  6 10  8 21 13  3  9 22 23  1 18 15 25 11  5 14 20 24 17 12 19  2  7
 23 15  1 18 25 14 20  5 11 24 19 17  2 12  7  4 10 16  8  6  9  3 22 13 21
 24  5 11 20 14 19  7  2 12 17  6  4  8 10 16  3 13 22 21  9 15 18  1 25 23
  7 17 19 12  2  8 10  4  6 16 21 22  3  9 13  1 15 25 18 23 24 11 14  5 20
  9 13  3 21 22  1 23 25 18 15 11  5 14 20 24  2  7 17 19 12 10  8  4 16  6
 10 16  8  6  4  3  9 22 21 13 18 25  1 23 15 14 24  5 11 20  7 19  2 17 12
