 10  6  8 16  4 22  3  9 13 21 15 23 18 25  1 14 24  5 20 11  7  2 19 17 12
 23 18  1 15 25  5 14 20 24 11  7 12 19 17  2  4 10 16  6  8  9 22  3 13 21
 24 20 11  5 14  2 19  7 17 12 16 10  6  4  8  3 13 22  9 21 15  1 18 25 23
  7 12 19 17  2  4  8 10 16  6 13  9 21 22  3  1 15 25 23 18 24 14 11  5 20
  9 21  3 13 22 25  1 23 15 18 24 20 11  5 14  2  7 17 12 19 10  4  8 16  6
  6  8  4 10 16 13 22 21  9  3 23 18  1 15 25  5 20 24 11 14 12 17  2  7 19
 21  3 22  9 13 15 25 18 23  1 20 11 14 24  5 17 12  7 19  2  6 16  4 10  8
 12 19  2  7 17 16  4  6 10  8  9 21  3 13 22 25 23 15 18  1 20  5 14 24 11
 20 11 14 24  5 17  2 12  7 19 10  6  8 16  4 22  9 13 21  3 23 25  1 15 18
 18  1 25 23 15 24  5 11 20 14 12 19  2  7 17 16  6 10  8  4 21 13 22  9  3
  8  4 16  6 10  9 13  3 21 22 18  1 25 23 15 24 11 20 14  5 19  7 17 12  2
  3 22 13 21  9 23 15  1 18 25 11 14  5 20 24  7 19 12  2 17  8 10 16  6  4
 11 14  5 20 24  7 17 19 12  2  6  8  4 10 16 13 21  9  3 22 18 15 25 23  1
  1 25 15 18 23 20 24 14 11  5 19  2 17 12  7 10  8  6  4 16  3  9 13 21 22
 19  2 17 12  7 10 16  8  6  4 21  3 22  9 13 15 18 23  1 25 11 24  5 20 14
  2 17  7 19 12  6 10  4  8 16  3 22 13 21  9 23  1 18 25 15 14 20 24 11  5
 14  5 24 11 20 12  7  2 19 17  8  4 16  6 10  9  3 21 22 13  1 23 15 18 25
  4 16 10  8  6 21  9 22  3 13  1 25 15 18 23 20 14 11  5 24  2 12  7 19 17
 25 15 23  1 18 11 20  5 14 24  2 17  7 19 12  6  4  8 16 10 22 21  9  3 13
 22 13  9  3 21 18 23 25  1 15 14  5 24 11 20 12  2 19 17  7  4  6 10  8 16
 13  9 21 22  3  1 18 15 25 23  5 24 20 14 11 19 17  2  7 12 16  8  6  4 10
 16 10  6  4  8  3 21 13 22  9 25 15 23  1 18 11  5 14 24 20 17 19 12  2  7
 17  7 12  2 19  8  6 16  4 10 22 13  9  3 21 18 25  1 15 23  5 11 20 14 24
  5 24 20 14 11 19 12 17  2  7  4 16 10  8  6 21 22  3 13  9 25 18 23  1 15
 15 23 18 25  1 14 11 24  5 20 17  7 12  2 19  8 16  4 10  6 13  3 21 22  9
