 22 13 21  3  9 15 18 25  1 23 11  5 20 14 24  2 17 19 12  7 10  4  6 16  8
  4 16  6  8 10 13 21 22  3  9 18 25 23  1 15 14  5 11 20 24  7  2 12 17 19
 25 15 18  1 23 24 11  5 14 20 19 17 12  2  7  4 16  8  6 10  9 22 21 13  3
 14  5 20 11 24 17 12  2 19  7  6  4 10  8 16  3 22 21  9 13 15  1 23 25 18
  2 17 12 19  7 16  6  4  8 10 21 22  9  3 13  1 25 18 23 15 24 14 20  5 11
 16 10  8  4  6  9  3 13 22 21  1 15 18 25 23  5 24 14 11 20 12 17 19  7  2
 13  9  3 22 21 23  1 15 25 18 14 24 11  5 20 17  7  2 19 12  6 16  8 10  4
 17  7 19  2 12 10  8 16  4  6  3 13 21 22  9 25 15  1 18 23 20  5 11 24 14
 15 23  1 25 18 20 14 24  5 11  2  7 19 17 12 16 10  4  8  6 21 13  3  9 22
  5 24 11 14 20  7 19 17  2 12  8 16  6  4 10 22 13  3 21  9 23 25 18 15  1
 10  6  4 16  8 21 22  9 13  3 25 23  1 15 18 24 20  5 14 11 19  7  2 12 17
  7 12  2 17 19  6  4 10 16  8 22  9  3 13 21 15 23 25  1 18 11 24 14 20  5
 23 18 25 15  1 11  5 20 24 14 17 12  2  7 19 10  6 16  4  8  3  9 22 21 13
 24 20 14  5 11 12  2  7 17 19  4 10  8 16  6 13  9 22  3 21 18 15  1 23 25
  9 21 22 13  3 18 25 23 15  1  5 20 14 24 11  7 12 17  2 19  8 10  4  6 16
  6  8 16 10  4  3 13 21  9 22 15 18 25 23  1 20 11 24  5 14  2 12 17 19  7
 12 19 17  7  2  8 16  6 10  4 13 21 22  9  3 23 18 15 25  1 14 20  5 11 24
 18  1 15 23 25 14 24 11 20  5  7 19 17 12  2  6  8 10 16  4 22 21 13  3  9
 21  3 13  9 22  1 15 18 23 25 24 11  5 20 14 12 19  7 17  2  4  6 16  8 10
 20 11  5 24 14 19 17 12  7  2 16  6  4 10  8  9 21 13 22  3  1 23 25 18 15
  8  4 10  6 16 22  9  3 21 13 23  1 15 18 25 11 14 20 24  5 17 19  7  2 12
  1 25 23 18 15  5 20 14 11 24 12  2  7 19 17  8  4  6 10 16 13  3  9 22 21
 11 14 24 20  5  2  7 19 12 17 10  8 16  6  4 21  3  9 13 22 25 18 15  1 23
 19  2  7 12 17  4 10  8  6 16  9  3 13 21 22 18  1 23 15 25  5 11 24 14 20
  3 22  9 21 13 25 23  1 18 15 20 14 24 11  5 19  2 12  7 17 16  8 10  4  6
