 21  9  3 22 13 15  1 25 18 23  5 14 11 24 20  2 19 12 17  7  6  4 10  8 16
 18 23  1 25 15 24 14  5 11 20 17  2 19  7 12  4  8  6 16 10 21 22  9  3 13
 20 24 11 14  5 17 19  2 12  7  4  8  6 16 10  3 21  9 22 13 23  1 15 18 25
 12  7 19  2 17 16  8  4  6 10 22  3 21 13  9  1 18 23 25 15 20 14 24 11  5
  6 10  8  4 16 13  3 22 21  9 25  1 18 15 23 14 11 20  5 24 12  2  7 19 17
  8  6  4 16 10  9 22 13  3 21 15 25  1 23 18  5 14 11 24 20 19 17 12  2  7
 11 20 14  5 24  7  2 17 19 12 16  4  8 10  6 22  3 21 13  9 18 25 23  1 15
 19 12  2 17  7 10  4 16  8  6 13 22  3  9 21 25  1 18 15 23 11  5 20 14 24
  1 18 25 15 23 20  5 24 14 11  7 17  2 12 19 16  4  8 10  6  3 13 21 22  9
  3 21 22 13  9 23 25 15  1 18 24  5 14 20 11 17  2 19  7 12  8 16  6  4 10
 25  1 15 23 18 11 24 20  5 14 12  7 17 19  2 10 16  4  6  8 22  9  3 13 21
  2 19 17  7 12  6 16 10  4  8  9 13 22 21  3 15 25  1 23 18 14 24 11  5 20
 14 11  5 24 20 12 17  7  2 19 10 16  4  6  8 13 22  3  9 21  1 15 18 25 23
 22  3 13  9 21 18 15 23 25  1 20 24  5 11 14  7 17  2 12 19  4 10  8 16  6
  4  8 16 10  6 21 13  9 22  3 23 15 25 18  1 24  5 14 20 11  2  7 19 17 12
 17  2  7 12 19  8 10  6 16  4 21  9 13  3 22 23 15 25 18  1  5 20 14 24 11
 16  4 10  6  8  3  9 21 13 22 18 23 15  1 25 20 24  5 11 14 17 12  2  7 19
 13 22  9 21  3  1 23 18 15 25 11 20 24 14  5 12  7 17 19  2 16  6  4 10  8
 15 25 23 18  1 14 20 11 24  5 19 12  7  2 17  6 10 16  8  4 13 21 22  9  3
  5 14 24 20 11 19  7 12 17  2  6 10 16  8  4  9 13 22 21  3 25 23  1 15 18
 10 16  6  8  4 22 21  3  9 13  1 18 23 25 15 11 20 24 14  5  7 19 17 12  2
  9 13 21  3 22 25 18  1 23 15 14 11 20  5 24 19 12  7  2 17 10  8 16  6  4
  7 17 12 19  2  4  6  8 10 16  3 21  9 22 13 18 23 15  1 25 24 11  5 20 14
 24  5 20 11 14  2 12 19  7 17  8  6 10  4 16 21  9 13  3 22 15 18 25 23  1
 23 15 18  1 25  5 11 14 20 24  2 19 12 17  7  8  6 10  4 16  9  3 13 21 22
