  5 24 20 11 14 19  7 17 12  2 16  6 10  4  8 13  9 22  3 21 18 15 25  1 23
 15 23 18  1 25 14 20 24 11  5  7 19 12 17  2 10  6 16  4  8  3  9 13 22 21
 16 10  6  8  4  3  9 13 21 22 15 18 23 25  1 24 20  5 14 11 19  7 17  2 12
 13  9 21  3 22  1 23 15 18 25 24 11 20  5 14  7 12 17  2 19  8 10 16  4  6
 17  7 12 19  2  8 10 16  6  4 13 21  9 22  3 15 23 25  1 18 11 24  5 14 20
 23 18  1 25 15  5 11 20 14 24 12  2 19  7 17  6  8 10 16  4 22 21  9 13  3
  7 12 19  2 17  4  6 10  8 16  9  3 21 13 22 23 18 15 25  1 14 20 24  5 11
 24 20 11 14  5  2 12  7 19 17 10  8  6 16  4  9 21 13 22  3  1 23 15 25 18
  9 21  3 22 13 25 18 23  1 15 20 14 11 24  5 12 19  7 17  2  4  6 10 16  8
 10  6  8  4 16 22 21  9  3 13 23  1 18 15 25 20 11 24  5 14  2 12  7 17 19
 12 19  2 17  7 16  8  6  4 10 21 22  3  9 13 18  1 23 15 25  5 11 20 24 14
  6  8  4 16 10 13  3 21 22  9 18 25  1 23 15 11 14 20 24  5 17 19 12  7  2
 18  1 25 15 23 24 14 11  5 20 19 17  2 12  7  8  4  6 10 16 13  3 21  9 22
 20 11 14  5 24 17 19 12  2  7  6  4  8 10 16 21  3  9 13 22 25 18 23 15  1
 21  3 22 13  9 15  1 18 25 23 11  5 14 20 24 19  2 12  7 17 16  8  6 10  4
 19  2 17  7 12 10  4  8 16  6  3 13 22 21  9  1 25 18 23 15 24 14 11 20  5
  3 22 13  9 21 23 25  1 15 18 14 24  5 11 20  2 17 19 12  7 10  4  8  6 16
  8  4 16 10  6  9 22  3 13 21  1 15 25 18 23 14  5 11 20 24  7  2 19 12 17
  1 25 15 23 18 20  5 14 24 11  2  7 17 19 12  4 16  8  6 10  9 22  3 21 13
 11 14  5 24 20  7  2 19 17 12  8 16  4  6 10  3 22 21  9 13 15  1 18 23 25
 14  5 24 20 11 12 17  2  7 19  4 10 16  8  6 22 13  3 21  9 23 25  1 18 15
 22 13  9 21  3 18 15 25 23  1  5 20 24 14 11 17  7  2 19 12  6 16  4  8 10
  2 17  7 12 19  6 16  4 10  8 22  9 13  3 21 25 15  1 18 23 20  5 14 11 24
  4 16 10  6  8 21 13 22  9  3 25 23 15  1 18  5 24 14 11 20 12 17  2 19  7
 25 15 23 18  1 11 24  5 20 14 17 12  7  2 19 16 10  4  8  6 21 13 22  3  9
