  3 13  9 21 22 18 15 23  1 25 11  5 14 20 24  7 12 19 17  2 16  4  8 10  6
 19 17  7 12  2  6 16 10  8  4 21 22  3  9 13 15 23 18 25  1  5 14 11 24 20
  1 15 23 18 25 11 24 20 14  5 19 17  2 12  7 10  6  8 16  4 13 22  3  9 21
 11  5 24 20 14 12 17  7 19  2  6  4  8 10 16 13  9 21 22  3 25  1 18 15 23
  8 16 10  6  4 21 13  9  3 22 18 25  1 23 15 24 20 11  5 14 17  2 19  7 12
  2  7 12 19 17  8 10  6  4 16  3 13 22 21  9 23 18  1 15 25 24  5 14 20 11
 25 23 18  1 15 14 20 11  5 24  2  7 17 19 12  6  8  4 10 16  9 13 22 21  3
  4 10  6  8 16  3  9 21 22 13  1 15 25 18 23 20 11 14 24  5  7 17  2 12 19
 22  9 21  3 13  1 23 18 25 15 14 24  5 11 20 12 19  2  7 17 10 16  4  6  8
 14 24 20 11  5 19  7 12  2 17  8 16  4  6 10  9 21  3 13 22 15 25  1 23 18
 17 12 19  2  7  4  6  8 16 10 22  9 13  3 21 18  1 25 23 15 20 24  5 11 14
 16  6  8  4 10 22 21  3 13  9 25 23 15  1 18 11 14  5 20 24 12  7 17 19  2
 15 18  1 25 23  5 11 14 24 20 17 12  7  2 19  8  4 16  6 10 21  9 13  3 22
 13 21  3 22  9 25 18  1 15 23  5 20 24 14 11 19  2 17 12  7  6 10 16  8  4
  5 20 11 14 24  2 12 19 17  7  4 10 16  8  6 21  3 22  9 13 23 15 25 18  1
 24 11 14  5 20 17 19  2  7 12 16  6 10  4  8  3 22 13 21  9 18 23 15  1 25
  9  3 22 13 21 15  1 25 23 18 24 11 20  5 14  2 17  7 19 12  8  6 10  4 16
  7 19  2 17 12 16  8  4 10  6 13 21  9 22  3  1 25 15 18 23 11 20 24 14  5
 10  8  4 16  6 13  3 22  9 21 15 18 23 25  1 14  5 24 11 20 19 12  7  2 17
 23  1 25 15 18 24 14  5 20 11  7 19 12 17  2  4 16 10  8  6  3 21  9 22 13
 21 22 13  9  3 23 25 15 18  1 20 14 11 24  5 17  7 12  2 19  4  8  6 16 10
 20 14  5 24 11  7  2 17 12 19 10  8  6 16  4 22 13  9  3 21  1 18 23 25 15
 12  2 17  7 19 10  4 16  6  8  9  3 21 13 22 25 15 23  1 18 14 11 20  5 24
 18 25 15 23  1 20  5 24 11 14 12  2 19  7 17 16 10  6  4  8 22  3 21 13  9
  6  4 16 10  8  9 22 13 21  3 23  1 18 15 25  5 24 20 14 11  2 19 12 17  7
