  8  4  6 16 10 13  3 22  9 21 23 18 25 15  1 14 11 24  5 20  2 17 19 12  7
  3 22 21 13  9 15  1 25 23 18 20 11  5 24 14  2 19  7 17 12  4 16  8  6 10
 19  2 12 17  7 16  8  4 10  6  9 21 22 13  3  1 18 15 25 23 14  5 11 20 24
  1 25 18 15 23 24 14  5 20 11 12 19 17  7  2  4  8 10 16  6 22 13  3 21  9
 11 14 20  5 24 17 19  2  7 12 10  6  4 16  8  3 21 13 22  9  1 25 18 23 15
  4 16  8 10  6  9 22 13 21  3 18  1 15 23 25  5 14 20 24 11 17  7  2 19 12
 22 13  3  9 21 23 25 15 18  1 11 14 24 20  5 17  2 12  7 19 16 10  4  8  6
  2 17 19  7 12 10  4 16  6  8 21  3 13  9 22 25  1 23 15 18  5 24 14 11 20
 25 15  1 23 18 20  5 24 11 14 19  2  7 12 17 16  4  6 10  8 13  9 22  3 21
 14  5 11 24 20  7  2 17 12 19  6  8 16 10  4 22  3  9 13 21 25 15  1 18 23
 17  7  2 12 19  6 16 10  8  4  3 22  9 21 13 15 25 18 23  1 24 20  5 14 11
 15 23 25 18  1 11 24 20 14  5  2 17 12 19  7 10 16  8  6  4  9 21 13 22  3
 13  9 22 21  3 18 15 23  1 25 14  5 20 11 24  7 17 19 12  2 10  6 16  4  8
 16 10  4  6  8 21 13  9  3 22  1 25 23 18 15 24  5 11 20 14  7 12 17  2 19
  5 24 14 20 11 12 17  7 19  2  8  4 10  6 16 13 22 21  9  3 15 23 25  1 18
 24 20  5 11 14 19  7 12  2 17  4 16  6  8 10  9 13  3 21 22 23 18 15 25  1
  7 12 17 19  2  8 10  6  4 16 22 13 21  3  9 23 15  1 18 25 20 11 24  5 14
 10  6 16  8  4  3  9 21 22 13 25 15 18  1 23 20 24 14 11  5 12 19  7 17  2
 23 18 15  1 25 14 20 11  5 24 17  7 19  2 12  6 10  4  8 16 21  3  9 13 22
  9 21 13  3 22  1 23 18 25 15  5 24 11 14 20 12  7  2 19 17  6  8 10 16  4
 18  1 23 25 15  5 11 14 24 20  7 12  2 17 19  8  6 16  4 10  3 22 21  9 13
  6  8 10  4 16 22 21  3 13  9 15 23  1 25 18 11 20  5 14 24 19  2 12  7 17
 20 11 24 14  5  2 12 19 17  7 16 10  8  4  6 21  9 22  3 13 18  1 23 15 25
 21  3  9 22 13 25 18  1 15 23 24 20 14  5 11 19 12 17  2  7  8  4  6 10 16
 12 19  7  2 17  4  6  8 16 10 13  9  3 22 21 18 23 25  1 15 11 14 20 24  5
