 17 19  7 12  2  8  6 10 16  4 21 13  9  3 22 15 18 23  1 25 11 20 14 24  5
 15  1 23 18 25 14 11 20 24  5 19  7 12  2 17 10  8  6  4 16  3 21 22  9 13
  5 11 24 20 14 19 12  7 17  2  6 16 10  8  4 13 21  9  3 22 18 23  1 15 25
 16  8 10  6  4  3 21  9 13 22 18 15 23  1 25 24 11 20 14  5 19 12  2  7 17
 13  3  9 21 22  1 18 23 15 25 11 24 20 14  5  7 19 12  2 17  8  6  4 10 16
 24 14 20 11  5  2 19 12  7 17  8 10  6  4 16  9  3 21 22 13  1 18 25 23 15
 23 25 18  1 15  5 14 11 20 24  2 12 19 17  7  6  4  8 16 10 22  3 13 21  9
  7  2 12 19 17  4  8  6 10 16  3  9 21 22 13 23  1 18 25 15 14 11  5 20 24
 10  4  6  8 16 22  3 21  9 13  1 23 18 25 15 20 14 11  5 24  2 19 17 12  7
  9 22 21  3 13 25  1 18 23 15 14 20 11  5 24 12  2 19 17  7  4  8 16  6 10
 21 13  3 22  9 15 25  1 18 23  5 11 14 24 20 19 17  2  7 12 16  4 10  8  6
  6 16  8  4 10 13 22  3 21  9 25 18  1 15 23 11  5 14 24 20 17  2  7 19 12
 20  5 11 14 24 17  2 19 12  7  4  6  8 16 10 21 22  3 13  9 25  1 15 18 23
 18 15  1 25 23 24  5 14 11 20 17 19  2  7 12  8 16  4 10  6 13 22  9  3 21
 12 17 19  2  7 16  4  8  6 10 22 21  3 13  9 18 25  1 15 23  5 14 24 11 20
  3  9 22 13 21 23 15 25  1 18 24 14  5 20 11  2  7 17 12 19 10 16  6  4  8
  8 10  4 16  6  9 13 22  3 21 15  1 25 23 18 14 24  5 20 11  7 17 12  2 19
 19  7  2 17 12 10 16  4  8  6 13  3 22  9 21  1 15 25 23 18 24  5 20 14 11
 11 24 14  5 20  7 17  2 19 12 16  8  4 10  6  3 13 22  9 21 15 25 23  1 18
  1 23 25 15 18 20 24  5 14 11  7  2 17 12 19  4 10 16  6  8  9 13 21 22  3
  2 12 17  7 19  6 10 16  4  8  9 22 13 21  3 25 23 15 18  1 20 24 11  5 14
 25 18 15 23  1 11 20 24  5 14 12 17  7 19  2 16  6 10  8  4 21  9  3 13 22
  4  6 16 10  8 21  9 13 22  3 23 25 15 18  1  5 20 24 11 14 12  7 19 17  2
 22 21 13  9  3 18 23 15 25  1 20  5 24 11 14 17 12  7 19  2  6 10  8 16  4
 14 20  5 24 11 12  7 17  2 19 10  4 16  6  8 22  9 13 21  3 23 15 18 25  1
