 20 11 24 14  5 19  7 17  2 12  8  6  4 10 16 22  3 21  9 13 15 23  1 25 18
 18  1 23 25 15 14 20 24  5 11  2 19 17 12  7 16  4  8  6 10  9 21 22 13  3
  6  8 10  4 16  3  9 13 22 21  1 18 25 23 15  5 14 11 20 24  7 12  2 17 19
 12 19  7  2 17  8 10 16  4  6  3 21 22  9 13 25  1 18 23 15 24 20 14  5 11
 21  3  9 22 13  1 23 15 25 18 14 11  5 20 24 17  2 19 12  7 10  6  4 16  8
 11 14 20  5 24  2 12  7 17 19  4  8 16  6 10 13 22  3 21  9 23 18 25 15  1
  8  4  6 16 10 22 21  9 13  3 25  1 15 18 23 24  5 14 11 20 12 19 17  7  2
  1 25 18 15 23  5 11 20 24 14 17  2  7 19 12 10 16  4  8  6 21  3 13  9 22
 19  2 12 17  7  4  6 10 16  8 22  3 13 21  9 15 25  1 18 23 20 11  5 24 14
  3 22 21 13  9 25 18 23 15  1  5 14 24 11 20  7 17  2 19 12  6  8 16 10  4
  4 16  8 10  6 13  3 21  9 22 15 25 23  1 18 20 24  5 14 11 19  2  7 12 17
  2 17 19  7 12 16  8  6 10  4 13 22  9  3 21 23 15 25  1 18 11 14 24 20  5
 22 13  3  9 21 15  1 18 23 25 24  5 20 14 11 12  7 17  2 19  8  4 10  6 16
 14  5 11 24 20 17 19 12  7  2 16  4 10  8  6  9 13 22  3 21 18  1 15 23 25
 25 15  1 23 18 24 14 11 20  5  7 17 12  2 19  6 10 16  4  8  3 22  9 21 13
 16 10  4  6  8  9 22  3 21 13 23 15 18 25  1 11 20 24  5 14  2 17 12 19  7
  5 24 14 20 11  7  2 19 12 17 10 16  6  4  8 21  9 13 22  3  1 25 23 18 15
 17  7  2 12 19 10  4  8  6 16  9 13 21 22  3 18 23 15 25  1 14  5 20 11 24
 13  9 22 21  3 23 25  1 18 15 20 24 11  5 14 19 12  7 17  2  4 16  6  8 10
 15 23 25 18  1 20  5 14 11 24 12  7 19 17  2  8  6 10 16  4 22 13 21  3  9
 23 18 15  1 25 11 24  5 14 20 19 12  2  7 17  4  8  6 10 16 13  9  3 22 21
  9 21 13  3 22 18 15 25  1 23 11 20 14 24  5  2 19 12  7 17 16 10  8  4  6
 10  6 16  8  4 21 13 22  3  9 18 23  1 15 25 14 11 20 24  5 17  7 19  2 12
 24 20  5 11 14 12 17  2 19  7  6 10  8 16  4  3 21  9 13 22 25 15 18  1 23
  7 12 17 19  2  6 16  4  8 10 21  9  3 13 22  1 18 23 15 25  5 24 11 14 20
