 19 17 12  2  7 16  8  4  6 10 22 21 13  9  3 15  1 18 23 25 20  5 14 24 11
 11  5 20 14 24 17 19  2 12  7  4  6 16 10  8 13  3 21  9 22 23 25  1 15 18
  8 16  6  4 10 13  3 22 21  9 25 18 15 23  1 24 14 11 20  5 12 17  2  7 19
  3 13 21 22  9 15  1 25 18 23  5 11 24 20 14  7  2 19 12 17  6 16  4 10  8
  1 15 18 25 23 24 14  5 11 20 17 19  7 12  2 10  4  8  6 16 21 13 22  9  3
  2  7 19 17 12 10  4 16  8  6 13  3  9 21 22 23 25  1 18 15 11 24  5 20 14
  4 10  8 16  6  9 22 13  3 21 15  1 23 18 25 20  5 14 11 24 19  7 17 12  2
 14 24 11  5 20  7  2 17 19 12 16  8 10  6  4  9 22  3 21 13 18 15 25 23  1
 22  9  3 13 21 23 25 15  1 18 24 14 20 11  5 12 17  2 19  7  8 10 16  6  4
 25 23  1 15 18 20  5 24 14 11  7  2 12 19 17  6 16  4  8 10  3  9 13 21 22
 16  6  4 10  8 21 13  9 22  3 23 25 18  1 15 11 24  5 14 20  2 12  7 19 17
 17 12  2  7 19  6 16 10  4  8  9 22 21  3 13 18 15 25  1 23 14 20 24 11  5
 13 21 22  9  3 18 15 23 25  1 20  5 11 14 24 19  7 17  2 12  4  6 10  8 16
  5 20 14 24 11 12 17  7  2 19 10  4  6  8 16 21 13 22  3  9  1 23 15 18 25
 15 18 25 23  1 11 24 20  5 14 12 17 19  2  7  8 10 16  4  6 22 21  9  3 13
 10  8 16  6  4  3  9 21 13 22 18 15  1 25 23 14 20 24  5 11 17 19 12  2  7
  7 19 17 12  2  8 10  6 16  4 21 13  3 22  9  1 23 15 25 18  5 11 20 14 24
  9  3 13 21 22  1 23 18 15 25 11 24 14  5 20  2 12  7 17 19 16  8  6  4 10
 24 11  5 20 14 19  7 12 17  2  6 16  8  4 10  3  9 13 22 21 25 18 23  1 15
 23  1 15 18 25 14 20 11 24  5 19  7  2 17 12  4  6 10 16  8 13  3 21 22  9
 20 14 24 11  5  2 12 19  7 17  8 10  4 16  6 22 21  9 13  3 15  1 18 25 23
 18 25 23  1 15  5 11 14 20 24  2 12 17  7 19 16  8  6 10  4  9 22  3 13 21
 21 22  9  3 13 25 18  1 23 15 14 20  5 24 11 17 19 12  7  2 10  4  8 16  6
  6  4 10  8 16 22 21  3  9 13  1 23 25 15 18  5 11 20 24 14  7  2 19 17 12
 12  2  7 19 17  4  6  8 10 16  3  9 22 13 21 25 18 23 15  1 24 14 11  5 20
