 12 19  7 17  2  8  4 16  6 10 22  9 21  3 13 25  1 23 15 18 14 20 24  5 11
  6  8 10 16  4  3 22 13 21  9 25 23 18  1 15  5 14 20 24 11  2 12  7 17 19
 21  3  9 13 22  1 25 15 18 23  5 20 11 14 24 17  2 12  7 19  4  6 10 16  8
 18  1 23 15 25 14  5 24 11 20 17 12 19  2  7 16  4  6 10  8 22 21  9 13  3
 20 11 24  5 14 19  2 17 12  7  4 10  6  8 16 22  3  9 13 21  1 23 15 25 18
  8  4  6 10 16 22 13  9  3 21 15 18  1 25 23 24  5 11 20 14 17 19 12  7  2
  3 22 21  9 13 25 15 23  1 18 24 11 14  5 20  7 17 19 12  2 16  8  6 10  4
 11 14 20 24  5  2 17  7 19 12 16  6  8  4 10 13 22 21  9  3 25 18 23 15  1
 19  2 12  7 17  4 16 10  8  6 13 21  3 22  9 15 25 18 23  1  5 11 20 24 14
  1 25 18 23 15  5 24 20 14 11  7 19  2 17 12 10 16  8  6  4 13  3 21  9 22
 22 13  3 21  9 15 23 18 25  1 20 14  5 24 11 12  7  2 19 17 10  4  8  6 16
  4 16  8  6 10 13  9 21 22  3 23  1 25 15 18 20 24 14 11  5  7  2 19 12 17
 14  5 11 20 24 17  7 12  2 19 10  8  4 16  6  9 13  3 21 22 15  1 18 23 25
 25 15  1 18 23 24 20 11  5 14 12  2 17  7 19  6 10  4  8 16  9 22  3 21 13
  2 17 19 12  7 16 10  6  4  8  9  3 22 13 21 23 15  1 18 25 24 14 11 20  5
 15 23 25  1 18 20 11 14 24  5 19 17  7 12  2  8  6 16  4 10 21 13 22  3  9
 16 10  4  8  6  9 21  3 13 22 18 25 15 23  1 11 20  5 14 24 12 17  2 19  7
 17  7  2 19 12 10  6  8 16  4 21 22 13  9  3 18 23 25  1 15 20  5 14 11 24
  5 24 14 11 20  7 12 19 17  2  6  4 16 10  8 21  9 22  3 13 23 25  1 18 15
 13  9 22  3 21 23 18  1 15 25 11  5 24 20 14 19 12 17  2  7  6 16  4  8 10
 24 20  5 14 11 12 19  2  7 17  8 16 10  6  4  3 21 13 22  9 18 15 25  1 23
  7 12 17  2 19  6  8  4 10 16  3 13  9 21 22  1 18 15 25 23 11 24  5 14 20
 23 18 15 25  1 11 14  5 20 24  2  7 12 19 17  4  8 10 16  6  3  9 13 22 21
 10  6 16  4  8 21  3 22  9 13  1 15 23 18 25 14 11 24  5 20 19  7 17  2 12
  9 21 13 22  3 18  1 25 23 15 14 24 20 11  5  2 19  7 17 12  8 10 16  4  6
