 57 56 55 59 63 58 60 62 61 69 64 72 66 68 67 65 71 70 73 76 80 78 75 74 77 79 81  6  2  5  1  3  4  9  7  8 15 10 16 13 17 12 18 11 14 20 22 26 21 24 19 23 25 27 33 35 30 32 31 29 28 36 34 40 41 42 38 45 37 43 39 44 50 48 49 54 52 51 46 53 47
 12 11 10 14 18 13 15 17 16 24 19 27 21 23 22 20 26 25 28 31 35 33 30 29 32 34 36 42 38 41 37 39 40 45 43 44 51 46 52 49 53 48 54 47 50 56 58 62 57 60 55 59 61 63 69 71 66 68 67 65 64 72 70 76 77 78 74 81 73 79 75 80  5  3  4  9  7  6  1  8  2
 39 38 37 41 45 40 42 44 43 51 46 54 48 50 49 47 53 52 55 58 62 60 57 56 59 61 63 69 65 68 64 66 67 72 70 71 78 73 79 76 80 75 81 74 77  2  4  8  3  6  1  5  7  9 15 17 12 14 13 11 10 18 16 22 23 24 20 27 19 25 21 26 32 30 31 36 34 33 28 35 29
 75 74 73 77 81 76 78 80 79  6  1  9  3  5  4  2  8  7 10 13 17 15 12 11 14 16 18 24 20 23 19 21 22 27 25 26 33 28 34 31 35 30 36 29 32 38 40 44 39 42 37 41 43 45 51 53 48 50 49 47 46 54 52 58 59 60 56 63 55 61 57 62 68 66 67 72 70 69 64 71 65
  3  2  1  5  9  4  6  8  7 15 10 18 12 14 13 11 17 16 19 22 26 24 21 20 23 25 27 33 29 32 28 30 31 36 34 35 42 37 43 40 44 39 45 38 41 47 49 53 48 51 46 50 52 54 60 62 57 59 58 56 55 63 61 67 68 69 65 72 64 70 66 71 77 75 76 81 79 78 73 80 74
 66 65 64 68 72 67 69 71 70 78 73 81 75 77 76 74 80 79  1  4  8  6  3  2  5  7  9 15 11 14 10 12 13 18 16 17 24 19 25 22 26 21 27 20 23 29 31 35 30 33 28 32 34 36 42 44 39 41 40 38 37 45 43 49 50 51 47 54 46 52 48 53 59 57 58 63 61 60 55 62 56
 30 29 28 32 36 31 33 35 34 42 37 45 39 41 40 38 44 43 46 49 53 51 48 47 50 52 54 60 56 59 55 57 58 63 61 62 69 64 70 67 71 66 72 65 68 74 76 80 75 78 73 77 79 81  6  8  3  5  4  2  1  9  7 13 14 15 11 18 10 16 12 17 23 21 22 27 25 24 19 26 20
 21 20 19 23 27 22 24 26 25 33 28 36 30 32 31 29 35 34 37 40 44 42 39 38 41 43 45 51 47 50 46 48 49 54 52 53 60 55 61 58 62 57 63 56 59 65 67 71 66 69 64 68 70 72 78 80 75 77 76 74 73 81 79  4  5  6  2  9  1  7  3  8 14 12 13 18 16 15 10 17 11
 48 47 46 50 54 49 51 53 52 60 55 63 57 59 58 56 62 61 64 67 71 69 66 65 68 70 72 78 74 77 73 75 76 81 79 80  6  1  7  4  8  3  9  2  5 11 13 17 12 15 10 14 16 18 24 26 21 23 22 20 19 27 25 31 32 33 29 36 28 34 30 35 41 39 40 45 43 42 37 44 38
 22 21 20 24 28 23 25 27 26 34 29 37 31 33 32 30 36 35 38 41 45 43 40 39 42 44 46 52 48 51 47 49 50 55 53 54 61 56 62 59 63 58 64 57 60 66 68 72 67 70 65 69 71 73 79 81 76 78 77 75 74  1 80  5  6  7  3 10  2  8  4  9 15 13 14 19 17 16 11 18 12
 31 30 29 33 37 32 34 36 35 43 38 46 40 42 41 39 45 44 47 50 54 52 49 48 51 53 55 61 57 60 56 58 59 64 62 63 70 65 71 68 72 67 73 66 69 75 77 81 76 79 74 78 80  1  7  9  4  6  5  3  2 10  8 14 15 16 12 19 11 17 13 18 24 22 23 28 26 25 20 27 21
 67 66 65 69 73 68 70 72 71 79 74  1 76 78 77 75 81 80  2  5  9  7  4  3  6  8 10 16 12 15 11 13 14 19 17 18 25 20 26 23 27 22 28 21 24 30 32 36 31 34 29 33 35 37 43 45 40 42 41 39 38 46 44 50 51 52 48 55 47 53 49 54 60 58 59 64 62 61 56 63 57
  4  3  2  6 10  5  7  9  8 16 11 19 13 15 14 12 18 17 20 23 27 25 22 21 24 26 28 34 30 33 29 31 32 37 35 36 43 38 44 41 45 40 46 39 42 48 50 54 49 52 47 51 53 55 61 63 58 60 59 57 56 64 62 68 69 70 66 73 65 71 67 72 78 76 77  1 80 79 74 81 75
 40 39 38 42 46 41 43 45 44 52 47 55 49 51 50 48 54 53 56 59 63 61 58 57 60 62 64 70 66 69 65 67 68 73 71 72 79 74 80 77 81 76  1 75 78  3  5  9  4  7  2  6  8 10 16 18 13 15 14 12 11 19 17 23 24 25 21 28 20 26 22 27 33 31 32 37 35 34 29 36 30
 13 12 11 15 19 14 16 18 17 25 20 28 22 24 23 21 27 26 29 32 36 34 31 30 33 35 37 43 39 42 38 40 41 46 44 45 52 47 53 50 54 49 55 48 51 57 59 63 58 61 56 60 62 64 70 72 67 69 68 66 65 73 71 77 78 79 75  1 74 80 76 81  6  4  5 10  8  7  2  9  3
 58 57 56 60 64 59 61 63 62 70 65 73 67 69 68 66 72 71 74 77 81 79 76 75 78 80  1  7  3  6  2  4  5 10  8  9 16 11 17 14 18 13 19 12 15 21 23 27 22 25 20 24 26 28 34 36 31 33 32 30 29 37 35 41 42 43 39 46 38 44 40 45 51 49 50 55 53 52 47 54 48
 76 75 74 78  1 77 79 81 80  7  2 10  4  6  5  3  9  8 11 14 18 16 13 12 15 17 19 25 21 24 20 22 23 28 26 27 34 29 35 32 36 31 37 30 33 39 41 45 40 43 38 42 44 46 52 54 49 51 50 48 47 55 53 59 60 61 57 64 56 62 58 63 69 67 68 73 71 70 65 72 66
 49 48 47 51 55 50 52 54 53 61 56 64 58 60 59 57 63 62 65 68 72 70 67 66 69 71 73 79 75 78 74 76 77  1 80 81  7  2  8  5  9  4 10  3  6 12 14 18 13 16 11 15 17 19 25 27 22 24 23 21 20 28 26 32 33 34 30 37 29 35 31 36 42 40 41 46 44 43 38 45 39
 68 67 66 70 74 69 71 73 72 80 75  2 77 79 78 76  1 81  3  6 10  8  5  4  7  9 11 17 13 16 12 14 15 20 18 19 26 21 27 24 28 23 29 22 25 31 33 37 32 35 30 34 36 38 44 46 41 43 42 40 39 47 45 51 52 53 49 56 48 54 50 55 61 59 60 65 63 62 57 64 58
 41 40 39 43 47 42 44 46 45 53 48 56 50 52 51 49 55 54 57 60 64 62 59 58 61 63 65 71 67 70 66 68 69 74 72 73 80 75 81 78  1 77  2 76 79  4  6 10  5  8  3  7  9 11 17 19 14 16 15 13 12 20 18 24 25 26 22 29 21 27 23 28 34 32 33 38 36 35 30 37 31
 14 13 12 16 20 15 17 19 18 26 21 29 23 25 24 22 28 27 30 33 37 35 32 31 34 36 38 44 40 43 39 41 42 47 45 46 53 48 54 51 55 50 56 49 52 58 60 64 59 62 57 61 63 65 71 73 68 70 69 67 66 74 72 78 79 80 76  2 75 81 77  1  7  5  6 11  9  8  3 10  4
 50 49 48 52 56 51 53 55 54 62 57 65 59 61 60 58 64 63 66 69 73 71 68 67 70 72 74 80 76 79 75 77 78  2 81  1  8  3  9  6 10  5 11  4  7 13 15 19 14 17 12 16 18 20 26 28 23 25 24 22 21 29 27 33 34 35 31 38 30 36 32 37 43 41 42 47 45 44 39 46 40
 77 76 75 79  2 78 80  1 81  8  3 11  5  7  6  4 10  9 12 15 19 17 14 13 16 18 20 26 22 25 21 23 24 29 27 28 35 30 36 33 37 32 38 31 34 40 42 46 41 44 39 43 45 47 53 55 50 52 51 49 48 56 54 60 61 62 58 65 57 63 59 64 70 68 69 74 72 71 66 73 67
 23 22 21 25 29 24 26 28 27 35 30 38 32 34 33 31 37 36 39 42 46 44 41 40 43 45 47 53 49 52 48 50 51 56 54 55 62 57 63 60 64 59 65 58 61 67 69 73 68 71 66 70 72 74 80  1 77 79 78 76 75  2 81  6  7  8  4 11  3  9  5 10 16 14 15 20 18 17 12 19 13
 59 58 57 61 65 60 62 64 63 71 66 74 68 70 69 67 73 72 75 78  1 80 77 76 79 81  2  8  4  7  3  5  6 11  9 10 17 12 18 15 19 14 20 13 16 22 24 28 23 26 21 25 27 29 35 37 32 34 33 31 30 38 36 42 43 44 40 47 39 45 41 46 52 50 51 56 54 53 48 55 49
  5  4  3  7 11  6  8 10  9 17 12 20 14 16 15 13 19 18 21 24 28 26 23 22 25 27 29 35 31 34 30 32 33 38 36 37 44 39 45 42 46 41 47 40 43 49 51 55 50 53 48 52 54 56 62 64 59 61 60 58 57 65 63 69 70 71 67 74 66 72 68 73 79 77 78  2 81 80 75  1 76
 32 31 30 34 38 33 35 37 36 44 39 47 41 43 42 40 46 45 48 51 55 53 50 49 52 54 56 62 58 61 57 59 60 65 63 64 71 66 72 69 73 68 74 67 70 76 78  1 77 80 75 79 81  2  8 10  5  7  6  4  3 11  9 15 16 17 13 20 12 18 14 19 25 23 24 29 27 26 21 28 22
  6  5  4  8 12  7  9 11 10 18 13 21 15 17 16 14 20 19 22 25 29 27 24 23 26 28 30 36 32 35 31 33 34 39 37 38 45 40 46 43 47 42 48 41 44 50 52 56 51 54 49 53 55 57 63 65 60 62 61 59 58 66 64 70 71 72 68 75 67 73 69 74 80 78 79  3  1 81 76  2 77
 78 77 76 80  3 79 81  2  1  9  4 12  6  8  7  5 11 10 13 16 20 18 15 14 17 19 21 27 23 26 22 24 25 30 28 29 36 31 37 34 38 33 39 32 35 41 43 47 42 45 40 44 46 48 54 56 51 53 52 50 49 57 55 61 62 63 59 66 58 64 60 65 71 69 70 75 73 72 67 74 68
 42 41 40 44 48 43 45 47 46 54 49 57 51 53 52 50 56 55 58 61 65 63 60 59 62 64 66 72 68 71 67 69 70 75 73 74 81 76  1 79  2 78  3 77 80  5  7 11  6  9  4  8 10 12 18 20 15 17 16 14 13 21 19 25 26 27 23 30 22 28 24 29 35 33 34 39 37 36 31 38 32
 24 23 22 26 30 25 27 29 28 36 31 39 33 35 34 32 38 37 40 43 47 45 42 41 44 46 48 54 50 53 49 51 52 57 55 56 63 58 64 61 65 60 66 59 62 68 70 74 69 72 67 71 73 75 81  2 78 80 79 77 76  3  1  7  8  9  5 12  4 10  6 11 17 15 16 21 19 18 13 20 14
 60 59 58 62 66 61 63 65 64 72 67 75 69 71 70 68 74 73 76 79  2 81 78 77 80  1  3  9  5  8  4  6  7 12 10 11 18 13 19 16 20 15 21 14 17 23 25 29 24 27 22 26 28 30 36 38 33 35 34 32 31 39 37 43 44 45 41 48 40 46 42 47 53 51 52 57 55 54 49 56 50
 33 32 31 35 39 34 36 38 37 45 40 48 42 44 43 41 47 46 49 52 56 54 51 50 53 55 57 63 59 62 58 60 61 66 64 65 72 67 73 70 74 69 75 68 71 77 79  2 78 81 76 80  1  3  9 11  6  8  7  5  4 12 10 16 17 18 14 21 13 19 15 20 26 24 25 30 28 27 22 29 23
 69 68 67 71 75 70 72 74 73 81 76  3 78 80 79 77  2  1  4  7 11  9  6  5  8 10 12 18 14 17 13 15 16 21 19 20 27 22 28 25 29 24 30 23 26 32 34 38 33 36 31 35 37 39 45 47 42 44 43 41 40 48 46 52 53 54 50 57 49 55 51 56 62 60 61 66 64 63 58 65 59
 51 50 49 53 57 52 54 56 55 63 58 66 60 62 61 59 65 64 67 70 74 72 69 68 71 73 75 81 77 80 76 78 79  3  1  2  9  4 10  7 11  6 12  5  8 14 16 20 15 18 13 17 19 21 27 29 24 26 25 23 22 30 28 34 35 36 32 39 31 37 33 38 44 42 43 48 46 45 40 47 41
 15 14 13 17 21 16 18 20 19 27 22 30 24 26 25 23 29 28 31 34 38 36 33 32 35 37 39 45 41 44 40 42 43 48 46 47 54 49 55 52 56 51 57 50 53 59 61 65 60 63 58 62 64 66 72 74 69 71 70 68 67 75 73 79 80 81 77  3 76  1 78  2  8  6  7 12 10  9  4 11  5
 70 69 68 72 76 71 73 75 74  1 77  4 79 81 80 78  3  2  5  8 12 10  7  6  9 11 13 19 15 18 14 16 17 22 20 21 28 23 29 26 30 25 31 24 27 33 35 39 34 37 32 36 38 40 46 48 43 45 44 42 41 49 47 53 54 55 51 58 50 56 52 57 63 61 62 67 65 64 59 66 60
 43 42 41 45 49 44 46 48 47 55 50 58 52 54 53 51 57 56 59 62 66 64 61 60 63 65 67 73 69 72 68 70 71 76 74 75  1 77  2 80  3 79  4 78 81  6  8 12  7 10  5  9 11 13 19 21 16 18 17 15 14 22 20 26 27 28 24 31 23 29 25 30 36 34 35 40 38 37 32 39 33
 16 15 14 18 22 17 19 21 20 28 23 31 25 27 26 24 30 29 32 35 39 37 34 33 36 38 40 46 42 45 41 43 44 49 47 48 55 50 56 53 57 52 58 51 54 60 62 66 61 64 59 63 65 67 73 75 70 72 71 69 68 76 74 80 81  1 78  4 77  2 79  3  9  7  8 13 11 10  5 12  6
 25 24 23 27 31 26 28 30 29 37 32 40 34 36 35 33 39 38 41 44 48 46 43 42 45 47 49 55 51 54 50 52 53 58 56 57 64 59 65 62 66 61 67 60 63 69 71 75 70 73 68 72 74 76  1  3 79 81 80 78 77  4  2  8  9 10  6 13  5 11  7 12 18 16 17 22 20 19 14 21 15
 79 78 77 81  4 80  1  3  2 10  5 13  7  9  8  6 12 11 14 17 21 19 16 15 18 20 22 28 24 27 23 25 26 31 29 30 37 32 38 35 39 34 40 33 36 42 44 48 43 46 41 45 47 49 55 57 52 54 53 51 50 58 56 62 63 64 60 67 59 65 61 66 72 70 71 76 74 73 68 75 69
 52 51 50 54 58 53 55 57 56 64 59 67 61 63 62 60 66 65 68 71 75 73 70 69 72 74 76  1 78 81 77 79 80  4  2  3 10  5 11  8 12  7 13  6  9 15 17 21 16 19 14 18 20 22 28 30 25 27 26 24 23 31 29 35 36 37 33 40 32 38 34 39 45 43 44 49 47 46 41 48 42
  7  6  5  9 13  8 10 12 11 19 14 22 16 18 17 15 21 20 23 26 30 28 25 24 27 29 31 37 33 36 32 34 35 40 38 39 46 41 47 44 48 43 49 42 45 51 53 57 52 55 50 54 56 58 64 66 61 63 62 60 59 67 65 71 72 73 69 76 68 74 70 75 81 79 80  4  2  1 77  3 78
 34 33 32 36 40 35 37 39 38 46 41 49 43 45 44 42 48 47 50 53 57 55 52 51 54 56 58 64 60 63 59 61 62 67 65 66 73 68 74 71 75 70 76 69 72 78 80  3 79  1 77 81  2  4 10 12  7  9  8  6  5 13 11 17 18 19 15 22 14 20 16 21 27 25 26 31 29 28 23 30 24
 61 60 59 63 67 62 64 66 65 73 68 76 70 72 71 69 75 74 77 80  3  1 79 78 81  2  4 10  6  9  5  7  8 13 11 12 19 14 20 17 21 16 22 15 18 24 26 30 25 28 23 27 29 31 37 39 34 36 35 33 32 40 38 44 45 46 42 49 41 47 43 48 54 52 53 58 56 55 50 57 51
 62 61 60 64 68 63 65 67 66 74 69 77 71 73 72 70 76 75 78 81  4  2 80 79  1  3  5 11  7 10  6  8  9 14 12 13 20 15 21 18 22 17 23 16 19 25 27 31 26 29 24 28 30 32 38 40 35 37 36 34 33 41 39 45 46 47 43 50 42 48 44 49 55 53 54 59 57 56 51 58 52
  8  7  6 10 14  9 11 13 12 20 15 23 17 19 18 16 22 21 24 27 31 29 26 25 28 30 32 38 34 37 33 35 36 41 39 40 47 42 48 45 49 44 50 43 46 52 54 58 53 56 51 55 57 59 65 67 62 64 63 61 60 68 66 72 73 74 70 77 69 75 71 76  1 80 81  5  3  2 78  4 79
 80 79 78  1  5 81  2  4  3 11  6 14  8 10  9  7 13 12 15 18 22 20 17 16 19 21 23 29 25 28 24 26 27 32 30 31 38 33 39 36 40 35 41 34 37 43 45 49 44 47 42 46 48 50 56 58 53 55 54 52 51 59 57 63 64 65 61 68 60 66 62 67 73 71 72 77 75 74 69 76 70
 44 43 42 46 50 45 47 49 48 56 51 59 53 55 54 52 58 57 60 63 67 65 62 61 64 66 68 74 70 73 69 71 72 77 75 76  2 78  3 81  4 80  5 79  1  7  9 13  8 11  6 10 12 14 20 22 17 19 18 16 15 23 21 27 28 29 25 32 24 30 26 31 37 35 36 41 39 38 33 40 34
 53 52 51 55 59 54 56 58 57 65 60 68 62 64 63 61 67 66 69 72 76 74 71 70 73 75 77  2 79  1 78 80 81  5  3  4 11  6 12  9 13  8 14  7 10 16 18 22 17 20 15 19 21 23 29 31 26 28 27 25 24 32 30 36 37 38 34 41 33 39 35 40 46 44 45 50 48 47 42 49 43
 17 16 15 19 23 18 20 22 21 29 24 32 26 28 27 25 31 30 33 36 40 38 35 34 37 39 41 47 43 46 42 44 45 50 48 49 56 51 57 54 58 53 59 52 55 61 63 67 62 65 60 64 66 68 74 76 71 73 72 70 69 77 75 81  1  2 79  5 78  3 80  4 10  8  9 14 12 11  6 13  7
 26 25 24 28 32 27 29 31 30 38 33 41 35 37 36 34 40 39 42 45 49 47 44 43 46 48 50 56 52 55 51 53 54 59 57 58 65 60 66 63 67 62 68 61 64 70 72 76 71 74 69 73 75 77  2  4 80  1 81 79 78  5  3  9 10 11  7 14  6 12  8 13 19 17 18 23 21 20 15 22 16
 71 70 69 73 77 72 74 76 75  2 78  5 80  1 81 79  4  3  6  9 13 11  8  7 10 12 14 20 16 19 15 17 18 23 21 22 29 24 30 27 31 26 32 25 28 34 36 40 35 38 33 37 39 41 47 49 44 46 45 43 42 50 48 54 55 56 52 59 51 57 53 58 64 62 63 68 66 65 60 67 61
 35 34 33 37 41 36 38 40 39 47 42 50 44 46 45 43 49 48 51 54 58 56 53 52 55 57 59 65 61 64 60 62 63 68 66 67 74 69 75 72 76 71 77 70 73 79 81  4 80  2 78  1  3  5 11 13  8 10  9  7  6 14 12 18 19 20 16 23 15 21 17 22 28 26 27 32 30 29 24 31 25
 18 17 16 20 24 19 21 23 22 30 25 33 27 29 28 26 32 31 34 37 41 39 36 35 38 40 42 48 44 47 43 45 46 51 49 50 57 52 58 55 59 54 60 53 56 62 64 68 63 66 61 65 67 69 75 77 72 74 73 71 70 78 76  1  2  3 80  6 79  4 81  5 11  9 10 15 13 12  7 14  8
 54 53 52 56 60 55 57 59 58 66 61 69 63 65 64 62 68 67 70 73 77 75 72 71 74 76 78  3 80  2 79 81  1  6  4  5 12  7 13 10 14  9 15  8 11 17 19 23 18 21 16 20 22 24 30 32 27 29 28 26 25 33 31 37 38 39 35 42 34 40 36 41 47 45 46 51 49 48 43 50 44
 36 35 34 38 42 37 39 41 40 48 43 51 45 47 46 44 50 49 52 55 59 57 54 53 56 58 60 66 62 65 61 63 64 69 67 68 75 70 76 73 77 72 78 71 74 80  1  5 81  3 79  2  4  6 12 14  9 11 10  8  7 15 13 19 20 21 17 24 16 22 18 23 29 27 28 33 31 30 25 32 26
  9  8  7 11 15 10 12 14 13 21 16 24 18 20 19 17 23 22 25 28 32 30 27 26 29 31 33 39 35 38 34 36 37 42 40 41 48 43 49 46 50 45 51 44 47 53 55 59 54 57 52 56 58 60 66 68 63 65 64 62 61 69 67 73 74 75 71 78 70 76 72 77  2 81  1  6  4  3 79  5 80
 63 62 61 65 69 64 66 68 67 75 70 78 72 74 73 71 77 76 79  1  5  3 81 80  2  4  6 12  8 11  7  9 10 15 13 14 21 16 22 19 23 18 24 17 20 26 28 32 27 30 25 29 31 33 39 41 36 38 37 35 34 42 40 46 47 48 44 51 43 49 45 50 56 54 55 60 58 57 52 59 53
 27 26 25 29 33 28 30 32 31 39 34 42 36 38 37 35 41 40 43 46 50 48 45 44 47 49 51 57 53 56 52 54 55 60 58 59 66 61 67 64 68 63 69 62 65 71 73 77 72 75 70 74 76 78  3  5 81  2  1 80 79  6  4 10 11 12  8 15  7 13  9 14 20 18 19 24 22 21 16 23 17
 45 44 43 47 51 46 48 50 49 57 52 60 54 56 55 53 59 58 61 64 68 66 63 62 65 67 69 75 71 74 70 72 73 78 76 77  3 79  4  1  5 81  6 80  2  8 10 14  9 12  7 11 13 15 21 23 18 20 19 17 16 24 22 28 29 30 26 33 25 31 27 32 38 36 37 42 40 39 34 41 35
 81 80 79  2  6  1  3  5  4 12  7 15  9 11 10  8 14 13 16 19 23 21 18 17 20 22 24 30 26 29 25 27 28 33 31 32 39 34 40 37 41 36 42 35 38 44 46 50 45 48 43 47 49 51 57 59 54 56 55 53 52 60 58 64 65 66 62 69 61 67 63 68 74 72 73 78 76 75 70 77 71
 72 71 70 74 78 73 75 77 76  3 79  6 81  2  1 80  5  4  7 10 14 12  9  8 11 13 15 21 17 20 16 18 19 24 22 23 30 25 31 28 32 27 33 26 29 35 37 41 36 39 34 38 40 42 48 50 45 47 46 44 43 51 49 55 56 57 53 60 52 58 54 59 65 63 64 69 67 66 61 68 62
 10  9  8 12 16 11 13 15 14 22 17 25 19 21 20 18 24 23 26 29 33 31 28 27 30 32 34 40 36 39 35 37 38 43 41 42 49 44 50 47 51 46 52 45 48 54 56 60 55 58 53 57 59 61 67 69 64 66 65 63 62 70 68 74 75 76 72 79 71 77 73 78  3  1  2  7  5  4 80  6 81
 73 72 71 75 79 74 76 78 77  4 80  7  1  3  2 81  6  5  8 11 15 13 10  9 12 14 16 22 18 21 17 19 20 25 23 24 31 26 32 29 33 28 34 27 30 36 38 42 37 40 35 39 41 43 49 51 46 48 47 45 44 52 50 56 57 58 54 61 53 59 55 60 66 64 65 70 68 67 62 69 63
 28 27 26 30 34 29 31 33 32 40 35 43 37 39 38 36 42 41 44 47 51 49 46 45 48 50 52 58 54 57 53 55 56 61 59 60 67 62 68 65 69 64 70 63 66 72 74 78 73 76 71 75 77 79  4  6  1  3  2 81 80  7  5 11 12 13  9 16  8 14 10 15 21 19 20 25 23 22 17 24 18
 46 45 44 48 52 47 49 51 50 58 53 61 55 57 56 54 60 59 62 65 69 67 64 63 66 68 70 76 72 75 71 73 74 79 77 78  4 80  5  2  6  1  7 81  3  9 11 15 10 13  8 12 14 16 22 24 19 21 20 18 17 25 23 29 30 31 27 34 26 32 28 33 39 37 38 43 41 40 35 42 36
 37 36 35 39 43 38 40 42 41 49 44 52 46 48 47 45 51 50 53 56 60 58 55 54 57 59 61 67 63 66 62 64 65 70 68 69 76 71 77 74 78 73 79 72 75 81  2  6  1  4 80  3  5  7 13 15 10 12 11  9  8 16 14 20 21 22 18 25 17 23 19 24 30 28 29 34 32 31 26 33 27
 19 18 17 21 25 20 22 24 23 31 26 34 28 30 29 27 33 32 35 38 42 40 37 36 39 41 43 49 45 48 44 46 47 52 50 51 58 53 59 56 60 55 61 54 57 63 65 69 64 67 62 66 68 70 76 78 73 75 74 72 71 79 77  2  3  4 81  7 80  5  1  6 12 10 11 16 14 13  8 15  9
 64 63 62 66 70 65 67 69 68 76 71 79 73 75 74 72 78 77 80  2  6  4  1 81  3  5  7 13  9 12  8 10 11 16 14 15 22 17 23 20 24 19 25 18 21 27 29 33 28 31 26 30 32 34 40 42 37 39 38 36 35 43 41 47 48 49 45 52 44 50 46 51 57 55 56 61 59 58 53 60 54
  1 81 80  3  7  2  4  6  5 13  8 16 10 12 11  9 15 14 17 20 24 22 19 18 21 23 25 31 27 30 26 28 29 34 32 33 40 35 41 38 42 37 43 36 39 45 47 51 46 49 44 48 50 52 58 60 55 57 56 54 53 61 59 65 66 67 63 70 62 68 64 69 75 73 74 79 77 76 71 78 72
 55 54 53 57 61 56 58 60 59 67 62 70 64 66 65 63 69 68 71 74 78 76 73 72 75 77 79  4 81  3 80  1  2  7  5  6 13  8 14 11 15 10 16  9 12 18 20 24 19 22 17 21 23 25 31 33 28 30 29 27 26 34 32 38 39 40 36 43 35 41 37 42 48 46 47 52 50 49 44 51 45
 65 64 63 67 71 66 68 70 69 77 72 80 74 76 75 73 79 78 81  3  7  5  2  1  4  6  8 14 10 13  9 11 12 17 15 16 23 18 24 21 25 20 26 19 22 28 30 34 29 32 27 31 33 35 41 43 38 40 39 37 36 44 42 48 49 50 46 53 45 51 47 52 58 56 57 62 60 59 54 61 55
 74 73 72 76 80 75 77 79 78  5 81  8  2  4  3  1  7  6  9 12 16 14 11 10 13 15 17 23 19 22 18 20 21 26 24 25 32 27 33 30 34 29 35 28 31 37 39 43 38 41 36 40 42 44 50 52 47 49 48 46 45 53 51 57 58 59 55 62 54 60 56 61 67 65 66 71 69 68 63 70 64
 38 37 36 40 44 39 41 43 42 50 45 53 47 49 48 46 52 51 54 57 61 59 56 55 58 60 62 68 64 67 63 65 66 71 69 70 77 72 78 75 79 74 80 73 76  1  3  7  2  5 81  4  6  8 14 16 11 13 12 10  9 17 15 21 22 23 19 26 18 24 20 25 31 29 30 35 33 32 27 34 28
 29 28 27 31 35 30 32 34 33 41 36 44 38 40 39 37 43 42 45 48 52 50 47 46 49 51 53 59 55 58 54 56 57 62 60 61 68 63 69 66 70 65 71 64 67 73 75 79 74 77 72 76 78 80  5  7  2  4  3  1 81  8  6 12 13 14 10 17  9 15 11 16 22 20 21 26 24 23 18 25 19
  2  1 81  4  8  3  5  7  6 14  9 17 11 13 12 10 16 15 18 21 25 23 20 19 22 24 26 32 28 31 27 29 30 35 33 34 41 36 42 39 43 38 44 37 40 46 48 52 47 50 45 49 51 53 59 61 56 58 57 55 54 62 60 66 67 68 64 71 63 69 65 70 76 74 75 80 78 77 72 79 73
 47 46 45 49 53 48 50 52 51 59 54 62 56 58 57 55 61 60 63 66 70 68 65 64 67 69 71 77 73 76 72 74 75 80 78 79  5 81  6  3  7  2  8  1  4 10 12 16 11 14  9 13 15 17 23 25 20 22 21 19 18 26 24 30 31 32 28 35 27 33 29 34 40 38 39 44 42 41 36 43 37
 56 55 54 58 62 57 59 61 60 68 63 71 65 67 66 64 70 69 72 75 79 77 74 73 76 78 80  5  1  4 81  2  3  8  6  7 14  9 15 12 16 11 17 10 13 19 21 25 20 23 18 22 24 26 32 34 29 31 30 28 27 35 33 39 40 41 37 44 36 42 38 43 49 47 48 53 51 50 45 52 46
 11 10  9 13 17 12 14 16 15 23 18 26 20 22 21 19 25 24 27 30 34 32 29 28 31 33 35 41 37 40 36 38 39 44 42 43 50 45 51 48 52 47 53 46 49 55 57 61 56 59 54 58 60 62 68 70 65 67 66 64 63 71 69 75 76 77 73 80 72 78 74 79  4  2  3  8  6  5 81  7  1
 20 19 18 22 26 21 23 25 24 32 27 35 29 31 30 28 34 33 36 39 43 41 38 37 40 42 44 50 46 49 45 47 48 53 51 52 59 54 60 57 61 56 62 55 58 64 66 70 65 68 63 67 69 71 77 79 74 76 75 73 72 80 78  3  4  5  1  8 81  6  2  7 13 11 12 17 15 14  9 16 10
