 24 26 23 20 19 21 27 25 22 35 32 36 29 33 31 28 30 34 44 39 43 45 40 41 37 42 38 49 50 51 54 46 53 48 47 52 55 58 63 61 59 60 62 57 56 65 66 72 67 71 69 70 68 64 80 76 79 75 81 77 78 73 74  1  7  2  5  8  3  6  9  4 15 10 18 17 16 12 13 14 11
 42 44 41 38 37 39 45 43 40 53 50 54 47 51 49 46 48 52 62 57 61 63 58 59 55 60 56 67 68 69 72 64 71 66 65 70 73 76 81 79 77 78 80 75 74  2  3  9  4  8  6  7  5  1 17 13 16 12 18 14 15 10 11 19 25 20 23 26 21 24 27 22 33 28 36 35 34 30 31 32 29
 51 53 50 47 46 48 54 52 49 62 59 63 56 60 58 55 57 61 71 66 70 72 67 68 64 69 65 76 77 78 81 73 80 75 74 79  1  4  9  7  5  6  8  3  2 11 12 18 13 17 15 16 14 10 26 22 25 21 27 23 24 19 20 28 34 29 32 35 30 33 36 31 42 37 45 44 43 39 40 41 38
 69 71 68 65 64 66 72 70 67 80 77 81 74 78 76 73 75 79  8  3  7  9  4  5  1  6  2 13 14 15 18 10 17 12 11 16 19 22 27 25 23 24 26 21 20 29 30 36 31 35 33 34 32 28 44 40 43 39 45 41 42 37 38 46 52 47 50 53 48 51 54 49 60 55 63 62 61 57 58 59 56
 15 17 14 11 10 12 18 16 13 26 23 27 20 24 22 19 21 25 35 30 34 36 31 32 28 33 29 40 41 42 45 37 44 39 38 43 46 49 54 52 50 51 53 48 47 56 57 63 58 62 60 61 59 55 71 67 70 66 72 68 69 64 65 73 79 74 77 80 75 78 81 76  6  1  9  8  7  3  4  5  2
 78 80 77 74 73 75 81 79 76  8  5  9  2  6  4  1  3  7 17 12 16 18 13 14 10 15 11 22 23 24 27 19 26 21 20 25 28 31 36 34 32 33 35 30 29 38 39 45 40 44 42 43 41 37 53 49 52 48 54 50 51 46 47 55 61 56 59 62 57 60 63 58 69 64 72 71 70 66 67 68 65
 33 35 32 29 28 30 36 34 31 44 41 45 38 42 40 37 39 43 53 48 52 54 49 50 46 51 47 58 59 60 63 55 62 57 56 61 64 67 72 70 68 69 71 66 65 74 75 81 76 80 78 79 77 73  8  4  7  3  9  5  6  1  2 10 16 11 14 17 12 15 18 13 24 19 27 26 25 21 22 23 20
 60 62 59 56 55 57 63 61 58 71 68 72 65 69 67 64 66 70 80 75 79 81 76 77 73 78 74  4  5  6  9  1  8  3  2  7 10 13 18 16 14 15 17 12 11 20 21 27 22 26 24 25 23 19 35 31 34 30 36 32 33 28 29 37 43 38 41 44 39 42 45 40 51 46 54 53 52 48 49 50 47
  6  8  5  2  1  3  9  7  4 17 14 18 11 15 13 10 12 16 26 21 25 27 22 23 19 24 20 31 32 33 36 28 35 30 29 34 37 40 45 43 41 42 44 39 38 47 48 54 49 53 51 52 50 46 62 58 61 57 63 59 60 55 56 64 70 65 68 71 66 69 72 67 78 73 81 80 79 75 76 77 74
 25 27 24 21 20 22 28 26 23 36 33 37 30 34 32 29 31 35 45 40 44 46 41 42 38 43 39 50 51 52 55 47 54 49 48 53 56 59 64 62 60 61 63 58 57 66 67 73 68 72 70 71 69 65 81 77 80 76  1 78 79 74 75  2  8  3  6  9  4  7 10  5 16 11 19 18 17 13 14 15 12
 79 81 78 75 74 76  1 80 77  9  6 10  3  7  5  2  4  8 18 13 17 19 14 15 11 16 12 23 24 25 28 20 27 22 21 26 29 32 37 35 33 34 36 31 30 39 40 46 41 45 43 44 42 38 54 50 53 49 55 51 52 47 48 56 62 57 60 63 58 61 64 59 70 65 73 72 71 67 68 69 66
 43 45 42 39 38 40 46 44 41 54 51 55 48 52 50 47 49 53 63 58 62 64 59 60 56 61 57 68 69 70 73 65 72 67 66 71 74 77  1 80 78 79 81 76 75  3  4 10  5  9  7  8  6  2 18 14 17 13 19 15 16 11 12 20 26 21 24 27 22 25 28 23 34 29 37 36 35 31 32 33 30
 61 63 60 57 56 58 64 62 59 72 69 73 66 70 68 65 67 71 81 76 80  1 77 78 74 79 75  5  6  7 10  2  9  4  3  8 11 14 19 17 15 16 18 13 12 21 22 28 23 27 25 26 24 20 36 32 35 31 37 33 34 29 30 38 44 39 42 45 40 43 46 41 52 47 55 54 53 49 50 51 48
  7  9  6  3  2  4 10  8  5 18 15 19 12 16 14 11 13 17 27 22 26 28 23 24 20 25 21 32 33 34 37 29 36 31 30 35 38 41 46 44 42 43 45 40 39 48 49 55 50 54 52 53 51 47 63 59 62 58 64 60 61 56 57 65 71 66 69 72 67 70 73 68 79 74  1 81 80 76 77 78 75
 34 36 33 30 29 31 37 35 32 45 42 46 39 43 41 38 40 44 54 49 53 55 50 51 47 52 48 59 60 61 64 56 63 58 57 62 65 68 73 71 69 70 72 67 66 75 76  1 77 81 79 80 78 74  9  5  8  4 10  6  7  2  3 11 17 12 15 18 13 16 19 14 25 20 28 27 26 22 23 24 21
 70 72 69 66 65 67 73 71 68 81 78  1 75 79 77 74 76 80  9  4  8 10  5  6  2  7  3 14 15 16 19 11 18 13 12 17 20 23 28 26 24 25 27 22 21 30 31 37 32 36 34 35 33 29 45 41 44 40 46 42 43 38 39 47 53 48 51 54 49 52 55 50 61 56 64 63 62 58 59 60 57
 52 54 51 48 47 49 55 53 50 63 60 64 57 61 59 56 58 62 72 67 71 73 68 69 65 70 66 77 78 79  1 74 81 76 75 80  2  5 10  8  6  7  9  4  3 12 13 19 14 18 16 17 15 11 27 23 26 22 28 24 25 20 21 29 35 30 33 36 31 34 37 32 43 38 46 45 44 40 41 42 39
 16 18 15 12 11 13 19 17 14 27 24 28 21 25 23 20 22 26 36 31 35 37 32 33 29 34 30 41 42 43 46 38 45 40 39 44 47 50 55 53 51 52 54 49 48 57 58 64 59 63 61 62 60 56 72 68 71 67 73 69 70 65 66 74 80 75 78 81 76 79  1 77  7  2 10  9  8  4  5  6  3
 53 55 52 49 48 50 56 54 51 64 61 65 58 62 60 57 59 63 73 68 72 74 69 70 66 71 67 78 79 80  2 75  1 77 76 81  3  6 11  9  7  8 10  5  4 13 14 20 15 19 17 18 16 12 28 24 27 23 29 25 26 21 22 30 36 31 34 37 32 35 38 33 44 39 47 46 45 41 42 43 40
 35 37 34 31 30 32 38 36 33 46 43 47 40 44 42 39 41 45 55 50 54 56 51 52 48 53 49 60 61 62 65 57 64 59 58 63 66 69 74 72 70 71 73 68 67 76 77  2 78  1 80 81 79 75 10  6  9  5 11  7  8  3  4 12 18 13 16 19 14 17 20 15 26 21 29 28 27 23 24 25 22
  8 10  7  4  3  5 11  9  6 19 16 20 13 17 15 12 14 18 28 23 27 29 24 25 21 26 22 33 34 35 38 30 37 32 31 36 39 42 47 45 43 44 46 41 40 49 50 56 51 55 53 54 52 48 64 60 63 59 65 61 62 57 58 66 72 67 70 73 68 71 74 69 80 75  2  1 81 77 78 79 76
 44 46 43 40 39 41 47 45 42 55 52 56 49 53 51 48 50 54 64 59 63 65 60 61 57 62 58 69 70 71 74 66 73 68 67 72 75 78  2 81 79 80  1 77 76  4  5 11  6 10  8  9  7  3 19 15 18 14 20 16 17 12 13 21 27 22 25 28 23 26 29 24 35 30 38 37 36 32 33 34 31
 80  1 79 76 75 77  2 81 78 10  7 11  4  8  6  3  5  9 19 14 18 20 15 16 12 17 13 24 25 26 29 21 28 23 22 27 30 33 38 36 34 35 37 32 31 40 41 47 42 46 44 45 43 39 55 51 54 50 56 52 53 48 49 57 63 58 61 64 59 62 65 60 71 66 74 73 72 68 69 70 67
 71 73 70 67 66 68 74 72 69  1 79  2 76 80 78 75 77 81 10  5  9 11  6  7  3  8  4 15 16 17 20 12 19 14 13 18 21 24 29 27 25 26 28 23 22 31 32 38 33 37 35 36 34 30 46 42 45 41 47 43 44 39 40 48 54 49 52 55 50 53 56 51 62 57 65 64 63 59 60 61 58
 62 64 61 58 57 59 65 63 60 73 70 74 67 71 69 66 68 72  1 77 81  2 78 79 75 80 76  6  7  8 11  3 10  5  4  9 12 15 20 18 16 17 19 14 13 22 23 29 24 28 26 27 25 21 37 33 36 32 38 34 35 30 31 39 45 40 43 46 41 44 47 42 53 48 56 55 54 50 51 52 49
 26 28 25 22 21 23 29 27 24 37 34 38 31 35 33 30 32 36 46 41 45 47 42 43 39 44 40 51 52 53 56 48 55 50 49 54 57 60 65 63 61 62 64 59 58 67 68 74 69 73 71 72 70 66  1 78 81 77  2 79 80 75 76  3  9  4  7 10  5  8 11  6 17 12 20 19 18 14 15 16 13
 17 19 16 13 12 14 20 18 15 28 25 29 22 26 24 21 23 27 37 32 36 38 33 34 30 35 31 42 43 44 47 39 46 41 40 45 48 51 56 54 52 53 55 50 49 58 59 65 60 64 62 63 61 57 73 69 72 68 74 70 71 66 67 75 81 76 79  1 77 80  2 78  8  3 11 10  9  5  6  7  4
 36 38 35 32 31 33 39 37 34 47 44 48 41 45 43 40 42 46 56 51 55 57 52 53 49 54 50 61 62 63 66 58 65 60 59 64 67 70 75 73 71 72 74 69 68 77 78  3 79  2 81  1 80 76 11  7 10  6 12  8  9  4  5 13 19 14 17 20 15 18 21 16 27 22 30 29 28 24 25 26 23
 45 47 44 41 40 42 48 46 43 56 53 57 50 54 52 49 51 55 65 60 64 66 61 62 58 63 59 70 71 72 75 67 74 69 68 73 76 79  3  1 80 81  2 78 77  5  6 12  7 11  9 10  8  4 20 16 19 15 21 17 18 13 14 22 28 23 26 29 24 27 30 25 36 31 39 38 37 33 34 35 32
 54 56 53 50 49 51 57 55 52 65 62 66 59 63 61 58 60 64 74 69 73 75 70 71 67 72 68 79 80 81  3 76  2 78 77  1  4  7 12 10  8  9 11  6  5 14 15 21 16 20 18 19 17 13 29 25 28 24 30 26 27 22 23 31 37 32 35 38 33 36 39 34 45 40 48 47 46 42 43 44 41
 72 74 71 68 67 69 75 73 70  2 80  3 77 81 79 76 78  1 11  6 10 12  7  8  4  9  5 16 17 18 21 13 20 15 14 19 22 25 30 28 26 27 29 24 23 32 33 39 34 38 36 37 35 31 47 43 46 42 48 44 45 40 41 49 55 50 53 56 51 54 57 52 63 58 66 65 64 60 61 62 59
  9 11  8  5  4  6 12 10  7 20 17 21 14 18 16 13 15 19 29 24 28 30 25 26 22 27 23 34 35 36 39 31 38 33 32 37 40 43 48 46 44 45 47 42 41 50 51 57 52 56 54 55 53 49 65 61 64 60 66 62 63 58 59 67 73 68 71 74 69 72 75 70 81 76  3  2  1 78 79 80 77
 27 29 26 23 22 24 30 28 25 38 35 39 32 36 34 31 33 37 47 42 46 48 43 44 40 45 41 52 53 54 57 49 56 51 50 55 58 61 66 64 62 63 65 60 59 68 69 75 70 74 72 73 71 67  2 79  1 78  3 80 81 76 77  4 10  5  8 11  6  9 12  7 18 13 21 20 19 15 16 17 14
 18 20 17 14 13 15 21 19 16 29 26 30 23 27 25 22 24 28 38 33 37 39 34 35 31 36 32 43 44 45 48 40 47 42 41 46 49 52 57 55 53 54 56 51 50 59 60 66 61 65 63 64 62 58 74 70 73 69 75 71 72 67 68 76  1 77 80  2 78 81  3 79  9  4 12 11 10  6  7  8  5
 63 65 62 59 58 60 66 64 61 74 71 75 68 72 70 67 69 73  2 78  1  3 79 80 76 81 77  7  8  9 12  4 11  6  5 10 13 16 21 19 17 18 20 15 14 23 24 30 25 29 27 28 26 22 38 34 37 33 39 35 36 31 32 40 46 41 44 47 42 45 48 43 54 49 57 56 55 51 52 53 50
 81  2 80 77 76 78  3  1 79 11  8 12  5  9  7  4  6 10 20 15 19 21 16 17 13 18 14 25 26 27 30 22 29 24 23 28 31 34 39 37 35 36 38 33 32 41 42 48 43 47 45 46 44 40 56 52 55 51 57 53 54 49 50 58 64 59 62 65 60 63 66 61 72 67 75 74 73 69 70 71 68
 10 12  9  6  5  7 13 11  8 21 18 22 15 19 17 14 16 20 30 25 29 31 26 27 23 28 24 35 36 37 40 32 39 34 33 38 41 44 49 47 45 46 48 43 42 51 52 58 53 57 55 56 54 50 66 62 65 61 67 63 64 59 60 68 74 69 72 75 70 73 76 71  1 77  4  3  2 79 80 81 78
 28 30 27 24 23 25 31 29 26 39 36 40 33 37 35 32 34 38 48 43 47 49 44 45 41 46 42 53 54 55 58 50 57 52 51 56 59 62 67 65 63 64 66 61 60 69 70 76 71 75 73 74 72 68  3 80  2 79  4 81  1 77 78  5 11  6  9 12  7 10 13  8 19 14 22 21 20 16 17 18 15
 19 21 18 15 14 16 22 20 17 30 27 31 24 28 26 23 25 29 39 34 38 40 35 36 32 37 33 44 45 46 49 41 48 43 42 47 50 53 58 56 54 55 57 52 51 60 61 67 62 66 64 65 63 59 75 71 74 70 76 72 73 68 69 77  2 78 81  3 79  1  4 80 10  5 13 12 11  7  8  9  6
 64 66 63 60 59 61 67 65 62 75 72 76 69 73 71 68 70 74  3 79  2  4 80 81 77  1 78  8  9 10 13  5 12  7  6 11 14 17 22 20 18 19 21 16 15 24 25 31 26 30 28 29 27 23 39 35 38 34 40 36 37 32 33 41 47 42 45 48 43 46 49 44 55 50 58 57 56 52 53 54 51
  1  3 81 78 77 79  4  2 80 12  9 13  6 10  8  5  7 11 21 16 20 22 17 18 14 19 15 26 27 28 31 23 30 25 24 29 32 35 40 38 36 37 39 34 33 42 43 49 44 48 46 47 45 41 57 53 56 52 58 54 55 50 51 59 65 60 63 66 61 64 67 62 73 68 76 75 74 70 71 72 69
 55 57 54 51 50 52 58 56 53 66 63 67 60 64 62 59 61 65 75 70 74 76 71 72 68 73 69 80 81  1  4 77  3 79 78  2  5  8 13 11  9 10 12  7  6 15 16 22 17 21 19 20 18 14 30 26 29 25 31 27 28 23 24 32 38 33 36 39 34 37 40 35 46 41 49 48 47 43 44 45 42
 73 75 72 69 68 70 76 74 71  3 81  4 78  1 80 77 79  2 12  7 11 13  8  9  5 10  6 17 18 19 22 14 21 16 15 20 23 26 31 29 27 28 30 25 24 33 34 40 35 39 37 38 36 32 48 44 47 43 49 45 46 41 42 50 56 51 54 57 52 55 58 53 64 59 67 66 65 61 62 63 60
 37 39 36 33 32 34 40 38 35 48 45 49 42 46 44 41 43 47 57 52 56 58 53 54 50 55 51 62 63 64 67 59 66 61 60 65 68 71 76 74 72 73 75 70 69 78 79  4 80  3  1  2 81 77 12  8 11  7 13  9 10  5  6 14 20 15 18 21 16 19 22 17 28 23 31 30 29 25 26 27 24
 46 48 45 42 41 43 49 47 44 57 54 58 51 55 53 50 52 56 66 61 65 67 62 63 59 64 60 71 72 73 76 68 75 70 69 74 77 80  4  2 81  1  3 79 78  6  7 13  8 12 10 11  9  5 21 17 20 16 22 18 19 14 15 23 29 24 27 30 25 28 31 26 37 32 40 39 38 34 35 36 33
 65 67 64 61 60 62 68 66 63 76 73 77 70 74 72 69 71 75  4 80  3  5 81  1 78  2 79  9 10 11 14  6 13  8  7 12 15 18 23 21 19 20 22 17 16 25 26 32 27 31 29 30 28 24 40 36 39 35 41 37 38 33 34 42 48 43 46 49 44 47 50 45 56 51 59 58 57 53 54 55 52
 74 76 73 70 69 71 77 75 72  4  1  5 79  2 81 78 80  3 13  8 12 14  9 10  6 11  7 18 19 20 23 15 22 17 16 21 24 27 32 30 28 29 31 26 25 34 35 41 36 40 38 39 37 33 49 45 48 44 50 46 47 42 43 51 57 52 55 58 53 56 59 54 65 60 68 67 66 62 63 64 61
 11 13 10  7  6  8 14 12  9 22 19 23 16 20 18 15 17 21 31 26 30 32 27 28 24 29 25 36 37 38 41 33 40 35 34 39 42 45 50 48 46 47 49 44 43 52 53 59 54 58 56 57 55 51 67 63 66 62 68 64 65 60 61 69 75 70 73 76 71 74 77 72  2 78  5  4  3 80 81  1 79
  2  4  1 79 78 80  5  3 81 13 10 14  7 11  9  6  8 12 22 17 21 23 18 19 15 20 16 27 28 29 32 24 31 26 25 30 33 36 41 39 37 38 40 35 34 43 44 50 45 49 47 48 46 42 58 54 57 53 59 55 56 51 52 60 66 61 64 67 62 65 68 63 74 69 77 76 75 71 72 73 70
 38 40 37 34 33 35 41 39 36 49 46 50 43 47 45 42 44 48 58 53 57 59 54 55 51 56 52 63 64 65 68 60 67 62 61 66 69 72 77 75 73 74 76 71 70 79 80  5 81  4  2  3  1 78 13  9 12  8 14 10 11  6  7 15 21 16 19 22 17 20 23 18 29 24 32 31 30 26 27 28 25
 29 31 28 25 24 26 32 30 27 40 37 41 34 38 36 33 35 39 49 44 48 50 45 46 42 47 43 54 55 56 59 51 58 53 52 57 60 63 68 66 64 65 67 62 61 70 71 77 72 76 74 75 73 69  4 81  3 80  5  1  2 78 79  6 12  7 10 13  8 11 14  9 20 15 23 22 21 17 18 19 16
 47 49 46 43 42 44 50 48 45 58 55 59 52 56 54 51 53 57 67 62 66 68 63 64 60 65 61 72 73 74 77 69 76 71 70 75 78 81  5  3  1  2  4 80 79  7  8 14  9 13 11 12 10  6 22 18 21 17 23 19 20 15 16 24 30 25 28 31 26 29 32 27 38 33 41 40 39 35 36 37 34
 20 22 19 16 15 17 23 21 18 31 28 32 25 29 27 24 26 30 40 35 39 41 36 37 33 38 34 45 46 47 50 42 49 44 43 48 51 54 59 57 55 56 58 53 52 61 62 68 63 67 65 66 64 60 76 72 75 71 77 73 74 69 70 78  3 79  1  4 80  2  5 81 11  6 14 13 12  8  9 10  7
 56 58 55 52 51 53 59 57 54 67 64 68 61 65 63 60 62 66 76 71 75 77 72 73 69 74 70 81  1  2  5 78  4 80 79  3  6  9 14 12 10 11 13  8  7 16 17 23 18 22 20 21 19 15 31 27 30 26 32 28 29 24 25 33 39 34 37 40 35 38 41 36 47 42 50 49 48 44 45 46 43
 66 68 65 62 61 63 69 67 64 77 74 78 71 75 73 70 72 76  5 81  4  6  1  2 79  3 80 10 11 12 15  7 14  9  8 13 16 19 24 22 20 21 23 18 17 26 27 33 28 32 30 31 29 25 41 37 40 36 42 38 39 34 35 43 49 44 47 50 45 48 51 46 57 52 60 59 58 54 55 56 53
 12 14 11  8  7  9 15 13 10 23 20 24 17 21 19 16 18 22 32 27 31 33 28 29 25 30 26 37 38 39 42 34 41 36 35 40 43 46 51 49 47 48 50 45 44 53 54 60 55 59 57 58 56 52 68 64 67 63 69 65 66 61 62 70 76 71 74 77 72 75 78 73  3 79  6  5  4 81  1  2 80
 39 41 38 35 34 36 42 40 37 50 47 51 44 48 46 43 45 49 59 54 58 60 55 56 52 57 53 64 65 66 69 61 68 63 62 67 70 73 78 76 74 75 77 72 71 80 81  6  1  5  3  4  2 79 14 10 13  9 15 11 12  7  8 16 22 17 20 23 18 21 24 19 30 25 33 32 31 27 28 29 26
 57 59 56 53 52 54 60 58 55 68 65 69 62 66 64 61 63 67 77 72 76 78 73 74 70 75 71  1  2  3  6 79  5 81 80  4  7 10 15 13 11 12 14  9  8 17 18 24 19 23 21 22 20 16 32 28 31 27 33 29 30 25 26 34 40 35 38 41 36 39 42 37 48 43 51 50 49 45 46 47 44
 30 32 29 26 25 27 33 31 28 41 38 42 35 39 37 34 36 40 50 45 49 51 46 47 43 48 44 55 56 57 60 52 59 54 53 58 61 64 69 67 65 66 68 63 62 71 72 78 73 77 75 76 74 70  5  1  4 81  6  2  3 79 80  7 13  8 11 14  9 12 15 10 21 16 24 23 22 18 19 20 17
 48 50 47 44 43 45 51 49 46 59 56 60 53 57 55 52 54 58 68 63 67 69 64 65 61 66 62 73 74 75 78 70 77 72 71 76 79  1  6  4  2  3  5 81 80  8  9 15 10 14 12 13 11  7 23 19 22 18 24 20 21 16 17 25 31 26 29 32 27 30 33 28 39 34 42 41 40 36 37 38 35
  3  5  2 80 79 81  6  4  1 14 11 15  8 12 10  7  9 13 23 18 22 24 19 20 16 21 17 28 29 30 33 25 32 27 26 31 34 37 42 40 38 39 41 36 35 44 45 51 46 50 48 49 47 43 59 55 58 54 60 56 57 52 53 61 67 62 65 68 63 66 69 64 75 70 78 77 76 72 73 74 71
 75 77 74 71 70 72 78 76 73  5  2  6 80  3  1 79 81  4 14  9 13 15 10 11  7 12  8 19 20 21 24 16 23 18 17 22 25 28 33 31 29 30 32 27 26 35 36 42 37 41 39 40 38 34 50 46 49 45 51 47 48 43 44 52 58 53 56 59 54 57 60 55 66 61 69 68 67 63 64 65 62
 21 23 20 17 16 18 24 22 19 32 29 33 26 30 28 25 27 31 41 36 40 42 37 38 34 39 35 46 47 48 51 43 50 45 44 49 52 55 60 58 56 57 59 54 53 62 63 69 64 68 66 67 65 61 77 73 76 72 78 74 75 70 71 79  4 80  2  5 81  3  6  1 12  7 15 14 13  9 10 11  8
 67 69 66 63 62 64 70 68 65 78 75 79 72 76 74 71 73 77  6  1  5  7  2  3 80  4 81 11 12 13 16  8 15 10  9 14 17 20 25 23 21 22 24 19 18 27 28 34 29 33 31 32 30 26 42 38 41 37 43 39 40 35 36 44 50 45 48 51 46 49 52 47 58 53 61 60 59 55 56 57 54
 40 42 39 36 35 37 43 41 38 51 48 52 45 49 47 44 46 50 60 55 59 61 56 57 53 58 54 65 66 67 70 62 69 64 63 68 71 74 79 77 75 76 78 73 72 81  1  7  2  6  4  5  3 80 15 11 14 10 16 12 13  8  9 17 23 18 21 24 19 22 25 20 31 26 34 33 32 28 29 30 27
 49 51 48 45 44 46 52 50 47 60 57 61 54 58 56 53 55 59 69 64 68 70 65 66 62 67 63 74 75 76 79 71 78 73 72 77 80  2  7  5  3  4  6  1 81  9 10 16 11 15 13 14 12  8 24 20 23 19 25 21 22 17 18 26 32 27 30 33 28 31 34 29 40 35 43 42 41 37 38 39 36
 31 33 30 27 26 28 34 32 29 42 39 43 36 40 38 35 37 41 51 46 50 52 47 48 44 49 45 56 57 58 61 53 60 55 54 59 62 65 70 68 66 67 69 64 63 72 73 79 74 78 76 77 75 71  6  2  5  1  7  3  4 80 81  8 14  9 12 15 10 13 16 11 22 17 25 24 23 19 20 21 18
 58 60 57 54 53 55 61 59 56 69 66 70 63 67 65 62 64 68 78 73 77 79 74 75 71 76 72  2  3  4  7 80  6  1 81  5  8 11 16 14 12 13 15 10  9 18 19 25 20 24 22 23 21 17 33 29 32 28 34 30 31 26 27 35 41 36 39 42 37 40 43 38 49 44 52 51 50 46 47 48 45
  4  6  3 81 80  1  7  5  2 15 12 16  9 13 11  8 10 14 24 19 23 25 20 21 17 22 18 29 30 31 34 26 33 28 27 32 35 38 43 41 39 40 42 37 36 45 46 52 47 51 49 50 48 44 60 56 59 55 61 57 58 53 54 62 68 63 66 69 64 67 70 65 76 71 79 78 77 73 74 75 72
 76 78 75 72 71 73 79 77 74  6  3  7 81  4  2 80  1  5 15 10 14 16 11 12  8 13  9 20 21 22 25 17 24 19 18 23 26 29 34 32 30 31 33 28 27 36 37 43 38 42 40 41 39 35 51 47 50 46 52 48 49 44 45 53 59 54 57 60 55 58 61 56 67 62 70 69 68 64 65 66 63
 13 15 12  9  8 10 16 14 11 24 21 25 18 22 20 17 19 23 33 28 32 34 29 30 26 31 27 38 39 40 43 35 42 37 36 41 44 47 52 50 48 49 51 46 45 54 55 61 56 60 58 59 57 53 69 65 68 64 70 66 67 62 63 71 77 72 75 78 73 76 79 74  4 80  7  6  5  1  2  3 81
 22 24 21 18 17 19 25 23 20 33 30 34 27 31 29 26 28 32 42 37 41 43 38 39 35 40 36 47 48 49 52 44 51 46 45 50 53 56 61 59 57 58 60 55 54 63 64 70 65 69 67 68 66 62 78 74 77 73 79 75 76 71 72 80  5 81  3  6  1  4  7  2 13  8 16 15 14 10 11 12  9
 77 79 76 73 72 74 80 78 75  7  4  8  1  5  3 81  2  6 16 11 15 17 12 13  9 14 10 21 22 23 26 18 25 20 19 24 27 30 35 33 31 32 34 29 28 37 38 44 39 43 41 42 40 36 52 48 51 47 53 49 50 45 46 54 60 55 58 61 56 59 62 57 68 63 71 70 69 65 66 67 64
 59 61 58 55 54 56 62 60 57 70 67 71 64 68 66 63 65 69 79 74 78 80 75 76 72 77 73  3  4  5  8 81  7  2  1  6  9 12 17 15 13 14 16 11 10 19 20 26 21 25 23 24 22 18 34 30 33 29 35 31 32 27 28 36 42 37 40 43 38 41 44 39 50 45 53 52 51 47 48 49 46
 68 70 67 64 63 65 71 69 66 79 76 80 73 77 75 72 74 78  7  2  6  8  3  4 81  5  1 12 13 14 17  9 16 11 10 15 18 21 26 24 22 23 25 20 19 28 29 35 30 34 32 33 31 27 43 39 42 38 44 40 41 36 37 45 51 46 49 52 47 50 53 48 59 54 62 61 60 56 57 58 55
 32 34 31 28 27 29 35 33 30 43 40 44 37 41 39 36 38 42 52 47 51 53 48 49 45 50 46 57 58 59 62 54 61 56 55 60 63 66 71 69 67 68 70 65 64 73 74 80 75 79 77 78 76 72  7  3  6  2  8  4  5 81  1  9 15 10 13 16 11 14 17 12 23 18 26 25 24 20 21 22 19
 41 43 40 37 36 38 44 42 39 52 49 53 46 50 48 45 47 51 61 56 60 62 57 58 54 59 55 66 67 68 71 63 70 65 64 69 72 75 80 78 76 77 79 74 73  1  2  8  3  7  5  6  4 81 16 12 15 11 17 13 14  9 10 18 24 19 22 25 20 23 26 21 32 27 35 34 33 29 30 31 28
 23 25 22 19 18 20 26 24 21 34 31 35 28 32 30 27 29 33 43 38 42 44 39 40 36 41 37 48 49 50 53 45 52 47 46 51 54 57 62 60 58 59 61 56 55 64 65 71 66 70 68 69 67 63 79 75 78 74 80 76 77 72 73 81  6  1  4  7  2  5  8  3 14  9 17 16 15 11 12 13 10
  5  7  4  1 81  2  8  6  3 16 13 17 10 14 12  9 11 15 25 20 24 26 21 22 18 23 19 30 31 32 35 27 34 29 28 33 36 39 44 42 40 41 43 38 37 46 47 53 48 52 50 51 49 45 61 57 60 56 62 58 59 54 55 63 69 64 67 70 65 68 71 66 77 72 80 79 78 74 75 76 73
 14 16 13 10  9 11 17 15 12 25 22 26 19 23 21 18 20 24 34 29 33 35 30 31 27 32 28 39 40 41 44 36 43 38 37 42 45 48 53 51 49 50 52 47 46 55 56 62 57 61 59 60 58 54 70 66 69 65 71 67 68 63 64 72 78 73 76 79 74 77 80 75  5 81  8  7  6  2  3  4  1
 50 52 49 46 45 47 53 51 48 61 58 62 55 59 57 54 56 60 70 65 69 71 66 67 63 68 64 75 76 77 80 72 79 74 73 78 81  3  8  6  4  5  7  2  1 10 11 17 12 16 14 15 13  9 25 21 24 20 26 22 23 18 19 27 33 28 31 34 29 32 35 30 41 36 44 43 42 38 39 40 37
