 71 64 72 66 65 68 67 69 70 75 79 74 76 78 81 73 77 80  2  8  3  6  9  5  1  7  4 12 11 16 15 17 10 18 13 14 22 21 24 20 19 25 26 27 23 32 31 33 30 35 29 36 28 34 37 38 45 44 43 39 41 40 42 47 48 49 46 50 52 54 53 51 56 55 60 58 57 61 59 63 62
 62 55 63 57 56 59 58 60 61 66 70 65 67 69 72 64 68 71 74 80 75 78 81 77 73 79 76  3  2  7  6  8  1  9  4  5 13 12 15 11 10 16 17 18 14 23 22 24 21 26 20 27 19 25 28 29 36 35 34 30 32 31 33 38 39 40 37 41 43 45 44 42 47 46 51 49 48 52 50 54 53
 53 46 54 48 47 50 49 51 52 57 61 56 58 60 63 55 59 62 65 71 66 69 72 68 64 70 67 75 74 79 78 80 73 81 76 77  4  3  6  2  1  7  8  9  5 14 13 15 12 17 11 18 10 16 19 20 27 26 25 21 23 22 24 29 30 31 28 32 34 36 35 33 38 37 42 40 39 43 41 45 44
 26 19 27 21 20 23 22 24 25 30 34 29 31 33 36 28 32 35 38 44 39 42 45 41 37 43 40 48 47 52 51 53 46 54 49 50 58 57 60 56 55 61 62 63 59 68 67 69 66 71 65 72 64 70 73 74 81 80 79 75 77 76 78  2  3  4  1  5  7  9  8  6 11 10 15 13 12 16 14 18 17
 44 37 45 39 38 41 40 42 43 48 52 47 49 51 54 46 50 53 56 62 57 60 63 59 55 61 58 66 65 70 69 71 64 72 67 68 76 75 78 74 73 79 80 81 77  5  4  6  3  8  2  9  1  7 10 11 18 17 16 12 14 13 15 20 21 22 19 23 25 27 26 24 29 28 33 31 30 34 32 36 35
 80 73 81 75 74 77 76 78 79  3  7  2  4  6  9  1  5  8 11 17 12 15 18 14 10 16 13 21 20 25 24 26 19 27 22 23 31 30 33 29 28 34 35 36 32 41 40 42 39 44 38 45 37 43 46 47 54 53 52 48 50 49 51 56 57 58 55 59 61 63 62 60 65 64 69 67 66 70 68 72 71
  8  1  9  3  2  5  4  6  7 12 16 11 13 15 18 10 14 17 20 26 21 24 27 23 19 25 22 30 29 34 33 35 28 36 31 32 40 39 42 38 37 43 44 45 41 50 49 51 48 53 47 54 46 52 55 56 63 62 61 57 59 58 60 65 66 67 64 68 70 72 71 69 74 73 78 76 75 79 77 81 80
 17 10 18 12 11 14 13 15 16 21 25 20 22 24 27 19 23 26 29 35 30 33 36 32 28 34 31 39 38 43 42 44 37 45 40 41 49 48 51 47 46 52 53 54 50 59 58 60 57 62 56 63 55 61 64 65 72 71 70 66 68 67 69 74 75 76 73 77 79 81 80 78  2  1  6  4  3  7  5  9  8
 35 28 36 30 29 32 31 33 34 39 43 38 40 42 45 37 41 44 47 53 48 51 54 50 46 52 49 57 56 61 60 62 55 63 58 59 67 66 69 65 64 70 71 72 68 77 76 78 75 80 74 81 73 79  1  2  9  8  7  3  5  4  6 11 12 13 10 14 16 18 17 15 20 19 24 22 21 25 23 27 26
 18 11 19 13 12 15 14 16 17 22 26 21 23 25 28 20 24 27 30 36 31 34 37 33 29 35 32 40 39 44 43 45 38 46 41 42 50 49 52 48 47 53 54 55 51 60 59 61 58 63 57 64 56 62 65 66 73 72 71 67 69 68 70 75 76 77 74 78 80  1 81 79  3  2  7  5  4  8  6 10  9
 81 74  1 76 75 78 77 79 80  4  8  3  5  7 10  2  6  9 12 18 13 16 19 15 11 17 14 22 21 26 25 27 20 28 23 24 32 31 34 30 29 35 36 37 33 42 41 43 40 45 39 46 38 44 47 48 55 54 53 49 51 50 52 57 58 59 56 60 62 64 63 61 66 65 70 68 67 71 69 73 72
 54 47 55 49 48 51 50 52 53 58 62 57 59 61 64 56 60 63 66 72 67 70 73 69 65 71 68 76 75 80 79 81 74  1 77 78  5  4  7  3  2  8  9 10  6 15 14 16 13 18 12 19 11 17 20 21 28 27 26 22 24 23 25 30 31 32 29 33 35 37 36 34 39 38 43 41 40 44 42 46 45
 27 20 28 22 21 24 23 25 26 31 35 30 32 34 37 29 33 36 39 45 40 43 46 42 38 44 41 49 48 53 52 54 47 55 50 51 59 58 61 57 56 62 63 64 60 69 68 70 67 72 66 73 65 71 74 75  1 81 80 76 78 77 79  3  4  5  2  6  8 10  9  7 12 11 16 14 13 17 15 19 18
 36 29 37 31 30 33 32 34 35 40 44 39 41 43 46 38 42 45 48 54 49 52 55 51 47 53 50 58 57 62 61 63 56 64 59 60 68 67 70 66 65 71 72 73 69 78 77 79 76 81 75  1 74 80  2  3 10  9  8  4  6  5  7 12 13 14 11 15 17 19 18 16 21 20 25 23 22 26 24 28 27
 72 65 73 67 66 69 68 70 71 76 80 75 77 79  1 74 78 81  3  9  4  7 10  6  2  8  5 13 12 17 16 18 11 19 14 15 23 22 25 21 20 26 27 28 24 33 32 34 31 36 30 37 29 35 38 39 46 45 44 40 42 41 43 48 49 50 47 51 53 55 54 52 57 56 61 59 58 62 60 64 63
  9  2 10  4  3  6  5  7  8 13 17 12 14 16 19 11 15 18 21 27 22 25 28 24 20 26 23 31 30 35 34 36 29 37 32 33 41 40 43 39 38 44 45 46 42 51 50 52 49 54 48 55 47 53 56 57 64 63 62 58 60 59 61 66 67 68 65 69 71 73 72 70 75 74 79 77 76 80 78  1 81
 45 38 46 40 39 42 41 43 44 49 53 48 50 52 55 47 51 54 57 63 58 61 64 60 56 62 59 67 66 71 70 72 65 73 68 69 77 76 79 75 74 80 81  1 78  6  5  7  4  9  3 10  2  8 11 12 19 18 17 13 15 14 16 21 22 23 20 24 26 28 27 25 30 29 34 32 31 35 33 37 36
 63 56 64 58 57 60 59 61 62 67 71 66 68 70 73 65 69 72 75 81 76 79  1 78 74 80 77  4  3  8  7  9  2 10  5  6 14 13 16 12 11 17 18 19 15 24 23 25 22 27 21 28 20 26 29 30 37 36 35 31 33 32 34 39 40 41 38 42 44 46 45 43 48 47 52 50 49 53 51 55 54
  1 75  2 77 76 79 78 80 81  5  9  4  6  8 11  3  7 10 13 19 14 17 20 16 12 18 15 23 22 27 26 28 21 29 24 25 33 32 35 31 30 36 37 38 34 43 42 44 41 46 40 47 39 45 48 49 56 55 54 50 52 51 53 58 59 60 57 61 63 65 64 62 67 66 71 69 68 72 70 74 73
 28 21 29 23 22 25 24 26 27 32 36 31 33 35 38 30 34 37 40 46 41 44 47 43 39 45 42 50 49 54 53 55 48 56 51 52 60 59 62 58 57 63 64 65 61 70 69 71 68 73 67 74 66 72 75 76  2  1 81 77 79 78 80  4  5  6  3  7  9 11 10  8 13 12 17 15 14 18 16 20 19
 37 30 38 32 31 34 33 35 36 41 45 40 42 44 47 39 43 46 49 55 50 53 56 52 48 54 51 59 58 63 62 64 57 65 60 61 69 68 71 67 66 72 73 74 70 79 78 80 77  1 76  2 75 81  3  4 11 10  9  5  7  6  8 13 14 15 12 16 18 20 19 17 22 21 26 24 23 27 25 29 28
 46 39 47 41 40 43 42 44 45 50 54 49 51 53 56 48 52 55 58 64 59 62 65 61 57 63 60 68 67 72 71 73 66 74 69 70 78 77 80 76 75 81  1  2 79  7  6  8  5 10  4 11  3  9 12 13 20 19 18 14 16 15 17 22 23 24 21 25 27 29 28 26 31 30 35 33 32 36 34 38 37
 10  3 11  5  4  7  6  8  9 14 18 13 15 17 20 12 16 19 22 28 23 26 29 25 21 27 24 32 31 36 35 37 30 38 33 34 42 41 44 40 39 45 46 47 43 52 51 53 50 55 49 56 48 54 57 58 65 64 63 59 61 60 62 67 68 69 66 70 72 74 73 71 76 75 80 78 77 81 79  2  1
 73 66 74 68 67 70 69 71 72 77 81 76 78 80  2 75 79  1  4 10  5  8 11  7  3  9  6 14 13 18 17 19 12 20 15 16 24 23 26 22 21 27 28 29 25 34 33 35 32 37 31 38 30 36 39 40 47 46 45 41 43 42 44 49 50 51 48 52 54 56 55 53 58 57 62 60 59 63 61 65 64
 19 12 20 14 13 16 15 17 18 23 27 22 24 26 29 21 25 28 31 37 32 35 38 34 30 36 33 41 40 45 44 46 39 47 42 43 51 50 53 49 48 54 55 56 52 61 60 62 59 64 58 65 57 63 66 67 74 73 72 68 70 69 71 76 77 78 75 79 81  2  1 80  4  3  8  6  5  9  7 11 10
 64 57 65 59 58 61 60 62 63 68 72 67 69 71 74 66 70 73 76  1 77 80  2 79 75 81 78  5  4  9  8 10  3 11  6  7 15 14 17 13 12 18 19 20 16 25 24 26 23 28 22 29 21 27 30 31 38 37 36 32 34 33 35 40 41 42 39 43 45 47 46 44 49 48 53 51 50 54 52 56 55
 55 48 56 50 49 52 51 53 54 59 63 58 60 62 65 57 61 64 67 73 68 71 74 70 66 72 69 77 76 81 80  1 75  2 78 79  6  5  8  4  3  9 10 11  7 16 15 17 14 19 13 20 12 18 21 22 29 28 27 23 25 24 26 31 32 33 30 34 36 38 37 35 40 39 44 42 41 45 43 47 46
 65 58 66 60 59 62 61 63 64 69 73 68 70 72 75 67 71 74 77  2 78 81  3 80 76  1 79  6  5 10  9 11  4 12  7  8 16 15 18 14 13 19 20 21 17 26 25 27 24 29 23 30 22 28 31 32 39 38 37 33 35 34 36 41 42 43 40 44 46 48 47 45 50 49 54 52 51 55 53 57 56
 29 22 30 24 23 26 25 27 28 33 37 32 34 36 39 31 35 38 41 47 42 45 48 44 40 46 43 51 50 55 54 56 49 57 52 53 61 60 63 59 58 64 65 66 62 71 70 72 69 74 68 75 67 73 76 77  3  2  1 78 80 79 81  5  6  7  4  8 10 12 11  9 14 13 18 16 15 19 17 21 20
 38 31 39 33 32 35 34 36 37 42 46 41 43 45 48 40 44 47 50 56 51 54 57 53 49 55 52 60 59 64 63 65 58 66 61 62 70 69 72 68 67 73 74 75 71 80 79 81 78  2 77  3 76  1  4  5 12 11 10  6  8  7  9 14 15 16 13 17 19 21 20 18 23 22 27 25 24 28 26 30 29
  2 76  3 78 77 80 79 81  1  6 10  5  7  9 12  4  8 11 14 20 15 18 21 17 13 19 16 24 23 28 27 29 22 30 25 26 34 33 36 32 31 37 38 39 35 44 43 45 42 47 41 48 40 46 49 50 57 56 55 51 53 52 54 59 60 61 58 62 64 66 65 63 68 67 72 70 69 73 71 75 74
 47 40 48 42 41 44 43 45 46 51 55 50 52 54 57 49 53 56 59 65 60 63 66 62 58 64 61 69 68 73 72 74 67 75 70 71 79 78 81 77 76  1  2  3 80  8  7  9  6 11  5 12  4 10 13 14 21 20 19 15 17 16 18 23 24 25 22 26 28 30 29 27 32 31 36 34 33 37 35 39 38
 56 49 57 51 50 53 52 54 55 60 64 59 61 63 66 58 62 65 68 74 69 72 75 71 67 73 70 78 77  1 81  2 76  3 79 80  7  6  9  5  4 10 11 12  8 17 16 18 15 20 14 21 13 19 22 23 30 29 28 24 26 25 27 32 33 34 31 35 37 39 38 36 41 40 45 43 42 46 44 48 47
 74 67 75 69 68 71 70 72 73 78  1 77 79 81  3 76 80  2  5 11  6  9 12  8  4 10  7 15 14 19 18 20 13 21 16 17 25 24 27 23 22 28 29 30 26 35 34 36 33 38 32 39 31 37 40 41 48 47 46 42 44 43 45 50 51 52 49 53 55 57 56 54 59 58 63 61 60 64 62 66 65
 11  4 12  6  5  8  7  9 10 15 19 14 16 18 21 13 17 20 23 29 24 27 30 26 22 28 25 33 32 37 36 38 31 39 34 35 43 42 45 41 40 46 47 48 44 53 52 54 51 56 50 57 49 55 58 59 66 65 64 60 62 61 63 68 69 70 67 71 73 75 74 72 77 76 81 79 78  1 80  3  2
 20 13 21 15 14 17 16 18 19 24 28 23 25 27 30 22 26 29 32 38 33 36 39 35 31 37 34 42 41 46 45 47 40 48 43 44 52 51 54 50 49 55 56 57 53 62 61 63 60 65 59 66 58 64 67 68 75 74 73 69 71 70 72 77 78 79 76 80  1  3  2 81  5  4  9  7  6 10  8 12 11
 12  5 13  7  6  9  8 10 11 16 20 15 17 19 22 14 18 21 24 30 25 28 31 27 23 29 26 34 33 38 37 39 32 40 35 36 44 43 46 42 41 47 48 49 45 54 53 55 52 57 51 58 50 56 59 60 67 66 65 61 63 62 64 69 70 71 68 72 74 76 75 73 78 77  1 80 79  2 81  4  3
  3 77  4 79 78 81 80  1  2  7 11  6  8 10 13  5  9 12 15 21 16 19 22 18 14 20 17 25 24 29 28 30 23 31 26 27 35 34 37 33 32 38 39 40 36 45 44 46 43 48 42 49 41 47 50 51 58 57 56 52 54 53 55 60 61 62 59 63 65 67 66 64 69 68 73 71 70 74 72 76 75
 66 59 67 61 60 63 62 64 65 70 74 69 71 73 76 68 72 75 78  3 79  1  4 81 77  2 80  7  6 11 10 12  5 13  8  9 17 16 19 15 14 20 21 22 18 27 26 28 25 30 24 31 23 29 32 33 40 39 38 34 36 35 37 42 43 44 41 45 47 49 48 46 51 50 55 53 52 56 54 58 57
 75 68 76 70 69 72 71 73 74 79  2 78 80  1  4 77 81  3  6 12  7 10 13  9  5 11  8 16 15 20 19 21 14 22 17 18 26 25 28 24 23 29 30 31 27 36 35 37 34 39 33 40 32 38 41 42 49 48 47 43 45 44 46 51 52 53 50 54 56 58 57 55 60 59 64 62 61 65 63 67 66
 39 32 40 34 33 36 35 37 38 43 47 42 44 46 49 41 45 48 51 57 52 55 58 54 50 56 53 61 60 65 64 66 59 67 62 63 71 70 73 69 68 74 75 76 72 81 80  1 79  3 78  4 77  2  5  6 13 12 11  7  9  8 10 15 16 17 14 18 20 22 21 19 24 23 28 26 25 29 27 31 30
 21 14 22 16 15 18 17 19 20 25 29 24 26 28 31 23 27 30 33 39 34 37 40 36 32 38 35 43 42 47 46 48 41 49 44 45 53 52 55 51 50 56 57 58 54 63 62 64 61 66 60 67 59 65 68 69 76 75 74 70 72 71 73 78 79 80 77 81  2  4  3  1  6  5 10  8  7 11  9 13 12
 57 50 58 52 51 54 53 55 56 61 65 60 62 64 67 59 63 66 69 75 70 73 76 72 68 74 71 79 78  2  1  3 77  4 80 81  8  7 10  6  5 11 12 13  9 18 17 19 16 21 15 22 14 20 23 24 31 30 29 25 27 26 28 33 34 35 32 36 38 40 39 37 42 41 46 44 43 47 45 49 48
 30 23 31 25 24 27 26 28 29 34 38 33 35 37 40 32 36 39 42 48 43 46 49 45 41 47 44 52 51 56 55 57 50 58 53 54 62 61 64 60 59 65 66 67 63 72 71 73 70 75 69 76 68 74 77 78  4  3  2 79 81 80  1  6  7  8  5  9 11 13 12 10 15 14 19 17 16 20 18 22 21
 48 41 49 43 42 45 44 46 47 52 56 51 53 55 58 50 54 57 60 66 61 64 67 63 59 65 62 70 69 74 73 75 68 76 71 72 80 79  1 78 77  2  3  4 81  9  8 10  7 12  6 13  5 11 14 15 22 21 20 16 18 17 19 24 25 26 23 27 29 31 30 28 33 32 37 35 34 38 36 40 39
  4 78  5 80 79  1 81  2  3  8 12  7  9 11 14  6 10 13 16 22 17 20 23 19 15 21 18 26 25 30 29 31 24 32 27 28 36 35 38 34 33 39 40 41 37 46 45 47 44 49 43 50 42 48 51 52 59 58 57 53 55 54 56 61 62 63 60 64 66 68 67 65 70 69 74 72 71 75 73 77 76
 31 24 32 26 25 28 27 29 30 35 39 34 36 38 41 33 37 40 43 49 44 47 50 46 42 48 45 53 52 57 56 58 51 59 54 55 63 62 65 61 60 66 67 68 64 73 72 74 71 76 70 77 69 75 78 79  5  4  3 80  1 81  2  7  8  9  6 10 12 14 13 11 16 15 20 18 17 21 19 23 22
 58 51 59 53 52 55 54 56 57 62 66 61 63 65 68 60 64 67 70 76 71 74 77 73 69 75 72 80 79  3  2  4 78  5 81  1  9  8 11  7  6 12 13 14 10 19 18 20 17 22 16 23 15 21 24 25 32 31 30 26 28 27 29 34 35 36 33 37 39 41 40 38 43 42 47 45 44 48 46 50 49
 76 69 77 71 70 73 72 74 75 80  3 79 81  2  5 78  1  4  7 13  8 11 14 10  6 12  9 17 16 21 20 22 15 23 18 19 27 26 29 25 24 30 31 32 28 37 36 38 35 40 34 41 33 39 42 43 50 49 48 44 46 45 47 52 53 54 51 55 57 59 58 56 61 60 65 63 62 66 64 68 67
 40 33 41 35 34 37 36 38 39 44 48 43 45 47 50 42 46 49 52 58 53 56 59 55 51 57 54 62 61 66 65 67 60 68 63 64 72 71 74 70 69 75 76 77 73  1 81  2 80  4 79  5 78  3  6  7 14 13 12  8 10  9 11 16 17 18 15 19 21 23 22 20 25 24 29 27 26 30 28 32 31
 22 15 23 17 16 19 18 20 21 26 30 25 27 29 32 24 28 31 34 40 35 38 41 37 33 39 36 44 43 48 47 49 42 50 45 46 54 53 56 52 51 57 58 59 55 64 63 65 62 67 61 68 60 66 69 70 77 76 75 71 73 72 74 79 80 81 78  1  3  5  4  2  7  6 11  9  8 12 10 14 13
 13  6 14  8  7 10  9 11 12 17 21 16 18 20 23 15 19 22 25 31 26 29 32 28 24 30 27 35 34 39 38 40 33 41 36 37 45 44 47 43 42 48 49 50 46 55 54 56 53 58 52 59 51 57 60 61 68 67 66 62 64 63 65 70 71 72 69 73 75 77 76 74 79 78  2 81 80  3  1  5  4
 67 60 68 62 61 64 63 65 66 71 75 70 72 74 77 69 73 76 79  4 80  2  5  1 78  3 81  8  7 12 11 13  6 14  9 10 18 17 20 16 15 21 22 23 19 28 27 29 26 31 25 32 24 30 33 34 41 40 39 35 37 36 38 43 44 45 42 46 48 50 49 47 52 51 56 54 53 57 55 59 58
 49 42 50 44 43 46 45 47 48 53 57 52 54 56 59 51 55 58 61 67 62 65 68 64 60 66 63 71 70 75 74 76 69 77 72 73 81 80  2 79 78  3  4  5  1 10  9 11  8 13  7 14  6 12 15 16 23 22 21 17 19 18 20 25 26 27 24 28 30 32 31 29 34 33 38 36 35 39 37 41 40
 23 16 24 18 17 20 19 21 22 27 31 26 28 30 33 25 29 32 35 41 36 39 42 38 34 40 37 45 44 49 48 50 43 51 46 47 55 54 57 53 52 58 59 60 56 65 64 66 63 68 62 69 61 67 70 71 78 77 76 72 74 73 75 80 81  1 79  2  4  6  5  3  8  7 12 10  9 13 11 15 14
 32 25 33 27 26 29 28 30 31 36 40 35 37 39 42 34 38 41 44 50 45 48 51 47 43 49 46 54 53 58 57 59 52 60 55 56 64 63 66 62 61 67 68 69 65 74 73 75 72 77 71 78 70 76 79 80  6  5  4 81  2  1  3  8  9 10  7 11 13 15 14 12 17 16 21 19 18 22 20 24 23
 77 70 78 72 71 74 73 75 76 81  4 80  1  3  6 79  2  5  8 14  9 12 15 11  7 13 10 18 17 22 21 23 16 24 19 20 28 27 30 26 25 31 32 33 29 38 37 39 36 41 35 42 34 40 43 44 51 50 49 45 47 46 48 53 54 55 52 56 58 60 59 57 62 61 66 64 63 67 65 69 68
 50 43 51 45 44 47 46 48 49 54 58 53 55 57 60 52 56 59 62 68 63 66 69 65 61 67 64 72 71 76 75 77 70 78 73 74  1 81  3 80 79  4  5  6  2 11 10 12  9 14  8 15  7 13 16 17 24 23 22 18 20 19 21 26 27 28 25 29 31 33 32 30 35 34 39 37 36 40 38 42 41
 68 61 69 63 62 65 64 66 67 72 76 71 73 75 78 70 74 77 80  5 81  3  6  2 79  4  1  9  8 13 12 14  7 15 10 11 19 18 21 17 16 22 23 24 20 29 28 30 27 32 26 33 25 31 34 35 42 41 40 36 38 37 39 44 45 46 43 47 49 51 50 48 53 52 57 55 54 58 56 60 59
  5 79  6 81 80  2  1  3  4  9 13  8 10 12 15  7 11 14 17 23 18 21 24 20 16 22 19 27 26 31 30 32 25 33 28 29 37 36 39 35 34 40 41 42 38 47 46 48 45 50 44 51 43 49 52 53 60 59 58 54 56 55 57 62 63 64 61 65 67 69 68 66 71 70 75 73 72 76 74 78 77
 59 52 60 54 53 56 55 57 58 63 67 62 64 66 69 61 65 68 71 77 72 75 78 74 70 76 73 81 80  4  3  5 79  6  1  2 10  9 12  8  7 13 14 15 11 20 19 21 18 23 17 24 16 22 25 26 33 32 31 27 29 28 30 35 36 37 34 38 40 42 41 39 44 43 48 46 45 49 47 51 50
 41 34 42 36 35 38 37 39 40 45 49 44 46 48 51 43 47 50 53 59 54 57 60 56 52 58 55 63 62 67 66 68 61 69 64 65 73 72 75 71 70 76 77 78 74  2  1  3 81  5 80  6 79  4  7  8 15 14 13  9 11 10 12 17 18 19 16 20 22 24 23 21 26 25 30 28 27 31 29 33 32
 14  7 15  9  8 11 10 12 13 18 22 17 19 21 24 16 20 23 26 32 27 30 33 29 25 31 28 36 35 40 39 41 34 42 37 38 46 45 48 44 43 49 50 51 47 56 55 57 54 59 53 60 52 58 61 62 69 68 67 63 65 64 66 71 72 73 70 74 76 78 77 75 80 79  3  1 81  4  2  6  5
 33 26 34 28 27 30 29 31 32 37 41 36 38 40 43 35 39 42 45 51 46 49 52 48 44 50 47 55 54 59 58 60 53 61 56 57 65 64 67 63 62 68 69 70 66 75 74 76 73 78 72 79 71 77 80 81  7  6  5  1  3  2  4  9 10 11  8 12 14 16 15 13 18 17 22 20 19 23 21 25 24
 78 71 79 73 72 75 74 76 77  1  5 81  2  4  7 80  3  6  9 15 10 13 16 12  8 14 11 19 18 23 22 24 17 25 20 21 29 28 31 27 26 32 33 34 30 39 38 40 37 42 36 43 35 41 44 45 52 51 50 46 48 47 49 54 55 56 53 57 59 61 60 58 63 62 67 65 64 68 66 70 69
  6 80  7  1 81  3  2  4  5 10 14  9 11 13 16  8 12 15 18 24 19 22 25 21 17 23 20 28 27 32 31 33 26 34 29 30 38 37 40 36 35 41 42 43 39 48 47 49 46 51 45 52 44 50 53 54 61 60 59 55 57 56 58 63 64 65 62 66 68 70 69 67 72 71 76 74 73 77 75 79 78
 60 53 61 55 54 57 56 58 59 64 68 63 65 67 70 62 66 69 72 78 73 76 79 75 71 77 74  1 81  5  4  6 80  7  2  3 11 10 13  9  8 14 15 16 12 21 20 22 19 24 18 25 17 23 26 27 34 33 32 28 30 29 31 36 37 38 35 39 41 43 42 40 45 44 49 47 46 50 48 52 51
 69 62 70 64 63 66 65 67 68 73 77 72 74 76 79 71 75 78 81  6  1  4  7  3 80  5  2 10  9 14 13 15  8 16 11 12 20 19 22 18 17 23 24 25 21 30 29 31 28 33 27 34 26 32 35 36 43 42 41 37 39 38 40 45 46 47 44 48 50 52 51 49 54 53 58 56 55 59 57 61 60
 42 35 43 37 36 39 38 40 41 46 50 45 47 49 52 44 48 51 54 60 55 58 61 57 53 59 56 64 63 68 67 69 62 70 65 66 74 73 76 72 71 77 78 79 75  3  2  4  1  6 81  7 80  5  8  9 16 15 14 10 12 11 13 18 19 20 17 21 23 25 24 22 27 26 31 29 28 32 30 34 33
 51 44 52 46 45 48 47 49 50 55 59 54 56 58 61 53 57 60 63 69 64 67 70 66 62 68 65 73 72 77 76 78 71 79 74 75  2  1  4 81 80  5  6  7  3 12 11 13 10 15  9 16  8 14 17 18 25 24 23 19 21 20 22 27 28 29 26 30 32 34 33 31 36 35 40 38 37 41 39 43 42
 24 17 25 19 18 21 20 22 23 28 32 27 29 31 34 26 30 33 36 42 37 40 43 39 35 41 38 46 45 50 49 51 44 52 47 48 56 55 58 54 53 59 60 61 57 66 65 67 64 69 63 70 62 68 71 72 79 78 77 73 75 74 76 81  1  2 80  3  5  7  6  4  9  8 13 11 10 14 12 16 15
 15  8 16 10  9 12 11 13 14 19 23 18 20 22 25 17 21 24 27 33 28 31 34 30 26 32 29 37 36 41 40 42 35 43 38 39 47 46 49 45 44 50 51 52 48 57 56 58 55 60 54 61 53 59 62 63 70 69 68 64 66 65 67 72 73 74 71 75 77 79 78 76 81 80  4  2  1  5  3  7  6
 70 63 71 65 64 67 66 68 69 74 78 73 75 77 80 72 76 79  1  7  2  5  8  4 81  6  3 11 10 15 14 16  9 17 12 13 21 20 23 19 18 24 25 26 22 31 30 32 29 34 28 35 27 33 36 37 44 43 42 38 40 39 41 46 47 48 45 49 51 53 52 50 55 54 59 57 56 60 58 62 61
 34 27 35 29 28 31 30 32 33 38 42 37 39 41 44 36 40 43 46 52 47 50 53 49 45 51 48 56 55 60 59 61 54 62 57 58 66 65 68 64 63 69 70 71 67 76 75 77 74 79 73 80 72 78 81  1  8  7  6  2  4  3  5 10 11 12  9 13 15 17 16 14 19 18 23 21 20 24 22 26 25
 61 54 62 56 55 58 57 59 60 65 69 64 66 68 71 63 67 70 73 79 74 77 80 76 72 78 75  2  1  6  5  7 81  8  3  4 12 11 14 10  9 15 16 17 13 22 21 23 20 25 19 26 18 24 27 28 35 34 33 29 31 30 32 37 38 39 36 40 42 44 43 41 46 45 50 48 47 51 49 53 52
 52 45 53 47 46 49 48 50 51 56 60 55 57 59 62 54 58 61 64 70 65 68 71 67 63 69 66 74 73 78 77 79 72 80 75 76  3  2  5  1 81  6  7  8  4 13 12 14 11 16 10 17  9 15 18 19 26 25 24 20 22 21 23 28 29 30 27 31 33 35 34 32 37 36 41 39 38 42 40 44 43
 43 36 44 38 37 40 39 41 42 47 51 46 48 50 53 45 49 52 55 61 56 59 62 58 54 60 57 65 64 69 68 70 63 71 66 67 75 74 77 73 72 78 79 80 76  4  3  5  2  7  1  8 81  6  9 10 17 16 15 11 13 12 14 19 20 21 18 22 24 26 25 23 28 27 32 30 29 33 31 35 34
  7 81  8  2  1  4  3  5  6 11 15 10 12 14 17  9 13 16 19 25 20 23 26 22 18 24 21 29 28 33 32 34 27 35 30 31 39 38 41 37 36 42 43 44 40 49 48 50 47 52 46 53 45 51 54 55 62 61 60 56 58 57 59 64 65 66 63 67 69 71 70 68 73 72 77 75 74 78 76 80 79
 25 18 26 20 19 22 21 23 24 29 33 28 30 32 35 27 31 34 37 43 38 41 44 40 36 42 39 47 46 51 50 52 45 53 48 49 57 56 59 55 54 60 61 62 58 67 66 68 65 70 64 71 63 69 72 73 80 79 78 74 76 75 77  1  2  3 81  4  6  8  7  5 10  9 14 12 11 15 13 17 16
 16  9 17 11 10 13 12 14 15 20 24 19 21 23 26 18 22 25 28 34 29 32 35 31 27 33 30 38 37 42 41 43 36 44 39 40 48 47 50 46 45 51 52 53 49 58 57 59 56 61 55 62 54 60 63 64 71 70 69 65 67 66 68 73 74 75 72 76 78 80 79 77  1 81  5  3  2  6  4  8  7
 79 72 80 74 73 76 75 77 78  2  6  1  3  5  8 81  4  7 10 16 11 14 17 13  9 15 12 20 19 24 23 25 18 26 21 22 30 29 32 28 27 33 34 35 31 40 39 41 38 43 37 44 36 42 45 46 53 52 51 47 49 48 50 55 56 57 54 58 60 62 61 59 64 63 68 66 65 69 67 71 70
