 13 10 12 14 15 17 11 16 18 27 19 20 21 25 26 23 22 24 31 33 34 29 28 30 36 35 32 42 39 44 38 45 40 37 41 43 53 48 49 54 46 51 50 47 52 55 62 59 57 61 58 63 60 56 69 64 71 68 67 72 70 66 65 73 80 79 77 78 81 76 75 74  5  4  2  6  9  1  7  3  8
 49 46 48 50 51 53 47 52 54 63 55 56 57 61 62 59 58 60 67 69 70 65 64 66 72 71 68 78 75 80 74 81 76 73 77 79  8  3  4  9  1  6  5  2  7 10 17 14 12 16 13 18 15 11 24 19 26 23 22 27 25 21 20 28 35 34 32 33 36 31 30 29 41 40 38 42 45 37 43 39 44
 76 73 75 77 78 80 74 79 81  9  1  2  3  7  8  5  4  6 13 15 16 11 10 12 18 17 14 24 21 26 20 27 22 19 23 25 35 30 31 36 28 33 32 29 34 37 44 41 39 43 40 45 42 38 51 46 53 50 49 54 52 48 47 55 62 61 59 60 63 58 57 56 68 67 65 69 72 64 70 66 71
 40 37 39 41 42 44 38 43 45 54 46 47 48 52 53 50 49 51 58 60 61 56 55 57 63 62 59 69 66 71 65 72 67 64 68 70 80 75 76 81 73 78 77 74 79  1  8  5  3  7  4  9  6  2 15 10 17 14 13 18 16 12 11 19 26 25 23 24 27 22 21 20 32 31 29 33 36 28 34 30 35
 67 64 66 68 69 71 65 70 72 81 73 74 75 79 80 77 76 78  4  6  7  2  1  3  9  8  5 15 12 17 11 18 13 10 14 16 26 21 22 27 19 24 23 20 25 28 35 32 30 34 31 36 33 29 42 37 44 41 40 45 43 39 38 46 53 52 50 51 54 49 48 47 59 58 56 60 63 55 61 57 62
 31 28 30 32 33 35 29 34 36 45 37 38 39 43 44 41 40 42 49 51 52 47 46 48 54 53 50 60 57 62 56 63 58 55 59 61 71 66 67 72 64 69 68 65 70 73 80 77 75 79 76 81 78 74  6  1  8  5  4  9  7  3  2 10 17 16 14 15 18 13 12 11 23 22 20 24 27 19 25 21 26
 58 55 57 59 60 62 56 61 63 72 64 65 66 70 71 68 67 69 76 78 79 74 73 75 81 80 77  6  3  8  2  9  4  1  5  7 17 12 13 18 10 15 14 11 16 19 26 23 21 25 22 27 24 20 33 28 35 32 31 36 34 30 29 37 44 43 41 42 45 40 39 38 50 49 47 51 54 46 52 48 53
  4  1  3  5  6  8  2  7  9 18 10 11 12 16 17 14 13 15 22 24 25 20 19 21 27 26 23 33 30 35 29 36 31 28 32 34 44 39 40 45 37 42 41 38 43 46 53 50 48 52 49 54 51 47 60 55 62 59 58 63 61 57 56 64 71 70 68 69 72 67 66 65 77 76 74 78 81 73 79 75 80
 22 19 21 23 24 26 20 25 27 36 28 29 30 34 35 32 31 33 40 42 43 38 37 39 45 44 41 51 48 53 47 54 49 46 50 52 62 57 58 63 55 60 59 56 61 64 71 68 66 70 67 72 69 65 78 73 80 77 76 81 79 75 74  1  8  7  5  6  9  4  3  2 14 13 11 15 18 10 16 12 17
 14 11 13 15 16 18 12 17 19 28 20 21 22 26 27 24 23 25 32 34 35 30 29 31 37 36 33 43 40 45 39 46 41 38 42 44 54 49 50 55 47 52 51 48 53 56 63 60 58 62 59 64 61 57 70 65 72 69 68 73 71 67 66 74 81 80 78 79  1 77 76 75  6  5  3  7 10  2  8  4  9
 41 38 40 42 43 45 39 44 46 55 47 48 49 53 54 51 50 52 59 61 62 57 56 58 64 63 60 70 67 72 66 73 68 65 69 71 81 76 77  1 74 79 78 75 80  2  9  6  4  8  5 10  7  3 16 11 18 15 14 19 17 13 12 20 27 26 24 25 28 23 22 21 33 32 30 34 37 29 35 31 36
 32 29 31 33 34 36 30 35 37 46 38 39 40 44 45 42 41 43 50 52 53 48 47 49 55 54 51 61 58 63 57 64 59 56 60 62 72 67 68 73 65 70 69 66 71 74 81 78 76 80 77  1 79 75  7  2  9  6  5 10  8  4  3 11 18 17 15 16 19 14 13 12 24 23 21 25 28 20 26 22 27
 59 56 58 60 61 63 57 62 64 73 65 66 67 71 72 69 68 70 77 79 80 75 74 76  1 81 78  7  4  9  3 10  5  2  6  8 18 13 14 19 11 16 15 12 17 20 27 24 22 26 23 28 25 21 34 29 36 33 32 37 35 31 30 38 45 44 42 43 46 41 40 39 51 50 48 52 55 47 53 49 54
 77 74 76 78 79 81 75 80  1 10  2  3  4  8  9  6  5  7 14 16 17 12 11 13 19 18 15 25 22 27 21 28 23 20 24 26 36 31 32 37 29 34 33 30 35 38 45 42 40 44 41 46 43 39 52 47 54 51 50 55 53 49 48 56 63 62 60 61 64 59 58 57 69 68 66 70 73 65 71 67 72
 68 65 67 69 70 72 66 71 73  1 74 75 76 80 81 78 77 79  5  7  8  3  2  4 10  9  6 16 13 18 12 19 14 11 15 17 27 22 23 28 20 25 24 21 26 29 36 33 31 35 32 37 34 30 43 38 45 42 41 46 44 40 39 47 54 53 51 52 55 50 49 48 60 59 57 61 64 56 62 58 63
  5  2  4  6  7  9  3  8 10 19 11 12 13 17 18 15 14 16 23 25 26 21 20 22 28 27 24 34 31 36 30 37 32 29 33 35 45 40 41 46 38 43 42 39 44 47 54 51 49 53 50 55 52 48 61 56 63 60 59 64 62 58 57 65 72 71 69 70 73 68 67 66 78 77 75 79  1 74 80 76 81
 23 20 22 24 25 27 21 26 28 37 29 30 31 35 36 33 32 34 41 43 44 39 38 40 46 45 42 52 49 54 48 55 50 47 51 53 63 58 59 64 56 61 60 57 62 65 72 69 67 71 68 73 70 66 79 74 81 78 77  1 80 76 75  2  9  8  6  7 10  5  4  3 15 14 12 16 19 11 17 13 18
 50 47 49 51 52 54 48 53 55 64 56 57 58 62 63 60 59 61 68 70 71 66 65 67 73 72 69 79 76 81 75  1 77 74 78 80  9  4  5 10  2  7  6  3  8 11 18 15 13 17 14 19 16 12 25 20 27 24 23 28 26 22 21 29 36 35 33 34 37 32 31 30 42 41 39 43 46 38 44 40 45
 60 57 59 61 62 64 58 63 65 74 66 67 68 72 73 70 69 71 78 80 81 76 75 77  2  1 79  8  5 10  4 11  6  3  7  9 19 14 15 20 12 17 16 13 18 21 28 25 23 27 24 29 26 22 35 30 37 34 33 38 36 32 31 39 46 45 43 44 47 42 41 40 52 51 49 53 56 48 54 50 55
 69 66 68 70 71 73 67 72 74  2 75 76 77 81  1 79 78 80  6  8  9  4  3  5 11 10  7 17 14 19 13 20 15 12 16 18 28 23 24 29 21 26 25 22 27 30 37 34 32 36 33 38 35 31 44 39 46 43 42 47 45 41 40 48 55 54 52 53 56 51 50 49 61 60 58 62 65 57 63 59 64
 24 21 23 25 26 28 22 27 29 38 30 31 32 36 37 34 33 35 42 44 45 40 39 41 47 46 43 53 50 55 49 56 51 48 52 54 64 59 60 65 57 62 61 58 63 66 73 70 68 72 69 74 71 67 80 75  1 79 78  2 81 77 76  3 10  9  7  8 11  6  5  4 16 15 13 17 20 12 18 14 19
 78 75 77 79 80  1 76 81  2 11  3  4  5  9 10  7  6  8 15 17 18 13 12 14 20 19 16 26 23 28 22 29 24 21 25 27 37 32 33 38 30 35 34 31 36 39 46 43 41 45 42 47 44 40 53 48 55 52 51 56 54 50 49 57 64 63 61 62 65 60 59 58 70 69 67 71 74 66 72 68 73
 51 48 50 52 53 55 49 54 56 65 57 58 59 63 64 61 60 62 69 71 72 67 66 68 74 73 70 80 77  1 76  2 78 75 79 81 10  5  6 11  3  8  7  4  9 12 19 16 14 18 15 20 17 13 26 21 28 25 24 29 27 23 22 30 37 36 34 35 38 33 32 31 43 42 40 44 47 39 45 41 46
  6  3  5  7  8 10  4  9 11 20 12 13 14 18 19 16 15 17 24 26 27 22 21 23 29 28 25 35 32 37 31 38 33 30 34 36 46 41 42 47 39 44 43 40 45 48 55 52 50 54 51 56 53 49 62 57 64 61 60 65 63 59 58 66 73 72 70 71 74 69 68 67 79 78 76 80  2 75 81 77  1
 15 12 14 16 17 19 13 18 20 29 21 22 23 27 28 25 24 26 33 35 36 31 30 32 38 37 34 44 41 46 40 47 42 39 43 45 55 50 51 56 48 53 52 49 54 57 64 61 59 63 60 65 62 58 71 66 73 70 69 74 72 68 67 75  1 81 79 80  2 78 77 76  7  6  4  8 11  3  9  5 10
 42 39 41 43 44 46 40 45 47 56 48 49 50 54 55 52 51 53 60 62 63 58 57 59 65 64 61 71 68 73 67 74 69 66 70 72  1 77 78  2 75 80 79 76 81  3 10  7  5  9  6 11  8  4 17 12 19 16 15 20 18 14 13 21 28 27 25 26 29 24 23 22 34 33 31 35 38 30 36 32 37
 33 30 32 34 35 37 31 36 38 47 39 40 41 45 46 43 42 44 51 53 54 49 48 50 56 55 52 62 59 64 58 65 60 57 61 63 73 68 69 74 66 71 70 67 72 75  1 79 77 81 78  2 80 76  8  3 10  7  6 11  9  5  4 12 19 18 16 17 20 15 14 13 25 24 22 26 29 21 27 23 28
  7  4  6  8  9 11  5 10 12 21 13 14 15 19 20 17 16 18 25 27 28 23 22 24 30 29 26 36 33 38 32 39 34 31 35 37 47 42 43 48 40 45 44 41 46 49 56 53 51 55 52 57 54 50 63 58 65 62 61 66 64 60 59 67 74 73 71 72 75 70 69 68 80 79 77 81  3 76  1 78  2
 43 40 42 44 45 47 41 46 48 57 49 50 51 55 56 53 52 54 61 63 64 59 58 60 66 65 62 72 69 74 68 75 70 67 71 73  2 78 79  3 76 81 80 77  1  4 11  8  6 10  7 12  9  5 18 13 20 17 16 21 19 15 14 22 29 28 26 27 30 25 24 23 35 34 32 36 39 31 37 33 38
 61 58 60 62 63 65 59 64 66 75 67 68 69 73 74 71 70 72 79 81  1 77 76 78  3  2 80  9  6 11  5 12  7  4  8 10 20 15 16 21 13 18 17 14 19 22 29 26 24 28 25 30 27 23 36 31 38 35 34 39 37 33 32 40 47 46 44 45 48 43 42 41 53 52 50 54 57 49 55 51 56
 70 67 69 71 72 74 68 73 75  3 76 77 78  1  2 80 79 81  7  9 10  5  4  6 12 11  8 18 15 20 14 21 16 13 17 19 29 24 25 30 22 27 26 23 28 31 38 35 33 37 34 39 36 32 45 40 47 44 43 48 46 42 41 49 56 55 53 54 57 52 51 50 62 61 59 63 66 58 64 60 65
 34 31 33 35 36 38 32 37 39 48 40 41 42 46 47 44 43 45 52 54 55 50 49 51 57 56 53 63 60 65 59 66 61 58 62 64 74 69 70 75 67 72 71 68 73 76  2 80 78  1 79  3 81 77  9  4 11  8  7 12 10  6  5 13 20 19 17 18 21 16 15 14 26 25 23 27 30 22 28 24 29
 16 13 15 17 18 20 14 19 21 30 22 23 24 28 29 26 25 27 34 36 37 32 31 33 39 38 35 45 42 47 41 48 43 40 44 46 56 51 52 57 49 54 53 50 55 58 65 62 60 64 61 66 63 59 72 67 74 71 70 75 73 69 68 76  2  1 80 81  3 79 78 77  8  7  5  9 12  4 10  6 11
 52 49 51 53 54 56 50 55 57 66 58 59 60 64 65 62 61 63 70 72 73 68 67 69 75 74 71 81 78  2 77  3 79 76 80  1 11  6  7 12  4  9  8  5 10 13 20 17 15 19 16 21 18 14 27 22 29 26 25 30 28 24 23 31 38 37 35 36 39 34 33 32 44 43 41 45 48 40 46 42 47
 79 76 78 80 81  2 77  1  3 12  4  5  6 10 11  8  7  9 16 18 19 14 13 15 21 20 17 27 24 29 23 30 25 22 26 28 38 33 34 39 31 36 35 32 37 40 47 44 42 46 43 48 45 41 54 49 56 53 52 57 55 51 50 58 65 64 62 63 66 61 60 59 71 70 68 72 75 67 73 69 74
 25 22 24 26 27 29 23 28 30 39 31 32 33 37 38 35 34 36 43 45 46 41 40 42 48 47 44 54 51 56 50 57 52 49 53 55 65 60 61 66 58 63 62 59 64 67 74 71 69 73 70 75 72 68 81 76  2 80 79  3  1 78 77  4 11 10  8  9 12  7  6  5 17 16 14 18 21 13 19 15 20
  8  5  7  9 10 12  6 11 13 22 14 15 16 20 21 18 17 19 26 28 29 24 23 25 31 30 27 37 34 39 33 40 35 32 36 38 48 43 44 49 41 46 45 42 47 50 57 54 52 56 53 58 55 51 64 59 66 63 62 67 65 61 60 68 75 74 72 73 76 71 70 69 81 80 78  1  4 77  2 79  3
 17 14 16 18 19 21 15 20 22 31 23 24 25 29 30 27 26 28 35 37 38 33 32 34 40 39 36 46 43 48 42 49 44 41 45 47 57 52 53 58 50 55 54 51 56 59 66 63 61 65 62 67 64 60 73 68 75 72 71 76 74 70 69 77  3  2 81  1  4 80 79 78  9  8  6 10 13  5 11  7 12
 26 23 25 27 28 30 24 29 31 40 32 33 34 38 39 36 35 37 44 46 47 42 41 43 49 48 45 55 52 57 51 58 53 50 54 56 66 61 62 67 59 64 63 60 65 68 75 72 70 74 71 76 73 69  1 77  3 81 80  4  2 79 78  5 12 11  9 10 13  8  7  6 18 17 15 19 22 14 20 16 21
 80 77 79 81  1  3 78  2  4 13  5  6  7 11 12  9  8 10 17 19 20 15 14 16 22 21 18 28 25 30 24 31 26 23 27 29 39 34 35 40 32 37 36 33 38 41 48 45 43 47 44 49 46 42 55 50 57 54 53 58 56 52 51 59 66 65 63 64 67 62 61 60 72 71 69 73 76 68 74 70 75
 62 59 61 63 64 66 60 65 67 76 68 69 70 74 75 72 71 73 80  1  2 78 77 79  4  3 81 10  7 12  6 13  8  5  9 11 21 16 17 22 14 19 18 15 20 23 30 27 25 29 26 31 28 24 37 32 39 36 35 40 38 34 33 41 48 47 45 46 49 44 43 42 54 53 51 55 58 50 56 52 57
 71 68 70 72 73 75 69 74 76  4 77 78 79  2  3 81 80  1  8 10 11  6  5  7 13 12  9 19 16 21 15 22 17 14 18 20 30 25 26 31 23 28 27 24 29 32 39 36 34 38 35 40 37 33 46 41 48 45 44 49 47 43 42 50 57 56 54 55 58 53 52 51 63 62 60 64 67 59 65 61 66
 35 32 34 36 37 39 33 38 40 49 41 42 43 47 48 45 44 46 53 55 56 51 50 52 58 57 54 64 61 66 60 67 62 59 63 65 75 70 71 76 68 73 72 69 74 77  3 81 79  2 80  4  1 78 10  5 12  9  8 13 11  7  6 14 21 20 18 19 22 17 16 15 27 26 24 28 31 23 29 25 30
 53 50 52 54 55 57 51 56 58 67 59 60 61 65 66 63 62 64 71 73 74 69 68 70 76 75 72  1 79  3 78  4 80 77 81  2 12  7  8 13  5 10  9  6 11 14 21 18 16 20 17 22 19 15 28 23 30 27 26 31 29 25 24 32 39 38 36 37 40 35 34 33 45 44 42 46 49 41 47 43 48
 44 41 43 45 46 48 42 47 49 58 50 51 52 56 57 54 53 55 62 64 65 60 59 61 67 66 63 73 70 75 69 76 71 68 72 74  3 79 80  4 77  1 81 78  2  5 12  9  7 11  8 13 10  6 19 14 21 18 17 22 20 16 15 23 30 29 27 28 31 26 25 24 36 35 33 37 40 32 38 34 39
 18 15 17 19 20 22 16 21 23 32 24 25 26 30 31 28 27 29 36 38 39 34 33 35 41 40 37 47 44 49 43 50 45 42 46 48 58 53 54 59 51 56 55 52 57 60 67 64 62 66 63 68 65 61 74 69 76 73 72 77 75 71 70 78  4  3  1  2  5 81 80 79 10  9  7 11 14  6 12  8 13
 54 51 53 55 56 58 52 57 59 68 60 61 62 66 67 64 63 65 72 74 75 70 69 71 77 76 73  2 80  4 79  5 81 78  1  3 13  8  9 14  6 11 10  7 12 15 22 19 17 21 18 23 20 16 29 24 31 28 27 32 30 26 25 33 40 39 37 38 41 36 35 34 46 45 43 47 50 42 48 44 49
  9  6  8 10 11 13  7 12 14 23 15 16 17 21 22 19 18 20 27 29 30 25 24 26 32 31 28 38 35 40 34 41 36 33 37 39 49 44 45 50 42 47 46 43 48 51 58 55 53 57 54 59 56 52 65 60 67 64 63 68 66 62 61 69 76 75 73 74 77 72 71 70  1 81 79  2  5 78  3 80  4
 36 33 35 37 38 40 34 39 41 50 42 43 44 48 49 46 45 47 54 56 57 52 51 53 59 58 55 65 62 67 61 68 63 60 64 66 76 71 72 77 69 74 73 70 75 78  4  1 80  3 81  5  2 79 11  6 13 10  9 14 12  8  7 15 22 21 19 20 23 18 17 16 28 27 25 29 32 24 30 26 31
 45 42 44 46 47 49 43 48 50 59 51 52 53 57 58 55 54 56 63 65 66 61 60 62 68 67 64 74 71 76 70 77 72 69 73 75  4 80 81  5 78  2  1 79  3  6 13 10  8 12  9 14 11  7 20 15 22 19 18 23 21 17 16 24 31 30 28 29 32 27 26 25 37 36 34 38 41 33 39 35 40
 63 60 62 64 65 67 61 66 68 77 69 70 71 75 76 73 72 74 81  2  3 79 78 80  5  4  1 11  8 13  7 14  9  6 10 12 22 17 18 23 15 20 19 16 21 24 31 28 26 30 27 32 29 25 38 33 40 37 36 41 39 35 34 42 49 48 46 47 50 45 44 43 55 54 52 56 59 51 57 53 58
 81 78 80  1  2  4 79  3  5 14  6  7  8 12 13 10  9 11 18 20 21 16 15 17 23 22 19 29 26 31 25 32 27 24 28 30 40 35 36 41 33 38 37 34 39 42 49 46 44 48 45 50 47 43 56 51 58 55 54 59 57 53 52 60 67 66 64 65 68 63 62 61 73 72 70 74 77 69 75 71 76
 72 69 71 73 74 76 70 75 77  5 78 79 80  3  4  1 81  2  9 11 12  7  6  8 14 13 10 20 17 22 16 23 18 15 19 21 31 26 27 32 24 29 28 25 30 33 40 37 35 39 36 41 38 34 47 42 49 46 45 50 48 44 43 51 58 57 55 56 59 54 53 52 64 63 61 65 68 60 66 62 67
 27 24 26 28 29 31 25 30 32 41 33 34 35 39 40 37 36 38 45 47 48 43 42 44 50 49 46 56 53 58 52 59 54 51 55 57 67 62 63 68 60 65 64 61 66 69 76 73 71 75 72 77 74 70  2 78  4  1 81  5  3 80 79  6 13 12 10 11 14  9  8  7 19 18 16 20 23 15 21 17 22
 46 43 45 47 48 50 44 49 51 60 52 53 54 58 59 56 55 57 64 66 67 62 61 63 69 68 65 75 72 77 71 78 73 70 74 76  5 81  1  6 79  3  2 80  4  7 14 11  9 13 10 15 12  8 21 16 23 20 19 24 22 18 17 25 32 31 29 30 33 28 27 26 38 37 35 39 42 34 40 36 41
  1 79 81  2  3  5 80  4  6 15  7  8  9 13 14 11 10 12 19 21 22 17 16 18 24 23 20 30 27 32 26 33 28 25 29 31 41 36 37 42 34 39 38 35 40 43 50 47 45 49 46 51 48 44 57 52 59 56 55 60 58 54 53 61 68 67 65 66 69 64 63 62 74 73 71 75 78 70 76 72 77
 73 70 72 74 75 77 71 76 78  6 79 80 81  4  5  2  1  3 10 12 13  8  7  9 15 14 11 21 18 23 17 24 19 16 20 22 32 27 28 33 25 30 29 26 31 34 41 38 36 40 37 42 39 35 48 43 50 47 46 51 49 45 44 52 59 58 56 57 60 55 54 53 65 64 62 66 69 61 67 63 68
 64 61 63 65 66 68 62 67 69 78 70 71 72 76 77 74 73 75  1  3  4 80 79 81  6  5  2 12  9 14  8 15 10  7 11 13 23 18 19 24 16 21 20 17 22 25 32 29 27 31 28 33 30 26 39 34 41 38 37 42 40 36 35 43 50 49 47 48 51 46 45 44 56 55 53 57 60 52 58 54 59
 19 16 18 20 21 23 17 22 24 33 25 26 27 31 32 29 28 30 37 39 40 35 34 36 42 41 38 48 45 50 44 51 46 43 47 49 59 54 55 60 52 57 56 53 58 61 68 65 63 67 64 69 66 62 75 70 77 74 73 78 76 72 71 79  5  4  2  3  6  1 81 80 11 10  8 12 15  7 13  9 14
 10  7  9 11 12 14  8 13 15 24 16 17 18 22 23 20 19 21 28 30 31 26 25 27 33 32 29 39 36 41 35 42 37 34 38 40 50 45 46 51 43 48 47 44 49 52 59 56 54 58 55 60 57 53 66 61 68 65 64 69 67 63 62 70 77 76 74 75 78 73 72 71  2  1 80  3  6 79  4 81  5
 28 25 27 29 30 32 26 31 33 42 34 35 36 40 41 38 37 39 46 48 49 44 43 45 51 50 47 57 54 59 53 60 55 52 56 58 68 63 64 69 61 66 65 62 67 70 77 74 72 76 73 78 75 71  3 79  5  2  1  6  4 81 80  7 14 13 11 12 15 10  9  8 20 19 17 21 24 16 22 18 23
 55 52 54 56 57 59 53 58 60 69 61 62 63 67 68 65 64 66 73 75 76 71 70 72 78 77 74  3 81  5 80  6  1 79  2  4 14  9 10 15  7 12 11  8 13 16 23 20 18 22 19 24 21 17 30 25 32 29 28 33 31 27 26 34 41 40 38 39 42 37 36 35 47 46 44 48 51 43 49 45 50
 37 34 36 38 39 41 35 40 42 51 43 44 45 49 50 47 46 48 55 57 58 53 52 54 60 59 56 66 63 68 62 69 64 61 65 67 77 72 73 78 70 75 74 71 76 79  5  2 81  4  1  6  3 80 12  7 14 11 10 15 13  9  8 16 23 22 20 21 24 19 18 17 29 28 26 30 33 25 31 27 32
 20 17 19 21 22 24 18 23 25 34 26 27 28 32 33 30 29 31 38 40 41 36 35 37 43 42 39 49 46 51 45 52 47 44 48 50 60 55 56 61 53 58 57 54 59 62 69 66 64 68 65 70 67 63 76 71 78 75 74 79 77 73 72 80  6  5  3  4  7  2  1 81 12 11  9 13 16  8 14 10 15
 56 53 55 57 58 60 54 59 61 70 62 63 64 68 69 66 65 67 74 76 77 72 71 73 79 78 75  4  1  6 81  7  2 80  3  5 15 10 11 16  8 13 12  9 14 17 24 21 19 23 20 25 22 18 31 26 33 30 29 34 32 28 27 35 42 41 39 40 43 38 37 36 48 47 45 49 52 44 50 46 51
 47 44 46 48 49 51 45 50 52 61 53 54 55 59 60 57 56 58 65 67 68 63 62 64 70 69 66 76 73 78 72 79 74 71 75 77  6  1  2  7 80  4  3 81  5  8 15 12 10 14 11 16 13  9 22 17 24 21 20 25 23 19 18 26 33 32 30 31 34 29 28 27 39 38 36 40 43 35 41 37 42
 65 62 64 66 67 69 63 68 70 79 71 72 73 77 78 75 74 76  2  4  5 81 80  1  7  6  3 13 10 15  9 16 11  8 12 14 24 19 20 25 17 22 21 18 23 26 33 30 28 32 29 34 31 27 40 35 42 39 38 43 41 37 36 44 51 50 48 49 52 47 46 45 57 56 54 58 61 53 59 55 60
  2 80  1  3  4  6 81  5  7 16  8  9 10 14 15 12 11 13 20 22 23 18 17 19 25 24 21 31 28 33 27 34 29 26 30 32 42 37 38 43 35 40 39 36 41 44 51 48 46 50 47 52 49 45 58 53 60 57 56 61 59 55 54 62 69 68 66 67 70 65 64 63 75 74 72 76 79 71 77 73 78
 74 71 73 75 76 78 72 77 79  7 80 81  1  5  6  3  2  4 11 13 14  9  8 10 16 15 12 22 19 24 18 25 20 17 21 23 33 28 29 34 26 31 30 27 32 35 42 39 37 41 38 43 40 36 49 44 51 48 47 52 50 46 45 53 60 59 57 58 61 56 55 54 66 65 63 67 70 62 68 64 69
 38 35 37 39 40 42 36 41 43 52 44 45 46 50 51 48 47 49 56 58 59 54 53 55 61 60 57 67 64 69 63 70 65 62 66 68 78 73 74 79 71 76 75 72 77 80  6  3  1  5  2  7  4 81 13  8 15 12 11 16 14 10  9 17 24 23 21 22 25 20 19 18 30 29 27 31 34 26 32 28 33
 29 26 28 30 31 33 27 32 34 43 35 36 37 41 42 39 38 40 47 49 50 45 44 46 52 51 48 58 55 60 54 61 56 53 57 59 69 64 65 70 62 67 66 63 68 71 78 75 73 77 74 79 76 72  4 80  6  3  2  7  5  1 81  8 15 14 12 13 16 11 10  9 21 20 18 22 25 17 23 19 24
 11  8 10 12 13 15  9 14 16 25 17 18 19 23 24 21 20 22 29 31 32 27 26 28 34 33 30 40 37 42 36 43 38 35 39 41 51 46 47 52 44 49 48 45 50 53 60 57 55 59 56 61 58 54 67 62 69 66 65 70 68 64 63 71 78 77 75 76 79 74 73 72  3  2 81  4  7 80  5  1  6
 39 36 38 40 41 43 37 42 44 53 45 46 47 51 52 49 48 50 57 59 60 55 54 56 62 61 58 68 65 70 64 71 66 63 67 69 79 74 75 80 72 77 76 73 78 81  7  4  2  6  3  8  5  1 14  9 16 13 12 17 15 11 10 18 25 24 22 23 26 21 20 19 31 30 28 32 35 27 33 29 34
  3 81  2  4  5  7  1  6  8 17  9 10 11 15 16 13 12 14 21 23 24 19 18 20 26 25 22 32 29 34 28 35 30 27 31 33 43 38 39 44 36 41 40 37 42 45 52 49 47 51 48 53 50 46 59 54 61 58 57 62 60 56 55 63 70 69 67 68 71 66 65 64 76 75 73 77 80 72 78 74 79
 21 18 20 22 23 25 19 24 26 35 27 28 29 33 34 31 30 32 39 41 42 37 36 38 44 43 40 50 47 52 46 53 48 45 49 51 61 56 57 62 54 59 58 55 60 63 70 67 65 69 66 71 68 64 77 72 79 76 75 80 78 74 73 81  7  6  4  5  8  3  2  1 13 12 10 14 17  9 15 11 16
 48 45 47 49 50 52 46 51 53 62 54 55 56 60 61 58 57 59 66 68 69 64 63 65 71 70 67 77 74 79 73 80 75 72 76 78  7  2  3  8 81  5  4  1  6  9 16 13 11 15 12 17 14 10 23 18 25 22 21 26 24 20 19 27 34 33 31 32 35 30 29 28 40 39 37 41 44 36 42 38 43
 12  9 11 13 14 16 10 15 17 26 18 19 20 24 25 22 21 23 30 32 33 28 27 29 35 34 31 41 38 43 37 44 39 36 40 42 52 47 48 53 45 50 49 46 51 54 61 58 56 60 57 62 59 55 68 63 70 67 66 71 69 65 64 72 79 78 76 77 80 75 74 73  4  3  1  5  8 81  6  2  7
 57 54 56 58 59 61 55 60 62 71 63 64 65 69 70 67 66 68 75 77 78 73 72 74 80 79 76  5  2  7  1  8  3 81  4  6 16 11 12 17  9 14 13 10 15 18 25 22 20 24 21 26 23 19 32 27 34 31 30 35 33 29 28 36 43 42 40 41 44 39 38 37 49 48 46 50 53 45 51 47 52
 30 27 29 31 32 34 28 33 35 44 36 37 38 42 43 40 39 41 48 50 51 46 45 47 53 52 49 59 56 61 55 62 57 54 58 60 70 65 66 71 63 68 67 64 69 72 79 76 74 78 75 80 77 73  5 81  7  4  3  8  6  2  1  9 16 15 13 14 17 12 11 10 22 21 19 23 26 18 24 20 25
 75 72 74 76 77 79 73 78 80  8 81  1  2  6  7  4  3  5 12 14 15 10  9 11 17 16 13 23 20 25 19 26 21 18 22 24 34 29 30 35 27 32 31 28 33 36 43 40 38 42 39 44 41 37 50 45 52 49 48 53 51 47 46 54 61 60 58 59 62 57 56 55 67 66 64 68 71 63 69 65 70
 66 63 65 67 68 70 64 69 71 80 72 73 74 78 79 76 75 77  3  5  6  1 81  2  8  7  4 14 11 16 10 17 12  9 13 15 25 20 21 26 18 23 22 19 24 27 34 31 29 33 30 35 32 28 41 36 43 40 39 44 42 38 37 45 52 51 49 50 53 48 47 46 58 57 55 59 62 54 60 56 61
