  8  4  9  2  1  6  3  5  7 17 13 16 14 11 10 15 12 18 20 26 22 21 23 24 19 27 25 33 35 29 30 32 36 28 34 31 41 40 45 43 37 44 42 39 38 50 46 47 48 53 51 49 54 52 63 55 56 58 60 59 61 62 57 69 71 68 72 70 66 67 65 64 81 74 78 76 79 80 75 73 77
 35 31 36 29 28 33 30 32 34 44 40 43 41 38 37 42 39 45 47 53 49 48 50 51 46 54 52 60 62 56 57 59 63 55 61 58 68 67 72 70 64 71 69 66 65 77 73 74 75 80 78 76 81 79  9  1  2  4  6  5  7  8  3 15 17 14 18 16 12 13 11 10 27 20 24 22 25 26 21 19 23
 26 22 27 20 19 24 21 23 25 35 31 34 32 29 28 33 30 36 38 44 40 39 41 42 37 45 43 51 53 47 48 50 54 46 52 49 59 58 63 61 55 62 60 57 56 68 64 65 66 71 69 67 72 70 81 73 74 76 78 77 79 80 75  6  8  5  9  7  3  4  2  1 18 11 15 13 16 17 12 10 14
 71 67 72 65 64 69 66 68 70 80 76 79 77 74 73 78 75 81  2  8  4  3  5  6  1  9  7 15 17 11 12 14 18 10 16 13 23 22 27 25 19 26 24 21 20 32 28 29 30 35 33 31 36 34 45 37 38 40 42 41 43 44 39 51 53 50 54 52 48 49 47 46 63 56 60 58 61 62 57 55 59
 17 13 18 11 10 15 12 14 16 26 22 25 23 20 19 24 21 27 29 35 31 30 32 33 28 36 34 42 44 38 39 41 45 37 43 40 50 49 54 52 46 53 51 48 47 59 55 56 57 62 60 58 63 61 72 64 65 67 69 68 70 71 66 78 80 77 81 79 75 76 74 73  9  2  6  4  7  8  3  1  5
 53 49 54 47 46 51 48 50 52 62 58 61 59 56 55 60 57 63 65 71 67 66 68 69 64 72 70 78 80 74 75 77 81 73 79 76  5  4  9  7  1  8  6  3  2 14 10 11 12 17 15 13 18 16 27 19 20 22 24 23 25 26 21 33 35 32 36 34 30 31 29 28 45 38 42 40 43 44 39 37 41
 44 40 45 38 37 42 39 41 43 53 49 52 50 47 46 51 48 54 56 62 58 57 59 60 55 63 61 69 71 65 66 68 72 64 70 67 77 76 81 79 73 80 78 75 74  5  1  2  3  8  6  4  9  7 18 10 11 13 15 14 16 17 12 24 26 23 27 25 21 22 20 19 36 29 33 31 34 35 30 28 32
 62 58 63 56 55 60 57 59 61 71 67 70 68 65 64 69 66 72 74 80 76 75 77 78 73 81 79  6  8  2  3  5  9  1  7  4 14 13 18 16 10 17 15 12 11 23 19 20 21 26 24 22 27 25 36 28 29 31 33 32 34 35 30 42 44 41 45 43 39 40 38 37 54 47 51 49 52 53 48 46 50
 80 76 81 74 73 78 75 77 79  8  4  7  5  2  1  6  3  9 11 17 13 12 14 15 10 18 16 24 26 20 21 23 27 19 25 22 32 31 36 34 28 35 33 30 29 41 37 38 39 44 42 40 45 43 54 46 47 49 51 50 52 53 48 60 62 59 63 61 57 58 56 55 72 65 69 67 70 71 66 64 68
 63 59 64 57 56 61 58 60 62 72 68 71 69 66 65 70 67 73 75 81 77 76 78 79 74  1 80  7  9  3  4  6 10  2  8  5 15 14 19 17 11 18 16 13 12 24 20 21 22 27 25 23 28 26 37 29 30 32 34 33 35 36 31 43 45 42 46 44 40 41 39 38 55 48 52 50 53 54 49 47 51
 27 23 28 21 20 25 22 24 26 36 32 35 33 30 29 34 31 37 39 45 41 40 42 43 38 46 44 52 54 48 49 51 55 47 53 50 60 59 64 62 56 63 61 58 57 69 65 66 67 72 70 68 73 71  1 74 75 77 79 78 80 81 76  7  9  6 10  8  4  5  3  2 19 12 16 14 17 18 13 11 15
  9  5 10  3  2  7  4  6  8 18 14 17 15 12 11 16 13 19 21 27 23 22 24 25 20 28 26 34 36 30 31 33 37 29 35 32 42 41 46 44 38 45 43 40 39 51 47 48 49 54 52 50 55 53 64 56 57 59 61 60 62 63 58 70 72 69 73 71 67 68 66 65  1 75 79 77 80 81 76 74 78
 18 14 19 12 11 16 13 15 17 27 23 26 24 21 20 25 22 28 30 36 32 31 33 34 29 37 35 43 45 39 40 42 46 38 44 41 51 50 55 53 47 54 52 49 48 60 56 57 58 63 61 59 64 62 73 65 66 68 70 69 71 72 67 79 81 78  1 80 76 77 75 74 10  3  7  5  8  9  4  2  6
 54 50 55 48 47 52 49 51 53 63 59 62 60 57 56 61 58 64 66 72 68 67 69 70 65 73 71 79 81 75 76 78  1 74 80 77  6  5 10  8  2  9  7  4  3 15 11 12 13 18 16 14 19 17 28 20 21 23 25 24 26 27 22 34 36 33 37 35 31 32 30 29 46 39 43 41 44 45 40 38 42
 72 68 73 66 65 70 67 69 71 81 77 80 78 75 74 79 76  1  3  9  5  4  6  7  2 10  8 16 18 12 13 15 19 11 17 14 24 23 28 26 20 27 25 22 21 33 29 30 31 36 34 32 37 35 46 38 39 41 43 42 44 45 40 52 54 51 55 53 49 50 48 47 64 57 61 59 62 63 58 56 60
 81 77  1 75 74 79 76 78 80  9  5  8  6  3  2  7  4 10 12 18 14 13 15 16 11 19 17 25 27 21 22 24 28 20 26 23 33 32 37 35 29 36 34 31 30 42 38 39 40 45 43 41 46 44 55 47 48 50 52 51 53 54 49 61 63 60 64 62 58 59 57 56 73 66 70 68 71 72 67 65 69
 45 41 46 39 38 43 40 42 44 54 50 53 51 48 47 52 49 55 57 63 59 58 60 61 56 64 62 70 72 66 67 69 73 65 71 68 78 77  1 80 74 81 79 76 75  6  2  3  4  9  7  5 10  8 19 11 12 14 16 15 17 18 13 25 27 24 28 26 22 23 21 20 37 30 34 32 35 36 31 29 33
 36 32 37 30 29 34 31 33 35 45 41 44 42 39 38 43 40 46 48 54 50 49 51 52 47 55 53 61 63 57 58 60 64 56 62 59 69 68 73 71 65 72 70 67 66 78 74 75 76 81 79 77  1 80 10  2  3  5  7  6  8  9  4 16 18 15 19 17 13 14 12 11 28 21 25 23 26 27 22 20 24
 19 15 20 13 12 17 14 16 18 28 24 27 25 22 21 26 23 29 31 37 33 32 34 35 30 38 36 44 46 40 41 43 47 39 45 42 52 51 56 54 48 55 53 50 49 61 57 58 59 64 62 60 65 63 74 66 67 69 71 70 72 73 68 80  1 79  2 81 77 78 76 75 11  4  8  6  9 10  5  3  7
  1 78  2 76 75 80 77 79 81 10  6  9  7  4  3  8  5 11 13 19 15 14 16 17 12 20 18 26 28 22 23 25 29 21 27 24 34 33 38 36 30 37 35 32 31 43 39 40 41 46 44 42 47 45 56 48 49 51 53 52 54 55 50 62 64 61 65 63 59 60 58 57 74 67 71 69 72 73 68 66 70
 28 24 29 22 21 26 23 25 27 37 33 36 34 31 30 35 32 38 40 46 42 41 43 44 39 47 45 53 55 49 50 52 56 48 54 51 61 60 65 63 57 64 62 59 58 70 66 67 68 73 71 69 74 72  2 75 76 78 80 79 81  1 77  8 10  7 11  9  5  6  4  3 20 13 17 15 18 19 14 12 16
 64 60 65 58 57 62 59 61 63 73 69 72 70 67 66 71 68 74 76  1 78 77 79 80 75  2 81  8 10  4  5  7 11  3  9  6 16 15 20 18 12 19 17 14 13 25 21 22 23 28 26 24 29 27 38 30 31 33 35 34 36 37 32 44 46 43 47 45 41 42 40 39 56 49 53 51 54 55 50 48 52
 37 33 38 31 30 35 32 34 36 46 42 45 43 40 39 44 41 47 49 55 51 50 52 53 48 56 54 62 64 58 59 61 65 57 63 60 70 69 74 72 66 73 71 68 67 79 75 76 77  1 80 78  2 81 11  3  4  6  8  7  9 10  5 17 19 16 20 18 14 15 13 12 29 22 26 24 27 28 23 21 25
 73 69 74 67 66 71 68 70 72  1 78 81 79 76 75 80 77  2  4 10  6  5  7  8  3 11  9 17 19 13 14 16 20 12 18 15 25 24 29 27 21 28 26 23 22 34 30 31 32 37 35 33 38 36 47 39 40 42 44 43 45 46 41 53 55 52 56 54 50 51 49 48 65 58 62 60 63 64 59 57 61
 46 42 47 40 39 44 41 43 45 55 51 54 52 49 48 53 50 56 58 64 60 59 61 62 57 65 63 71 73 67 68 70 74 66 72 69 79 78  2 81 75  1 80 77 76  7  3  4  5 10  8  6 11  9 20 12 13 15 17 16 18 19 14 26 28 25 29 27 23 24 22 21 38 31 35 33 36 37 32 30 34
 10  6 11  4  3  8  5  7  9 19 15 18 16 13 12 17 14 20 22 28 24 23 25 26 21 29 27 35 37 31 32 34 38 30 36 33 43 42 47 45 39 46 44 41 40 52 48 49 50 55 53 51 56 54 65 57 58 60 62 61 63 64 59 71 73 70 74 72 68 69 67 66  2 76 80 78 81  1 77 75 79
 55 51 56 49 48 53 50 52 54 64 60 63 61 58 57 62 59 65 67 73 69 68 70 71 66 74 72 80  1 76 77 79  2 75 81 78  7  6 11  9  3 10  8  5  4 16 12 13 14 19 17 15 20 18 29 21 22 24 26 25 27 28 23 35 37 34 38 36 32 33 31 30 47 40 44 42 45 46 41 39 43
 65 61 66 59 58 63 60 62 64 74 70 73 71 68 67 72 69 75 77  2 79 78 80 81 76  3  1  9 11  5  6  8 12  4 10  7 17 16 21 19 13 20 18 15 14 26 22 23 24 29 27 25 30 28 39 31 32 34 36 35 37 38 33 45 47 44 48 46 42 43 41 40 57 50 54 52 55 56 51 49 53
 29 25 30 23 22 27 24 26 28 38 34 37 35 32 31 36 33 39 41 47 43 42 44 45 40 48 46 54 56 50 51 53 57 49 55 52 62 61 66 64 58 65 63 60 59 71 67 68 69 74 72 70 75 73  3 76 77 79 81 80  1  2 78  9 11  8 12 10  6  7  5  4 21 14 18 16 19 20 15 13 17
 74 70 75 68 67 72 69 71 73  2 79  1 80 77 76 81 78  3  5 11  7  6  8  9  4 12 10 18 20 14 15 17 21 13 19 16 26 25 30 28 22 29 27 24 23 35 31 32 33 38 36 34 39 37 48 40 41 43 45 44 46 47 42 54 56 53 57 55 51 52 50 49 66 59 63 61 64 65 60 58 62
 11  7 12  5  4  9  6  8 10 20 16 19 17 14 13 18 15 21 23 29 25 24 26 27 22 30 28 36 38 32 33 35 39 31 37 34 44 43 48 46 40 47 45 42 41 53 49 50 51 56 54 52 57 55 66 58 59 61 63 62 64 65 60 72 74 71 75 73 69 70 68 67  3 77 81 79  1  2 78 76 80
 38 34 39 32 31 36 33 35 37 47 43 46 44 41 40 45 42 48 50 56 52 51 53 54 49 57 55 63 65 59 60 62 66 58 64 61 71 70 75 73 67 74 72 69 68 80 76 77 78  2 81 79  3  1 12  4  5  7  9  8 10 11  6 18 20 17 21 19 15 16 14 13 30 23 27 25 28 29 24 22 26
 20 16 21 14 13 18 15 17 19 29 25 28 26 23 22 27 24 30 32 38 34 33 35 36 31 39 37 45 47 41 42 44 48 40 46 43 53 52 57 55 49 56 54 51 50 62 58 59 60 65 63 61 66 64 75 67 68 70 72 71 73 74 69 81  2 80  3  1 78 79 77 76 12  5  9  7 10 11  6  4  8
  2 79  3 77 76 81 78 80  1 11  7 10  8  5  4  9  6 12 14 20 16 15 17 18 13 21 19 27 29 23 24 26 30 22 28 25 35 34 39 37 31 38 36 33 32 44 40 41 42 47 45 43 48 46 57 49 50 52 54 53 55 56 51 63 65 62 66 64 60 61 59 58 75 68 72 70 73 74 69 67 71
 47 43 48 41 40 45 42 44 46 56 52 55 53 50 49 54 51 57 59 65 61 60 62 63 58 66 64 72 74 68 69 71 75 67 73 70 80 79  3  1 76  2 81 78 77  8  4  5  6 11  9  7 12 10 21 13 14 16 18 17 19 20 15 27 29 26 30 28 24 25 23 22 39 32 36 34 37 38 33 31 35
 56 52 57 50 49 54 51 53 55 65 61 64 62 59 58 63 60 66 68 74 70 69 71 72 67 75 73 81  2 77 78 80  3 76  1 79  8  7 12 10  4 11  9  6  5 17 13 14 15 20 18 16 21 19 30 22 23 25 27 26 28 29 24 36 38 35 39 37 33 34 32 31 48 41 45 43 46 47 42 40 44
 39 35 40 33 32 37 34 36 38 48 44 47 45 42 41 46 43 49 51 57 53 52 54 55 50 58 56 64 66 60 61 63 67 59 65 62 72 71 76 74 68 75 73 70 69 81 77 78 79  3  1 80  4  2 13  5  6  8 10  9 11 12  7 19 21 18 22 20 16 17 15 14 31 24 28 26 29 30 25 23 27
 30 26 31 24 23 28 25 27 29 39 35 38 36 33 32 37 34 40 42 48 44 43 45 46 41 49 47 55 57 51 52 54 58 50 56 53 63 62 67 65 59 66 64 61 60 72 68 69 70 75 73 71 76 74  4 77 78 80  1 81  2  3 79 10 12  9 13 11  7  8  6  5 22 15 19 17 20 21 16 14 18
 12  8 13  6  5 10  7  9 11 21 17 20 18 15 14 19 16 22 24 30 26 25 27 28 23 31 29 37 39 33 34 36 40 32 38 35 45 44 49 47 41 48 46 43 42 54 50 51 52 57 55 53 58 56 67 59 60 62 64 63 65 66 61 73 75 72 76 74 70 71 69 68  4 78  1 80  2  3 79 77 81
 66 62 67 60 59 64 61 63 65 75 71 74 72 69 68 73 70 76 78  3 80 79 81  1 77  4  2 10 12  6  7  9 13  5 11  8 18 17 22 20 14 21 19 16 15 27 23 24 25 30 28 26 31 29 40 32 33 35 37 36 38 39 34 46 48 45 49 47 43 44 42 41 58 51 55 53 56 57 52 50 54
 21 17 22 15 14 19 16 18 20 30 26 29 27 24 23 28 25 31 33 39 35 34 36 37 32 40 38 46 48 42 43 45 49 41 47 44 54 53 58 56 50 57 55 52 51 63 59 60 61 66 64 62 67 65 76 68 69 71 73 72 74 75 70  1  3 81  4  2 79 80 78 77 13  6 10  8 11 12  7  5  9
 57 53 58 51 50 55 52 54 56 66 62 65 63 60 59 64 61 67 69 75 71 70 72 73 68 76 74  1  3 78 79 81  4 77  2 80  9  8 13 11  5 12 10  7  6 18 14 15 16 21 19 17 22 20 31 23 24 26 28 27 29 30 25 37 39 36 40 38 34 35 33 32 49 42 46 44 47 48 43 41 45
 48 44 49 42 41 46 43 45 47 57 53 56 54 51 50 55 52 58 60 66 62 61 63 64 59 67 65 73 75 69 70 72 76 68 74 71 81 80  4  2 77  3  1 79 78  9  5  6  7 12 10  8 13 11 22 14 15 17 19 18 20 21 16 28 30 27 31 29 25 26 24 23 40 33 37 35 38 39 34 32 36
  3 80  4 78 77  1 79 81  2 12  8 11  9  6  5 10  7 13 15 21 17 16 18 19 14 22 20 28 30 24 25 27 31 23 29 26 36 35 40 38 32 39 37 34 33 45 41 42 43 48 46 44 49 47 58 50 51 53 55 54 56 57 52 64 66 63 67 65 61 62 60 59 76 69 73 71 74 75 70 68 72
 75 71 76 69 68 73 70 72 74  3 80  2 81 78 77  1 79  4  6 12  8  7  9 10  5 13 11 19 21 15 16 18 22 14 20 17 27 26 31 29 23 30 28 25 24 36 32 33 34 39 37 35 40 38 49 41 42 44 46 45 47 48 43 55 57 54 58 56 52 53 51 50 67 60 64 62 65 66 61 59 63
 67 63 68 61 60 65 62 64 66 76 72 75 73 70 69 74 71 77 79  4 81 80  1  2 78  5  3 11 13  7  8 10 14  6 12  9 19 18 23 21 15 22 20 17 16 28 24 25 26 31 29 27 32 30 41 33 34 36 38 37 39 40 35 47 49 46 50 48 44 45 43 42 59 52 56 54 57 58 53 51 55
  4 81  5 79 78  2 80  1  3 13  9 12 10  7  6 11  8 14 16 22 18 17 19 20 15 23 21 29 31 25 26 28 32 24 30 27 37 36 41 39 33 40 38 35 34 46 42 43 44 49 47 45 50 48 59 51 52 54 56 55 57 58 53 65 67 64 68 66 62 63 61 60 77 70 74 72 75 76 71 69 73
 76 72 77 70 69 74 71 73 75  4 81  3  1 79 78  2 80  5  7 13  9  8 10 11  6 14 12 20 22 16 17 19 23 15 21 18 28 27 32 30 24 31 29 26 25 37 33 34 35 40 38 36 41 39 50 42 43 45 47 46 48 49 44 56 58 55 59 57 53 54 52 51 68 61 65 63 66 67 62 60 64
 40 36 41 34 33 38 35 37 39 49 45 48 46 43 42 47 44 50 52 58 54 53 55 56 51 59 57 65 67 61 62 64 68 60 66 63 73 72 77 75 69 76 74 71 70  1 78 79 80  4  2 81  5  3 14  6  7  9 11 10 12 13  8 20 22 19 23 21 17 18 16 15 32 25 29 27 30 31 26 24 28
 13  9 14  7  6 11  8 10 12 22 18 21 19 16 15 20 17 23 25 31 27 26 28 29 24 32 30 38 40 34 35 37 41 33 39 36 46 45 50 48 42 49 47 44 43 55 51 52 53 58 56 54 59 57 68 60 61 63 65 64 66 67 62 74 76 73 77 75 71 72 70 69  5 79  2 81  3  4 80 78  1
 22 18 23 16 15 20 17 19 21 31 27 30 28 25 24 29 26 32 34 40 36 35 37 38 33 41 39 47 49 43 44 46 50 42 48 45 55 54 59 57 51 58 56 53 52 64 60 61 62 67 65 63 68 66 77 69 70 72 74 73 75 76 71  2  4  1  5  3 80 81 79 78 14  7 11  9 12 13  8  6 10
 49 45 50 43 42 47 44 46 48 58 54 57 55 52 51 56 53 59 61 67 63 62 64 65 60 68 66 74 76 70 71 73 77 69 75 72  1 81  5  3 78  4  2 80 79 10  6  7  8 13 11  9 14 12 23 15 16 18 20 19 21 22 17 29 31 28 32 30 26 27 25 24 41 34 38 36 39 40 35 33 37
 31 27 32 25 24 29 26 28 30 40 36 39 37 34 33 38 35 41 43 49 45 44 46 47 42 50 48 56 58 52 53 55 59 51 57 54 64 63 68 66 60 67 65 62 61 73 69 70 71 76 74 72 77 75  5 78 79 81  2  1  3  4 80 11 13 10 14 12  8  9  7  6 23 16 20 18 21 22 17 15 19
 58 54 59 52 51 56 53 55 57 67 63 66 64 61 60 65 62 68 70 76 72 71 73 74 69 77 75  2  4 79 80  1  5 78  3 81 10  9 14 12  6 13 11  8  7 19 15 16 17 22 20 18 23 21 32 24 25 27 29 28 30 31 26 38 40 37 41 39 35 36 34 33 50 43 47 45 48 49 44 42 46
 14 10 15  8  7 12  9 11 13 23 19 22 20 17 16 21 18 24 26 32 28 27 29 30 25 33 31 39 41 35 36 38 42 34 40 37 47 46 51 49 43 50 48 45 44 56 52 53 54 59 57 55 60 58 69 61 62 64 66 65 67 68 63 75 77 74 78 76 72 73 71 70  6 80  3  1  4  5 81 79  2
  5  1  6 80 79  3 81  2  4 14 10 13 11  8  7 12  9 15 17 23 19 18 20 21 16 24 22 30 32 26 27 29 33 25 31 28 38 37 42 40 34 41 39 36 35 47 43 44 45 50 48 46 51 49 60 52 53 55 57 56 58 59 54 66 68 65 69 67 63 64 62 61 78 71 75 73 76 77 72 70 74
 68 64 69 62 61 66 63 65 67 77 73 76 74 71 70 75 72 78 80  5  1 81  2  3 79  6  4 12 14  8  9 11 15  7 13 10 20 19 24 22 16 23 21 18 17 29 25 26 27 32 30 28 33 31 42 34 35 37 39 38 40 41 36 48 50 47 51 49 45 46 44 43 60 53 57 55 58 59 54 52 56
 77 73 78 71 70 75 72 74 76  5  1  4  2 80 79  3 81  6  8 14 10  9 11 12  7 15 13 21 23 17 18 20 24 16 22 19 29 28 33 31 25 32 30 27 26 38 34 35 36 41 39 37 42 40 51 43 44 46 48 47 49 50 45 57 59 56 60 58 54 55 53 52 69 62 66 64 67 68 63 61 65
 50 46 51 44 43 48 45 47 49 59 55 58 56 53 52 57 54 60 62 68 64 63 65 66 61 69 67 75 77 71 72 74 78 70 76 73  2  1  6  4 79  5  3 81 80 11  7  8  9 14 12 10 15 13 24 16 17 19 21 20 22 23 18 30 32 29 33 31 27 28 26 25 42 35 39 37 40 41 36 34 38
 23 19 24 17 16 21 18 20 22 32 28 31 29 26 25 30 27 33 35 41 37 36 38 39 34 42 40 48 50 44 45 47 51 43 49 46 56 55 60 58 52 59 57 54 53 65 61 62 63 68 66 64 69 67 78 70 71 73 75 74 76 77 72  3  5  2  6  4 81  1 80 79 15  8 12 10 13 14  9  7 11
 59 55 60 53 52 57 54 56 58 68 64 67 65 62 61 66 63 69 71 77 73 72 74 75 70 78 76  3  5 80 81  2  6 79  4  1 11 10 15 13  7 14 12  9  8 20 16 17 18 23 21 19 24 22 33 25 26 28 30 29 31 32 27 39 41 38 42 40 36 37 35 34 51 44 48 46 49 50 45 43 47
 32 28 33 26 25 30 27 29 31 41 37 40 38 35 34 39 36 42 44 50 46 45 47 48 43 51 49 57 59 53 54 56 60 52 58 55 65 64 69 67 61 68 66 63 62 74 70 71 72 77 75 73 78 76  6 79 80  1  3  2  4  5 81 12 14 11 15 13  9 10  8  7 24 17 21 19 22 23 18 16 20
 41 37 42 35 34 39 36 38 40 50 46 49 47 44 43 48 45 51 53 59 55 54 56 57 52 60 58 66 68 62 63 65 69 61 67 64 74 73 78 76 70 77 75 72 71  2 79 80 81  5  3  1  6  4 15  7  8 10 12 11 13 14  9 21 23 20 24 22 18 19 17 16 33 26 30 28 31 32 27 25 29
 60 56 61 54 53 58 55 57 59 69 65 68 66 63 62 67 64 70 72 78 74 73 75 76 71 79 77  4  6 81  1  3  7 80  5  2 12 11 16 14  8 15 13 10  9 21 17 18 19 24 22 20 25 23 34 26 27 29 31 30 32 33 28 40 42 39 43 41 37 38 36 35 52 45 49 47 50 51 46 44 48
 33 29 34 27 26 31 28 30 32 42 38 41 39 36 35 40 37 43 45 51 47 46 48 49 44 52 50 58 60 54 55 57 61 53 59 56 66 65 70 68 62 69 67 64 63 75 71 72 73 78 76 74 79 77  7 80 81  2  4  3  5  6  1 13 15 12 16 14 10 11  9  8 25 18 22 20 23 24 19 17 21
 78 74 79 72 71 76 73 75 77  6  2  5  3 81 80  4  1  7  9 15 11 10 12 13  8 16 14 22 24 18 19 21 25 17 23 20 30 29 34 32 26 33 31 28 27 39 35 36 37 42 40 38 43 41 52 44 45 47 49 48 50 51 46 58 60 57 61 59 55 56 54 53 70 63 67 65 68 69 64 62 66
  6  2  7 81 80  4  1  3  5 15 11 14 12  9  8 13 10 16 18 24 20 19 21 22 17 25 23 31 33 27 28 30 34 26 32 29 39 38 43 41 35 42 40 37 36 48 44 45 46 51 49 47 52 50 61 53 54 56 58 57 59 60 55 67 69 66 70 68 64 65 63 62 79 72 76 74 77 78 73 71 75
 42 38 43 36 35 40 37 39 41 51 47 50 48 45 44 49 46 52 54 60 56 55 57 58 53 61 59 67 69 63 64 66 70 62 68 65 75 74 79 77 71 78 76 73 72  3 80 81  1  6  4  2  7  5 16  8  9 11 13 12 14 15 10 22 24 21 25 23 19 20 18 17 34 27 31 29 32 33 28 26 30
 15 11 16  9  8 13 10 12 14 24 20 23 21 18 17 22 19 25 27 33 29 28 30 31 26 34 32 40 42 36 37 39 43 35 41 38 48 47 52 50 44 51 49 46 45 57 53 54 55 60 58 56 61 59 70 62 63 65 67 66 68 69 64 76 78 75 79 77 73 74 72 71  7 81  4  2  5  6  1 80  3
 69 65 70 63 62 67 64 66 68 78 74 77 75 72 71 76 73 79 81  6  2  1  3  4 80  7  5 13 15  9 10 12 16  8 14 11 21 20 25 23 17 24 22 19 18 30 26 27 28 33 31 29 34 32 43 35 36 38 40 39 41 42 37 49 51 48 52 50 46 47 45 44 61 54 58 56 59 60 55 53 57
 24 20 25 18 17 22 19 21 23 33 29 32 30 27 26 31 28 34 36 42 38 37 39 40 35 43 41 49 51 45 46 48 52 44 50 47 57 56 61 59 53 60 58 55 54 66 62 63 64 69 67 65 70 68 79 71 72 74 76 75 77 78 73  4  6  3  7  5  1  2 81 80 16  9 13 11 14 15 10  8 12
 51 47 52 45 44 49 46 48 50 60 56 59 57 54 53 58 55 61 63 69 65 64 66 67 62 70 68 76 78 72 73 75 79 71 77 74  3  2  7  5 80  6  4  1 81 12  8  9 10 15 13 11 16 14 25 17 18 20 22 21 23 24 19 31 33 30 34 32 28 29 27 26 43 36 40 38 41 42 37 35 39
 61 57 62 55 54 59 56 58 60 70 66 69 67 64 63 68 65 71 73 79 75 74 76 77 72 80 78  5  7  1  2  4  8 81  6  3 13 12 17 15  9 16 14 11 10 22 18 19 20 25 23 21 26 24 35 27 28 30 32 31 33 34 29 41 43 40 44 42 38 39 37 36 53 46 50 48 51 52 47 45 49
 43 39 44 37 36 41 38 40 42 52 48 51 49 46 45 50 47 53 55 61 57 56 58 59 54 62 60 68 70 64 65 67 71 63 69 66 76 75 80 78 72 79 77 74 73  4 81  1  2  7  5  3  8  6 17  9 10 12 14 13 15 16 11 23 25 22 26 24 20 21 19 18 35 28 32 30 33 34 29 27 31
 52 48 53 46 45 50 47 49 51 61 57 60 58 55 54 59 56 62 64 70 66 65 67 68 63 71 69 77 79 73 74 76 80 72 78 75  4  3  8  6 81  7  5  2  1 13  9 10 11 16 14 12 17 15 26 18 19 21 23 22 24 25 20 32 34 31 35 33 29 30 28 27 44 37 41 39 42 43 38 36 40
 25 21 26 19 18 23 20 22 24 34 30 33 31 28 27 32 29 35 37 43 39 38 40 41 36 44 42 50 52 46 47 49 53 45 51 48 58 57 62 60 54 61 59 56 55 67 63 64 65 70 68 66 71 69 80 72 73 75 77 76 78 79 74  5  7  4  8  6  2  3  1 81 17 10 14 12 15 16 11  9 13
 79 75 80 73 72 77 74 76 78  7  3  6  4  1 81  5  2  8 10 16 12 11 13 14  9 17 15 23 25 19 20 22 26 18 24 21 31 30 35 33 27 34 32 29 28 40 36 37 38 43 41 39 44 42 53 45 46 48 50 49 51 52 47 59 61 58 62 60 56 57 55 54 71 64 68 66 69 70 65 63 67
 16 12 17 10  9 14 11 13 15 25 21 24 22 19 18 23 20 26 28 34 30 29 31 32 27 35 33 41 43 37 38 40 44 36 42 39 49 48 53 51 45 52 50 47 46 58 54 55 56 61 59 57 62 60 71 63 64 66 68 67 69 70 65 77 79 76 80 78 74 75 73 72  8  1  5  3  6  7  2 81  4
 70 66 71 64 63 68 65 67 69 79 75 78 76 73 72 77 74 80  1  7  3  2  4  5 81  8  6 14 16 10 11 13 17  9 15 12 22 21 26 24 18 25 23 20 19 31 27 28 29 34 32 30 35 33 44 36 37 39 41 40 42 43 38 50 52 49 53 51 47 48 46 45 62 55 59 57 60 61 56 54 58
  7  3  8  1 81  5  2  4  6 16 12 15 13 10  9 14 11 17 19 25 21 20 22 23 18 26 24 32 34 28 29 31 35 27 33 30 40 39 44 42 36 43 41 38 37 49 45 46 47 52 50 48 53 51 62 54 55 57 59 58 60 61 56 68 70 67 71 69 65 66 64 63 80 73 77 75 78 79 74 72 76
 34 30 35 28 27 32 29 31 33 43 39 42 40 37 36 41 38 44 46 52 48 47 49 50 45 53 51 59 61 55 56 58 62 54 60 57 67 66 71 69 63 70 68 65 64 76 72 73 74 79 77 75 80 78  8 81  1  3  5  4  6  7  2 14 16 13 17 15 11 12 10  9 26 19 23 21 24 25 20 18 22
