 36 30 33 32 35 28 29 31 34 37 43 44 38 45 39 41 42 40 46 52 49 53 51 48 47 50 54 56 59 55 62 58 63 60 57 61 70 66 68 67 72 65 71 64 69 77 76 78 74 73 75 80 81 79  9  7  5  1  4  6  2  8  3 14 17 10 13 16 18 11 15 12 19 23 26 21 25 24 22 20 27
  9  3  6  5  8  1  2  4  7 10 16 17 11 18 12 14 15 13 19 25 22 26 24 21 20 23 27 29 32 28 35 31 36 33 30 34 43 39 41 40 45 38 44 37 42 50 49 51 47 46 48 53 54 52 63 61 59 55 58 60 56 62 57 68 71 64 67 70 72 65 69 66 73 77 80 75 79 78 76 74 81
 45 39 42 41 44 37 38 40 43 46 52 53 47 54 48 50 51 49 55 61 58 62 60 57 56 59 63 65 68 64 71 67 72 69 66 70 79 75 77 76 81 74 80 73 78  5  4  6  2  1  3  8  9  7 18 16 14 10 13 15 11 17 12 23 26 19 22 25 27 20 24 21 28 32 35 30 34 33 31 29 36
 63 57 60 59 62 55 56 58 61 64 70 71 65 72 66 68 69 67 73 79 76 80 78 75 74 77 81  2  5  1  8  4  9  6  3  7 16 12 14 13 18 11 17 10 15 23 22 24 20 19 21 26 27 25 36 34 32 28 31 33 29 35 30 41 44 37 40 43 45 38 42 39 46 50 53 48 52 51 49 47 54
 27 21 24 23 26 19 20 22 25 28 34 35 29 36 30 32 33 31 37 43 40 44 42 39 38 41 45 47 50 46 53 49 54 51 48 52 61 57 59 58 63 56 62 55 60 68 67 69 65 64 66 71 72 70 81 79 77 73 76 78 74 80 75  5  8  1  4  7  9  2  6  3 10 14 17 12 16 15 13 11 18
 81 75 78 77 80 73 74 76 79  1  7  8  2  9  3  5  6  4 10 16 13 17 15 12 11 14 18 20 23 19 26 22 27 24 21 25 34 30 32 31 36 29 35 28 33 41 40 42 38 37 39 44 45 43 54 52 50 46 49 51 47 53 48 59 62 55 58 61 63 56 60 57 64 68 71 66 70 69 67 65 72
 72 66 69 68 71 64 65 67 70 73 79 80 74 81 75 77 78 76  1  7  4  8  6  3  2  5  9 11 14 10 17 13 18 15 12 16 25 21 23 22 27 20 26 19 24 32 31 33 29 28 30 35 36 34 45 43 41 37 40 42 38 44 39 50 53 46 49 52 54 47 51 48 55 59 62 57 61 60 58 56 63
 54 48 51 50 53 46 47 49 52 55 61 62 56 63 57 59 60 58 64 70 67 71 69 66 65 68 72 74 77 73 80 76 81 78 75 79  7  3  5  4  9  2  8  1  6 14 13 15 11 10 12 17 18 16 27 25 23 19 22 24 20 26 21 32 35 28 31 34 36 29 33 30 37 41 44 39 43 42 40 38 45
 18 12 15 14 17 10 11 13 16 19 25 26 20 27 21 23 24 22 28 34 31 35 33 30 29 32 36 38 41 37 44 40 45 42 39 43 52 48 50 49 54 47 53 46 51 59 58 60 56 55 57 62 63 61 72 70 68 64 67 69 65 71 66 77 80 73 76 79 81 74 78 75  1  5  8  3  7  6  4  2  9
 10  4  7  6  9  2  3  5  8 11 17 18 12 19 13 15 16 14 20 26 23 27 25 22 21 24 28 30 33 29 36 32 37 34 31 35 44 40 42 41 46 39 45 38 43 51 50 52 48 47 49 54 55 53 64 62 60 56 59 61 57 63 58 69 72 65 68 71 73 66 70 67 74 78 81 76 80 79 77 75  1
 19 13 16 15 18 11 12 14 17 20 26 27 21 28 22 24 25 23 29 35 32 36 34 31 30 33 37 39 42 38 45 41 46 43 40 44 53 49 51 50 55 48 54 47 52 60 59 61 57 56 58 63 64 62 73 71 69 65 68 70 66 72 67 78 81 74 77 80  1 75 79 76  2  6  9  4  8  7  5  3 10
 55 49 52 51 54 47 48 50 53 56 62 63 57 64 58 60 61 59 65 71 68 72 70 67 66 69 73 75 78 74 81 77  1 79 76 80  8  4  6  5 10  3  9  2  7 15 14 16 12 11 13 18 19 17 28 26 24 20 23 25 21 27 22 33 36 29 32 35 37 30 34 31 38 42 45 40 44 43 41 39 46
 28 22 25 24 27 20 21 23 26 29 35 36 30 37 31 33 34 32 38 44 41 45 43 40 39 42 46 48 51 47 54 50 55 52 49 53 62 58 60 59 64 57 63 56 61 69 68 70 66 65 67 72 73 71  1 80 78 74 77 79 75 81 76  6  9  2  5  8 10  3  7  4 11 15 18 13 17 16 14 12 19
 64 58 61 60 63 56 57 59 62 65 71 72 66 73 67 69 70 68 74 80 77 81 79 76 75 78  1  3  6  2  9  5 10  7  4  8 17 13 15 14 19 12 18 11 16 24 23 25 21 20 22 27 28 26 37 35 33 29 32 34 30 36 31 42 45 38 41 44 46 39 43 40 47 51 54 49 53 52 50 48 55
 46 40 43 42 45 38 39 41 44 47 53 54 48 55 49 51 52 50 56 62 59 63 61 58 57 60 64 66 69 65 72 68 73 70 67 71 80 76 78 77  1 75 81 74 79  6  5  7  3  2  4  9 10  8 19 17 15 11 14 16 12 18 13 24 27 20 23 26 28 21 25 22 29 33 36 31 35 34 32 30 37
  1 76 79 78 81 74 75 77 80  2  8  9  3 10  4  6  7  5 11 17 14 18 16 13 12 15 19 21 24 20 27 23 28 25 22 26 35 31 33 32 37 30 36 29 34 42 41 43 39 38 40 45 46 44 55 53 51 47 50 52 48 54 49 60 63 56 59 62 64 57 61 58 65 69 72 67 71 70 68 66 73
 73 67 70 69 72 65 66 68 71 74 80 81 75  1 76 78 79 77  2  8  5  9  7  4  3  6 10 12 15 11 18 14 19 16 13 17 26 22 24 23 28 21 27 20 25 33 32 34 30 29 31 36 37 35 46 44 42 38 41 43 39 45 40 51 54 47 50 53 55 48 52 49 56 60 63 58 62 61 59 57 64
 37 31 34 33 36 29 30 32 35 38 44 45 39 46 40 42 43 41 47 53 50 54 52 49 48 51 55 57 60 56 63 59 64 61 58 62 71 67 69 68 73 66 72 65 70 78 77 79 75 74 76 81  1 80 10  8  6  2  5  7  3  9  4 15 18 11 14 17 19 12 16 13 20 24 27 22 26 25 23 21 28
 29 23 26 25 28 21 22 24 27 30 36 37 31 38 32 34 35 33 39 45 42 46 44 41 40 43 47 49 52 48 55 51 56 53 50 54 63 59 61 60 65 58 64 57 62 70 69 71 67 66 68 73 74 72  2 81 79 75 78 80 76  1 77  7 10  3  6  9 11  4  8  5 12 16 19 14 18 17 15 13 20
  2 77 80 79  1 75 76 78 81  3  9 10  4 11  5  7  8  6 12 18 15 19 17 14 13 16 20 22 25 21 28 24 29 26 23 27 36 32 34 33 38 31 37 30 35 43 42 44 40 39 41 46 47 45 56 54 52 48 51 53 49 55 50 61 64 57 60 63 65 58 62 59 66 70 73 68 72 71 69 67 74
 56 50 53 52 55 48 49 51 54 57 63 64 58 65 59 61 62 60 66 72 69 73 71 68 67 70 74 76 79 75  1 78  2 80 77 81  9  5  7  6 11  4 10  3  8 16 15 17 13 12 14 19 20 18 29 27 25 21 24 26 22 28 23 34 37 30 33 36 38 31 35 32 39 43 46 41 45 44 42 40 47
 11  5  8  7 10  3  4  6  9 12 18 19 13 20 14 16 17 15 21 27 24 28 26 23 22 25 29 31 34 30 37 33 38 35 32 36 45 41 43 42 47 40 46 39 44 52 51 53 49 48 50 55 56 54 65 63 61 57 60 62 58 64 59 70 73 66 69 72 74 67 71 68 75 79  1 77 81 80 78 76  2
 47 41 44 43 46 39 40 42 45 48 54 55 49 56 50 52 53 51 57 63 60 64 62 59 58 61 65 67 70 66 73 69 74 71 68 72 81 77 79 78  2 76  1 75 80  7  6  8  4  3  5 10 11  9 20 18 16 12 15 17 13 19 14 25 28 21 24 27 29 22 26 23 30 34 37 32 36 35 33 31 38
 38 32 35 34 37 30 31 33 36 39 45 46 40 47 41 43 44 42 48 54 51 55 53 50 49 52 56 58 61 57 64 60 65 62 59 63 72 68 70 69 74 67 73 66 71 79 78 80 76 75 77  1  2 81 11  9  7  3  6  8  4 10  5 16 19 12 15 18 20 13 17 14 21 25 28 23 27 26 24 22 29
 74 68 71 70 73 66 67 69 72 75 81  1 76  2 77 79 80 78  3  9  6 10  8  5  4  7 11 13 16 12 19 15 20 17 14 18 27 23 25 24 29 22 28 21 26 34 33 35 31 30 32 37 38 36 47 45 43 39 42 44 40 46 41 52 55 48 51 54 56 49 53 50 57 61 64 59 63 62 60 58 65
 20 14 17 16 19 12 13 15 18 21 27 28 22 29 23 25 26 24 30 36 33 37 35 32 31 34 38 40 43 39 46 42 47 44 41 45 54 50 52 51 56 49 55 48 53 61 60 62 58 57 59 64 65 63 74 72 70 66 69 71 67 73 68 79  1 75 78 81  2 76 80 77  3  7 10  5  9  8  6  4 11
 65 59 62 61 64 57 58 60 63 66 72 73 67 74 68 70 71 69 75 81 78  1 80 77 76 79  2  4  7  3 10  6 11  8  5  9 18 14 16 15 20 13 19 12 17 25 24 26 22 21 23 28 29 27 38 36 34 30 33 35 31 37 32 43 46 39 42 45 47 40 44 41 48 52 55 50 54 53 51 49 56
 66 60 63 62 65 58 59 61 64 67 73 74 68 75 69 71 72 70 76  1 79  2 81 78 77 80  3  5  8  4 11  7 12  9  6 10 19 15 17 16 21 14 20 13 18 26 25 27 23 22 24 29 30 28 39 37 35 31 34 36 32 38 33 44 47 40 43 46 48 41 45 42 49 53 56 51 55 54 52 50 57
 57 51 54 53 56 49 50 52 55 58 64 65 59 66 60 62 63 61 67 73 70 74 72 69 68 71 75 77 80 76  2 79  3 81 78  1 10  6  8  7 12  5 11  4  9 17 16 18 14 13 15 20 21 19 30 28 26 22 25 27 23 29 24 35 38 31 34 37 39 32 36 33 40 44 47 42 46 45 43 41 48
 30 24 27 26 29 22 23 25 28 31 37 38 32 39 33 35 36 34 40 46 43 47 45 42 41 44 48 50 53 49 56 52 57 54 51 55 64 60 62 61 66 59 65 58 63 71 70 72 68 67 69 74 75 73  3  1 80 76 79 81 77  2 78  8 11  4  7 10 12  5  9  6 13 17 20 15 19 18 16 14 21
  3 78 81 80  2 76 77 79  1  4 10 11  5 12  6  8  9  7 13 19 16 20 18 15 14 17 21 23 26 22 29 25 30 27 24 28 37 33 35 34 39 32 38 31 36 44 43 45 41 40 42 47 48 46 57 55 53 49 52 54 50 56 51 62 65 58 61 64 66 59 63 60 67 71 74 69 73 72 70 68 75
 39 33 36 35 38 31 32 34 37 40 46 47 41 48 42 44 45 43 49 55 52 56 54 51 50 53 57 59 62 58 65 61 66 63 60 64 73 69 71 70 75 68 74 67 72 80 79 81 77 76 78  2  3  1 12 10  8  4  7  9  5 11  6 17 20 13 16 19 21 14 18 15 22 26 29 24 28 27 25 23 30
 12  6  9  8 11  4  5  7 10 13 19 20 14 21 15 17 18 16 22 28 25 29 27 24 23 26 30 32 35 31 38 34 39 36 33 37 46 42 44 43 48 41 47 40 45 53 52 54 50 49 51 56 57 55 66 64 62 58 61 63 59 65 60 71 74 67 70 73 75 68 72 69 76 80  2 78  1 81 79 77  3
 48 42 45 44 47 40 41 43 46 49 55 56 50 57 51 53 54 52 58 64 61 65 63 60 59 62 66 68 71 67 74 70 75 72 69 73  1 78 80 79  3 77  2 76 81  8  7  9  5  4  6 11 12 10 21 19 17 13 16 18 14 20 15 26 29 22 25 28 30 23 27 24 31 35 38 33 37 36 34 32 39
 21 15 18 17 20 13 14 16 19 22 28 29 23 30 24 26 27 25 31 37 34 38 36 33 32 35 39 41 44 40 47 43 48 45 42 46 55 51 53 52 57 50 56 49 54 62 61 63 59 58 60 65 66 64 75 73 71 67 70 72 68 74 69 80  2 76 79  1  3 77 81 78  4  8 11  6 10  9  7  5 12
 75 69 72 71 74 67 68 70 73 76  1  2 77  3 78 80 81 79  4 10  7 11  9  6  5  8 12 14 17 13 20 16 21 18 15 19 28 24 26 25 30 23 29 22 27 35 34 36 32 31 33 38 39 37 48 46 44 40 43 45 41 47 42 53 56 49 52 55 57 50 54 51 58 62 65 60 64 63 61 59 66
  4 79  1 81  3 77 78 80  2  5 11 12  6 13  7  9 10  8 14 20 17 21 19 16 15 18 22 24 27 23 30 26 31 28 25 29 38 34 36 35 40 33 39 32 37 45 44 46 42 41 43 48 49 47 58 56 54 50 53 55 51 57 52 63 66 59 62 65 67 60 64 61 68 72 75 70 74 73 71 69 76
 31 25 28 27 30 23 24 26 29 32 38 39 33 40 34 36 37 35 41 47 44 48 46 43 42 45 49 51 54 50 57 53 58 55 52 56 65 61 63 62 67 60 66 59 64 72 71 73 69 68 70 75 76 74  4  2 81 77 80  1 78  3 79  9 12  5  8 11 13  6 10  7 14 18 21 16 20 19 17 15 22
 67 61 64 63 66 59 60 62 65 68 74 75 69 76 70 72 73 71 77  2 80  3  1 79 78 81  4  6  9  5 12  8 13 10  7 11 20 16 18 17 22 15 21 14 19 27 26 28 24 23 25 30 31 29 40 38 36 32 35 37 33 39 34 45 48 41 44 47 49 42 46 43 50 54 57 52 56 55 53 51 58
 76 70 73 72 75 68 69 71 74 77  2  3 78  4 79 81  1 80  5 11  8 12 10  7  6  9 13 15 18 14 21 17 22 19 16 20 29 25 27 26 31 24 30 23 28 36 35 37 33 32 34 39 40 38 49 47 45 41 44 46 42 48 43 54 57 50 53 56 58 51 55 52 59 63 66 61 65 64 62 60 67
 40 34 37 36 39 32 33 35 38 41 47 48 42 49 43 45 46 44 50 56 53 57 55 52 51 54 58 60 63 59 66 62 67 64 61 65 74 70 72 71 76 69 75 68 73 81 80  1 78 77 79  3  4  2 13 11  9  5  8 10  6 12  7 18 21 14 17 20 22 15 19 16 23 27 30 25 29 28 26 24 31
 58 52 55 54 57 50 51 53 56 59 65 66 60 67 61 63 64 62 68 74 71 75 73 70 69 72 76 78 81 77  3 80  4  1 79  2 11  7  9  8 13  6 12  5 10 18 17 19 15 14 16 21 22 20 31 29 27 23 26 28 24 30 25 36 39 32 35 38 40 33 37 34 41 45 48 43 47 46 44 42 49
 49 43 46 45 48 41 42 44 47 50 56 57 51 58 52 54 55 53 59 65 62 66 64 61 60 63 67 69 72 68 75 71 76 73 70 74  2 79 81 80  4 78  3 77  1  9  8 10  6  5  7 12 13 11 22 20 18 14 17 19 15 21 16 27 30 23 26 29 31 24 28 25 32 36 39 34 38 37 35 33 40
 22 16 19 18 21 14 15 17 20 23 29 30 24 31 25 27 28 26 32 38 35 39 37 34 33 36 40 42 45 41 48 44 49 46 43 47 56 52 54 53 58 51 57 50 55 63 62 64 60 59 61 66 67 65 76 74 72 68 71 73 69 75 70 81  3 77 80  2  4 78  1 79  5  9 12  7 11 10  8  6 13
 13  7 10  9 12  5  6  8 11 14 20 21 15 22 16 18 19 17 23 29 26 30 28 25 24 27 31 33 36 32 39 35 40 37 34 38 47 43 45 44 49 42 48 41 46 54 53 55 51 50 52 57 58 56 67 65 63 59 62 64 60 66 61 72 75 68 71 74 76 69 73 70 77 81  3 79  2  1 80 78  4
 41 35 38 37 40 33 34 36 39 42 48 49 43 50 44 46 47 45 51 57 54 58 56 53 52 55 59 61 64 60 67 63 68 65 62 66 75 71 73 72 77 70 76 69 74  1 81  2 79 78 80  4  5  3 14 12 10  6  9 11  7 13  8 19 22 15 18 21 23 16 20 17 24 28 31 26 30 29 27 25 32
 77 71 74 73 76 69 70 72 75 78  3  4 79  5 80  1  2 81  6 12  9 13 11  8  7 10 14 16 19 15 22 18 23 20 17 21 30 26 28 27 32 25 31 24 29 37 36 38 34 33 35 40 41 39 50 48 46 42 45 47 43 49 44 55 58 51 54 57 59 52 56 53 60 64 67 62 66 65 63 61 68
 23 17 20 19 22 15 16 18 21 24 30 31 25 32 26 28 29 27 33 39 36 40 38 35 34 37 41 43 46 42 49 45 50 47 44 48 57 53 55 54 59 52 58 51 56 64 63 65 61 60 62 67 68 66 77 75 73 69 72 74 70 76 71  1  4 78 81  3  5 79  2 80  6 10 13  8 12 11  9  7 14
 68 62 65 64 67 60 61 63 66 69 75 76 70 77 71 73 74 72 78  3 81  4  2 80 79  1  5  7 10  6 13  9 14 11  8 12 21 17 19 18 23 16 22 15 20 28 27 29 25 24 26 31 32 30 41 39 37 33 36 38 34 40 35 46 49 42 45 48 50 43 47 44 51 55 58 53 57 56 54 52 59
  5 80  2  1  4 78 79 81  3  6 12 13  7 14  8 10 11  9 15 21 18 22 20 17 16 19 23 25 28 24 31 27 32 29 26 30 39 35 37 36 41 34 40 33 38 46 45 47 43 42 44 49 50 48 59 57 55 51 54 56 52 58 53 64 67 60 63 66 68 61 65 62 69 73 76 71 75 74 72 70 77
 32 26 29 28 31 24 25 27 30 33 39 40 34 41 35 37 38 36 42 48 45 49 47 44 43 46 50 52 55 51 58 54 59 56 53 57 66 62 64 63 68 61 67 60 65 73 72 74 70 69 71 76 77 75  5  3  1 78 81  2 79  4 80 10 13  6  9 12 14  7 11  8 15 19 22 17 21 20 18 16 23
 59 53 56 55 58 51 52 54 57 60 66 67 61 68 62 64 65 63 69 75 72 76 74 71 70 73 77 79  1 78  4 81  5  2 80  3 12  8 10  9 14  7 13  6 11 19 18 20 16 15 17 22 23 21 32 30 28 24 27 29 25 31 26 37 40 33 36 39 41 34 38 35 42 46 49 44 48 47 45 43 50
 50 44 47 46 49 42 43 45 48 51 57 58 52 59 53 55 56 54 60 66 63 67 65 62 61 64 68 70 73 69 76 72 77 74 71 75  3 80  1 81  5 79  4 78  2 10  9 11  7  6  8 13 14 12 23 21 19 15 18 20 16 22 17 28 31 24 27 30 32 25 29 26 33 37 40 35 39 38 36 34 41
 14  8 11 10 13  6  7  9 12 15 21 22 16 23 17 19 20 18 24 30 27 31 29 26 25 28 32 34 37 33 40 36 41 38 35 39 48 44 46 45 50 43 49 42 47 55 54 56 52 51 53 58 59 57 68 66 64 60 63 65 61 67 62 73 76 69 72 75 77 70 74 71 78  1  4 80  3  2 81 79  5
 51 45 48 47 50 43 44 46 49 52 58 59 53 60 54 56 57 55 61 67 64 68 66 63 62 65 69 71 74 70 77 73 78 75 72 76  4 81  2  1  6 80  5 79  3 11 10 12  8  7  9 14 15 13 24 22 20 16 19 21 17 23 18 29 32 25 28 31 33 26 30 27 34 38 41 36 40 39 37 35 42
  6 81  3  2  5 79 80  1  4  7 13 14  8 15  9 11 12 10 16 22 19 23 21 18 17 20 24 26 29 25 32 28 33 30 27 31 40 36 38 37 42 35 41 34 39 47 46 48 44 43 45 50 51 49 60 58 56 52 55 57 53 59 54 65 68 61 64 67 69 62 66 63 70 74 77 72 76 75 73 71 78
 60 54 57 56 59 52 53 55 58 61 67 68 62 69 63 65 66 64 70 76 73 77 75 72 71 74 78 80  2 79  5  1  6  3 81  4 13  9 11 10 15  8 14  7 12 20 19 21 17 16 18 23 24 22 33 31 29 25 28 30 26 32 27 38 41 34 37 40 42 35 39 36 43 47 50 45 49 48 46 44 51
 42 36 39 38 41 34 35 37 40 43 49 50 44 51 45 47 48 46 52 58 55 59 57 54 53 56 60 62 65 61 68 64 69 66 63 67 76 72 74 73 78 71 77 70 75  2  1  3 80 79 81  5  6  4 15 13 11  7 10 12  8 14  9 20 23 16 19 22 24 17 21 18 25 29 32 27 31 30 28 26 33
 15  9 12 11 14  7  8 10 13 16 22 23 17 24 18 20 21 19 25 31 28 32 30 27 26 29 33 35 38 34 41 37 42 39 36 40 49 45 47 46 51 44 50 43 48 56 55 57 53 52 54 59 60 58 69 67 65 61 64 66 62 68 63 74 77 70 73 76 78 71 75 72 79  2  5 81  4  3  1 80  6
 69 63 66 65 68 61 62 64 67 70 76 77 71 78 72 74 75 73 79  4  1  5  3 81 80  2  6  8 11  7 14 10 15 12  9 13 22 18 20 19 24 17 23 16 21 29 28 30 26 25 27 32 33 31 42 40 38 34 37 39 35 41 36 47 50 43 46 49 51 44 48 45 52 56 59 54 58 57 55 53 60
 33 27 30 29 32 25 26 28 31 34 40 41 35 42 36 38 39 37 43 49 46 50 48 45 44 47 51 53 56 52 59 55 60 57 54 58 67 63 65 64 69 62 68 61 66 74 73 75 71 70 72 77 78 76  6  4  2 79  1  3 80  5 81 11 14  7 10 13 15  8 12  9 16 20 23 18 22 21 19 17 24
 78 72 75 74 77 70 71 73 76 79  4  5 80  6 81  2  3  1  7 13 10 14 12  9  8 11 15 17 20 16 23 19 24 21 18 22 31 27 29 28 33 26 32 25 30 38 37 39 35 34 36 41 42 40 51 49 47 43 46 48 44 50 45 56 59 52 55 58 60 53 57 54 61 65 68 63 67 66 64 62 69
 24 18 21 20 23 16 17 19 22 25 31 32 26 33 27 29 30 28 34 40 37 41 39 36 35 38 42 44 47 43 50 46 51 48 45 49 58 54 56 55 60 53 59 52 57 65 64 66 62 61 63 68 69 67 78 76 74 70 73 75 71 77 72  2  5 79  1  4  6 80  3 81  7 11 14  9 13 12 10  8 15
 43 37 40 39 42 35 36 38 41 44 50 51 45 52 46 48 49 47 53 59 56 60 58 55 54 57 61 63 66 62 69 65 70 67 64 68 77 73 75 74 79 72 78 71 76  3  2  4 81 80  1  6  7  5 16 14 12  8 11 13  9 15 10 21 24 17 20 23 25 18 22 19 26 30 33 28 32 31 29 27 34
 52 46 49 48 51 44 45 47 50 53 59 60 54 61 55 57 58 56 62 68 65 69 67 64 63 66 70 72 75 71 78 74 79 76 73 77  5  1  3  2  7 81  6 80  4 12 11 13  9  8 10 15 16 14 25 23 21 17 20 22 18 24 19 30 33 26 29 32 34 27 31 28 35 39 42 37 41 40 38 36 43
 25 19 22 21 24 17 18 20 23 26 32 33 27 34 28 30 31 29 35 41 38 42 40 37 36 39 43 45 48 44 51 47 52 49 46 50 59 55 57 56 61 54 60 53 58 66 65 67 63 62 64 69 70 68 79 77 75 71 74 76 72 78 73  3  6 80  2  5  7 81  4  1  8 12 15 10 14 13 11  9 16
  7  1  4  3  6 80 81  2  5  8 14 15  9 16 10 12 13 11 17 23 20 24 22 19 18 21 25 27 30 26 33 29 34 31 28 32 41 37 39 38 43 36 42 35 40 48 47 49 45 44 46 51 52 50 61 59 57 53 56 58 54 60 55 66 69 62 65 68 70 63 67 64 71 75 78 73 77 76 74 72 79
 34 28 31 30 33 26 27 29 32 35 41 42 36 43 37 39 40 38 44 50 47 51 49 46 45 48 52 54 57 53 60 56 61 58 55 59 68 64 66 65 70 63 69 62 67 75 74 76 72 71 73 78 79 77  7  5  3 80  2  4 81  6  1 12 15  8 11 14 16  9 13 10 17 21 24 19 23 22 20 18 25
 16 10 13 12 15  8  9 11 14 17 23 24 18 25 19 21 22 20 26 32 29 33 31 28 27 30 34 36 39 35 42 38 43 40 37 41 50 46 48 47 52 45 51 44 49 57 56 58 54 53 55 60 61 59 70 68 66 62 65 67 63 69 64 75 78 71 74 77 79 72 76 73 80  3  6  1  5  4  2 81  7
 79 73 76 75 78 71 72 74 77 80  5  6 81  7  1  3  4  2  8 14 11 15 13 10  9 12 16 18 21 17 24 20 25 22 19 23 32 28 30 29 34 27 33 26 31 39 38 40 36 35 37 42 43 41 52 50 48 44 47 49 45 51 46 57 60 53 56 59 61 54 58 55 62 66 69 64 68 67 65 63 70
 61 55 58 57 60 53 54 56 59 62 68 69 63 70 64 66 67 65 71 77 74 78 76 73 72 75 79 81  3 80  6  2  7  4  1  5 14 10 12 11 16  9 15  8 13 21 20 22 18 17 19 24 25 23 34 32 30 26 29 31 27 33 28 39 42 35 38 41 43 36 40 37 44 48 51 46 50 49 47 45 52
 70 64 67 66 69 62 63 65 68 71 77 78 72 79 73 75 76 74 80  5  2  6  4  1 81  3  7  9 12  8 15 11 16 13 10 14 23 19 21 20 25 18 24 17 22 30 29 31 27 26 28 33 34 32 43 41 39 35 38 40 36 42 37 48 51 44 47 50 52 45 49 46 53 57 60 55 59 58 56 54 61
 62 56 59 58 61 54 55 57 60 63 69 70 64 71 65 67 68 66 72 78 75 79 77 74 73 76 80  1  4 81  7  3  8  5  2  6 15 11 13 12 17 10 16  9 14 22 21 23 19 18 20 25 26 24 35 33 31 27 30 32 28 34 29 40 43 36 39 42 44 37 41 38 45 49 52 47 51 50 48 46 53
 71 65 68 67 70 63 64 66 69 72 78 79 73 80 74 76 77 75 81  6  3  7  5  2  1  4  8 10 13  9 16 12 17 14 11 15 24 20 22 21 26 19 25 18 23 31 30 32 28 27 29 34 35 33 44 42 40 36 39 41 37 43 38 49 52 45 48 51 53 46 50 47 54 58 61 56 60 59 57 55 62
 17 11 14 13 16  9 10 12 15 18 24 25 19 26 20 22 23 21 27 33 30 34 32 29 28 31 35 37 40 36 43 39 44 41 38 42 51 47 49 48 53 46 52 45 50 58 57 59 55 54 56 61 62 60 71 69 67 63 66 68 64 70 65 76 79 72 75 78 80 73 77 74 81  4  7  2  6  5  3  1  8
 53 47 50 49 52 45 46 48 51 54 60 61 55 62 56 58 59 57 63 69 66 70 68 65 64 67 71 73 76 72 79 75 80 77 74 78  6  2  4  3  8  1  7 81  5 13 12 14 10  9 11 16 17 15 26 24 22 18 21 23 19 25 20 31 34 27 30 33 35 28 32 29 36 40 43 38 42 41 39 37 44
 26 20 23 22 25 18 19 21 24 27 33 34 28 35 29 31 32 30 36 42 39 43 41 38 37 40 44 46 49 45 52 48 53 50 47 51 60 56 58 57 62 55 61 54 59 67 66 68 64 63 65 70 71 69 80 78 76 72 75 77 73 79 74  4  7 81  3  6  8  1  5  2  9 13 16 11 15 14 12 10 17
 44 38 41 40 43 36 37 39 42 45 51 52 46 53 47 49 50 48 54 60 57 61 59 56 55 58 62 64 67 63 70 66 71 68 65 69 78 74 76 75 80 73 79 72 77  4  3  5  1 81  2  7  8  6 17 15 13  9 12 14 10 16 11 22 25 18 21 24 26 19 23 20 27 31 34 29 33 32 30 28 35
  8  2  5  4  7 81  1  3  6  9 15 16 10 17 11 13 14 12 18 24 21 25 23 20 19 22 26 28 31 27 34 30 35 32 29 33 42 38 40 39 44 37 43 36 41 49 48 50 46 45 47 52 53 51 62 60 58 54 57 59 55 61 56 67 70 63 66 69 71 64 68 65 72 76 79 74 78 77 75 73 80
 80 74 77 76 79 72 73 75 78 81  6  7  1  8  2  4  5  3  9 15 12 16 14 11 10 13 17 19 22 18 25 21 26 23 20 24 33 29 31 30 35 28 34 27 32 40 39 41 37 36 38 43 44 42 53 51 49 45 48 50 46 52 47 58 61 54 57 60 62 55 59 56 63 67 70 65 69 68 66 64 71
 35 29 32 31 34 27 28 30 33 36 42 43 37 44 38 40 41 39 45 51 48 52 50 47 46 49 53 55 58 54 61 57 62 59 56 60 69 65 67 66 71 64 70 63 68 76 75 77 73 72 74 79 80 78  8  6  4 81  3  5  1  7  2 13 16  9 12 15 17 10 14 11 18 22 25 20 24 23 21 19 26
