 69 65 71 67 72 66 70 64 68 73 77 74 81 75 80 78 76 79  6  5  1  4  7  3  2  8  9 10 15 11 13 12 17 14 18 16 25 20 27 26 22 24 23 19 21 29 28 31 36 35 34 30 33 32 37 41 44 45 40 42 39 43 38 50 49 53 47 46 52 48 51 54 62 57 60 59 63 55 56 58 61
 24 20 26 22 27 21 25 19 23 28 32 29 36 30 35 33 31 34 42 41 37 40 43 39 38 44 45 46 51 47 49 48 53 50 54 52 61 56 63 62 58 60 59 55 57 65 64 67 72 71 70 66 69 68 73 77 80 81 76 78 75 79 74  5  4  8  2  1  7  3  6  9 17 12 15 14 18 10 11 13 16
  6  2  8  4  9  3  7  1  5 10 14 11 18 12 17 15 13 16 24 23 19 22 25 21 20 26 27 28 33 29 31 30 35 32 36 34 43 38 45 44 40 42 41 37 39 47 46 49 54 53 52 48 51 50 55 59 62 63 58 60 57 61 56 68 67 71 65 64 70 66 69 72 80 75 78 77 81 73 74 76 79
 15 11 17 13 18 12 16 10 14 19 23 20 27 21 26 24 22 25 33 32 28 31 34 30 29 35 36 37 42 38 40 39 44 41 45 43 52 47 54 53 49 51 50 46 48 56 55 58 63 62 61 57 60 59 64 68 71 72 67 69 66 70 65 77 76 80 74 73 79 75 78 81  8  3  6  5  9  1  2  4  7
 60 56 62 58 63 57 61 55 59 64 68 65 72 66 71 69 67 70 78 77 73 76 79 75 74 80 81  1  6  2  4  3  8  5  9  7 16 11 18 17 13 15 14 10 12 20 19 22 27 26 25 21 24 23 28 32 35 36 31 33 30 34 29 41 40 44 38 37 43 39 42 45 53 48 51 50 54 46 47 49 52
 51 47 53 49 54 48 52 46 50 55 59 56 63 57 62 60 58 61 69 68 64 67 70 66 65 71 72 73 78 74 76 75 80 77 81 79  7  2  9  8  4  6  5  1  3 11 10 13 18 17 16 12 15 14 19 23 26 27 22 24 21 25 20 32 31 35 29 28 34 30 33 36 44 39 42 41 45 37 38 40 43
 33 29 35 31 36 30 34 28 32 37 41 38 45 39 44 42 40 43 51 50 46 49 52 48 47 53 54 55 60 56 58 57 62 59 63 61 70 65 72 71 67 69 68 64 66 74 73 76 81 80 79 75 78 77  1  5  8  9  4  6  3  7  2 14 13 17 11 10 16 12 15 18 26 21 24 23 27 19 20 22 25
 42 38 44 40 45 39 43 37 41 46 50 47 54 48 53 51 49 52 60 59 55 58 61 57 56 62 63 64 69 65 67 66 71 68 72 70 79 74 81 80 76 78 77 73 75  2  1  4  9  8  7  3  6  5 10 14 17 18 13 15 12 16 11 23 22 26 20 19 25 21 24 27 35 30 33 32 36 28 29 31 34
 78 74 80 76 81 75 79 73 77  1  5  2  9  3  8  6  4  7 15 14 10 13 16 12 11 17 18 19 24 20 22 21 26 23 27 25 34 29 36 35 31 33 32 28 30 38 37 40 45 44 43 39 42 41 46 50 53 54 49 51 48 52 47 59 58 62 56 55 61 57 60 63 71 66 69 68 72 64 65 67 70
 16 12 18 14 19 13 17 11 15 20 24 21 28 22 27 25 23 26 34 33 29 32 35 31 30 36 37 38 43 39 41 40 45 42 46 44 53 48 55 54 50 52 51 47 49 57 56 59 64 63 62 58 61 60 65 69 72 73 68 70 67 71 66 78 77 81 75 74 80 76 79  1  9  4  7  6 10  2  3  5  8
 34 30 36 32 37 31 35 29 33 38 42 39 46 40 45 43 41 44 52 51 47 50 53 49 48 54 55 56 61 57 59 58 63 60 64 62 71 66 73 72 68 70 69 65 67 75 74 77  1 81 80 76 79 78  2  6  9 10  5  7  4  8  3 15 14 18 12 11 17 13 16 19 27 22 25 24 28 20 21 23 26
 70 66 72 68 73 67 71 65 69 74 78 75  1 76 81 79 77 80  7  6  2  5  8  4  3  9 10 11 16 12 14 13 18 15 19 17 26 21 28 27 23 25 24 20 22 30 29 32 37 36 35 31 34 33 38 42 45 46 41 43 40 44 39 51 50 54 48 47 53 49 52 55 63 58 61 60 64 56 57 59 62
 25 21 27 23 28 22 26 20 24 29 33 30 37 31 36 34 32 35 43 42 38 41 44 40 39 45 46 47 52 48 50 49 54 51 55 53 62 57 64 63 59 61 60 56 58 66 65 68 73 72 71 67 70 69 74 78 81  1 77 79 76 80 75  6  5  9  3  2  8  4  7 10 18 13 16 15 19 11 12 14 17
 61 57 63 59 64 58 62 56 60 65 69 66 73 67 72 70 68 71 79 78 74 77 80 76 75 81  1  2  7  3  5  4  9  6 10  8 17 12 19 18 14 16 15 11 13 21 20 23 28 27 26 22 25 24 29 33 36 37 32 34 31 35 30 42 41 45 39 38 44 40 43 46 54 49 52 51 55 47 48 50 53
  7  3  9  5 10  4  8  2  6 11 15 12 19 13 18 16 14 17 25 24 20 23 26 22 21 27 28 29 34 30 32 31 36 33 37 35 44 39 46 45 41 43 42 38 40 48 47 50 55 54 53 49 52 51 56 60 63 64 59 61 58 62 57 69 68 72 66 65 71 67 70 73 81 76 79 78  1 74 75 77 80
 52 48 54 50 55 49 53 47 51 56 60 57 64 58 63 61 59 62 70 69 65 68 71 67 66 72 73 74 79 75 77 76 81 78  1 80  8  3 10  9  5  7  6  2  4 12 11 14 19 18 17 13 16 15 20 24 27 28 23 25 22 26 21 33 32 36 30 29 35 31 34 37 45 40 43 42 46 38 39 41 44
 43 39 45 41 46 40 44 38 42 47 51 48 55 49 54 52 50 53 61 60 56 59 62 58 57 63 64 65 70 66 68 67 72 69 73 71 80 75  1 81 77 79 78 74 76  3  2  5 10  9  8  4  7  6 11 15 18 19 14 16 13 17 12 24 23 27 21 20 26 22 25 28 36 31 34 33 37 29 30 32 35
 79 75 81 77  1 76 80 74 78  2  6  3 10  4  9  7  5  8 16 15 11 14 17 13 12 18 19 20 25 21 23 22 27 24 28 26 35 30 37 36 32 34 33 29 31 39 38 41 46 45 44 40 43 42 47 51 54 55 50 52 49 53 48 60 59 63 57 56 62 58 61 64 72 67 70 69 73 65 66 68 71
 71 67 73 69 74 68 72 66 70 75 79 76  2 77  1 80 78 81  8  7  3  6  9  5  4 10 11 12 17 13 15 14 19 16 20 18 27 22 29 28 24 26 25 21 23 31 30 33 38 37 36 32 35 34 39 43 46 47 42 44 41 45 40 52 51 55 49 48 54 50 53 56 64 59 62 61 65 57 58 60 63
 80 76  1 78  2 77 81 75 79  3  7  4 11  5 10  8  6  9 17 16 12 15 18 14 13 19 20 21 26 22 24 23 28 25 29 27 36 31 38 37 33 35 34 30 32 40 39 42 47 46 45 41 44 43 48 52 55 56 51 53 50 54 49 61 60 64 58 57 63 59 62 65 73 68 71 70 74 66 67 69 72
 26 22 28 24 29 23 27 21 25 30 34 31 38 32 37 35 33 36 44 43 39 42 45 41 40 46 47 48 53 49 51 50 55 52 56 54 63 58 65 64 60 62 61 57 59 67 66 69 74 73 72 68 71 70 75 79  1  2 78 80 77 81 76  7  6 10  4  3  9  5  8 11 19 14 17 16 20 12 13 15 18
  8  4 10  6 11  5  9  3  7 12 16 13 20 14 19 17 15 18 26 25 21 24 27 23 22 28 29 30 35 31 33 32 37 34 38 36 45 40 47 46 42 44 43 39 41 49 48 51 56 55 54 50 53 52 57 61 64 65 60 62 59 63 58 70 69 73 67 66 72 68 71 74  1 77 80 79  2 75 76 78 81
 44 40 46 42 47 41 45 39 43 48 52 49 56 50 55 53 51 54 62 61 57 60 63 59 58 64 65 66 71 67 69 68 73 70 74 72 81 76  2  1 78 80 79 75 77  4  3  6 11 10  9  5  8  7 12 16 19 20 15 17 14 18 13 25 24 28 22 21 27 23 26 29 37 32 35 34 38 30 31 33 36
 53 49 55 51 56 50 54 48 52 57 61 58 65 59 64 62 60 63 71 70 66 69 72 68 67 73 74 75 80 76 78 77  1 79  2 81  9  4 11 10  6  8  7  3  5 13 12 15 20 19 18 14 17 16 21 25 28 29 24 26 23 27 22 34 33 37 31 30 36 32 35 38 46 41 44 43 47 39 40 42 45
 35 31 37 33 38 32 36 30 34 39 43 40 47 41 46 44 42 45 53 52 48 51 54 50 49 55 56 57 62 58 60 59 64 61 65 63 72 67 74 73 69 71 70 66 68 76 75 78  2  1 81 77 80 79  3  7 10 11  6  8  5  9  4 16 15 19 13 12 18 14 17 20 28 23 26 25 29 21 22 24 27
 62 58 64 60 65 59 63 57 61 66 70 67 74 68 73 71 69 72 80 79 75 78 81 77 76  1  2  3  8  4  6  5 10  7 11  9 18 13 20 19 15 17 16 12 14 22 21 24 29 28 27 23 26 25 30 34 37 38 33 35 32 36 31 43 42 46 40 39 45 41 44 47 55 50 53 52 56 48 49 51 54
 17 13 19 15 20 14 18 12 16 21 25 22 29 23 28 26 24 27 35 34 30 33 36 32 31 37 38 39 44 40 42 41 46 43 47 45 54 49 56 55 51 53 52 48 50 58 57 60 65 64 63 59 62 61 66 70 73 74 69 71 68 72 67 79 78  1 76 75 81 77 80  2 10  5  8  7 11  3  4  6  9
 18 14 20 16 21 15 19 13 17 22 26 23 30 24 29 27 25 28 36 35 31 34 37 33 32 38 39 40 45 41 43 42 47 44 48 46 55 50 57 56 52 54 53 49 51 59 58 61 66 65 64 60 63 62 67 71 74 75 70 72 69 73 68 80 79  2 77 76  1 78 81  3 11  6  9  8 12  4  5  7 10
 54 50 56 52 57 51 55 49 53 58 62 59 66 60 65 63 61 64 72 71 67 70 73 69 68 74 75 76 81 77 79 78  2 80  3  1 10  5 12 11  7  9  8  4  6 14 13 16 21 20 19 15 18 17 22 26 29 30 25 27 24 28 23 35 34 38 32 31 37 33 36 39 47 42 45 44 48 40 41 43 46
 27 23 29 25 30 24 28 22 26 31 35 32 39 33 38 36 34 37 45 44 40 43 46 42 41 47 48 49 54 50 52 51 56 53 57 55 64 59 66 65 61 63 62 58 60 68 67 70 75 74 73 69 72 71 76 80  2  3 79 81 78  1 77  8  7 11  5  4 10  6  9 12 20 15 18 17 21 13 14 16 19
 63 59 65 61 66 60 64 58 62 67 71 68 75 69 74 72 70 73 81 80 76 79  1 78 77  2  3  4  9  5  7  6 11  8 12 10 19 14 21 20 16 18 17 13 15 23 22 25 30 29 28 24 27 26 31 35 38 39 34 36 33 37 32 44 43 47 41 40 46 42 45 48 56 51 54 53 57 49 50 52 55
 36 32 38 34 39 33 37 31 35 40 44 41 48 42 47 45 43 46 54 53 49 52 55 51 50 56 57 58 63 59 61 60 65 62 66 64 73 68 75 74 70 72 71 67 69 77 76 79  3  2  1 78 81 80  4  8 11 12  7  9  6 10  5 17 16 20 14 13 19 15 18 21 29 24 27 26 30 22 23 25 28
  9  5 11  7 12  6 10  4  8 13 17 14 21 15 20 18 16 19 27 26 22 25 28 24 23 29 30 31 36 32 34 33 38 35 39 37 46 41 48 47 43 45 44 40 42 50 49 52 57 56 55 51 54 53 58 62 65 66 61 63 60 64 59 71 70 74 68 67 73 69 72 75  2 78 81 80  3 76 77 79  1
 72 68 74 70 75 69 73 67 71 76 80 77  3 78  2 81 79  1  9  8  4  7 10  6  5 11 12 13 18 14 16 15 20 17 21 19 28 23 30 29 25 27 26 22 24 32 31 34 39 38 37 33 36 35 40 44 47 48 43 45 42 46 41 53 52 56 50 49 55 51 54 57 65 60 63 62 66 58 59 61 64
 81 77  2 79  3 78  1 76 80  4  8  5 12  6 11  9  7 10 18 17 13 16 19 15 14 20 21 22 27 23 25 24 29 26 30 28 37 32 39 38 34 36 35 31 33 41 40 43 48 47 46 42 45 44 49 53 56 57 52 54 51 55 50 62 61 65 59 58 64 60 63 66 74 69 72 71 75 67 68 70 73
 45 41 47 43 48 42 46 40 44 49 53 50 57 51 56 54 52 55 63 62 58 61 64 60 59 65 66 67 72 68 70 69 74 71 75 73  1 77  3  2 79 81 80 76 78  5  4  7 12 11 10  6  9  8 13 17 20 21 16 18 15 19 14 26 25 29 23 22 28 24 27 30 38 33 36 35 39 31 32 34 37
 10  6 12  8 13  7 11  5  9 14 18 15 22 16 21 19 17 20 28 27 23 26 29 25 24 30 31 32 37 33 35 34 39 36 40 38 47 42 49 48 44 46 45 41 43 51 50 53 58 57 56 52 55 54 59 63 66 67 62 64 61 65 60 72 71 75 69 68 74 70 73 76  3 79  1 81  4 77 78 80  2
 28 24 30 26 31 25 29 23 27 32 36 33 40 34 39 37 35 38 46 45 41 44 47 43 42 48 49 50 55 51 53 52 57 54 58 56 65 60 67 66 62 64 63 59 61 69 68 71 76 75 74 70 73 72 77 81  3  4 80  1 79  2 78  9  8 12  6  5 11  7 10 13 21 16 19 18 22 14 15 17 20
 19 15 21 17 22 16 20 14 18 23 27 24 31 25 30 28 26 29 37 36 32 35 38 34 33 39 40 41 46 42 44 43 48 45 49 47 56 51 58 57 53 55 54 50 52 60 59 62 67 66 65 61 64 63 68 72 75 76 71 73 70 74 69 81 80  3 78 77  2 79  1  4 12  7 10  9 13  5  6  8 11
 64 60 66 62 67 61 65 59 63 68 72 69 76 70 75 73 71 74  1 81 77 80  2 79 78  3  4  5 10  6  8  7 12  9 13 11 20 15 22 21 17 19 18 14 16 24 23 26 31 30 29 25 28 27 32 36 39 40 35 37 34 38 33 45 44 48 42 41 47 43 46 49 57 52 55 54 58 50 51 53 56
 46 42 48 44 49 43 47 41 45 50 54 51 58 52 57 55 53 56 64 63 59 62 65 61 60 66 67 68 73 69 71 70 75 72 76 74  2 78  4  3 80  1 81 77 79  6  5  8 13 12 11  7 10  9 14 18 21 22 17 19 16 20 15 27 26 30 24 23 29 25 28 31 39 34 37 36 40 32 33 35 38
 73 69 75 71 76 70 74 68 72 77 81 78  4 79  3  1 80  2 10  9  5  8 11  7  6 12 13 14 19 15 17 16 21 18 22 20 29 24 31 30 26 28 27 23 25 33 32 35 40 39 38 34 37 36 41 45 48 49 44 46 43 47 42 54 53 57 51 50 56 52 55 58 66 61 64 63 67 59 60 62 65
 37 33 39 35 40 34 38 32 36 41 45 42 49 43 48 46 44 47 55 54 50 53 56 52 51 57 58 59 64 60 62 61 66 63 67 65 74 69 76 75 71 73 72 68 70 78 77 80  4  3  2 79  1 81  5  9 12 13  8 10  7 11  6 18 17 21 15 14 20 16 19 22 30 25 28 27 31 23 24 26 29
  1 78  3 80  4 79  2 77 81  5  9  6 13  7 12 10  8 11 19 18 14 17 20 16 15 21 22 23 28 24 26 25 30 27 31 29 38 33 40 39 35 37 36 32 34 42 41 44 49 48 47 43 46 45 50 54 57 58 53 55 52 56 51 63 62 66 60 59 65 61 64 67 75 70 73 72 76 68 69 71 74
 55 51 57 53 58 52 56 50 54 59 63 60 67 61 66 64 62 65 73 72 68 71 74 70 69 75 76 77  1 78 80 79  3 81  4  2 11  6 13 12  8 10  9  5  7 15 14 17 22 21 20 16 19 18 23 27 30 31 26 28 25 29 24 36 35 39 33 32 38 34 37 40 48 43 46 45 49 41 42 44 47
 29 25 31 27 32 26 30 24 28 33 37 34 41 35 40 38 36 39 47 46 42 45 48 44 43 49 50 51 56 52 54 53 58 55 59 57 66 61 68 67 63 65 64 60 62 70 69 72 77 76 75 71 74 73 78  1  4  5 81  2 80  3 79 10  9 13  7  6 12  8 11 14 22 17 20 19 23 15 16 18 21
 56 52 58 54 59 53 57 51 55 60 64 61 68 62 67 65 63 66 74 73 69 72 75 71 70 76 77 78  2 79 81 80  4  1  5  3 12  7 14 13  9 11 10  6  8 16 15 18 23 22 21 17 20 19 24 28 31 32 27 29 26 30 25 37 36 40 34 33 39 35 38 41 49 44 47 46 50 42 43 45 48
  2 79  4 81  5 80  3 78  1  6 10  7 14  8 13 11  9 12 20 19 15 18 21 17 16 22 23 24 29 25 27 26 31 28 32 30 39 34 41 40 36 38 37 33 35 43 42 45 50 49 48 44 47 46 51 55 58 59 54 56 53 57 52 64 63 67 61 60 66 62 65 68 76 71 74 73 77 69 70 72 75
 65 61 67 63 68 62 66 60 64 69 73 70 77 71 76 74 72 75  2  1 78 81  3 80 79  4  5  6 11  7  9  8 13 10 14 12 21 16 23 22 18 20 19 15 17 25 24 27 32 31 30 26 29 28 33 37 40 41 36 38 35 39 34 46 45 49 43 42 48 44 47 50 58 53 56 55 59 51 52 54 57
 74 70 76 72 77 71 75 69 73 78  1 79  5 80  4  2 81  3 11 10  6  9 12  8  7 13 14 15 20 16 18 17 22 19 23 21 30 25 32 31 27 29 28 24 26 34 33 36 41 40 39 35 38 37 42 46 49 50 45 47 44 48 43 55 54 58 52 51 57 53 56 59 67 62 65 64 68 60 61 63 66
 11  7 13  9 14  8 12  6 10 15 19 16 23 17 22 20 18 21 29 28 24 27 30 26 25 31 32 33 38 34 36 35 40 37 41 39 48 43 50 49 45 47 46 42 44 52 51 54 59 58 57 53 56 55 60 64 67 68 63 65 62 66 61 73 72 76 70 69 75 71 74 77  4 80  2  1  5 78 79 81  3
 20 16 22 18 23 17 21 15 19 24 28 25 32 26 31 29 27 30 38 37 33 36 39 35 34 40 41 42 47 43 45 44 49 46 50 48 57 52 59 58 54 56 55 51 53 61 60 63 68 67 66 62 65 64 69 73 76 77 72 74 71 75 70  1 81  4 79 78  3 80  2  5 13  8 11 10 14  6  7  9 12
 47 43 49 45 50 44 48 42 46 51 55 52 59 53 58 56 54 57 65 64 60 63 66 62 61 67 68 69 74 70 72 71 76 73 77 75  3 79  5  4 81  2  1 78 80  7  6  9 14 13 12  8 11 10 15 19 22 23 18 20 17 21 16 28 27 31 25 24 30 26 29 32 40 35 38 37 41 33 34 36 39
 38 34 40 36 41 35 39 33 37 42 46 43 50 44 49 47 45 48 56 55 51 54 57 53 52 58 59 60 65 61 63 62 67 64 68 66 75 70 77 76 72 74 73 69 71 79 78 81  5  4  3 80  2  1  6 10 13 14  9 11  8 12  7 19 18 22 16 15 21 17 20 23 31 26 29 28 32 24 25 27 30
 12  8 14 10 15  9 13  7 11 16 20 17 24 18 23 21 19 22 30 29 25 28 31 27 26 32 33 34 39 35 37 36 41 38 42 40 49 44 51 50 46 48 47 43 45 53 52 55 60 59 58 54 57 56 61 65 68 69 64 66 63 67 62 74 73 77 71 70 76 72 75 78  5 81  3  2  6 79 80  1  4
 66 62 68 64 69 63 67 61 65 70 74 71 78 72 77 75 73 76  3  2 79  1  4 81 80  5  6  7 12  8 10  9 14 11 15 13 22 17 24 23 19 21 20 16 18 26 25 28 33 32 31 27 30 29 34 38 41 42 37 39 36 40 35 47 46 50 44 43 49 45 48 51 59 54 57 56 60 52 53 55 58
 39 35 41 37 42 36 40 34 38 43 47 44 51 45 50 48 46 49 57 56 52 55 58 54 53 59 60 61 66 62 64 63 68 65 69 67 76 71 78 77 73 75 74 70 72 80 79  1  6  5  4 81  3  2  7 11 14 15 10 12  9 13  8 20 19 23 17 16 22 18 21 24 32 27 30 29 33 25 26 28 31
  3 80  5  1  6 81  4 79  2  7 11  8 15  9 14 12 10 13 21 20 16 19 22 18 17 23 24 25 30 26 28 27 32 29 33 31 40 35 42 41 37 39 38 34 36 44 43 46 51 50 49 45 48 47 52 56 59 60 55 57 54 58 53 65 64 68 62 61 67 63 66 69 77 72 75 74 78 70 71 73 76
 57 53 59 55 60 54 58 52 56 61 65 62 69 63 68 66 64 67 75 74 70 73 76 72 71 77 78 79  3 80  1 81  5  2  6  4 13  8 15 14 10 12 11  7  9 17 16 19 24 23 22 18 21 20 25 29 32 33 28 30 27 31 26 38 37 41 35 34 40 36 39 42 50 45 48 47 51 43 44 46 49
 21 17 23 19 24 18 22 16 20 25 29 26 33 27 32 30 28 31 39 38 34 37 40 36 35 41 42 43 48 44 46 45 50 47 51 49 58 53 60 59 55 57 56 52 54 62 61 64 69 68 67 63 66 65 70 74 77 78 73 75 72 76 71  2  1  5 80 79  4 81  3  6 14  9 12 11 15  7  8 10 13
 30 26 32 28 33 27 31 25 29 34 38 35 42 36 41 39 37 40 48 47 43 46 49 45 44 50 51 52 57 53 55 54 59 56 60 58 67 62 69 68 64 66 65 61 63 71 70 73 78 77 76 72 75 74 79  2  5  6  1  3 81  4 80 11 10 14  8  7 13  9 12 15 23 18 21 20 24 16 17 19 22
 48 44 50 46 51 45 49 43 47 52 56 53 60 54 59 57 55 58 66 65 61 64 67 63 62 68 69 70 75 71 73 72 77 74 78 76  4 80  6  5  1  3  2 79 81  8  7 10 15 14 13  9 12 11 16 20 23 24 19 21 18 22 17 29 28 32 26 25 31 27 30 33 41 36 39 38 42 34 35 37 40
 75 71 77 73 78 72 76 70 74 79  2 80  6 81  5  3  1  4 12 11  7 10 13  9  8 14 15 16 21 17 19 18 23 20 24 22 31 26 33 32 28 30 29 25 27 35 34 37 42 41 40 36 39 38 43 47 50 51 46 48 45 49 44 56 55 59 53 52 58 54 57 60 68 63 66 65 69 61 62 64 67
 58 54 60 56 61 55 59 53 57 62 66 63 70 64 69 67 65 68 76 75 71 74 77 73 72 78 79 80  4 81  2  1  6  3  7  5 14  9 16 15 11 13 12  8 10 18 17 20 25 24 23 19 22 21 26 30 33 34 29 31 28 32 27 39 38 42 36 35 41 37 40 43 51 46 49 48 52 44 45 47 50
 22 18 24 20 25 19 23 17 21 26 30 27 34 28 33 31 29 32 40 39 35 38 41 37 36 42 43 44 49 45 47 46 51 48 52 50 59 54 61 60 56 58 57 53 55 63 62 65 70 69 68 64 67 66 71 75 78 79 74 76 73 77 72  3  2  6 81 80  5  1  4  7 15 10 13 12 16  8  9 11 14
 40 36 42 38 43 37 41 35 39 44 48 45 52 46 51 49 47 50 58 57 53 56 59 55 54 60 61 62 67 63 65 64 69 66 70 68 77 72 79 78 74 76 75 71 73 81 80  2  7  6  5  1  4  3  8 12 15 16 11 13 10 14  9 21 20 24 18 17 23 19 22 25 33 28 31 30 34 26 27 29 32
 67 63 69 65 70 64 68 62 66 71 75 72 79 73 78 76 74 77  4  3 80  2  5  1 81  6  7  8 13  9 11 10 15 12 16 14 23 18 25 24 20 22 21 17 19 27 26 29 34 33 32 28 31 30 35 39 42 43 38 40 37 41 36 48 47 51 45 44 50 46 49 52 60 55 58 57 61 53 54 56 59
 31 27 33 29 34 28 32 26 30 35 39 36 43 37 42 40 38 41 49 48 44 47 50 46 45 51 52 53 58 54 56 55 60 57 61 59 68 63 70 69 65 67 66 62 64 72 71 74 79 78 77 73 76 75 80  3  6  7  2  4  1  5 81 12 11 15  9  8 14 10 13 16 24 19 22 21 25 17 18 20 23
 49 45 51 47 52 46 50 44 48 53 57 54 61 55 60 58 56 59 67 66 62 65 68 64 63 69 70 71 76 72 74 73 78 75 79 77  5 81  7  6  2  4  3 80  1  9  8 11 16 15 14 10 13 12 17 21 24 25 20 22 19 23 18 30 29 33 27 26 32 28 31 34 42 37 40 39 43 35 36 38 41
  4 81  6  2  7  1  5 80  3  8 12  9 16 10 15 13 11 14 22 21 17 20 23 19 18 24 25 26 31 27 29 28 33 30 34 32 41 36 43 42 38 40 39 35 37 45 44 47 52 51 50 46 49 48 53 57 60 61 56 58 55 59 54 66 65 69 63 62 68 64 67 70 78 73 76 75 79 71 72 74 77
 76 72 78 74 79 73 77 71 75 80  3 81  7  1  6  4  2  5 13 12  8 11 14 10  9 15 16 17 22 18 20 19 24 21 25 23 32 27 34 33 29 31 30 26 28 36 35 38 43 42 41 37 40 39 44 48 51 52 47 49 46 50 45 57 56 60 54 53 59 55 58 61 69 64 67 66 70 62 63 65 68
 13  9 15 11 16 10 14  8 12 17 21 18 25 19 24 22 20 23 31 30 26 29 32 28 27 33 34 35 40 36 38 37 42 39 43 41 50 45 52 51 47 49 48 44 46 54 53 56 61 60 59 55 58 57 62 66 69 70 65 67 64 68 63 75 74 78 72 71 77 73 76 79  6  1  4  3  7 80 81  2  5
 14 10 16 12 17 11 15  9 13 18 22 19 26 20 25 23 21 24 32 31 27 30 33 29 28 34 35 36 41 37 39 38 43 40 44 42 51 46 53 52 48 50 49 45 47 55 54 57 62 61 60 56 59 58 63 67 70 71 66 68 65 69 64 76 75 79 73 72 78 74 77 80  7  2  5  4  8 81  1  3  6
 23 19 25 21 26 20 24 18 22 27 31 28 35 29 34 32 30 33 41 40 36 39 42 38 37 43 44 45 50 46 48 47 52 49 53 51 60 55 62 61 57 59 58 54 56 64 63 66 71 70 69 65 68 67 72 76 79 80 75 77 74 78 73  4  3  7  1 81  6  2  5  8 16 11 14 13 17  9 10 12 15
  5  1  7  3  8  2  6 81  4  9 13 10 17 11 16 14 12 15 23 22 18 21 24 20 19 25 26 27 32 28 30 29 34 31 35 33 42 37 44 43 39 41 40 36 38 46 45 48 53 52 51 47 50 49 54 58 61 62 57 59 56 60 55 67 66 70 64 63 69 65 68 71 79 74 77 76 80 72 73 75 78
 68 64 70 66 71 65 69 63 67 72 76 73 80 74 79 77 75 78  5  4 81  3  6  2  1  7  8  9 14 10 12 11 16 13 17 15 24 19 26 25 21 23 22 18 20 28 27 30 35 34 33 29 32 31 36 40 43 44 39 41 38 42 37 49 48 52 46 45 51 47 50 53 61 56 59 58 62 54 55 57 60
 77 73 79 75 80 74 78 72 76 81  4  1  8  2  7  5  3  6 14 13  9 12 15 11 10 16 17 18 23 19 21 20 25 22 26 24 33 28 35 34 30 32 31 27 29 37 36 39 44 43 42 38 41 40 45 49 52 53 48 50 47 51 46 58 57 61 55 54 60 56 59 62 70 65 68 67 71 63 64 66 69
 41 37 43 39 44 38 42 36 40 45 49 46 53 47 52 50 48 51 59 58 54 57 60 56 55 61 62 63 68 64 66 65 70 67 71 69 78 73 80 79 75 77 76 72 74  1 81  3  8  7  6  2  5  4  9 13 16 17 12 14 11 15 10 22 21 25 19 18 24 20 23 26 34 29 32 31 35 27 28 30 33
 50 46 52 48 53 47 51 45 49 54 58 55 62 56 61 59 57 60 68 67 63 66 69 65 64 70 71 72 77 73 75 74 79 76 80 78  6  1  8  7  3  5  4 81  2 10  9 12 17 16 15 11 14 13 18 22 25 26 21 23 20 24 19 31 30 34 28 27 33 29 32 35 43 38 41 40 44 36 37 39 42
 32 28 34 30 35 29 33 27 31 36 40 37 44 38 43 41 39 42 50 49 45 48 51 47 46 52 53 54 59 55 57 56 61 58 62 60 69 64 71 70 66 68 67 63 65 73 72 75 80 79 78 74 77 76 81  4  7  8  3  5  2  6  1 13 12 16 10  9 15 11 14 17 25 20 23 22 26 18 19 21 24
 59 55 61 57 62 56 60 54 58 63 67 64 71 65 70 68 66 69 77 76 72 75 78 74 73 79 80 81  5  1  3  2  7  4  8  6 15 10 17 16 12 14 13  9 11 19 18 21 26 25 24 20 23 22 27 31 34 35 30 32 29 33 28 40 39 43 37 36 42 38 41 44 52 47 50 49 53 45 46 48 51
